#
# A fatal error has been detected by the Java Runtime Environment:
#
#  SIGSEGV (0xb) at pc=0xb4b8a72b, pid=6086, tid=1956457328
#
# JRE version: 6.0_22-b22
# Java VM: OpenJDK Server VM (20.0-b11 mixed mode linux-x86 )
# Derivative: IcedTea6 1.10.6
# Distribution: Ubuntu 11.04, package 6b22-1.10.6-0ubuntu1
# Problematic frame:
# J  org.springframework.roo.metadata.DefaultMetadataService.get(Ljava/lang/String;)Lorg/springframework/roo/metadata/MetadataItem;
#
# If you would like to submit a bug report, please include
# instructions how to reproduce the bug and visit:
#   https://bugs.launchpad.net/ubuntu/+source/openjdk-6/
#

---------------  T H R E A D  ---------------

Current thread (0x0991e800):  JavaThread "FelixDispatchQueue" [_thread_in_Java, id=6098, stack(0x74982000,0x749d3000)]

siginfo:si_signo=SIGSEGV: si_errno=0, si_code=128 (), si_addr=0x00000000

Registers:
EAX=0x75a54120, EBX=0x75a54120, ECX=0x7da76a38, EDX=0xa7735520
ESP=0x749ce830, EBP=0x00000001, ESI=0x749ce854, EDI=0xb4b8a70c
EIP=0xb4b8a72b, EFLAGS=0x00010246, CR2=0xb7875000

Top of Stack: (sp=0x749ce830)
0x749ce830:   00000000 00000001 749ce884 b4812047
0x749ce840:   749ce854 749ce884 749ce884 b4812523
0x749ce850:   b4812523 a7735520 7da76a38 00000001
0x749ce860:   7da76d78 749ce85c 75a5e1bb 749ce8c0
0x749ce870:   75a5f050 76423434 75a5e3b8 749ce854
0x749ce880:   749ce8b8 749ce8e4 b4812523 00000000
0x749ce890:   7f44b520 7f44b520 a7735520 7dbe4b58
0x749ce8a0:   a770dcd0 7de64230 a770dc98 a770dc38 

Instructions: (pc=0xb4b8a72b)
0xb4b8a70b:   90 89 84 24 00 d0 ff ff 55 81 ec 18 00 00 00 33
0xb4b8a71b:   ed 89 2c 24 bd 01 00 00 00 89 6c 24 04 66 66 90
0xb4b8a72b:   e8 3c d5 03 00 83 c4 18 5d 85 05 00 50 87 b7 c3
0xb4b8a73b:   8b c8 83 c4 18 5d e9 da f5 cc ff f4 f4 f4 f4 f4 

Register to memory mapping:

EAX=0x75a54120 is an oop
{method} 
 - klass: {other class}
EBX=0x75a54120 is an oop
{method} 
 - klass: {other class}
ECX=0x7da76a38 is an oop
org.springframework.roo.metadata.DefaultMetadataService 
 - klass: 'org/springframework/roo/metadata/DefaultMetadataService'
EDX=0xa7735520 is an oop
java.lang.String 
 - klass: 'java/lang/String'
ESP=0x749ce830 is pointing into the stack for thread: 0x0991e800
EBP=0x00000001 is an unknown value
ESI=0x749ce854 is pointing into the stack for thread: 0x0991e800
EDI=0xb4b8a608 [CodeBlob (0xb4b8a608)]
Framesize: 8


Stack: [0x74982000,0x749d3000],  sp=0x749ce830,  free space=306k
Native frames: (J=compiled Java code, j=interpreted, Vv=VM code, C=native code)
J  org.springframework.roo.metadata.DefaultMetadataService.get(Ljava/lang/String;)Lorg/springframework/roo/metadata/MetadataItem;


---------------  P R O C E S S  ---------------

Java Threads: ( => current thread )
  0x721f4c00 JavaThread "Timer-2" daemon [_thread_blocked, id=6125, stack(0x7380d000,0x7385e000)]
  0x734fec00 JavaThread "Timer-1" daemon [_thread_blocked, id=6123, stack(0x72aaf000,0x72b00000)]
  0x098d2800 JavaThread "Synchronizer (Spring UAA/1.0.2)" daemon [_thread_blocked, id=6121, stack(0x7385e000,0x738af000)]
  0x09d29400 JavaThread "Timer-0" daemon [_thread_blocked, id=6120, stack(0x738af000,0x73900000)]
  0x09f36c00 JavaThread "Spring Roo JLine Flash Message Manager" daemon [_thread_blocked, id=6116, stack(0x73a0d000,0x73a5e000)]
  0x0a389800 JavaThread "Spring Roo JLine Shell" daemon [_thread_in_native, id=6106, stack(0x73a5e000,0x73aaf000)]
  0x74330000 JavaThread "Spring Roo Process Manager Background Polling Thread" daemon [_thread_blocked, id=6105, stack(0x74635000,0x74686000)]
  0x73c72800 JavaThread "Thread-2" daemon [_thread_blocked, id=6104, stack(0x73aaf000,0x73b00000)]
  0x0992b000 JavaThread "SCR Component Actor" daemon [_thread_blocked, id=6103, stack(0x74686000,0x746d7000)]
  0x0992f000 JavaThread "Thread-1" daemon [_thread_blocked, id=6102, stack(0x746d8000,0x74729000)]
  0x748a3800 JavaThread "FelixPackageAdmin" daemon [_thread_blocked, id=6100, stack(0x74729000,0x7477a000)]
  0x748a2800 JavaThread "FelixStartLevel" daemon [_thread_blocked, id=6099, stack(0x7477a000,0x747cb000)]
=>0x0991e800 JavaThread "FelixDispatchQueue" [_thread_in_Java, id=6098, stack(0x74982000,0x749d3000)]
  0x09844000 JavaThread "Low Memory Detector" daemon [_thread_blocked, id=6096, stack(0x74a54000,0x74aa5000)]
  0x09840800 JavaThread "C2 CompilerThread1" daemon [_thread_in_native, id=6095, stack(0x74aa5000,0x74b26000)]
  0x0983e800 JavaThread "C2 CompilerThread0" daemon [_thread_in_native, id=6094, stack(0x74b26000,0x74ba7000)]
  0x0983d400 JavaThread "Signal Dispatcher" daemon [_thread_blocked, id=6093, stack(0x74ba7000,0x74bf8000)]
  0x0982dc00 JavaThread "Finalizer" daemon [_thread_blocked, id=6092, stack(0x74df8000,0x74e49000)]
  0x09829000 JavaThread "Reference Handler" daemon [_thread_blocked, id=6091, stack(0x74e49000,0x74e9a000)]
  0x097a0800 JavaThread "main" [_thread_blocked, id=6087, stack(0xb780f000,0xb7860000)]

Other Threads:
  0x09825400 VMThread [stack: 0x74e9a000,0x74f1b000] [id=6090]
  0x09845c00 WatcherThread [stack: 0x749d3000,0x74a54000] [id=6097]

VM state:not at safepoint (normal execution)

VM Mutex/Monitor currently owned by a thread: None

Heap
 PSYoungGen      total 290496K, used 90675K [0xa2140000, 0xb4710000, 0xb4740000)
  eden space 280832K, 32% used [0xa2140000,0xa7964e40,0xb3380000)
  from space 9664K, 4% used [0xb3380000,0xb33e8000,0xb3cf0000)
  to   space 9280K, 0% used [0xb3e00000,0xb3e00000,0xb4710000)
 PSOldGen        total 57664K, used 32295K [0x7d540000, 0x80d90000, 0xa2140000)
  object space 57664K, 56% used [0x7d540000,0x7f4c9e58,0x80d90000)
 PSPermGen       total 30464K, used 15293K [0x75540000, 0x77300000, 0x7d540000)
  object space 30464K, 50% used [0x75540000,0x7642f5e8,0x77300000)

Code Cache  [0xb480f000, 0xb4be7000, 0xb780f000)
 total_blobs=1137 nmethods=990 adapters=100 free_code_cache=46366336 largest_free_block=11776

Dynamic libraries:
00110000-0012a000 r-xp 00000000 08:07 2360157    /lib/i386-linux-gnu/libgcc_s.so.1
0012a000-0012b000 r--p 00019000 08:07 2360157    /lib/i386-linux-gnu/libgcc_s.so.1
0012b000-0012c000 rw-p 0001a000 08:07 2360157    /lib/i386-linux-gnu/libgcc_s.so.1
0012c000-00133000 r-xp 00000000 08:07 2360198    /lib/i386-linux-gnu/librt-2.13.so
00133000-00134000 r--p 00006000 08:07 2360198    /lib/i386-linux-gnu/librt-2.13.so
00134000-00135000 rw-p 00007000 08:07 2360198    /lib/i386-linux-gnu/librt-2.13.so
00135000-00158000 r-xp 00000000 08:07 1717279    /usr/lib/jvm/java-6-openjdk/jre/lib/i386/libjava.so
00158000-00159000 r--p 00022000 08:07 1717279    /usr/lib/jvm/java-6-openjdk/jre/lib/i386/libjava.so
00159000-0015b000 rw-p 00023000 08:07 1717279    /usr/lib/jvm/java-6-openjdk/jre/lib/i386/libjava.so
0015b000-00161000 r-xp 00000000 08:07 2360171    /lib/i386-linux-gnu/libnss_compat-2.13.so
00161000-00162000 r--p 00005000 08:07 2360171    /lib/i386-linux-gnu/libnss_compat-2.13.so
00162000-00163000 rw-p 00006000 08:07 2360171    /lib/i386-linux-gnu/libnss_compat-2.13.so
00163000-0016c000 r-xp 00000000 08:07 2360179    /lib/i386-linux-gnu/libnss_nis-2.13.so
0016c000-0016d000 r--p 00008000 08:07 2360179    /lib/i386-linux-gnu/libnss_nis-2.13.so
0016d000-0016e000 rw-p 00009000 08:07 2360179    /lib/i386-linux-gnu/libnss_nis-2.13.so
0016e000-00175000 r-xp 00000000 08:07 1717290    /usr/lib/jvm/java-6-openjdk/jre/lib/i386/libnio.so
00175000-00176000 r--p 00006000 08:07 1717290    /usr/lib/jvm/java-6-openjdk/jre/lib/i386/libnio.so
00176000-00177000 rw-p 00007000 08:07 1717290    /usr/lib/jvm/java-6-openjdk/jre/lib/i386/libnio.so
00177000-0018b000 r-xp 00000000 08:07 1048862    /usr/lib/libnssutil3.so
0018b000-0018c000 ---p 00014000 08:07 1048862    /usr/lib/libnssutil3.so
0018c000-0018f000 r--p 00014000 08:07 1048862    /usr/lib/libnssutil3.so
0018f000-00190000 rw-p 00017000 08:07 1048862    /usr/lib/libnssutil3.so
00190000-00193000 r-xp 00000000 08:07 1052859    /usr/lib/libplc4.so
00193000-00194000 r--p 00002000 08:07 1052859    /usr/lib/libplc4.so
00194000-00195000 rw-p 00003000 08:07 1052859    /usr/lib/libplc4.so
00195000-00197000 r-xp 00000000 08:07 2359364    /lib/libnss_mdns4_minimal.so.2
00197000-00198000 r--p 00001000 08:07 2359364    /lib/libnss_mdns4_minimal.so.2
00198000-00199000 rw-p 00002000 08:07 2359364    /lib/libnss_mdns4_minimal.so.2
0019b000-002f5000 r-xp 00000000 08:07 2360129    /lib/i386-linux-gnu/libc-2.13.so
002f5000-002f6000 ---p 0015a000 08:07 2360129    /lib/i386-linux-gnu/libc-2.13.so
002f6000-002f8000 r--p 0015a000 08:07 2360129    /lib/i386-linux-gnu/libc-2.13.so
002f8000-002f9000 rw-p 0015c000 08:07 2360129    /lib/i386-linux-gnu/libc-2.13.so
002f9000-002fc000 rw-p 00000000 00:00 0 
002fc000-003db000 r-xp 00000000 08:07 1055080    /usr/lib/i386-linux-gnu/libstdc++.so.6.0.14
003db000-003df000 r--p 000de000 08:07 1055080    /usr/lib/i386-linux-gnu/libstdc++.so.6.0.14
003df000-003e0000 rw-p 000e2000 08:07 1055080    /usr/lib/i386-linux-gnu/libstdc++.so.6.0.14
003e0000-003e7000 rw-p 00000000 00:00 0 
003e7000-004f2000 r-xp 00000000 08:07 1048863    /usr/lib/libnss3.so
004f2000-004f5000 r--p 0010a000 08:07 1048863    /usr/lib/libnss3.so
004f5000-004f7000 rw-p 0010d000 08:07 1048863    /usr/lib/libnss3.so
004f7000-004fb000 r-xp 00000000 08:07 2360173    /lib/i386-linux-gnu/libnss_dns-2.13.so
004fb000-004fc000 r--p 00004000 08:07 2360173    /lib/i386-linux-gnu/libnss_dns-2.13.so
004fc000-004fd000 rw-p 00005000 08:07 2360173    /lib/i386-linux-gnu/libnss_dns-2.13.so
004fd000-0050e000 r-xp 00000000 08:07 2360196    /lib/i386-linux-gnu/libresolv-2.13.so
0050e000-0050f000 r--p 00010000 08:07 2360196    /lib/i386-linux-gnu/libresolv-2.13.so
0050f000-00510000 rw-p 00011000 08:07 2360196    /lib/i386-linux-gnu/libresolv-2.13.so
00510000-00512000 rw-p 00000000 00:00 0 
0053d000-0056c000 r-xp 00000000 08:07 1052805    /usr/lib/libnspr4.so
0056c000-0056d000 r--p 0002e000 08:07 1052805    /usr/lib/libnspr4.so
0056d000-0056e000 rw-p 0002f000 08:07 1052805    /usr/lib/libnspr4.so
0056e000-00570000 rw-p 00000000 00:00 0 
00570000-005ba000 r-xp 00000000 08:07 1048634    /usr/lib/nss/libfreebl3.so
005ba000-005bb000 r--p 0004a000 08:07 1048634    /usr/lib/nss/libfreebl3.so
005bb000-005bc000 rw-p 0004b000 08:07 1048634    /usr/lib/nss/libfreebl3.so
005bc000-005c0000 rw-p 00000000 00:00 0 
005e1000-00618000 r-xp 00000000 08:07 1048723    /usr/lib/nss/libsoftokn3.so
00618000-00619000 r--p 00036000 08:07 1048723    /usr/lib/nss/libsoftokn3.so
00619000-0061a000 rw-p 00037000 08:07 1048723    /usr/lib/nss/libsoftokn3.so
0061d000-0061f000 r-xp 00000000 08:07 2359363    /lib/libnss_mdns4.so.2
0061f000-00620000 r--p 00001000 08:07 2359363    /lib/libnss_mdns4.so.2
00620000-00621000 rw-p 00002000 08:07 2359363    /lib/libnss_mdns4.so.2
00685000-00687000 r-xp 00000000 08:07 1052860    /usr/lib/libplds4.so
00687000-00688000 r--p 00001000 08:07 1052860    /usr/lib/libplds4.so
00688000-00689000 rw-p 00002000 08:07 1052860    /usr/lib/libplds4.so
00711000-0071e000 r-xp 00000000 08:07 1717277    /usr/lib/jvm/java-6-openjdk/jre/lib/i386/libj2pkcs11.so
0071e000-0071f000 r--p 0000c000 08:07 1717277    /usr/lib/jvm/java-6-openjdk/jre/lib/i386/libj2pkcs11.so
0071f000-00720000 rw-p 0000d000 08:07 1717277    /usr/lib/jvm/java-6-openjdk/jre/lib/i386/libj2pkcs11.so
0076f000-00782000 r-xp 00000000 08:07 2360169    /lib/i386-linux-gnu/libnsl-2.13.so
00782000-00783000 r--p 00012000 08:07 2360169    /lib/i386-linux-gnu/libnsl-2.13.so
00783000-00784000 rw-p 00013000 08:07 2360169    /lib/i386-linux-gnu/libnsl-2.13.so
00784000-00786000 rw-p 00000000 00:00 0 
00786000-0080d000 r-xp 00000000 08:07 1055078    /usr/lib/i386-linux-gnu/libsqlite3.so.0.8.6
0080d000-0080e000 ---p 00087000 08:07 1055078    /usr/lib/i386-linux-gnu/libsqlite3.so.0.8.6
0080e000-0080f000 r--p 00087000 08:07 1055078    /usr/lib/i386-linux-gnu/libsqlite3.so.0.8.6
0080f000-00810000 rw-p 00088000 08:07 1055078    /usr/lib/i386-linux-gnu/libsqlite3.so.0.8.6
00810000-00811000 rw-p 00000000 00:00 0 
00839000-0084c000 r-xp 00000000 08:07 2360212    /lib/i386-linux-gnu/libz.so.1.2.3.4
0084c000-0084d000 r--p 00012000 08:07 2360212    /lib/i386-linux-gnu/libz.so.1.2.3.4
0084d000-0084e000 rw-p 00013000 08:07 2360212    /lib/i386-linux-gnu/libz.so.1.2.3.4
0089d000-008a8000 r-xp 00000000 08:07 1717295    /usr/lib/jvm/java-6-openjdk/jre/lib/i386/libverify.so
008a8000-008a9000 ---p 0000b000 08:07 1717295    /usr/lib/jvm/java-6-openjdk/jre/lib/i386/libverify.so
008a9000-008aa000 r--p 0000b000 08:07 1717295    /usr/lib/jvm/java-6-openjdk/jre/lib/i386/libverify.so
008aa000-008ab000 rw-p 0000c000 08:07 1717295    /usr/lib/jvm/java-6-openjdk/jre/lib/i386/libverify.so
00912000-00914000 r-xp 00000000 08:07 2360139    /lib/i386-linux-gnu/libdl-2.13.so
00914000-00915000 r--p 00001000 08:07 2360139    /lib/i386-linux-gnu/libdl-2.13.so
00915000-00916000 rw-p 00002000 08:07 2360139    /lib/i386-linux-gnu/libdl-2.13.so
00a29000-00a33000 r-xp 00000000 08:07 2360175    /lib/i386-linux-gnu/libnss_files-2.13.so
00a33000-00a34000 r--p 00009000 08:07 2360175    /lib/i386-linux-gnu/libnss_files-2.13.so
00a34000-00a35000 rw-p 0000a000 08:07 2360175    /lib/i386-linux-gnu/libnss_files-2.13.so
00a97000-00a9a000 r-xp 00000000 08:07 1853427    /usr/lib/jvm/java-6-openjdk/jre/lib/i386/jli/libjli.so
00a9a000-00a9b000 r--p 00002000 08:07 1853427    /usr/lib/jvm/java-6-openjdk/jre/lib/i386/jli/libjli.so
00a9b000-00a9c000 rw-p 00003000 08:07 1853427    /usr/lib/jvm/java-6-openjdk/jre/lib/i386/jli/libjli.so
00acc000-00ae8000 r-xp 00000000 08:07 2360116    /lib/i386-linux-gnu/ld-2.13.so
00ae8000-00ae9000 r--p 0001b000 08:07 2360116    /lib/i386-linux-gnu/ld-2.13.so
00ae9000-00aea000 rw-p 0001c000 08:07 2360116    /lib/i386-linux-gnu/ld-2.13.so
00bbc000-00bd1000 r-xp 00000000 08:07 2360194    /lib/i386-linux-gnu/libpthread-2.13.so
00bd1000-00bd2000 r--p 00015000 08:07 2360194    /lib/i386-linux-gnu/libpthread-2.13.so
00bd2000-00bd3000 rw-p 00016000 08:07 2360194    /lib/i386-linux-gnu/libpthread-2.13.so
00bd3000-00bd5000 rw-p 00000000 00:00 0 
00c22000-00c28000 r-xp 00000000 08:07 1717296    /usr/lib/jvm/java-6-openjdk/jre/lib/i386/libzip.so
00c28000-00c29000 r--p 00005000 08:07 1717296    /usr/lib/jvm/java-6-openjdk/jre/lib/i386/libzip.so
00c29000-00c2a000 rw-p 00006000 08:07 1717296    /usr/lib/jvm/java-6-openjdk/jre/lib/i386/libzip.so
00db2000-00dd6000 r-xp 00000000 08:07 2360166    /lib/i386-linux-gnu/libm-2.13.so
00dd6000-00dd7000 r--p 00023000 08:07 2360166    /lib/i386-linux-gnu/libm-2.13.so
00dd7000-00dd8000 rw-p 00024000 08:07 2360166    /lib/i386-linux-gnu/libm-2.13.so
00e59000-00e6c000 r-xp 00000000 08:07 1717289    /usr/lib/jvm/java-6-openjdk/jre/lib/i386/libnet.so
00e6c000-00e6d000 r--p 00013000 08:07 1717289    /usr/lib/jvm/java-6-openjdk/jre/lib/i386/libnet.so
00e6d000-00e6e000 rw-p 00014000 08:07 1717289    /usr/lib/jvm/java-6-openjdk/jre/lib/i386/libnet.so
00e93000-00e94000 r-xp 00000000 00:00 0          [vdso]
00e94000-0155b000 r-xp 00000000 08:07 1853431    /usr/lib/jvm/java-6-openjdk/jre/lib/i386/server/libjvm.so
0155b000-015a0000 r--p 006c6000 08:07 1853431    /usr/lib/jvm/java-6-openjdk/jre/lib/i386/server/libjvm.so
015a0000-015af000 rw-p 0070b000 08:07 1853431    /usr/lib/jvm/java-6-openjdk/jre/lib/i386/server/libjvm.so
015af000-019c9000 rw-p 00000000 00:00 0 
08048000-08051000 r-xp 00000000 08:07 1978688    /usr/lib/jvm/java-6-openjdk/jre/bin/java
08051000-08052000 r--p 00008000 08:07 1978688    /usr/lib/jvm/java-6-openjdk/jre/bin/java
08052000-08053000 rw-p 00009000 08:07 1978688    /usr/lib/jvm/java-6-openjdk/jre/bin/java
09799000-0e664000 rw-p 00000000 00:00 0          [heap]
6a300000-6a3e9000 rw-p 00000000 00:00 0 
6a3e9000-6a400000 ---p 00000000 00:00 0 
6a500000-6a800000 rw-p 00000000 00:00 0 
6a800000-6a8d2000 rw-p 00000000 00:00 0 
6a8d2000-6a900000 ---p 00000000 00:00 0 
6a900000-6a9e4000 rw-p 00000000 00:00 0 
6a9e4000-6aa00000 ---p 00000000 00:00 0 
6aa00000-6aaf1000 rw-p 00000000 00:00 0 
6aaf1000-6ab00000 ---p 00000000 00:00 0 
6ab00000-6abe7000 rw-p 00000000 00:00 0 
6abe7000-6ac00000 ---p 00000000 00:00 0 
6ac00000-6aced000 rw-p 00000000 00:00 0 
6aced000-6ad00000 ---p 00000000 00:00 0 
6ad00000-6aef9000 rw-p 00000000 00:00 0 
6aef9000-6af00000 ---p 00000000 00:00 0 
6af00000-6affb000 rw-p 00000000 00:00 0 
6affb000-6b000000 ---p 00000000 00:00 0 
6b000000-6b0f0000 rw-p 00000000 00:00 0 
6b0f0000-6b100000 ---p 00000000 00:00 0 
6b100000-6b1f3000 rw-p 00000000 00:00 0 
6b1f3000-6b200000 ---p 00000000 00:00 0 
6b200000-6b2f1000 rw-p 00000000 00:00 0 
6b2f1000-6b300000 ---p 00000000 00:00 0 
6b300000-6b3fd000 rw-p 00000000 00:00 0 
6b3fd000-6b400000 ---p 00000000 00:00 0 
6b400000-6b4ec000 rw-p 00000000 00:00 0 
6b4ec000-6b500000 ---p 00000000 00:00 0 
6b500000-6b5e0000 rw-p 00000000 00:00 0 
6b5e0000-6b600000 ---p 00000000 00:00 0 
6b600000-6b6ed000 rw-p 00000000 00:00 0 
6b6ed000-6b700000 ---p 00000000 00:00 0 
6b700000-6b7fc000 rw-p 00000000 00:00 0 
6b7fc000-6b800000 ---p 00000000 00:00 0 
6b800000-6b8fd000 rw-p 00000000 00:00 0 
6b8fd000-6b900000 ---p 00000000 00:00 0 
6b900000-6b9fa000 rw-p 00000000 00:00 0 
6b9fa000-6ba00000 ---p 00000000 00:00 0 
6ba00000-6baf8000 rw-p 00000000 00:00 0 
6baf8000-6bb00000 ---p 00000000 00:00 0 
6bb00000-6bbec000 rw-p 00000000 00:00 0 
6bbec000-6bc00000 ---p 00000000 00:00 0 
6bc00000-6bcfd000 rw-p 00000000 00:00 0 
6bcfd000-6bd00000 ---p 00000000 00:00 0 
6bd00000-6bde8000 rw-p 00000000 00:00 0 
6bde8000-6be00000 ---p 00000000 00:00 0 
6be00000-6bef3000 rw-p 00000000 00:00 0 
6bef3000-6bf00000 ---p 00000000 00:00 0 
6bf00000-6bff7000 rw-p 00000000 00:00 0 
6bff7000-6c000000 ---p 00000000 00:00 0 
6c000000-6c0f7000 rw-p 00000000 00:00 0 
6c0f7000-6c100000 ---p 00000000 00:00 0 
6c100000-6c2f8000 rw-p 00000000 00:00 0 
6c2f8000-6c300000 ---p 00000000 00:00 0 
6c300000-6c500000 rw-p 00000000 00:00 0 
6c500000-6c5f9000 rw-p 00000000 00:00 0 
6c5f9000-6c600000 ---p 00000000 00:00 0 
6c600000-6c6f9000 rw-p 00000000 00:00 0 
6c6f9000-6c700000 ---p 00000000 00:00 0 
6c700000-6c7f9000 rw-p 00000000 00:00 0 
6c7f9000-6c800000 ---p 00000000 00:00 0 
6c800000-6c900000 rw-p 00000000 00:00 0 
6c900000-6c9f8000 rw-p 00000000 00:00 0 
6c9f8000-6ca00000 ---p 00000000 00:00 0 
6ca00000-6caf9000 rw-p 00000000 00:00 0 
6caf9000-6cb00000 ---p 00000000 00:00 0 
6cb00000-6cbf9000 rw-p 00000000 00:00 0 
6cbf9000-6cc00000 ---p 00000000 00:00 0 
6cc00000-6cd00000 rw-p 00000000 00:00 0 
6cd00000-6cef9000 rw-p 00000000 00:00 0 
6cef9000-6cf00000 ---p 00000000 00:00 0 
6cf00000-6cff9000 rw-p 00000000 00:00 0 
6cff9000-6d000000 ---p 00000000 00:00 0 
6d000000-6d0f9000 rw-p 00000000 00:00 0 
6d0f9000-6d100000 ---p 00000000 00:00 0 
6d100000-6d1f8000 rw-p 00000000 00:00 0 
6d1f8000-6d200000 ---p 00000000 00:00 0 
6d200000-6d2f8000 rw-p 00000000 00:00 0 
6d2f8000-6d300000 ---p 00000000 00:00 0 
6d300000-6d3f9000 rw-p 00000000 00:00 0 
6d3f9000-6d400000 ---p 00000000 00:00 0 
6d400000-6d4f9000 rw-p 00000000 00:00 0 
6d4f9000-6d500000 ---p 00000000 00:00 0 
6d500000-6d5f9000 rw-p 00000000 00:00 0 
6d5f9000-6d600000 ---p 00000000 00:00 0 
6d600000-6d700000 rw-p 00000000 00:00 0 
6d700000-6d8f9000 rw-p 00000000 00:00 0 
6d8f9000-6d900000 ---p 00000000 00:00 0 
6d900000-6d9f9000 rw-p 00000000 00:00 0 
6d9f9000-6da00000 ---p 00000000 00:00 0 
6da00000-6daf9000 rw-p 00000000 00:00 0 
6daf9000-6db00000 ---p 00000000 00:00 0 
6db00000-6dbf9000 rw-p 00000000 00:00 0 
6dbf9000-6dc00000 ---p 00000000 00:00 0 
6dc00000-6dcf9000 rw-p 00000000 00:00 0 
6dcf9000-6dd00000 ---p 00000000 00:00 0 
6dd00000-6ddf9000 rw-p 00000000 00:00 0 
6ddf9000-6de00000 ---p 00000000 00:00 0 
6de00000-6def9000 rw-p 00000000 00:00 0 
6def9000-6df00000 ---p 00000000 00:00 0 
6df00000-6dff9000 rw-p 00000000 00:00 0 
6dff9000-6e000000 ---p 00000000 00:00 0 
6e000000-6e0f9000 rw-p 00000000 00:00 0 
6e0f9000-6e100000 ---p 00000000 00:00 0 
6e100000-6e2f9000 rw-p 00000000 00:00 0 
6e2f9000-6e300000 ---p 00000000 00:00 0 
6e300000-6e3f9000 rw-p 00000000 00:00 0 
6e3f9000-6e400000 ---p 00000000 00:00 0 
6e400000-6e500000 rw-p 00000000 00:00 0 
6e500000-6e6f9000 rw-p 00000000 00:00 0 
6e6f9000-6e700000 ---p 00000000 00:00 0 
6e700000-6e7f9000 rw-p 00000000 00:00 0 
6e7f9000-6e800000 ---p 00000000 00:00 0 
6e800000-6e8f9000 rw-p 00000000 00:00 0 
6e8f9000-6e900000 ---p 00000000 00:00 0 
6e900000-6eaf8000 rw-p 00000000 00:00 0 
6eaf8000-6eb00000 ---p 00000000 00:00 0 
6eb00000-6ed00000 rw-p 00000000 00:00 0 
6ed00000-6ef00000 rw-p 00000000 00:00 0 
6ef00000-6f0f9000 rw-p 00000000 00:00 0 
6f0f9000-6f100000 ---p 00000000 00:00 0 
6f100000-6f300000 rw-p 00000000 00:00 0 
6f300000-6f3f9000 rw-p 00000000 00:00 0 
6f3f9000-6f400000 ---p 00000000 00:00 0 
6f400000-6f4f9000 rw-p 00000000 00:00 0 
6f4f9000-6f500000 ---p 00000000 00:00 0 
6f500000-6f5f9000 rw-p 00000000 00:00 0 
6f5f9000-6f600000 ---p 00000000 00:00 0 
6f600000-6f6f8000 rw-p 00000000 00:00 0 
6f6f8000-6f700000 ---p 00000000 00:00 0 
6f700000-6f7f9000 rw-p 00000000 00:00 0 
6f7f9000-6f800000 ---p 00000000 00:00 0 
6f800000-6f8f9000 rw-p 00000000 00:00 0 
6f8f9000-6f900000 ---p 00000000 00:00 0 
6f900000-6f9f9000 rw-p 00000000 00:00 0 
6f9f9000-6fa00000 ---p 00000000 00:00 0 
6fa00000-6faf9000 rw-p 00000000 00:00 0 
6faf9000-6fb00000 ---p 00000000 00:00 0 
6fb00000-6fbf9000 rw-p 00000000 00:00 0 
6fbf9000-6fc00000 ---p 00000000 00:00 0 
6fc00000-6fcf9000 rw-p 00000000 00:00 0 
6fcf9000-6fd00000 ---p 00000000 00:00 0 
6fd00000-6fdf9000 rw-p 00000000 00:00 0 
6fdf9000-6fe00000 ---p 00000000 00:00 0 
6fe00000-6fef9000 rw-p 00000000 00:00 0 
6fef9000-6ff00000 ---p 00000000 00:00 0 
6ff00000-70100000 rw-p 00000000 00:00 0 
70100000-701f9000 rw-p 00000000 00:00 0 
701f9000-70200000 ---p 00000000 00:00 0 
70200000-702f9000 rw-p 00000000 00:00 0 
702f9000-70300000 ---p 00000000 00:00 0 
70300000-703f9000 rw-p 00000000 00:00 0 
703f9000-70400000 ---p 00000000 00:00 0 
70400000-70500000 rw-p 00000000 00:00 0 
70500000-705f9000 rw-p 00000000 00:00 0 
705f9000-70600000 ---p 00000000 00:00 0 
70600000-706f9000 rw-p 00000000 00:00 0 
706f9000-70700000 ---p 00000000 00:00 0 
70700000-707f8000 rw-p 00000000 00:00 0 
707f8000-70800000 ---p 00000000 00:00 0 
70800000-70900000 rw-p 00000000 00:00 0 
70900000-709f9000 rw-p 00000000 00:00 0 
709f9000-70a00000 ---p 00000000 00:00 0 
70a00000-70af9000 rw-p 00000000 00:00 0 
70af9000-70b00000 ---p 00000000 00:00 0 
70b00000-70bf9000 rw-p 00000000 00:00 0 
70bf9000-70c00000 ---p 00000000 00:00 0 
70c00000-70d00000 rw-p 00000000 00:00 0 
70d00000-70ef9000 rw-p 00000000 00:00 0 
70ef9000-70f00000 ---p 00000000 00:00 0 
70f00000-70ff9000 rw-p 00000000 00:00 0 
70ff9000-71000000 ---p 00000000 00:00 0 
71000000-710f9000 rw-p 00000000 00:00 0 
710f9000-71100000 ---p 00000000 00:00 0 
71100000-711f9000 rw-p 00000000 00:00 0 
711f9000-71200000 ---p 00000000 00:00 0 
71200000-71300000 rw-p 00000000 00:00 0 
71300000-713f8000 rw-p 00000000 00:00 0 
713f8000-71400000 ---p 00000000 00:00 0 
71400000-714f9000 rw-p 00000000 00:00 0 
714f9000-71500000 ---p 00000000 00:00 0 
71500000-715f9000 rw-p 00000000 00:00 0 
715f9000-71600000 ---p 00000000 00:00 0 
71600000-716f9000 rw-p 00000000 00:00 0 
716f9000-71700000 ---p 00000000 00:00 0 
71700000-717f9000 rw-p 00000000 00:00 0 
717f9000-71800000 ---p 00000000 00:00 0 
71800000-718f9000 rw-p 00000000 00:00 0 
718f9000-71900000 ---p 00000000 00:00 0 
71900000-719f9000 rw-p 00000000 00:00 0 
719f9000-71a00000 ---p 00000000 00:00 0 
71a00000-71af9000 rw-p 00000000 00:00 0 
71af9000-71b00000 ---p 00000000 00:00 0 
71b00000-71bf6000 rw-p 00000000 00:00 0 
71bf6000-71c00000 ---p 00000000 00:00 0 
71c00000-71cf9000 rw-p 00000000 00:00 0 
71cf9000-71d00000 ---p 00000000 00:00 0 
71d00000-71df7000 rw-p 00000000 00:00 0 
71df7000-71e00000 ---p 00000000 00:00 0 
71f00000-71ffa000 rw-p 00000000 00:00 0 
71ffa000-72000000 ---p 00000000 00:00 0 
72100000-721f5000 rw-p 00000000 00:00 0 
721f5000-72200000 ---p 00000000 00:00 0 
72200000-722f7000 rw-p 00000000 00:00 0 
722f7000-72300000 ---p 00000000 00:00 0 
72300000-723ff000 rw-p 00000000 00:00 0 
723ff000-72400000 ---p 00000000 00:00 0 
72500000-725ef000 rw-p 00000000 00:00 0 
725ef000-72600000 ---p 00000000 00:00 0 
72600000-726fb000 rw-p 00000000 00:00 0 
726fb000-72700000 ---p 00000000 00:00 0 
72700000-72900000 rw-p 00000000 00:00 0 
72900000-72a00000 rw-p 00000000 00:00 0 
72aaf000-72ab2000 ---p 00000000 00:00 0 
72ab2000-72b00000 rw-p 00000000 00:00 0 
72b00000-72bf2000 rw-p 00000000 00:00 0 
72bf2000-72c00000 ---p 00000000 00:00 0 
72c00000-72cfd000 rw-p 00000000 00:00 0 
72cfd000-72d00000 ---p 00000000 00:00 0 
72d00000-72efb000 rw-p 00000000 00:00 0 
72efb000-72f00000 ---p 00000000 00:00 0 
72f00000-72ffc000 rw-p 00000000 00:00 0 
72ffc000-73000000 ---p 00000000 00:00 0 
730af000-730b2000 ---p 00000000 00:00 0 
730b2000-73100000 rw-p 00000000 00:00 0 
73100000-731fb000 rw-p 00000000 00:00 0 
731fb000-73200000 ---p 00000000 00:00 0 
73200000-732e0000 rw-p 00000000 00:00 0 
732e0000-73300000 ---p 00000000 00:00 0 
73300000-734ff000 rw-p 00000000 00:00 0 
734ff000-73500000 ---p 00000000 00:00 0 
73500000-735f7000 rw-p 00000000 00:00 0 
735f7000-73600000 ---p 00000000 00:00 0 
73600000-736f9000 rw-p 00000000 00:00 0 
736f9000-73700000 ---p 00000000 00:00 0 
73700000-737f5000 rw-p 00000000 00:00 0 
737f5000-73800000 ---p 00000000 00:00 0 
7380d000-73810000 ---p 00000000 00:00 0 
73810000-7385e000 rw-p 00000000 00:00 0 
7385e000-73861000 ---p 00000000 00:00 0 
73861000-738af000 rw-p 00000000 00:00 0 
738af000-738b2000 ---p 00000000 00:00 0 
738b2000-73900000 rw-p 00000000 00:00 0 
73900000-739ff000 rw-p 00000000 00:00 0 
739ff000-73a00000 ---p 00000000 00:00 0 
73a0d000-73a10000 ---p 00000000 00:00 0 
73a10000-73a5e000 rw-p 00000000 00:00 0 
73a5e000-73a61000 ---p 00000000 00:00 0 
73a61000-73aaf000 rw-p 00000000 00:00 0 
73aaf000-73ab2000 ---p 00000000 00:00 0 
73ab2000-73b00000 rw-p 00000000 00:00 0 
73b00000-73bfa000 rw-p 00000000 00:00 0 
73bfa000-73c00000 ---p 00000000 00:00 0 
73c00000-73cfe000 rw-p 00000000 00:00 0 
73cfe000-73d00000 ---p 00000000 00:00 0 
73d00000-73dfa000 rw-p 00000000 00:00 0 
73dfa000-73e00000 ---p 00000000 00:00 0 
73e00000-73eff000 rw-p 00000000 00:00 0 
73eff000-73f00000 ---p 00000000 00:00 0 
73f00000-74100000 rw-p 00000000 00:00 0 
74100000-74300000 rw-p 00000000 00:00 0 
74300000-743f9000 rw-p 00000000 00:00 0 
743f9000-74400000 ---p 00000000 00:00 0 
74400000-74500000 rw-p 00000000 00:00 0 
74500000-745e0000 rw-p 00000000 00:00 0 
745e0000-74600000 ---p 00000000 00:00 0 
74620000-74627000 r--s 000fb000 08:07 1717259    /usr/lib/jvm/java-6-openjdk/jre/lib/resources.jar
74627000-74629000 r--s 00004000 08:07 3548448    /tools/Configuration/springsource/spring-roo-1.1.5.RELEASE/bundle/org.springframework.roo.uaa-1.1.5.RELEASE.jar
74629000-7462c000 r--s 0001b000 08:07 3548497    /tools/Configuration/springsource/spring-roo-1.1.5.RELEASE/bundle/org.springframework.uaa.client-1.0.2.RELEASE.jar
7462c000-74630000 r--s 00038000 08:07 1717244    /usr/lib/jvm/java-6-openjdk/jre/lib/ext/sunpkcs11.jar
74630000-74632000 r--s 00013000 08:07 1717254    /usr/lib/jvm/java-6-openjdk/jre/lib/jce.jar
74632000-74635000 r--s 00031000 08:07 1717247    /usr/lib/jvm/java-6-openjdk/jre/lib/ext/sunjce_provider.jar
74635000-74638000 ---p 00000000 00:00 0 
74638000-74686000 rw-p 00000000 00:00 0 
74686000-74689000 ---p 00000000 00:00 0 
74689000-746d7000 rw-p 00000000 00:00 0 
746d7000-746d8000 r--s 0000a000 08:07 3549750    /tools/Configuration/springsource/spring-roo-1.1.5.RELEASE/cache/bundle5/version0.0/bundle.jar-embedded/kxml2-2.2.2.jar
746d8000-746db000 ---p 00000000 00:00 0 
746db000-74729000 rw-p 00000000 00:00 0 
74729000-7472c000 ---p 00000000 00:00 0 
7472c000-7477a000 rw-p 00000000 00:00 0 
7477a000-7477d000 ---p 00000000 00:00 0 
7477d000-747cb000 rw-p 00000000 00:00 0 
747cb000-747cc000 r--s 00001000 08:07 3549528    /tools/Configuration/springsource/spring-roo-1.1.5.RELEASE/cache/bundle49/version0.0/bundle.jar
747cc000-747d0000 r--s 00021000 08:07 3549393    /tools/Configuration/springsource/spring-roo-1.1.5.RELEASE/cache/bundle34/version0.0/bundle.jar
747d0000-747d3000 r--s 0001b000 08:07 3549672    /tools/Configuration/springsource/spring-roo-1.1.5.RELEASE/cache/bundle65/version0.0/bundle.jar
747d3000-747d5000 r--s 00007000 08:07 3549492    /tools/Configuration/springsource/spring-roo-1.1.5.RELEASE/cache/bundle45/version0.0/bundle.jar
747d5000-747d7000 r--s 00002000 08:07 3549438    /tools/Configuration/springsource/spring-roo-1.1.5.RELEASE/cache/bundle39/version0.0/bundle.jar
747d7000-747db000 r--s 00039000 08:07 3549636    /tools/Configuration/springsource/spring-roo-1.1.5.RELEASE/cache/bundle61/version0.0/bundle.jar
747db000-747dd000 r--s 00001000 08:07 3549767    /tools/Configuration/springsource/spring-roo-1.1.5.RELEASE/cache/bundle7/version0.0/bundle.jar
747dd000-747df000 r--s 00001000 08:07 3549591    /tools/Configuration/springsource/spring-roo-1.1.5.RELEASE/cache/bundle56/version0.0/bundle.jar
747df000-747e1000 r--s 00004000 08:07 3549738    /tools/Configuration/springsource/spring-roo-1.1.5.RELEASE/cache/bundle4/version0.0/bundle.jar
747e1000-747e4000 r--s 0002c000 08:07 3549747    /tools/Configuration/springsource/spring-roo-1.1.5.RELEASE/cache/bundle5/version0.0/bundle.jar
747e4000-747e6000 r--s 00007000 08:07 3549213    /tools/Configuration/springsource/spring-roo-1.1.5.RELEASE/cache/bundle14/version0.0/bundle.jar
747e6000-747e8000 r--s 00005000 08:07 3549474    /tools/Configuration/springsource/spring-roo-1.1.5.RELEASE/cache/bundle43/version0.0/bundle.jar
747e8000-747ea000 r--s 00008000 08:07 3549186    /tools/Configuration/springsource/spring-roo-1.1.5.RELEASE/cache/bundle11/version0.0/bundle.jar
747ea000-747ec000 r--s 00003000 08:07 3549402    /tools/Configuration/springsource/spring-roo-1.1.5.RELEASE/cache/bundle35/version0.0/bundle.jar
747ec000-747ed000 r--s 0000b000 08:07 3549204    /tools/Configuration/springsource/spring-roo-1.1.5.RELEASE/cache/bundle13/version0.0/bundle.jar
747ed000-747ef000 r--s 00002000 08:07 3549294    /tools/Configuration/springsource/spring-roo-1.1.5.RELEASE/cache/bundle23/version0.0/bundle.jar
747ef000-747f1000 r--s 00002000 08:07 3549276    /tools/Configuration/springsource/spring-roo-1.1.5.RELEASE/cache/bundle21/version0.0/bundle.jar
747f1000-747f3000 r--s 00009000 08:07 3549785    /tools/Configuration/springsource/spring-roo-1.1.5.RELEASE/cache/bundle9/version0.0/bundle.jar
747f3000-747f7000 r--s 00022000 08:07 3549720    /tools/Configuration/springsource/spring-roo-1.1.5.RELEASE/cache/bundle2/version0.0/bundle.jar
747f7000-747f9000 r--s 00001000 08:07 3549776    /tools/Configuration/springsource/spring-roo-1.1.5.RELEASE/cache/bundle8/version0.0/bundle.jar
747f9000-747fb000 r--s 0000e000 08:07 3549758    /tools/Configuration/springsource/spring-roo-1.1.5.RELEASE/cache/bundle6/version0.0/bundle.jar
747fb000-747fd000 r--s 00009000 08:07 3549618    /tools/Configuration/springsource/spring-roo-1.1.5.RELEASE/cache/bundle59/version0.0/bundle.jar
747fd000-747fe000 r--s 00001000 08:07 3549546    /tools/Configuration/springsource/spring-roo-1.1.5.RELEASE/cache/bundle51/version0.0/bundle.jar
747fe000-74800000 r--s 00007000 08:07 3549258    /tools/Configuration/springsource/spring-roo-1.1.5.RELEASE/cache/bundle19/version0.0/bundle.jar
74800000-74900000 rw-p 00000000 00:00 0 
74900000-74902000 r--s 00004000 08:07 3549519    /tools/Configuration/springsource/spring-roo-1.1.5.RELEASE/cache/bundle48/version0.0/bundle.jar
74902000-74903000 r--s 00003000 08:07 3549195    /tools/Configuration/springsource/spring-roo-1.1.5.RELEASE/cache/bundle12/version0.0/bundle.jar
74903000-74908000 r--s 00031000 08:07 3549411    /tools/Configuration/springsource/spring-roo-1.1.5.RELEASE/cache/bundle36/version0.0/bundle.jar
74908000-7490a000 r--s 00017000 08:07 3549555    /tools/Configuration/springsource/spring-roo-1.1.5.RELEASE/cache/bundle52/version0.0/bundle.jar
7490a000-7490b000 r--s 00006000 08:07 3549348    /tools/Configuration/springsource/spring-roo-1.1.5.RELEASE/cache/bundle29/version0.0/bundle.jar
7490b000-7490d000 r--s 00003000 08:07 3549249    /tools/Configuration/springsource/spring-roo-1.1.5.RELEASE/cache/bundle18/version0.0/bundle.jar
7490d000-7490e000 r--s 0000f000 08:07 3549420    /tools/Configuration/springsource/spring-roo-1.1.5.RELEASE/cache/bundle37/version0.0/bundle.jar
7490e000-7490f000 r--s 00002000 08:07 3549303    /tools/Configuration/springsource/spring-roo-1.1.5.RELEASE/cache/bundle24/version0.0/bundle.jar
7490f000-74911000 r--s 00001000 08:07 3549240    /tools/Configuration/springsource/spring-roo-1.1.5.RELEASE/cache/bundle17/version0.0/bundle.jar
74911000-74913000 r--s 00003000 08:07 3549465    /tools/Configuration/springsource/spring-roo-1.1.5.RELEASE/cache/bundle42/version0.0/bundle.jar
74913000-74914000 r--s 00002000 08:07 3549321    /tools/Configuration/springsource/spring-roo-1.1.5.RELEASE/cache/bundle26/version0.0/bundle.jar
74914000-74938000 r--s 0015e000 08:07 3549609    /tools/Configuration/springsource/spring-roo-1.1.5.RELEASE/cache/bundle58/version0.0/bundle.jar
74938000-74939000 r--s 00001000 08:07 3549564    /tools/Configuration/springsource/spring-roo-1.1.5.RELEASE/cache/bundle53/version0.0/bundle.jar
74939000-7493b000 r--s 00003000 08:07 3549267    /tools/Configuration/springsource/spring-roo-1.1.5.RELEASE/cache/bundle20/version0.0/bundle.jar
7493b000-7493d000 r--s 00015000 08:07 3549375    /tools/Configuration/springsource/spring-roo-1.1.5.RELEASE/cache/bundle32/version0.0/bundle.jar
7493d000-74940000 r--s 00018000 08:07 3549702    /tools/Configuration/springsource/spring-roo-1.1.5.RELEASE/cache/bundle1/version0.0/bundle.jar
74940000-74942000 r--s 00002000 08:07 3549357    /tools/Configuration/springsource/spring-roo-1.1.5.RELEASE/cache/bundle30/version0.0/bundle.jar
74942000-74948000 r--s 0002a000 08:07 3549222    /tools/Configuration/springsource/spring-roo-1.1.5.RELEASE/cache/bundle15/version0.0/bundle.jar
74948000-7494a000 r--s 0000e000 08:07 3549510    /tools/Configuration/springsource/spring-roo-1.1.5.RELEASE/cache/bundle47/version0.0/bundle.jar
7494a000-7494c000 r--s 00000000 08:07 3549456    /tools/Configuration/springsource/spring-roo-1.1.5.RELEASE/cache/bundle41/version0.0/bundle.jar
7494c000-7494d000 r--s 00002000 08:07 3549285    /tools/Configuration/springsource/spring-roo-1.1.5.RELEASE/cache/bundle22/version0.0/bundle.jar
7494d000-7494f000 r--s 00004000 08:07 3549573    /tools/Configuration/springsource/spring-roo-1.1.5.RELEASE/cache/bundle54/version0.0/bundle.jar
7494f000-74955000 r--s 0003e000 08:07 3549729    /tools/Configuration/springsource/spring-roo-1.1.5.RELEASE/cache/bundle3/version0.0/bundle.jar
74955000-74956000 r--s 00002000 08:07 3549330    /tools/Configuration/springsource/spring-roo-1.1.5.RELEASE/cache/bundle27/version0.0/bundle.jar
74956000-74957000 r--s 00003000 08:07 3549537    /tools/Configuration/springsource/spring-roo-1.1.5.RELEASE/cache/bundle50/version0.0/bundle.jar
74957000-74959000 r--s 00005000 08:07 3549483    /tools/Configuration/springsource/spring-roo-1.1.5.RELEASE/cache/bundle44/version0.0/bundle.jar
74959000-7495d000 r--s 00023000 08:07 3549600    /tools/Configuration/springsource/spring-roo-1.1.5.RELEASE/cache/bundle57/version0.0/bundle.jar
7495d000-7495f000 r--s 00000000 08:07 3549711    /tools/Configuration/springsource/spring-roo-1.1.5.RELEASE/cache/bundle68/version0.0/bundle.jar
7495f000-74961000 r--s 00000000 08:07 3549582    /tools/Configuration/springsource/spring-roo-1.1.5.RELEASE/cache/bundle55/version0.0/bundle.jar
74961000-74964000 r--s 00016000 08:07 3549789    /tools/Configuration/springsource/spring-roo-1.1.5.RELEASE/cache/bundle10/version0.0/bundle.jar
74964000-7496b000 r--s 000bc000 08:07 3549691    /tools/Configuration/springsource/spring-roo-1.1.5.RELEASE/cache/bundle67/version0.0/bundle.jar
7496b000-7496d000 r--s 00005000 08:07 3549682    /tools/Configuration/springsource/spring-roo-1.1.5.RELEASE/cache/bundle66/version0.0/bundle.jar
7496d000-7496e000 r--s 00004000 08:07 3549654    /tools/Configuration/springsource/spring-roo-1.1.5.RELEASE/cache/bundle63/version0.0/bundle.jar
7496e000-74970000 r--s 00003000 08:07 3549231    /tools/Configuration/springsource/spring-roo-1.1.5.RELEASE/cache/bundle16/version0.0/bundle.jar
74970000-74972000 r--s 00015000 08:07 3549645    /tools/Configuration/springsource/spring-roo-1.1.5.RELEASE/cache/bundle62/version0.0/bundle.jar
74972000-74974000 r--s 00009000 08:07 3549312    /tools/Configuration/springsource/spring-roo-1.1.5.RELEASE/cache/bundle25/version0.0/bundle.jar
74974000-74976000 r--s 00001000 08:07 3549447    /tools/Configuration/springsource/spring-roo-1.1.5.RELEASE/cache/bundle40/version0.0/bundle.jar
74976000-74978000 r--s 0000b000 08:07 3549429    /tools/Configuration/springsource/spring-roo-1.1.5.RELEASE/cache/bundle38/version0.0/bundle.jar
74978000-7497a000 r--s 00012000 08:07 3549501    /tools/Configuration/springsource/spring-roo-1.1.5.RELEASE/cache/bundle46/version0.0/bundle.jar
7497a000-7497c000 r--s 00009000 08:07 3549384    /tools/Configuration/springsource/spring-roo-1.1.5.RELEASE/cache/bundle33/version0.0/bundle.jar
7497c000-7497f000 r--s 0000d000 08:07 3549663    /tools/Configuration/springsource/spring-roo-1.1.5.RELEASE/cache/bundle64/version0.0/bundle.jar
7497f000-74980000 r--s 00006000 08:07 3549627    /tools/Configuration/springsource/spring-roo-1.1.5.RELEASE/cache/bundle60/version0.0/bundle.jar
74980000-74982000 r--s 00003000 08:07 3549366    /tools/Configuration/springsource/spring-roo-1.1.5.RELEASE/cache/bundle31/version0.0/bundle.jar
74982000-74985000 ---p 00000000 00:00 0 
74985000-749d3000 rw-p 00000000 00:00 0 
749d3000-749d4000 ---p 00000000 00:00 0 
749d4000-74a54000 rw-p 00000000 00:00 0 
74a54000-74a57000 ---p 00000000 00:00 0 
74a57000-74aa5000 rw-p 00000000 00:00 0 
74aa5000-74aa8000 ---p 00000000 00:00 0 
74aa8000-74b26000 rw-p 00000000 00:00 0 
74b26000-74b29000 ---p 00000000 00:00 0 
74b29000-74ba7000 rw-p 00000000 00:00 0 
74ba7000-74baa000 ---p 00000000 00:00 0 
74baa000-74bf8000 rw-p 00000000 00:00 0 
74bf8000-74df8000 r--p 00000000 08:07 1056376    /usr/lib/locale/locale-archive
74df8000-74dfb000 ---p 00000000 00:00 0 
74dfb000-74e49000 rw-p 00000000 00:00 0 
74e49000-74e4c000 ---p 00000000 00:00 0 
74e4c000-74e9a000 rw-p 00000000 00:00 0 
74e9a000-74e9b000 ---p 00000000 00:00 0 
74e9b000-74f4e000 rw-p 00000000 00:00 0 
74f4e000-750de000 r--s 037b3000 08:07 1717266    /usr/lib/jvm/java-6-openjdk/jre/lib/rt.jar
750de000-750df000 ---p 00000000 00:00 0 
750df000-7515f000 rw-p 00000000 00:00 0 
7515f000-75160000 ---p 00000000 00:00 0 
75160000-751ef000 rw-p 00000000 00:00 0 
751ef000-75220000 rw-p 00000000 00:00 0 
75220000-7523d000 rw-p 00000000 00:00 0 
7523d000-75346000 rw-p 00000000 00:00 0 
75346000-75355000 rw-p 00000000 00:00 0 
75355000-75386000 rw-p 00000000 00:00 0 
75386000-753a3000 rw-p 00000000 00:00 0 
753a3000-754ac000 rw-p 00000000 00:00 0 
754ac000-7553f000 rw-p 00000000 00:00 0 
7553f000-77300000 rw-p 00000000 00:00 0 
77300000-7d540000 rw-p 00000000 00:00 0 
7d540000-80d90000 rw-p 00000000 00:00 0 
80d90000-a2140000 rw-p 00000000 00:00 0 
a2140000-b4710000 rw-p 00000000 00:00 0 
b4710000-b4740000 ---p 00000000 00:00 0 
b4740000-b4742000 r--s 0000a000 08:07 3549339    /tools/Configuration/springsource/spring-roo-1.1.5.RELEASE/cache/bundle28/version0.0/bundle.jar
b4742000-b4745000 r--s 0007d000 08:07 1717255    /usr/lib/jvm/java-6-openjdk/jre/lib/jsse.jar
b4745000-b4746000 r--s 00002000 08:07 3548585    /tools/Configuration/springsource/spring-roo-1.1.5.RELEASE/bin/org.springframework.roo.bootstrap-1.1.5.RELEASE.jar
b4746000-b474c000 r--s 0005a000 08:07 3548583    /tools/Configuration/springsource/spring-roo-1.1.5.RELEASE/bin/org.apache.felix.framework-3.0.7.jar
b474c000-b474f000 r--s 0000f000 08:07 1717249    /usr/lib/jvm/java-6-openjdk/jre/lib/ext/pulse-java.jar
b474f000-b475f000 rw-p 00000000 00:00 0 
b475f000-b480f000 rw-p 00000000 00:00 0 
b480f000-b4be7000 rwxp 00000000 00:00 0 
b4be7000-b780f000 rw-p 00000000 00:00 0 
b780f000-b7812000 ---p 00000000 00:00 0 
b7812000-b7863000 rw-p 00000000 00:00 0 
b7863000-b786b000 r--s 00066000 08:07 1452628    /usr/share/java/gnome-java-bridge.jar
b786b000-b786c000 r--p 002a1000 08:07 1056376    /usr/lib/locale/locale-archive
b786c000-b7874000 rw-s 00000000 08:07 2753204    /tmp/hsperfdata_hsimo/6086
b7874000-b7875000 rw-p 00000000 00:00 0 
b7875000-b7876000 r--p 00000000 00:00 0 
b7876000-b7878000 rw-p 00000000 00:00 0 
bfb48000-bfb69000 rw-p 00000000 00:00 0          [stack]

VM Arguments:
jvm_args: -Dis.apple.terminal=false -Droo.args= -DdevelopmentMode=false -Dorg.osgi.framework.storage=/tools/Configuration/springsource/spring-roo-1.1.5.RELEASE/cache -Dfelix.auto.deploy.dir=/tools/Configuration/springsource/spring-roo-1.1.5.RELEASE/bundle -Dfelix.config.properties=file:/tools/Configuration/springsource/spring-roo-1.1.5.RELEASE/conf/config.properties 
java_command: org.springframework.roo.bootstrap.Main
Launcher Type: SUN_STANDARD

Environment Variables:
JRE_HOME=/user/lib/jvm/java-1.6.0-openjdk/jre
PATH=/bin:/usr/share/tomcat6/bin:/home/hsimo/bin:/usr/local/sbin:/usr/local/bin:/usr/sbin:/usr/bin:/sbin:/bin:/usr/games
USERNAME=hsimo
LD_LIBRARY_PATH=/usr/lib/jvm/java-6-openjdk/jre/lib/i386/server:/usr/lib/jvm/java-6-openjdk/jre/lib/i386:/usr/lib/jvm/java-6-openjdk/jre/../lib/i386
SHELL=/bin/bash
DISPLAY=:0

Signal Handlers:
SIGSEGV: [libjvm.so+0x657420], sa_mask[0]=0x7ffbfeff, sa_flags=0x10000004
SIGBUS: [libjvm.so+0x657420], sa_mask[0]=0x7ffbfeff, sa_flags=0x10000004
SIGFPE: [libjvm.so+0x51d550], sa_mask[0]=0x7ffbfeff, sa_flags=0x10000004
SIGPIPE: SIG_IGN, sa_mask[0]=0x00000000, sa_flags=0x00000000
SIGXFSZ: [libjvm.so+0x51d550], sa_mask[0]=0x7ffbfeff, sa_flags=0x10000004
SIGILL: [libjvm.so+0x51d550], sa_mask[0]=0x7ffbfeff, sa_flags=0x10000004
SIGUSR1: SIG_DFL, sa_mask[0]=0x00000000, sa_flags=0x00000000
SIGUSR2: [libjvm.so+0x51d3c0], sa_mask[0]=0x00000000, sa_flags=0x10000004
SIGHUP: [libjvm.so+0x5201b0], sa_mask[0]=0x7ffbfeff, sa_flags=0x10000004
SIGINT: [libjvm.so+0x5201b0], sa_mask[0]=0x7ffbfeff, sa_flags=0x10000004
SIGTERM: [libjvm.so+0x5201b0], sa_mask[0]=0x7ffbfeff, sa_flags=0x10000004
SIGQUIT: [libjvm.so+0x5201b0], sa_mask[0]=0x7ffbfeff, sa_flags=0x10000004


---------------  S Y S T E M  ---------------

OS:Ubuntu 11.04 (natty)
uname:Linux 2.6.38-8-generic #42-Ubuntu SMP Mon Apr 11 03:31:50 UTC 2011 i686
libc:glibc 2.13 NPTL 2.13 
rlimit: STACK 8192k, CORE 0k, NPROC infinity, NOFILE 4096, AS infinity
load average:3.32 0.93 0.41

/proc/meminfo:
MemTotal:        3608400 kB
MemFree:          110588 kB
Buffers:             720 kB
Cached:            55784 kB
SwapCached:        46024 kB
Active:          2474452 kB
Inactive:         861616 kB
Active(anon):    2455312 kB
Inactive(anon):   837536 kB
Active(file):      19140 kB
Inactive(file):    24080 kB
Unevictable:          16 kB
Mlocked:              16 kB
HighTotal:       2755880 kB
HighFree:           6104 kB
LowTotal:         852520 kB
LowFree:          104484 kB
SwapTotal:       6018044 kB
SwapFree:        5680728 kB
Dirty:               116 kB
Writeback:             0 kB
AnonPages:       3234204 kB
Mapped:            36384 kB
Shmem:             13260 kB
Slab:              43780 kB
SReclaimable:      22660 kB
SUnreclaim:        21120 kB
KernelStack:        4472 kB
PageTables:        12988 kB
NFS_Unstable:          0 kB
Bounce:                0 kB
WritebackTmp:          0 kB
CommitLimit:     7822244 kB
Committed_AS:    5567068 kB
VmallocTotal:     122880 kB
VmallocUsed:       32484 kB
VmallocChunk:      69628 kB
HardwareCorrupted:     0 kB
HugePages_Total:       0
HugePages_Free:        0
HugePages_Rsvd:        0
HugePages_Surp:        0
Hugepagesize:       4096 kB
DirectMap4k:      253944 kB
DirectMap4M:      655360 kB


CPU:total 2 (2 cores per cpu, 1 threads per core) family 16 model 6 stepping 3, cmov, cx8, fxsr, mmx, sse, sse2, sse3, popcnt, mmxext, 3dnow, 3dnowext, lzcnt

Memory: 4k page, physical 3608400k(110588k free), swap 6018044k(5680728k free)

vm_info: OpenJDK Server VM (20.0-b11) for linux-x86 JRE (1.6.0_22-b22), built on Feb 21 2012 00:20:24 by "buildd" with gcc 4.5.2

time: Wed May  8 13:57:00 2013
elapsed time: 51 seconds

