#
# A fatal error has been detected by the Java Runtime Environment:
#
#  SIGSEGV (0xb) at pc=0xb6499ffc, pid=11544, tid=3019873136
#
# JRE version: 6.0_22-b22
# Java VM: OpenJDK Client VM (20.0-b11 mixed mode, sharing linux-x86 )
# Derivative: IcedTea6 1.10.6
# Distribution: Ubuntu 11.04, package 6b22-1.10.6-0ubuntu1
# Problematic frame:
# J  com.sun.org.apache.xerces.internal.impl.XMLDocumentFragmentScannerImpl.handleCharacter(CLjava/lang/String;Lcom/sun/org/apache/xerces/internal/util/XMLStringBuffer;)V
#
# If you would like to submit a bug report, please include
# instructions how to reproduce the bug and visit:
#   https://bugs.launchpad.net/ubuntu/+source/openjdk-6/
#

---------------  T H R E A D  ---------------

Current thread (0xb4656c00):  JavaThread "Worker-9" [_thread_in_Java, id=11656, stack(0xb3fa9000,0xb3ffa000)]

siginfo:si_signo=SIGSEGV: si_errno=0, si_code=128 (), si_addr=0x00000000

Registers:
EAX=0x00000001, EBX=0x00001114, ECX=0x6502b608, EDX=0x8429e9b0
ESP=0xb3ff8900, EBP=0xb3ff8af0, ESI=0x65029cf8, EDI=0x8429e9b0
EIP=0xb6499ffc, EFLAGS=0x00210202, CR2=0xb75cb100

Top of Stack: (sp=0xb3ff8900)
0xb3ff8900:   00000000 00000000 00000000 00000000
0xb3ff8910:   00000000 00200246 6502b1b0 6502b608
0xb3ff8920:   6502b608 00000026 842964b8 00000026
0xb3ff8930:   6502b608 b6499f80 b3ff8af0 b6499058
0xb3ff8940:   8429e9b0 6502c3c0 b3ff8af0 b59f6af0
0xb3ff8950:   655115a4 00000014 b3ff8af0 b5acaf83
0xb3ff8960:   6503812a 655115a4 00000014 00000001
0xb3ff8970:   6564717c 00000001 6502b608 6502c3c0 

Instructions: (pc=0xb6499ffc)
0xb6499fdc:   51 79 83 fa 00 0f 84 2d 00 00 00 8b 7c 24 40 8b
0xb6499fec:   d7 c7 04 24 00 00 00 00 c7 44 24 04 00 00 00 00
0xb6499ffc:   c7 44 24 08 00 00 00 00 8b ce b8 ff ff ff ff e8
0xb649a00c:   00 52 15 ff 8b 4c 24 20 8b 91 c8 00 00 00 8b b1 

Register to memory mapping:

EAX=0x00000001 is an unknown value
EBX=0x00001114 is an unknown value
ECX=0x6502b608 is an oop

[error occurred during error reporting (printing register info), id 0xb]

Stack: [0xb3fa9000,0xb3ffa000],  sp=0xb3ff8900,  free space=318k
Native frames: (J=compiled Java code, j=interpreted, Vv=VM code, C=native code)
J  com.sun.org.apache.xerces.internal.impl.XMLDocumentFragmentScannerImpl.handleCharacter(CLjava/lang/String;Lcom/sun/org/apache/xerces/internal/util/XMLStringBuffer;)V
j  com.sun.org.apache.xerces.internal.parsers.XML11Configuration.parse(Lcom/sun/org/apache/xerces/internal/xni/parser/XMLInputSource;)V+29
j  com.sun.org.apache.xerces.internal.parsers.XMLParser.parse(Lcom/sun/org/apache/xerces/internal/xni/parser/XMLInputSource;)V+9
j  com.sun.org.apache.xerces.internal.parsers.AbstractSAXParser.parse(Lorg/xml/sax/InputSource;)V+43
j  com.sun.org.apache.xerces.internal.jaxp.SAXParserImpl$JAXPSAXParser.parse(Lorg/xml/sax/InputSource;)V+43
j  org.eclipse.equinox.internal.p2.engine.SimpleProfileRegistry$Parser.parse(Ljava/io/InputStream;)V+51
j  org.eclipse.equinox.internal.p2.engine.SimpleProfileRegistry$Parser.parse(Ljava/io/File;)V+56
j  org.eclipse.equinox.internal.p2.engine.SimpleProfileRegistry.restore()Ljava/util/Map;+183
j  org.eclipse.equinox.internal.p2.engine.SimpleProfileRegistry.getProfileMap()Ljava/util/Map;+25
j  org.eclipse.equinox.internal.p2.engine.SimpleProfileRegistry.getProfiles()[Lorg/eclipse/equinox/p2/engine/IProfile;+1
j  org.eclipse.pde.internal.core.target.TargetPlatformService.cleanOrphanedTargetDefinitionProfiles()Ljava/util/List;+17
j  org.eclipse.pde.internal.core.PDECore$1.saving(Lorg/eclipse/core/resources/ISaveContext;)V+57
j  org.eclipse.core.internal.resources.SaveManager.executeLifecycle(ILorg/eclipse/core/resources/ISaveParticipant;Lorg/eclipse/core/internal/resources/SaveContext;)V+54
j  org.eclipse.core.internal.resources.SaveManager$1.run()V+16
J  org.eclipse.core.runtime.SafeRunner.run(Lorg/eclipse/core/runtime/ISafeRunnable;)V
j  org.eclipse.core.internal.resources.SaveManager.save(IZLorg/eclipse/core/internal/resources/Project;Lorg/eclipse/core/runtime/IProgressMonitor;)Lorg/eclipse/core/runtime/IStatus;+144
j  org.eclipse.core.internal.resources.SaveManager.save(ILorg/eclipse/core/internal/resources/Project;Lorg/eclipse/core/runtime/IProgressMonitor;)Lorg/eclipse/core/runtime/IStatus;+5
j  org.eclipse.core.internal.resources.DelayedSnapshotJob.run(Lorg/eclipse/core/runtime/IProgressMonitor;)Lorg/eclipse/core/runtime/IStatus;+33
j  org.eclipse.core.internal.jobs.Worker.run()V+31
v  ~StubRoutines::call_stub
V  [libjvm.so+0x20a752]  JavaCalls::call_helper(JavaValue*, methodHandle*, JavaCallArguments*, Thread*)+0x262
V  [libjvm.so+0x3044b9]  os::os_exception_wrapper(void (*)(JavaValue*, methodHandle*, JavaCallArguments*, Thread*), JavaValue*, methodHandle*, JavaCallArguments*, Thread*)+0x19
V  [libjvm.so+0x209c4f]  JavaCalls::call(JavaValue*, methodHandle, JavaCallArguments*, Thread*)+0x2f
V  [libjvm.so+0x20a0ca]  JavaCalls::call_virtual(JavaValue*, KlassHandle, symbolHandle, symbolHandle, JavaCallArguments*, Thread*)+0xea
V  [libjvm.so+0x20a228]  JavaCalls::call_virtual(JavaValue*, Handle, KlassHandle, symbolHandle, symbolHandle, Thread*)+0x58
V  [libjvm.so+0x23b68f]  thread_entry(JavaThread*, Thread*)+0x7f
V  [libjvm.so+0x3af60c]  JavaThread::thread_main_inner()+0x6c
V  [libjvm.so+0x3af6e9]  JavaThread::run()+0xc9
V  [libjvm.so+0x3026f1]  java_start(Thread*)+0x121
C  [libpthread.so.0+0x5e99]  start_thread+0xd9


---------------  P R O C E S S  ---------------

Java Threads: ( => current thread )
  0x09bc7800 JavaThread "process reaper" daemon [_thread_in_native, id=11798, stack(0xafeaf000,0xaff00000)]
  0xb1188000 JavaThread "pool-3-thread-1" [_thread_blocked, id=11797, stack(0xafe5e000,0xafeaf000)]
  0xafffb800 JavaThread "Thread-21" daemon [_thread_blocked, id=11792, stack(0xb025e000,0xb02af000)]
  0xb006dc00 JavaThread "Thread-20" [_thread_in_native, id=11791, stack(0xb02af000,0xb0300000)]
  0xb4494400 JavaThread "Process monitor" daemon [_thread_blocked, id=11770, stack(0xaf80d000,0xaf85e000)]
  0xb11e8800 JavaThread "Input Stream Monitor" daemon [_thread_blocked, id=11769, stack(0xaf85e000,0xaf8af000)]
  0xb0589000 JavaThread "Output Stream Monitor" daemon [_thread_in_native, id=11768, stack(0xaf8af000,0xaf900000)]
  0xb11ef800 JavaThread "Output Stream Monitor" daemon [_thread_in_native, id=11765, stack(0xafa3b000,0xafa8c000)]
  0xb4cc1400 JavaThread "process reaper" daemon [_thread_in_native, id=11762, stack(0xb0f13000,0xb0f64000)]
  0xb0ecc400 JavaThread "Thread-19" [_thread_in_native, id=11761, stack(0xb065e000,0xb06af000)]
  0xb00ae800 JavaThread "Worker-10" [_thread_blocked, id=11706, stack(0xb06af000,0xb0700000)]
  0xb0178c00 JavaThread "JavaScript indexing" daemon [_thread_blocked, id=11666, stack(0xb08af000,0xb0900000)]
  0xb4692400 JavaThread "CompilationUnitBuilder" [_thread_blocked, id=11664, stack(0xb3fff000,0xb4050000)]
  0xb46da400 JavaThread "com.google.gwt.thirdparty.guava.common.base.internal.Finalizer" daemon [_thread_blocked, id=11663, stack(0xb0c3b000,0xb0c8c000)]
=>0xb4656c00 JavaThread "Worker-9" [_thread_in_Java, id=11656, stack(0xb3fa9000,0xb3ffa000)]
  0x094fd000 JavaThread "Worker-8" [_thread_blocked, id=11648, stack(0xb0f64000,0xb0fb5000)]
  0x09093000 JavaThread "Worker-7" [_thread_blocked, id=11647, stack(0xb0fb5000,0xb1006000)]
  0x09182800 JavaThread "Worker-6" [_thread_blocked, id=11646, stack(0xb1006000,0xb1057000)]
  0x09447400 JavaThread "Worker-5" [_thread_blocked, id=11645, stack(0xb3dc0000,0xb3e11000)]
  0x09177400 JavaThread "Worker-4" [_thread_blocked, id=11644, stack(0xb1214000,0xb1265000)]
  0x090e9000 JavaThread "Worker-3" [_thread_blocked, id=11643, stack(0xb4a6b000,0xb4abc000)]
  0x09179c00 JavaThread "Worker-2" [_thread_blocked, id=11642, stack(0xb4741000,0xb4792000)]
  0x09353800 JavaThread "20289731@qtp-31601930-1 - Acceptor0 SocketConnector@0.0.0.0:50313" [_thread_in_native, id=11599, stack(0xb40b9000,0xb410a000)]
  0x09380400 JavaThread "13184726@qtp-31601930-0" [_thread_blocked, id=11598, stack(0xb410a000,0xb415b000)]
  0x092a3000 JavaThread "Bundle File Closer" daemon [_thread_blocked, id=11597, stack(0xb41be000,0xb420f000)]
  0x09290400 JavaThread "Worker-1" [_thread_blocked, id=11596, stack(0xb4240000,0xb4291000)]
  0x091c1400 JavaThread "Timer-0" daemon [_thread_blocked, id=11595, stack(0xb435e000,0xb43af000)]
  0x09307000 JavaThread "Java indexing" daemon [_thread_blocked, id=11594, stack(0xb43af000,0xb4400000)]
  0x08fbc000 JavaThread "Worker-0" [_thread_blocked, id=11587, stack(0xb47ca000,0xb481b000)]
  0x09123800 JavaThread "Worker-JM" [_thread_blocked, id=11570, stack(0xb4abc000,0xb4b0d000)]
  0x09114400 JavaThread "[ThreadPool Manager] - Idle Thread" daemon [_thread_blocked, id=11569, stack(0xb4b5e000,0xb4baf000)]
  0x09081c00 JavaThread "[Timer] - Main Queue Handler" daemon [_thread_blocked, id=11568, stack(0xb4b0d000,0xb4b5e000)]
  0x0903f800 JavaThread "Framework Event Dispatcher" daemon [_thread_blocked, id=11566, stack(0xb4baf000,0xb4c00000)]
  0xb4c27400 JavaThread "Start Level Event Dispatcher" daemon [_thread_blocked, id=11565, stack(0xb4d39000,0xb4d8a000)]
  0xb4c30c00 JavaThread "State Data Manager" daemon [_thread_blocked, id=11564, stack(0xb4d8a000,0xb4ddb000)]
  0x08f6c400 JavaThread "Low Memory Detector" daemon [_thread_blocked, id=11562, stack(0xb4e81000,0xb4ed2000)]
  0x08f6a400 JavaThread "C1 CompilerThread0" daemon [_thread_blocked, id=11561, stack(0xb4ed2000,0xb4f53000)]
  0x08f68c00 JavaThread "Signal Dispatcher" daemon [_thread_blocked, id=11560, stack(0xb4f53000,0xb4fa4000)]
  0x08f62400 JavaThread "Finalizer" daemon [_thread_blocked, id=11559, stack(0xb4fa4000,0xb4ff5000)]
  0x08f60800 JavaThread "Reference Handler" daemon [_thread_blocked, id=11558, stack(0xb4ff5000,0xb5046000)]
  0x08f32c00 JavaThread "main" [_thread_in_native, id=11544, stack(0xbff2d000,0xbff7d000)]

Other Threads:
  0x08f5ec00 VMThread [stack: 0xb5046000,0xb50c7000] [id=11557]
  0x08f78400 WatcherThread [stack: 0xb4e00000,0xb4e81000] [id=11563]

VM state:not at safepoint (normal execution)

VM Mutex/Monitor currently owned by a thread: None

Heap
 def new generation   total 91968K, used 29241K [0x639c0000, 0x69d80000, 0x6e460000)
  eden space 81792K,  35% used [0x639c0000, 0x6564e7b8, 0x689a0000)
  from space 10176K,   0% used [0x689a0000, 0x689a0000, 0x69390000)
  to   space 10176K,   0% used [0x69390000, 0x69390000, 0x69d80000)
 tenured generation   total 204132K, used 122476K [0x6e460000, 0x7abb9000, 0x839c0000)
   the space 204132K,  59% used [0x6e460000, 0x75bfb378, 0x75bfb400, 0x7abb9000)
 compacting perm gen  total 92928K, used 92799K [0x839c0000, 0x89480000, 0x939c0000)
   the space 92928K,  99% used [0x839c0000, 0x8945fd00, 0x8945fe00, 0x89480000)
    ro space 10240K,  73% used [0x939c0000, 0x94120090, 0x94120200, 0x943c0000)
    rw space 12288K,  60% used [0x943c0000, 0x94b09bc8, 0x94b09c00, 0x94fc0000)

Code Cache  [0xb55c2000, 0xb64a2000, 0xb75c2000)
 total_blobs=6403 nmethods=6188 adapters=144 free_code_cache=17997376 largest_free_block=320

Dynamic libraries:
00110000-00155000 r-xp 00000000 08:06 1314609    /usr/lib/i386-linux-gnu/libgobject-2.0.so.0.2800.6
00155000-00156000 r--p 00044000 08:06 1314609    /usr/lib/i386-linux-gnu/libgobject-2.0.so.0.2800.6
00156000-00157000 rw-p 00045000 08:06 1314609    /usr/lib/i386-linux-gnu/libgobject-2.0.so.0.2800.6
00157000-0022c000 r-xp 00000000 08:06 654946     /lib/i386-linux-gnu/libglib-2.0.so.0.2800.6
0022c000-0022d000 r--p 000d4000 08:06 654946     /lib/i386-linux-gnu/libglib-2.0.so.0.2800.6
0022d000-0022e000 rw-p 000d5000 08:06 654946     /lib/i386-linux-gnu/libglib-2.0.so.0.2800.6
0022e000-00238000 r-xp 00000000 08:06 1314645    /usr/lib/i386-linux-gnu/libpangocairo-1.0.so.0.2800.4
00238000-00239000 r--p 00009000 08:06 1314645    /usr/lib/i386-linux-gnu/libpangocairo-1.0.so.0.2800.4
00239000-0023a000 rw-p 0000a000 08:06 1314645    /usr/lib/i386-linux-gnu/libpangocairo-1.0.so.0.2800.4
0023a000-0025e000 r-xp 00000000 08:06 663210     /lib/i386-linux-gnu/libm-2.13.so
0025e000-0025f000 r--p 00023000 08:06 663210     /lib/i386-linux-gnu/libm-2.13.so
0025f000-00260000 rw-p 00024000 08:06 663210     /lib/i386-linux-gnu/libm-2.13.so
00260000-00262000 r-xp 00000000 08:06 1314552    /usr/lib/i386-linux-gnu/libXinerama.so.1.0.0
00262000-00263000 r--p 00001000 08:06 1314552    /usr/lib/i386-linux-gnu/libXinerama.so.1.0.0
00263000-00264000 rw-p 00002000 08:06 1314552    /usr/lib/i386-linux-gnu/libXinerama.so.1.0.0
00264000-00271000 r-xp 00000000 08:06 1314550    /usr/lib/i386-linux-gnu/libXi.so.6.1.0
00271000-00272000 r--p 0000c000 08:06 1314550    /usr/lib/i386-linux-gnu/libXi.so.6.1.0
00272000-00273000 rw-p 0000d000 08:06 1314550    /usr/lib/i386-linux-gnu/libXi.so.6.1.0
00273000-00279000 r-xp 00000000 08:06 1314554    /usr/lib/i386-linux-gnu/libXrandr.so.2.2.0
00279000-0027a000 r--p 00005000 08:06 1314554    /usr/lib/i386-linux-gnu/libXrandr.so.2.2.0
0027a000-0027b000 rw-p 00006000 08:06 1314554    /usr/lib/i386-linux-gnu/libXrandr.so.2.2.0
0027d000-003d9000 r-xp 00000000 08:06 663206     /lib/i386-linux-gnu/libc-2.13.so
003d9000-003db000 r--p 0015c000 08:06 663206     /lib/i386-linux-gnu/libc-2.13.so
003db000-003dc000 rw-p 0015e000 08:06 663206     /lib/i386-linux-gnu/libc-2.13.so
003dc000-003df000 rw-p 00000000 00:00 0 
003df000-003e7000 r-xp 00000000 08:06 1314538    /usr/lib/i386-linux-gnu/libXcursor.so.1.0.2
003e7000-003e8000 r--p 00007000 08:06 1314538    /usr/lib/i386-linux-gnu/libXcursor.so.1.0.2
003e8000-003e9000 rw-p 00008000 08:06 1314538    /usr/lib/i386-linux-gnu/libXcursor.so.1.0.2
003e9000-003eb000 r-xp 00000000 08:06 1314540    /usr/lib/i386-linux-gnu/libXdamage.so.1.1.0
003eb000-003ec000 r--p 00001000 08:06 1314540    /usr/lib/i386-linux-gnu/libXdamage.so.1.1.0
003ec000-003ed000 rw-p 00002000 08:06 1314540    /usr/lib/i386-linux-gnu/libXdamage.so.1.1.0
003ed000-003fe000 r-xp 00000000 08:06 665023     /lib/i386-linux-gnu/libresolv-2.13.so
003fe000-003ff000 r--p 00010000 08:06 665023     /lib/i386-linux-gnu/libresolv-2.13.so
003ff000-00400000 rw-p 00011000 08:06 665023     /lib/i386-linux-gnu/libresolv-2.13.so
00400000-00402000 rw-p 00000000 00:00 0 
00404000-00419000 r-xp 00000000 08:06 665018     /lib/i386-linux-gnu/libpthread-2.13.so
00419000-0041a000 r--p 00015000 08:06 665018     /lib/i386-linux-gnu/libpthread-2.13.so
0041a000-0041b000 rw-p 00016000 08:06 665018     /lib/i386-linux-gnu/libpthread-2.13.so
0041b000-0041d000 rw-p 00000000 00:00 0 
0041d000-0051b000 r-xp 00000000 08:06 1314599    /usr/lib/i386-linux-gnu/libgio-2.0.so.0.2800.6
0051b000-0051c000 ---p 000fe000 08:06 1314599    /usr/lib/i386-linux-gnu/libgio-2.0.so.0.2800.6
0051c000-0051e000 r--p 000fe000 08:06 1314599    /usr/lib/i386-linux-gnu/libgio-2.0.so.0.2800.6
0051e000-0051f000 rw-p 00100000 08:06 1314599    /usr/lib/i386-linux-gnu/libgio-2.0.so.0.2800.6
0051f000-00520000 rw-p 00000000 00:00 0 
00520000-00545000 r-xp 00000000 08:06 1314647    /usr/lib/i386-linux-gnu/libpangoft2-1.0.so.0.2800.4
00545000-00546000 ---p 00025000 08:06 1314647    /usr/lib/i386-linux-gnu/libpangoft2-1.0.so.0.2800.4
00546000-00547000 r--p 00025000 08:06 1314647    /usr/lib/i386-linux-gnu/libpangoft2-1.0.so.0.2800.4
00547000-00548000 rw-p 00026000 08:06 1314647    /usr/lib/i386-linux-gnu/libpangoft2-1.0.so.0.2800.4
00548000-0056e000 r-xp 00000000 08:06 654937     /lib/i386-linux-gnu/libexpat.so.1.5.2
0056e000-0056f000 ---p 00026000 08:06 654937     /lib/i386-linux-gnu/libexpat.so.1.5.2
0056f000-00571000 r--p 00026000 08:06 654937     /lib/i386-linux-gnu/libexpat.so.1.5.2
00571000-00572000 rw-p 00028000 08:06 654937     /lib/i386-linux-gnu/libexpat.so.1.5.2
00572000-00578000 r-xp 00000000 08:06 1314676    /usr/lib/i386-linux-gnu/libxcb-render.so.0.0.0
00578000-00579000 r--p 00005000 08:06 1314676    /usr/lib/i386-linux-gnu/libxcb-render.so.0.0.0
00579000-0057a000 rw-p 00006000 08:06 1314676    /usr/lib/i386-linux-gnu/libxcb-render.so.0.0.0
0057a000-00591000 r-xp 00000000 08:06 1314682    /usr/lib/i386-linux-gnu/libxcb.so.1.1.0
00591000-00592000 r--p 00016000 08:06 1314682    /usr/lib/i386-linux-gnu/libxcb.so.1.1.0
00592000-00593000 rw-p 00017000 08:06 1314682    /usr/lib/i386-linux-gnu/libxcb.so.1.1.0
00593000-00597000 r-xp 00000000 08:06 1314542    /usr/lib/i386-linux-gnu/libXdmcp.so.6.0.0
00597000-00598000 r--p 00003000 08:06 1314542    /usr/lib/i386-linux-gnu/libXdmcp.so.6.0.0
00598000-00599000 rw-p 00004000 08:06 1314542    /usr/lib/i386-linux-gnu/libXdmcp.so.6.0.0
00599000-0059b000 r-xp 00000000 08:06 1539840    /tools/springsource/eclipse/configuration/org.eclipse.osgi/bundles/61/1/.cp/os/linux/x86/libunixfile_1_0_0.so
0059b000-0059c000 rw-p 00001000 08:06 1539840    /tools/springsource/eclipse/configuration/org.eclipse.osgi/bundles/61/1/.cp/os/linux/x86/libunixfile_1_0_0.so
0059c000-005c9000 r-xp 00000000 08:06 1314590    /usr/lib/i386-linux-gnu/libfontconfig.so.1.4.4
005c9000-005ca000 r--p 0002c000 08:06 1314590    /usr/lib/i386-linux-gnu/libfontconfig.so.1.4.4
005ca000-005cb000 rw-p 0002d000 08:06 1314590    /usr/lib/i386-linux-gnu/libfontconfig.so.1.4.4
005cb000-005e4000 r-xp 00000000 08:06 1314564    /usr/lib/i386-linux-gnu/libatk-1.0.so.0.9.1
005e4000-005e5000 ---p 00019000 08:06 1314564    /usr/lib/i386-linux-gnu/libatk-1.0.so.0.9.1
005e5000-005e6000 r--p 00019000 08:06 1314564    /usr/lib/i386-linux-gnu/libatk-1.0.so.0.9.1
005e6000-005e7000 rw-p 0001a000 08:06 1314564    /usr/lib/i386-linux-gnu/libatk-1.0.so.0.9.1
005e7000-005f1000 r-xp 00000000 08:06 665013     /lib/i386-linux-gnu/libnss_files-2.13.so
005f1000-005f2000 r--p 00009000 08:06 665013     /lib/i386-linux-gnu/libnss_files-2.13.so
005f2000-005f3000 rw-p 0000a000 08:06 665013     /lib/i386-linux-gnu/libnss_files-2.13.so
005f3000-005fb000 r-xp 00000000 08:06 1312264    /usr/lib/liboverlay-scrollbar-0.1.so.0.0.12
005fb000-005fc000 r--p 00007000 08:06 1312264    /usr/lib/liboverlay-scrollbar-0.1.so.0.0.12
005fc000-005fd000 rw-p 00008000 08:06 1312264    /usr/lib/liboverlay-scrollbar-0.1.so.0.0.12
005fd000-00601000 r-xp 00000000 08:06 1314459    /usr/lib/gtk-2.0/modules/libcanberra-gtk-module.so
00601000-00602000 r--p 00003000 08:06 1314459    /usr/lib/gtk-2.0/modules/libcanberra-gtk-module.so
00602000-00603000 rw-p 00004000 08:06 1314459    /usr/lib/gtk-2.0/modules/libcanberra-gtk-module.so
00603000-00607000 rwxp 00000000 00:00 0 
00607000-0069c000 r-xp 00000000 08:06 1312054    /usr/lib/libgdk-x11-2.0.so.0.2400.4
0069c000-0069d000 ---p 00095000 08:06 1312054    /usr/lib/libgdk-x11-2.0.so.0.2400.4
0069d000-0069f000 r--p 00095000 08:06 1312054    /usr/lib/libgdk-x11-2.0.so.0.2400.4
0069f000-006a0000 rw-p 00097000 08:06 1312054    /usr/lib/libgdk-x11-2.0.so.0.2400.4
006a0000-006a3000 r-xp 00000000 08:06 1311899    /usr/lib/libcanberra-gtk.so.0.1.8
006a3000-006a4000 r--p 00002000 08:06 1311899    /usr/lib/libcanberra-gtk.so.0.1.8
006a4000-006a5000 rw-p 00003000 08:06 1311899    /usr/lib/libcanberra-gtk.so.0.1.8
006a5000-006b3000 r-xp 00000000 08:06 1311901    /usr/lib/libcanberra.so.0.2.5
006b3000-006b4000 r--p 0000d000 08:06 1311901    /usr/lib/libcanberra.so.0.2.5
006b4000-006b5000 rw-p 0000e000 08:06 1311901    /usr/lib/libcanberra.so.0.2.5
006b5000-006bc000 r-xp 00000000 08:06 1312266    /usr/lib/libvorbisfile.so.3.3.4
006bc000-006bd000 r--p 00006000 08:06 1312266    /usr/lib/libvorbisfile.so.3.3.4
006bd000-006be000 rw-p 00007000 08:06 1312266    /usr/lib/libvorbisfile.so.3.3.4
006be000-006c1000 r-xp 00000000 08:06 1313843    /usr/lib/gdk-pixbuf-2.0/2.10.0/loaders/libpixbufloader-bmp.so
006c1000-006c2000 r--p 00002000 08:06 1313843    /usr/lib/gdk-pixbuf-2.0/2.10.0/loaders/libpixbufloader-bmp.so
006c2000-006c3000 rw-p 00003000 08:06 1313843    /usr/lib/gdk-pixbuf-2.0/2.10.0/loaders/libpixbufloader-bmp.so
006c5000-006ce000 r-xp 00000000 08:06 665015     /lib/i386-linux-gnu/libnss_nis-2.13.so
006ce000-006cf000 r--p 00008000 08:06 665015     /lib/i386-linux-gnu/libnss_nis-2.13.so
006cf000-006d0000 rw-p 00009000 08:06 665015     /lib/i386-linux-gnu/libnss_nis-2.13.so
006d0000-006d7000 r-xp 00000000 08:06 1312327    /usr/lib/libltdl.so.7.2.1
006d7000-006d8000 r--p 00006000 08:06 1312327    /usr/lib/libltdl.so.7.2.1
006d8000-006d9000 rw-p 00007000 08:06 1312327    /usr/lib/libltdl.so.7.2.1
006db000-00789000 r-xp 00000000 08:06 1311891    /usr/lib/libcairo.so.2.11000.2
00789000-0078a000 ---p 000ae000 08:06 1311891    /usr/lib/libcairo.so.2.11000.2
0078a000-0078b000 r--p 000ae000 08:06 1311891    /usr/lib/libcairo.so.2.11000.2
0078b000-0078c000 rw-p 000af000 08:06 1311891    /usr/lib/libcairo.so.2.11000.2
0078c000-0078e000 rw-p 00000000 00:00 0 
0078e000-0079d000 r-xp 00000000 08:06 1312577    /usr/lib/libtdb.so.1.2.9
0079d000-0079e000 r--p 0000e000 08:06 1312577    /usr/lib/libtdb.so.1.2.9
0079e000-0079f000 rw-p 0000f000 08:06 1312577    /usr/lib/libtdb.so.1.2.9
007a1000-007a3000 r-xp 00000000 08:06 1314536    /usr/lib/i386-linux-gnu/libXcomposite.so.1.0.0
007a3000-007a4000 r--p 00001000 08:06 1314536    /usr/lib/i386-linux-gnu/libXcomposite.so.1.0.0
007a4000-007a5000 rw-p 00002000 08:06 1314536    /usr/lib/i386-linux-gnu/libXcomposite.so.1.0.0
007a5000-007b0000 r-xp 00000000 08:06 1450574    /usr/lib/jvm/java-6-openjdk/jre/lib/i386/libverify.so
007b0000-007b1000 ---p 0000b000 08:06 1450574    /usr/lib/jvm/java-6-openjdk/jre/lib/i386/libverify.so
007b1000-007b2000 r--p 0000b000 08:06 1450574    /usr/lib/jvm/java-6-openjdk/jre/lib/i386/libverify.so
007b2000-007b3000 rw-p 0000c000 08:06 1450574    /usr/lib/jvm/java-6-openjdk/jre/lib/i386/libverify.so
007b5000-007bd000 r-xp 00000000 08:06 1314556    /usr/lib/i386-linux-gnu/libXrender.so.1.3.0
007bd000-007be000 r--p 00007000 08:06 1314556    /usr/lib/i386-linux-gnu/libXrender.so.1.3.0
007be000-007bf000 rw-p 00008000 08:06 1314556    /usr/lib/i386-linux-gnu/libXrender.so.1.3.0
007bf000-007d9000 r-xp 00000000 08:06 654942     /lib/i386-linux-gnu/libgcc_s.so.1
007d9000-007da000 r--p 00019000 08:06 654942     /lib/i386-linux-gnu/libgcc_s.so.1
007da000-007db000 rw-p 0001a000 08:06 654942     /lib/i386-linux-gnu/libgcc_s.so.1
007db000-007e1000 r-xp 00000000 08:06 1450575    /usr/lib/jvm/java-6-openjdk/jre/lib/i386/libzip.so
007e1000-007e2000 r--p 00005000 08:06 1450575    /usr/lib/jvm/java-6-openjdk/jre/lib/i386/libzip.so
007e2000-007e3000 rw-p 00006000 08:06 1450575    /usr/lib/jvm/java-6-openjdk/jre/lib/i386/libzip.so
007e4000-007e8000 r-xp 00000000 08:06 1314546    /usr/lib/i386-linux-gnu/libXfixes.so.3.1.0
007e8000-007e9000 r--p 00003000 08:06 1314546    /usr/lib/i386-linux-gnu/libXfixes.so.3.1.0
007e9000-007ea000 rw-p 00004000 08:06 1314546    /usr/lib/i386-linux-gnu/libXfixes.so.3.1.0
007ea000-0086b000 r-xp 00000000 08:06 1315400    /usr/lib/i386-linux-gnu/libfreetype.so.6.6.2
0086b000-0086f000 r--p 00080000 08:06 1315400    /usr/lib/i386-linux-gnu/libfreetype.so.6.6.2
0086f000-00870000 rw-p 00084000 08:06 1315400    /usr/lib/i386-linux-gnu/libfreetype.so.6.6.2
00870000-00877000 r-xp 00000000 08:06 1450569    /usr/lib/jvm/java-6-openjdk/jre/lib/i386/libnio.so
00877000-00878000 r--p 00006000 08:06 1450569    /usr/lib/jvm/java-6-openjdk/jre/lib/i386/libnio.so
00878000-00879000 rw-p 00007000 08:06 1450569    /usr/lib/jvm/java-6-openjdk/jre/lib/i386/libnio.so
0087a000-0087d000 r-xp 00000000 08:06 1314615    /usr/lib/i386-linux-gnu/libgthread-2.0.so.0.2800.6
0087d000-0087e000 r--p 00003000 08:06 1314615    /usr/lib/i386-linux-gnu/libgthread-2.0.so.0.2800.6
0087e000-0087f000 rw-p 00004000 08:06 1314615    /usr/lib/i386-linux-gnu/libgthread-2.0.so.0.2800.6
0087f000-00995000 r-xp 00000000 08:06 1314532    /usr/lib/i386-linux-gnu/libX11.so.6.3.0
00995000-00996000 ---p 00116000 08:06 1314532    /usr/lib/i386-linux-gnu/libX11.so.6.3.0
00996000-00997000 r--p 00116000 08:06 1314532    /usr/lib/i386-linux-gnu/libX11.so.6.3.0
00997000-00999000 rw-p 00117000 08:06 1314532    /usr/lib/i386-linux-gnu/libX11.so.6.3.0
00999000-0099a000 rw-p 00000000 00:00 0 
0099a000-009bf000 r-xp 00000000 08:06 1312270    /usr/lib/libvorbis.so.0.4.5
009bf000-009c0000 r--p 00025000 08:06 1312270    /usr/lib/libvorbis.so.0.4.5
009c0000-009c1000 rw-p 00026000 08:06 1312270    /usr/lib/libvorbis.so.0.4.5
009c1000-009e4000 r-xp 00000000 08:06 1450558    /usr/lib/jvm/java-6-openjdk/jre/lib/i386/libjava.so
009e4000-009e5000 r--p 00022000 08:06 1450558    /usr/lib/jvm/java-6-openjdk/jre/lib/i386/libjava.so
009e5000-009e7000 rw-p 00023000 08:06 1450558    /usr/lib/jvm/java-6-openjdk/jre/lib/i386/libjava.so
009e7000-009e9000 r-xp 00000000 08:06 1315022    /usr/lib/i386-linux-gnu/pango/1.6.0/modules/pango-basic-fc.so
009e9000-009ea000 r--p 00001000 08:06 1315022    /usr/lib/i386-linux-gnu/pango/1.6.0/modules/pango-basic-fc.so
009ea000-009eb000 rw-p 00002000 08:06 1315022    /usr/lib/i386-linux-gnu/pango/1.6.0/modules/pango-basic-fc.so
009eb000-009f2000 r-xp 00000000 08:06 665024     /lib/i386-linux-gnu/librt-2.13.so
009f2000-009f3000 r--p 00006000 08:06 665024     /lib/i386-linux-gnu/librt-2.13.so
009f3000-009f4000 rw-p 00007000 08:06 665024     /lib/i386-linux-gnu/librt-2.13.so
009f4000-00a07000 r-xp 00000000 08:06 1450568    /usr/lib/jvm/java-6-openjdk/jre/lib/i386/libnet.so
00a07000-00a08000 r--p 00013000 08:06 1450568    /usr/lib/jvm/java-6-openjdk/jre/lib/i386/libnet.so
00a08000-00a09000 rw-p 00014000 08:06 1450568    /usr/lib/jvm/java-6-openjdk/jre/lib/i386/libnet.so
00a09000-00a0d000 r-xp 00000000 08:06 1311827    /usr/lib/libXtst.so.6.1.0
00a0d000-00a0e000 r--p 00003000 08:06 1311827    /usr/lib/libXtst.so.6.1.0
00a0e000-00a0f000 rw-p 00004000 08:06 1311827    /usr/lib/libXtst.so.6.1.0
00a0f000-00a13000 r-xp 00000000 08:06 1313850    /usr/lib/gdk-pixbuf-2.0/2.10.0/loaders/libpixbufloader-png.so
00a13000-00a14000 r--p 00003000 08:06 1313850    /usr/lib/gdk-pixbuf-2.0/2.10.0/loaders/libpixbufloader-png.so
00a14000-00a15000 rw-p 00004000 08:06 1313850    /usr/lib/gdk-pixbuf-2.0/2.10.0/loaders/libpixbufloader-png.so
00a15000-00a19000 r-xp 00000000 08:06 1314444    /usr/lib/gtk-2.0/2.10.0/immodules/im-ibus.so
00a19000-00a1a000 r--p 00003000 08:06 1314444    /usr/lib/gtk-2.0/2.10.0/immodules/im-ibus.so
00a1a000-00a1b000 rw-p 00004000 08:06 1314444    /usr/lib/gtk-2.0/2.10.0/immodules/im-ibus.so
00a1b000-00a2e000 r-xp 00000000 08:06 1308692    /usr/lib/libgvfscommon.so.0.0.0
00a2e000-00a2f000 r--p 00012000 08:06 1308692    /usr/lib/libgvfscommon.so.0.0.0
00a2f000-00a30000 rw-p 00013000 08:06 1308692    /usr/lib/libgvfscommon.so.0.0.0
00a30000-00a32000 r-xp 00000000 08:06 665029     /lib/i386-linux-gnu/libutil-2.13.so
00a32000-00a33000 r--p 00001000 08:06 665029     /lib/i386-linux-gnu/libutil-2.13.so
00a33000-00a34000 rw-p 00002000 08:06 665029     /lib/i386-linux-gnu/libutil-2.13.so
00a34000-00a35000 r-xp 00000000 08:06 1311966    /usr/lib/gdk-pixbuf-2.0/2.10.0/loaders/libpixbufloader-svg.so
00a35000-00a36000 r--p 00000000 08:06 1311966    /usr/lib/gdk-pixbuf-2.0/2.10.0/loaders/libpixbufloader-svg.so
00a36000-00a37000 rw-p 00001000 08:06 1311966    /usr/lib/gdk-pixbuf-2.0/2.10.0/loaders/libpixbufloader-svg.so
00a37000-00a38000 r-xp 00000000 00:00 0          [vdso]
00a3a000-00a63000 r-xp 00000000 08:06 1314429    /usr/lib/gtk-2.0/2.10.0/engines/libclearlooks.so
00a63000-00a64000 r--p 00028000 08:06 1314429    /usr/lib/gtk-2.0/2.10.0/engines/libclearlooks.so
00a64000-00a65000 rw-p 00029000 08:06 1314429    /usr/lib/gtk-2.0/2.10.0/engines/libclearlooks.so
00a65000-00a70000 r-xp 00000000 08:06 654991     /lib/i386-linux-gnu/libudev.so.0.11.1
00a70000-00a71000 r--p 0000a000 08:06 654991     /lib/i386-linux-gnu/libudev.so.0.11.1
00a71000-00a72000 rw-p 0000b000 08:06 654991     /lib/i386-linux-gnu/libudev.so.0.11.1
00a73000-00a8e000 r-xp 00000000 08:06 1312056    /usr/lib/libgdk_pixbuf-2.0.so.0.2300.3
00a8e000-00a8f000 r--p 0001a000 08:06 1312056    /usr/lib/libgdk_pixbuf-2.0.so.0.2300.3
00a8f000-00a90000 rw-p 0001b000 08:06 1312056    /usr/lib/libgdk_pixbuf-2.0.so.0.2300.3
00a90000-00af7000 r-xp 00000000 08:06 1312443    /usr/lib/libpixman-1.so.0.20.2
00af7000-00af8000 ---p 00067000 08:06 1312443    /usr/lib/libpixman-1.so.0.20.2
00af8000-00afb000 r--p 00067000 08:06 1312443    /usr/lib/libpixman-1.so.0.20.2
00afb000-00afc000 rw-p 0006a000 08:06 1312443    /usr/lib/libpixman-1.so.0.20.2
00afc000-00b55000 r-xp 00000000 08:06 1263027    /tools/springsource/eclipse/configuration/org.eclipse.osgi/bundles/556/1/.cp/libswt-pi-gtk-3659.so
00b55000-00b57000 rw-p 00058000 08:06 1263027    /tools/springsource/eclipse/configuration/org.eclipse.osgi/bundles/556/1/.cp/libswt-pi-gtk-3659.so
00b57000-00b58000 rw-p 00000000 00:00 0 
00b58000-00b61000 r-xp 00000000 08:06 1263028    /tools/springsource/eclipse/configuration/org.eclipse.osgi/bundles/556/1/.cp/libswt-atk-gtk-3659.so
00b61000-00b62000 rw-p 00008000 08:06 1263028    /tools/springsource/eclipse/configuration/org.eclipse.osgi/bundles/556/1/.cp/libswt-atk-gtk-3659.so
00b62000-00b6c000 r-xp 00000000 08:06 1263029    /tools/springsource/eclipse/configuration/org.eclipse.osgi/bundles/556/1/.cp/libswt-cairo-gtk-3659.so
00b6c000-00b6d000 rw-p 00009000 08:06 1263029    /tools/springsource/eclipse/configuration/org.eclipse.osgi/bundles/556/1/.cp/libswt-cairo-gtk-3659.so
00b6e000-00b70000 r-xp 00000000 08:06 1314601    /usr/lib/i386-linux-gnu/libgmodule-2.0.so.0.2800.6
00b70000-00b71000 r--p 00002000 08:06 1314601    /usr/lib/i386-linux-gnu/libgmodule-2.0.so.0.2800.6
00b71000-00b72000 rw-p 00003000 08:06 1314601    /usr/lib/i386-linux-gnu/libgmodule-2.0.so.0.2800.6
00b72000-00b95000 r-xp 00000000 08:06 1313990    /usr/lib/gio/modules/libgvfsdbus.so
00b95000-00b96000 r--p 00023000 08:06 1313990    /usr/lib/gio/modules/libgvfsdbus.so
00b96000-00b97000 rw-p 00024000 08:06 1313990    /usr/lib/gio/modules/libgvfsdbus.so
00b97000-00b9a000 r-xp 00000000 08:06 1263059    /tools/springsource/eclipse/configuration/org.eclipse.osgi/bundles/556/1/.cp/libswt-gnome-gtk-3659.so
00b9a000-00b9b000 rw-p 00002000 08:06 1263059    /tools/springsource/eclipse/configuration/org.eclipse.osgi/bundles/556/1/.cp/libswt-gnome-gtk-3659.so
00b9b000-00b9d000 r-xp 00000000 08:06 1314572    /usr/lib/i386-linux-gnu/libavahi-glib.so.1.0.2
00b9d000-00b9e000 r--p 00001000 08:06 1314572    /usr/lib/i386-linux-gnu/libavahi-glib.so.1.0.2
00b9e000-00b9f000 rw-p 00002000 08:06 1314572    /usr/lib/i386-linux-gnu/libavahi-glib.so.1.0.2
00b9f000-00ba2000 r-xp 00000000 08:06 654948     /lib/i386-linux-gnu/libgpg-error.so.0.8.0
00ba2000-00ba3000 r--p 00002000 08:06 654948     /lib/i386-linux-gnu/libgpg-error.so.0.8.0
00ba3000-00ba4000 rw-p 00003000 08:06 654948     /lib/i386-linux-gnu/libgpg-error.so.0.8.0
00ba4000-00ba6000 r-xp 00000000 08:06 1314680    /usr/lib/i386-linux-gnu/libxcb-shm.so.0.0.0
00ba6000-00ba7000 r--p 00001000 08:06 1314680    /usr/lib/i386-linux-gnu/libxcb-shm.so.0.0.0
00ba7000-00ba8000 rw-p 00002000 08:06 1314680    /usr/lib/i386-linux-gnu/libxcb-shm.so.0.0.0
00ba8000-00be2000 r-xp 00000000 08:06 1312253    /usr/lib/libibus.so.2.0.0
00be2000-00be3000 r--p 00039000 08:06 1312253    /usr/lib/libibus.so.2.0.0
00be3000-00be4000 rw-p 0003a000 08:06 1312253    /usr/lib/libibus.so.2.0.0
00be4000-00bf6000 r-xp 00000000 08:06 1312100    /usr/lib/libgnome-2.so.0.3200.1
00bf6000-00bf7000 r--p 00011000 08:06 1312100    /usr/lib/libgnome-2.so.0.3200.1
00bf7000-00bf8000 rw-p 00012000 08:06 1312100    /usr/lib/libgnome-2.so.0.3200.1
00bf8000-00c26000 r-xp 00000000 08:06 1312046    /usr/lib/libgconf-2.so.4.1.5
00c26000-00c27000 ---p 0002e000 08:06 1312046    /usr/lib/libgconf-2.so.4.1.5
00c27000-00c28000 r--p 0002e000 08:06 1312046    /usr/lib/libgconf-2.so.4.1.5
00c28000-00c2a000 rw-p 0002f000 08:06 1312046    /usr/lib/libgconf-2.so.4.1.5
00c2a000-00c34000 r-xp 00000000 08:06 1314568    /usr/lib/i386-linux-gnu/libavahi-common.so.3.5.3
00c34000-00c35000 r--p 00009000 08:06 1314568    /usr/lib/i386-linux-gnu/libavahi-common.so.3.5.3
00c35000-00c36000 rw-p 0000a000 08:06 1314568    /usr/lib/i386-linux-gnu/libavahi-common.so.3.5.3
00c36000-00c38000 r-xp 00000000 08:06 654149     /lib/libnss_mdns4_minimal.so.2
00c38000-00c39000 r--p 00001000 08:06 654149     /lib/libnss_mdns4_minimal.so.2
00c39000-00c3a000 rw-p 00002000 08:06 654149     /lib/libnss_mdns4_minimal.so.2
00c3a000-00c3c000 r-xp 00000000 08:06 663209     /lib/i386-linux-gnu/libdl-2.13.so
00c3c000-00c3d000 r--p 00001000 08:06 663209     /lib/i386-linux-gnu/libdl-2.13.so
00c3d000-00c3e000 rw-p 00002000 08:06 663209     /lib/i386-linux-gnu/libdl-2.13.so
00c3e000-00c5d000 r-xp 00000000 08:06 1311955    /usr/lib/libdbus-glib-1.so.2.1.0
00c5d000-00c5e000 r--p 0001e000 08:06 1311955    /usr/lib/libdbus-glib-1.so.2.1.0
00c5e000-00c5f000 rw-p 0001f000 08:06 1311955    /usr/lib/libdbus-glib-1.so.2.1.0
00c5f000-00c61000 r-xp 00000000 08:06 654148     /lib/libnss_mdns4.so.2
00c61000-00c62000 r--p 00001000 08:06 654148     /lib/libnss_mdns4.so.2
00c62000-00c63000 rw-p 00002000 08:06 654148     /lib/libnss_mdns4.so.2
00c63000-00c66000 r-xp 00000000 08:06 1263026    /tools/springsource/eclipse/configuration/org.eclipse.osgi/bundles/556/1/.cp/libswt-gtk-3659.so
00c66000-00c67000 rw-p 00002000 08:06 1263026    /tools/springsource/eclipse/configuration/org.eclipse.osgi/bundles/556/1/.cp/libswt-gtk-3659.so
00c67000-00c68000 rw-p 00000000 00:00 0 
00c68000-00c76000 r-xp 00000000 08:06 1314566    /usr/lib/i386-linux-gnu/libavahi-client.so.3.2.9
00c76000-00c77000 r--p 0000d000 08:06 1314566    /usr/lib/i386-linux-gnu/libavahi-client.so.3.2.9
00c77000-00c78000 rw-p 0000e000 08:06 1314566    /usr/lib/i386-linux-gnu/libavahi-client.so.3.2.9
00c78000-00c8a000 r-xp 00000000 08:06 1311871    /usr/lib/libbonobo-activation.so.4.0.0
00c8a000-00c8b000 r--p 00012000 08:06 1311871    /usr/lib/libbonobo-activation.so.4.0.0
00c8b000-00c8c000 rw-p 00013000 08:06 1311871    /usr/lib/libbonobo-activation.so.4.0.0
00c8c000-00c8d000 rw-p 00000000 00:00 0 
00c8d000-00c97000 r-xp 00000000 08:06 654168     /lib/libpopt.so.0.0.0
00c97000-00c98000 r--p 00009000 08:06 654168     /lib/libpopt.so.0.0.0
00c98000-00c99000 rw-p 0000a000 08:06 654168     /lib/libpopt.so.0.0.0
00c99000-00c9f000 r-xp 00000000 08:06 1314528    /usr/lib/i386-linux-gnu/libSM.so.6.0.1
00c9f000-00ca0000 r--p 00005000 08:06 1314528    /usr/lib/i386-linux-gnu/libSM.so.6.0.1
00ca0000-00ca1000 rw-p 00006000 08:06 1314528    /usr/lib/i386-linux-gnu/libSM.so.6.0.1
00ca5000-00ce3000 r-xp 00000000 08:06 1314643    /usr/lib/i386-linux-gnu/libpango-1.0.so.0.2800.4
00ce3000-00ce4000 r--p 0003e000 08:06 1314643    /usr/lib/i386-linux-gnu/libpango-1.0.so.0.2800.4
00ce4000-00ce5000 rw-p 0003f000 08:06 1314643    /usr/lib/i386-linux-gnu/libpango-1.0.so.0.2800.4
00ce5000-00cf4000 r-xp 00000000 08:06 1314667    /usr/lib/i386-linux-gnu/libtasn1.so.3.1.9
00cf4000-00cf5000 r--p 0000e000 08:06 1314667    /usr/lib/i386-linux-gnu/libtasn1.so.3.1.9
00cf5000-00cf6000 rw-p 0000f000 08:06 1314667    /usr/lib/i386-linux-gnu/libtasn1.so.3.1.9
00cf8000-00d1b000 r-xp 00000000 08:06 654105     /lib/i386-linux-gnu/libpng12.so.0.44.0
00d1b000-00d1c000 r--p 00022000 08:06 654105     /lib/i386-linux-gnu/libpng12.so.0.44.0
00d1c000-00d1d000 rw-p 00023000 08:06 654105     /lib/i386-linux-gnu/libpng12.so.0.44.0
00d21000-00d2e000 r-xp 00000000 08:06 1314544    /usr/lib/i386-linux-gnu/libXext.so.6.4.0
00d2e000-00d2f000 r--p 0000c000 08:06 1314544    /usr/lib/i386-linux-gnu/libXext.so.6.4.0
00d2f000-00d30000 rw-p 0000d000 08:06 1314544    /usr/lib/i386-linux-gnu/libXext.so.6.4.0
00d30000-00d33000 r-xp 00000000 08:06 1311806    /usr/lib/libORBitCosNaming-2.so.0.1.0
00d33000-00d34000 r--p 00003000 08:06 1311806    /usr/lib/libORBitCosNaming-2.so.0.1.0
00d34000-00d35000 rw-p 00004000 08:06 1311806    /usr/lib/libORBitCosNaming-2.so.0.1.0
00d38000-00d3e000 r-xp 00000000 08:06 663221     /lib/i386-linux-gnu/libnss_compat-2.13.so
00d3e000-00d3f000 r--p 00005000 08:06 663221     /lib/i386-linux-gnu/libnss_compat-2.13.so
00d3f000-00d40000 rw-p 00006000 08:06 663221     /lib/i386-linux-gnu/libnss_compat-2.13.so
00d40000-00d55000 r-xp 00000000 08:06 1311850    /usr/lib/libart_lgpl_2.so.2.3.21
00d55000-00d56000 r--p 00014000 08:06 1311850    /usr/lib/libart_lgpl_2.so.2.3.21
00d56000-00d57000 rw-p 00015000 08:06 1311850    /usr/lib/libart_lgpl_2.so.2.3.21
00d57000-00d5d000 r-xp 00000000 08:06 1312042    /usr/lib/libgailutil.so.18.0.1
00d5d000-00d5e000 r--p 00005000 08:06 1312042    /usr/lib/libgailutil.so.18.0.1
00d5e000-00d5f000 rw-p 00006000 08:06 1312042    /usr/lib/libgailutil.so.18.0.1
00d61000-00d7d000 r-xp 00000000 08:06 663203     /lib/i386-linux-gnu/ld-2.13.so
00d7d000-00d7e000 r--p 0001b000 08:06 663203     /lib/i386-linux-gnu/ld-2.13.so
00d7e000-00d7f000 rw-p 0001c000 08:06 663203     /lib/i386-linux-gnu/ld-2.13.so
00d7f000-00d82000 r-xp 00000000 08:06 654995     /lib/i386-linux-gnu/libuuid.so.1.3.0
00d82000-00d83000 r--p 00002000 08:06 654995     /lib/i386-linux-gnu/libuuid.so.1.3.0
00d83000-00d84000 rw-p 00003000 08:06 654995     /lib/i386-linux-gnu/libuuid.so.1.3.0
00d84000-00d86000 r-xp 00000000 08:06 1314534    /usr/lib/i386-linux-gnu/libXau.so.6.0.0
00d86000-00d87000 r--p 00001000 08:06 1314534    /usr/lib/i386-linux-gnu/libXau.so.6.0.0
00d87000-00d88000 rw-p 00002000 08:06 1314534    /usr/lib/i386-linux-gnu/libXau.so.6.0.0
00d88000-00da2000 r-xp 00000000 08:06 1312106    /usr/lib/libgnome-keyring.so.0.1.1
00da2000-00da3000 r--p 0001a000 08:06 1312106    /usr/lib/libgnome-keyring.so.0.1.1
00da3000-00da4000 rw-p 0001b000 08:06 1312106    /usr/lib/libgnome-keyring.so.0.1.1
00da4000-00da8000 r-xp 00000000 08:06 665012     /lib/i386-linux-gnu/libnss_dns-2.13.so
00da8000-00da9000 r--p 00004000 08:06 665012     /lib/i386-linux-gnu/libnss_dns-2.13.so
00da9000-00daa000 rw-p 00005000 08:06 665012     /lib/i386-linux-gnu/libnss_dns-2.13.so
00daf000-00db4000 r-xp 00000000 08:06 1312406    /usr/lib/libogg.so.0.7.0
00db4000-00db5000 r--p 00004000 08:06 1312406    /usr/lib/libogg.so.0.7.0
00db5000-00db6000 rw-p 00005000 08:06 1312406    /usr/lib/libogg.so.0.7.0
00db6000-00e0e000 r-xp 00000000 08:06 1312124    /usr/lib/libgnomevfs-2.so.0.2400.4
00e0e000-00e10000 r--p 00057000 08:06 1312124    /usr/lib/libgnomevfs-2.so.0.2400.4
00e10000-00e12000 rw-p 00059000 08:06 1312124    /usr/lib/libgnomevfs-2.so.0.2400.4
00e1d000-00e58000 r-xp 00000000 08:06 654998     /lib/i386-linux-gnu/libdbus-1.so.3.5.4
00e58000-00e59000 r--p 0003a000 08:06 654998     /lib/i386-linux-gnu/libdbus-1.so.3.5.4
00e59000-00e5a000 rw-p 0003b000 08:06 654998     /lib/i386-linux-gnu/libdbus-1.so.3.5.4
00e5a000-00e87000 r-xp 00000000 08:06 1312116    /usr/lib/libgnomecanvas-2.so.0.3000.3
00e87000-00e88000 ---p 0002d000 08:06 1312116    /usr/lib/libgnomecanvas-2.so.0.3000.3
00e88000-00e89000 r--p 0002d000 08:06 1312116    /usr/lib/libgnomecanvas-2.so.0.3000.3
00e89000-00e8a000 rw-p 0002e000 08:06 1312116    /usr/lib/libgnomecanvas-2.so.0.3000.3
00e9f000-00edc000 r-xp 00000000 08:06 654976     /lib/i386-linux-gnu/libpcre.so.3.12.1
00edc000-00edd000 r--p 0003c000 08:06 654976     /lib/i386-linux-gnu/libpcre.so.3.12.1
00edd000-00ede000 rw-p 0003d000 08:06 654976     /lib/i386-linux-gnu/libpcre.so.3.12.1
00ede000-00ef2000 r-xp 00000000 08:06 1314526    /usr/lib/i386-linux-gnu/libICE.so.6.3.0
00ef2000-00ef3000 r--p 00013000 08:06 1314526    /usr/lib/i386-linux-gnu/libICE.so.6.3.0
00ef3000-00ef4000 rw-p 00014000 08:06 1314526    /usr/lib/i386-linux-gnu/libICE.so.6.3.0
00ef4000-00ef6000 rw-p 00000000 00:00 0 
00f05000-00f0a000 r-xp 00000000 08:06 1313844    /usr/lib/gdk-pixbuf-2.0/2.10.0/loaders/libpixbufloader-gif.so
00f0a000-00f0b000 r--p 00004000 08:06 1313844    /usr/lib/gdk-pixbuf-2.0/2.10.0/loaders/libpixbufloader-gif.so
00f0b000-00f0c000 rw-p 00005000 08:06 1313844    /usr/lib/gdk-pixbuf-2.0/2.10.0/loaders/libpixbufloader-gif.so
00f0c000-00f3b000 r-xp 00000000 08:06 1313312    /usr/lib/librsvg-2.so.2.32.1
00f3b000-00f3c000 r--p 0002e000 08:06 1313312    /usr/lib/librsvg-2.so.2.32.1
00f3c000-00f3d000 rw-p 0002f000 08:06 1313312    /usr/lib/librsvg-2.so.2.32.1
00f46000-00f59000 r-xp 00000000 08:06 654997     /lib/i386-linux-gnu/libz.so.1.2.3.4
00f59000-00f5a000 r--p 00012000 08:06 654997     /lib/i386-linux-gnu/libz.so.1.2.3.4
00f5a000-00f5b000 rw-p 00013000 08:06 654997     /lib/i386-linux-gnu/libz.so.1.2.3.4
00f5c000-00f75000 r-xp 00000000 08:06 654985     /lib/i386-linux-gnu/libselinux.so.1
00f75000-00f76000 r--p 00018000 08:06 654985     /lib/i386-linux-gnu/libselinux.so.1
00f76000-00f77000 rw-p 00019000 08:06 654985     /lib/i386-linux-gnu/libselinux.so.1
00f9d000-00fb0000 r-xp 00000000 08:06 663219     /lib/i386-linux-gnu/libnsl-2.13.so
00fb0000-00fb1000 r--p 00012000 08:06 663219     /lib/i386-linux-gnu/libnsl-2.13.so
00fb1000-00fb2000 rw-p 00013000 08:06 663219     /lib/i386-linux-gnu/libnsl-2.13.so
00fb2000-00fb4000 rw-p 00000000 00:00 0 
00fb4000-00fe5000 r-xp 00000000 08:06 1311931    /usr/lib/libcroco-0.6.so.3.0.1
00fe5000-00fe6000 r--p 00030000 08:06 1311931    /usr/lib/libcroco-0.6.so.3.0.1
00fe6000-00fe8000 rw-p 00031000 08:06 1311931    /usr/lib/libcroco-0.6.so.3.0.1
00fe9000-00ff5000 r-xp 00000000 08:06 1539823    /tools/springsource/eclipse/plugins/org.eclipse.equinox.launcher.gtk.linux.x86_1.1.2.R36x_v20101019_1345/eclipse_1310.so
00ff5000-00ff6000 rw-p 0000c000 08:06 1539823    /tools/springsource/eclipse/plugins/org.eclipse.equinox.launcher.gtk.linux.x86_1.1.2.R36x_v20101019_1345/eclipse_1310.so
00ff6000-013c7000 r-xp 00000000 08:06 1312196    /usr/lib/libgtk-x11-2.0.so.0.2400.4
013c7000-013cb000 r--p 003d0000 08:06 1312196    /usr/lib/libgtk-x11-2.0.so.0.2400.4
013cb000-013cd000 rw-p 003d4000 08:06 1312196    /usr/lib/libgtk-x11-2.0.so.0.2400.4
013cd000-013cf000 rw-p 00000000 00:00 0 
013cf000-0141f000 r-xp 00000000 08:06 1311869    /usr/lib/libbonobo-2.so.0.0.0
0141f000-01420000 ---p 00050000 08:06 1311869    /usr/lib/libbonobo-2.so.0.0.0
01420000-01423000 r--p 00050000 08:06 1311869    /usr/lib/libbonobo-2.so.0.0.0
01423000-0142a000 rw-p 00053000 08:06 1311869    /usr/lib/libbonobo-2.so.0.0.0
0142a000-01471000 r-xp 00000000 08:06 1311802    /usr/lib/libORBit-2.so.0.1.0
01471000-01479000 r--p 00047000 08:06 1311802    /usr/lib/libORBit-2.so.0.1.0
01479000-0147b000 rw-p 0004f000 08:06 1311802    /usr/lib/libORBit-2.so.0.1.0
02ac7000-02f02000 r-xp 00000000 08:06 1450545    /usr/lib/jvm/java-6-openjdk/jre/lib/i386/client/libjvm.so
02f02000-02f19000 r--p 0043a000 08:06 1450545    /usr/lib/jvm/java-6-openjdk/jre/lib/i386/client/libjvm.so
02f19000-02f26000 rw-p 00451000 08:06 1450545    /usr/lib/jvm/java-6-openjdk/jre/lib/i386/client/libjvm.so
02f26000-0333e000 rw-p 00000000 00:00 0 
0441f000-044fe000 r-xp 00000000 08:06 1314665    /usr/lib/i386-linux-gnu/libstdc++.so.6.0.14
044fe000-04502000 r--p 000de000 08:06 1314665    /usr/lib/i386-linux-gnu/libstdc++.so.6.0.14
04502000-04503000 rw-p 000e2000 08:06 1314665    /usr/lib/i386-linux-gnu/libstdc++.so.6.0.14
04503000-0450a000 rw-p 00000000 00:00 0 
055d8000-0565c000 r-xp 00000000 08:06 1312122    /usr/lib/libgnomeui-2.so.0.2400.5
0565c000-0565e000 r--p 00083000 08:06 1312122    /usr/lib/libgnomeui-2.so.0.2400.5
0565e000-05660000 rw-p 00085000 08:06 1312122    /usr/lib/libgnomeui-2.so.0.2400.5
06328000-06399000 r-xp 00000000 08:06 654944     /lib/i386-linux-gnu/libgcrypt.so.11.6.0
06399000-0639a000 r--p 00070000 08:06 654944     /lib/i386-linux-gnu/libgcrypt.so.11.6.0
0639a000-0639c000 rw-p 00071000 08:06 654944     /lib/i386-linux-gnu/libgcrypt.so.11.6.0
066ee000-06811000 r-xp 00000000 08:06 1312312    /usr/lib/libxml2.so.2.7.8
06811000-06815000 r--p 00123000 08:06 1312312    /usr/lib/libxml2.so.2.7.8
06815000-06816000 rw-p 00127000 08:06 1312312    /usr/lib/libxml2.so.2.7.8
06816000-06817000 rw-p 00000000 00:00 0 
07d94000-07dec000 r-xp 00000000 08:06 1311873    /usr/lib/libbonoboui-2.so.0.0.0
07dec000-07ded000 r--p 00057000 08:06 1311873    /usr/lib/libbonoboui-2.so.0.0.0
07ded000-07def000 rw-p 00058000 08:06 1311873    /usr/lib/libbonoboui-2.so.0.0.0
08048000-0804c000 r-xp 00000000 08:06 1261787    /tools/springsource/eclipse/eclipse
0804c000-0804d000 rw-p 00003000 08:06 1261787    /tools/springsource/eclipse/eclipse
0874c000-087dd000 r-xp 00000000 08:06 1314607    /usr/lib/i386-linux-gnu/libgnutls.so.26.14.12
087dd000-087e1000 r--p 00090000 08:06 1314607    /usr/lib/i386-linux-gnu/libgnutls.so.26.14.12
087e1000-087e2000 rw-p 00094000 08:06 1314607    /usr/lib/i386-linux-gnu/libgnutls.so.26.14.12
08ebc000-09c86000 rw-p 00000000 00:00 0          [heap]
639c0000-69d80000 rw-p 00000000 00:00 0 
69d80000-6e460000 rw-p 00000000 00:00 0 
6e460000-7abb9000 rw-p 00000000 00:00 0 
7abb9000-839c0000 rw-p 00000000 00:00 0 
839c0000-89480000 rw-p 00000000 00:00 0 
89480000-939c0000 rw-p 00000000 00:00 0 
939c0000-94121000 r--s 00001000 08:06 1450512    /usr/lib/jvm/java-6-openjdk/jre/lib/i386/client/classes.jsa
94121000-943c0000 rw-p 00000000 00:00 0 
943c0000-94b0a000 rw-p 00762000 08:06 1450512    /usr/lib/jvm/java-6-openjdk/jre/lib/i386/client/classes.jsa
94b0a000-94fc0000 rw-p 00000000 00:00 0 
94fc0000-950bc000 rw-p 00eac000 08:06 1450512    /usr/lib/jvm/java-6-openjdk/jre/lib/i386/client/classes.jsa
950bc000-953c0000 rw-p 00000000 00:00 0 
953c0000-953c8000 r-xs 00fa8000 08:06 1450512    /usr/lib/jvm/java-6-openjdk/jre/lib/i386/client/classes.jsa
953c8000-957c0000 rw-p 00000000 00:00 0 
af700000-af796000 rw-p 00000000 00:00 0 
af796000-af800000 ---p 00000000 00:00 0 
af80d000-af810000 ---p 00000000 00:00 0 
af810000-af85e000 rw-p 00000000 00:00 0 
af85e000-af861000 ---p 00000000 00:00 0 
af861000-af8af000 rw-p 00000000 00:00 0 
af8af000-af8b2000 ---p 00000000 00:00 0 
af8b2000-af900000 rw-p 00000000 00:00 0 
af900000-afa00000 rw-p 00000000 00:00 0 
afa3b000-afa3e000 ---p 00000000 00:00 0 
afa3e000-afa8c000 rw-p 00000000 00:00 0 
afc00000-afd00000 rw-p 00000000 00:00 0 
afd2c000-afd39000 r--s 000be000 08:06 1539717    /tools/springsource/eclipse/plugins/org.eclipse.jdt.debug_3.6.1.v20100715_r361/jdimodel.jar
afd39000-afd53000 r--s 0012c000 08:06 1539392    /tools/springsource/eclipse/plugins/org.eclipse.jdt.debug.ui_3.5.2.v20100928a_r362.jar
afd53000-afd6f000 r--s 00141000 08:06 1539703    /tools/springsource/eclipse/plugins/org.eclipse.team.ui_3.5.102.R36x_v20110203-1036.jar
afd6f000-afd8c000 r--s 0017a000 08:06 1539669    /tools/springsource/eclipse/plugins/org.eclipse.team.cvs.ui_3.3.302.R36x_v20110203-1036.jar
afe5e000-afe61000 ---p 00000000 00:00 0 
afe61000-afeaf000 rw-p 00000000 00:00 0 
afeaf000-afeb2000 ---p 00000000 00:00 0 
afeb2000-aff00000 rw-p 00000000 00:00 0 
aff00000-afffd000 rw-p 00000000 00:00 0 
afffd000-b0000000 ---p 00000000 00:00 0 
b0000000-b00fa000 rw-p 00000000 00:00 0 
b00fa000-b0100000 ---p 00000000 00:00 0 
b0100000-b01d9000 rw-p 00000000 00:00 0 
b01d9000-b0200000 ---p 00000000 00:00 0 
b0208000-b021a000 r--s 000bc000 08:06 1548807    /tools/springsource/eclipse/plugins/org.eclipse.wst.server.ui_1.1.209.v20111005_1716.jar
b025e000-b0261000 ---p 00000000 00:00 0 
b0261000-b02af000 rw-p 00000000 00:00 0 
b02af000-b02b2000 ---p 00000000 00:00 0 
b02b2000-b0300000 rw-p 00000000 00:00 0 
b0300000-b04ac000 rw-p 00000000 00:00 0 
b04ac000-b0500000 ---p 00000000 00:00 0 
b0500000-b05f9000 rw-p 00000000 00:00 0 
b05f9000-b0600000 ---p 00000000 00:00 0 
b0602000-b0633000 r--s 00240000 08:06 1539679    /tools/springsource/eclipse/plugins/org.eclipse.debug.ui_3.6.3.v20101201_r362.jar
b0633000-b065e000 r--s 00265000 08:06 1548763    /tools/springsource/eclipse/plugins/org.eclipse.jst.j2ee.core_1.2.7.v201110060300.jar
b065e000-b0661000 ---p 00000000 00:00 0 
b0661000-b06af000 rw-p 00000000 00:00 0 
b06af000-b06b2000 ---p 00000000 00:00 0 
b06b2000-b0700000 rw-p 00000000 00:00 0 
b0700000-b0800000 rw-p 00000000 00:00 0 
b0808000-b081d000 r--s 000f1000 08:06 1539675    /tools/springsource/eclipse/plugins/org.eclipse.jface_3.6.2.M20110210-1200.jar
b081d000-b08af000 r--s 008f6000 08:06 1535745    /tools/springsource/eclipse/plugins/org.eclipse.jdt.ui_3.6.2.r362_v20110203.jar
b08af000-b08b2000 ---p 00000000 00:00 0 
b08b2000-b0900000 rw-p 00000000 00:00 0 
b0900000-b09ff000 rw-p 00000000 00:00 0 
b09ff000-b0a00000 ---p 00000000 00:00 0 
b0a03000-b0a11000 r--s 000a6000 08:06 1539420    /tools/springsource/eclipse/plugins/org.eclipse.compare_3.5.101.R36x_v20100929-0800.jar
b0a11000-b0a38000 r--s 0032a000 08:06 1548792    /tools/springsource/eclipse/plugins/org.eclipse.wst.jsdt.core_1.1.8.v201109150205.jar
b0a38000-b0a4f000 r--s 00127000 08:06 1536401    /tools/springsource/eclipse/plugins/org.apache.xerces_2.9.0.v201005080400.jar
b0a4f000-b0b35000 r--s 00b59000 08:06 1249023    /home/adorsys/Desktop/spring/GWTPack/gwt-2.4.0/gwt-user.jar
b0b35000-b0beb000 r--s 0097b000 08:06 266937     /home/adorsys/.m2/repository/com/google/gwt/gwt-user/2.2.0/gwt-user-2.2.0.jar
b0beb000-b0c3b000 r--s 003de000 08:06 282470     /home/adorsys/.m2/repository/com/google/gwt/gwt-servlet/2.2.0/gwt-servlet-2.2.0.jar
b0c3b000-b0c3e000 ---p 00000000 00:00 0 
b0c3e000-b0c8c000 rw-p 00000000 00:00 0 
b0c8c000-b0e00000 r--s 0198d000 08:06 1249022    /home/adorsys/Desktop/spring/GWTPack/gwt-2.4.0/gwt-dev.jar
b0e00000-b0ee2000 rw-p 00000000 00:00 0 
b0ee2000-b0f00000 ---p 00000000 00:00 0 
b0f09000-b0f13000 r--s 00084000 08:06 1536408    /tools/springsource/eclipse/plugins/org.eclipse.team.cvs.core_3.3.301.R36x_v20110119-0815.jar
b0f13000-b0f16000 ---p 00000000 00:00 0 
b0f16000-b0f64000 rw-p 00000000 00:00 0 
b0f64000-b0f67000 ---p 00000000 00:00 0 
b0f67000-b0fb5000 rw-p 00000000 00:00 0 
b0fb5000-b0fb8000 ---p 00000000 00:00 0 
b0fb8000-b1006000 rw-p 00000000 00:00 0 
b1006000-b1009000 ---p 00000000 00:00 0 
b1009000-b1057000 rw-p 00000000 00:00 0 
b1057000-b10b7000 rw-s 00000000 00:04 22249495   /SYSV00000000 (deleted)
b10b9000-b1100000 r--s 003ab000 08:06 1535783    /tools/springsource/eclipse/plugins/org.eclipse.ui.workbench_3.6.2.M20110210-1200.jar
b1100000-b1200000 rw-p 00000000 00:00 0 
b1214000-b1217000 ---p 00000000 00:00 0 
b1217000-b1265000 rw-p 00000000 00:00 0 
b1267000-b1943000 r--p 00000000 08:06 31436      /usr/share/icons/hicolor/icon-theme.cache
b1943000-b3bed000 r--p 00000000 08:06 19319      /usr/share/icons/gnome/icon-theme.cache
b3bed000-b3cd7000 r--p 00000000 08:06 11707      /usr/share/icons/Humanity/icon-theme.cache
b3cdc000-b3ce4000 r--s 00000000 08:06 1454863    /home/adorsys/.local/share/gvfs-metadata/root-621ac1b7.log
b3ce4000-b3cf6000 r--s 00000000 08:06 1454471    /home/adorsys/.local/share/gvfs-metadata/root
b3cf6000-b3d10000 r--s 00000000 08:06 19050      /usr/share/mime/mime.cache
b3d10000-b3d22000 r--s 000d9000 08:06 1548809    /tools/springsource/eclipse/plugins/org.eclipse.wst.sse.ui_1.2.5.v201108191505.jar
b3d22000-b3d35000 r--s 000dc000 08:06 1535720    /tools/springsource/eclipse/plugins/org.eclipse.jface.text_3.6.1.r361_v20100825-0800.jar
b3d35000-b3d6c000 r--p 00000000 08:06 269779     /usr/share/fonts/truetype/ttf-dejavu/DejaVuSansMono-BoldOblique.ttf
b3d6c000-b3db6000 r--p 00000000 08:06 267547     /usr/share/fonts/truetype/ttf-dejavu/DejaVuSansMono-Bold.ttf
b3db7000-b3dc0000 r--s 0005a000 08:06 1539727    /tools/springsource/eclipse/plugins/org.eclipse.pde.api.tools.ui_1.0.201.v20100820_r361.jar
b3dc0000-b3dc3000 ---p 00000000 00:00 0 
b3dc3000-b3e11000 rw-p 00000000 00:00 0 
b3e11000-b3e6a000 r--p 00000000 08:06 394909     /usr/share/fonts/truetype/ubuntu-font-family/Ubuntu-BI.ttf
b3e6a000-b3eca000 r--p 00000000 08:06 394913     /usr/share/fonts/truetype/ubuntu-font-family/Ubuntu-RI.ttf
b3eca000-b3f1d000 r--p 00000000 08:06 394908     /usr/share/fonts/truetype/ubuntu-font-family/Ubuntu-B.ttf
b3f1e000-b3f2a000 r--s 000b2000 08:06 1539413    /tools/springsource/eclipse/plugins/org.eclipse.core.resources_3.6.1.R36x_v20110131-1630.jar
b3fa9000-b3fac000 ---p 00000000 00:00 0 
b3fac000-b3ffa000 rw-p 00000000 00:00 0 
b3fff000-b4002000 ---p 00000000 00:00 0 
b4002000-b4050000 rw-p 00000000 00:00 0 
b4050000-b4079000 r--s 00425000 08:06 1539443    /tools/springsource/eclipse/plugins/org.eclipse.jdt.core_3.6.2.v_A76_R36x.jar
b4081000-b408b000 r--s 00076000 08:06 1548752    /tools/springsource/eclipse/plugins/org.eclipse.wst.css.core_1.1.403.v201103021532.jar
b40aa000-b40b9000 r--s 000e3000 08:06 1613487    /home/adorsys/Desktop/spring/ANdroid/android-sdk-linux/platform-tools/lib/dx.jar
b40b9000-b40bc000 ---p 00000000 00:00 0 
b40bc000-b410a000 rw-p 00000000 00:00 0 
b410a000-b410d000 ---p 00000000 00:00 0 
b410d000-b415b000 rw-p 00000000 00:00 0 
b4162000-b41a4000 r--s 0043d000 08:06 1262054    /tools/springsource/eclipse/configuration/org.eclipse.osgi/bundles/763/1/.cp/libs/gwt-dev-tools.jar
b41aa000-b41be000 r--s 00213000 08:06 1536949    /tools/springsource/eclipse/plugins/org.eclipse.swt.gtk.linux.x86_3.6.2.v3659b.jar
b41be000-b41c1000 ---p 00000000 00:00 0 
b41c1000-b420f000 rw-p 00000000 00:00 0 
b420f000-b421a000 r--s 00085000 08:06 1586577    /tools/springsource/eclipse/plugins/org.eclipse.m2e.maven.runtime_1.1.0.20120529-1956/jars/maven-core-3.0.4.jar
b421a000-b4224000 r--s 0014a000 08:06 1548831    /tools/springsource/eclipse/plugins/com.google.gdt.eclipse.core_2.6.0.v201205021203-rel-r36.jar
b4224000-b422d000 r--s 00062000 08:06 1548808    /tools/springsource/eclipse/plugins/org.eclipse.wst.sse.core_1.1.506.v201110201853.jar
b422f000-b4240000 r--s 000d5000 08:06 1548818    /tools/springsource/eclipse/plugins/org.eclipse.wst.xml.ui_1.1.105.v201106142156.jar
b4240000-b4243000 ---p 00000000 00:00 0 
b4243000-b4291000 rw-p 00000000 00:00 0 
b4291000-b4299000 r--s 00053000 08:06 1539492    /tools/springsource/eclipse/plugins/org.eclipse.mylyn.tasks.core_3.4.2.v20110131-0300-e3x.jar
b4299000-b42a9000 r--s 0011d000 08:06 1537062    /tools/springsource/eclipse/plugins/org.eclipse.emf.ecore_2.6.1.v20100914-1218.jar
b42af000-b42b7000 r--s 0008f000 08:06 1608277    /tools/springsource/eclipse/configuration/org.eclipse.osgi/bundles/764/1/.cp/lib/gwt-dev-transport.jar
b42b7000-b42d7000 r--s 00196000 08:06 1548764    /tools/springsource/eclipse/plugins/org.eclipse.jst.j2ee_1.1.406.v201110130300.jar
b42da000-b42e5000 r--s 0007d000 08:06 1539375    /tools/springsource/eclipse/plugins/org.eclipse.ui.editors_3.6.1.r361_v20100825-0800.jar
b42e5000-b430b000 r--s 0020a000 08:06 1535904    /tools/springsource/eclipse/plugins/org.eclipse.ui.ide_3.6.2.M20101201-0800.jar
b430b000-b431b000 r--s 0010c000 08:06 1539400    /tools/springsource/eclipse/plugins/org.eclipse.pde.core_3.6.2.v20110210_r362.jar
b4329000-b4331000 r--s 00049000 08:06 1539532    /tools/springsource/eclipse/plugins/org.eclipse.equinox.p2.metadata_2.0.1.R36x_v20101202.jar
b4331000-b435e000 r--s 009a5000 08:06 1443529    /tools/springsource/eclipse/plugins/com.android.ide.eclipse.adt_18.0.0.v201203301601-306762.jar
b435e000-b4361000 ---p 00000000 00:00 0 
b4361000-b43af000 rw-p 00000000 00:00 0 
b43af000-b43b2000 ---p 00000000 00:00 0 
b43b2000-b4400000 rw-p 00000000 00:00 0 
b4400000-b44fa000 rw-p 00000000 00:00 0 
b44fa000-b4500000 ---p 00000000 00:00 0 
b4502000-b4505000 r--s 00031000 08:06 4514       /usr/lib/jvm/java-6-openjdk/jre/lib/ext/sunjce_provider.jar
b4505000-b4507000 r--s 00001000 08:06 4512       /usr/lib/jvm/java-6-openjdk/jre/lib/ext/dnsns.jar
b4507000-b4511000 r--s 000d4000 08:06 1450536    /usr/lib/jvm/java-6-openjdk/jre/lib/rhino.jar
b4511000-b4524000 r--s 004fd000 08:06 1548850    /tools/springsource/eclipse/plugins/com.google.gwt.eclipse.core_2.6.0.v201205021203-rel-r36.jar
b4529000-b4538000 r--s 000b8000 08:06 1536431    /tools/springsource/eclipse/plugins/org.eclipse.jst.j2ee.ui_1.1.404.v201101122300.jar
b4538000-b453f000 r--s 00067000 08:06 1535909    /tools/springsource/eclipse/plugins/org.eclipse.jst.ejb.ui_1.1.502.v201101121843.jar
b453f000-b4546000 r--s 00048000 08:06 1539598    /tools/springsource/eclipse/plugins/org.eclipse.ltk.core.refactoring_3.5.101.r362_v20101117-0800.jar
b4546000-b454e000 r--s 0005c000 08:06 1548811    /tools/springsource/eclipse/plugins/org.eclipse.wst.validation_1.2.204.v201109220700.jar
b454e000-b4557000 r--s 00056000 08:06 1539510    /tools/springsource/eclipse/plugins/org.eclipse.team.core_3.5.101.R36x_v20110203-1036.jar
b4557000-b4559000 r--s 00008000 08:06 1548849    /tools/springsource/eclipse/plugins/com.google.gdt.eclipse.suite.ext_2.6.0.v201205021203-rel-r36.jar
b455c000-b455e000 r--s 0000d000 08:06 406075     /home/adorsys/.m2/repository/org/codehaus/plexus/plexus-interpolation/1.13/plexus-interpolation-1.13.jar
b4561000-b456d000 r--s 00082000 08:06 1539817    /tools/springsource/eclipse/plugins/org.eclipse.ui.workbench.texteditor_3.6.1.r361_v20100714-0800.jar
b456d000-b4575000 r--s 00055000 08:06 1548783    /tools/springsource/eclipse/plugins/org.eclipse.wst.common.modulecore_1.2.7.v201110060300.jar
b4575000-b457b000 r--s 0002f000 08:06 1539556    /tools/springsource/eclipse/plugins/org.eclipse.wst.common.emf_1.2.3.v201012100400.jar
b457b000-b4581000 r--s 0003f000 08:06 1505095    /tools/springsource/eclipse/plugins/org.eclipse.jem_2.0.402.v201106132000.jar
b4581000-b4589000 r--s 0004c000 08:06 1536945    /tools/springsource/eclipse/plugins/org.eclipse.debug.core_3.6.0.v20100519.jar
b4589000-b458c000 rw-s 00000000 00:04 22216724   /SYSV00000000 (deleted)
b458d000-b4591000 r--s 00033000 08:06 274618     /home/adorsys/.m2/repository/org/codehaus/plexus/plexus-utils/2.0.5/plexus-utils-2.0.5.jar
b4591000-b45a0000 r--s 0009d000 08:06 282108     /home/adorsys/.m2/repository/com/google/inject/guice/3.0-rc2/guice-3.0-rc2.jar
b45a1000-b45a7000 r--s 00025000 08:06 1539724    /tools/springsource/eclipse/plugins/org.eclipse.jst.common.project.facet.core_1.4.102.v201008182136.jar
b45a7000-b45b5000 r--s 00096000 08:06 1445463    /tools/springsource/eclipse/plugins/org.eclipse.m2e.core.ui_1.1.0.20120530-0009.jar
b45ba000-b45c2000 r--s 00050000 08:06 1535778    /tools/springsource/eclipse/plugins/org.eclipse.wst.common.project.facet.core_1.4.102.v201008170019.jar
b45c2000-b45c4000 r--s 00009000 08:06 664493     /home/adorsys/.m2/repository/org/apache/maven/shared/maven-filtering/1.0/maven-filtering-1.0.jar
b45c4000-b45c7000 r--s 0001b000 08:06 1326766    /home/adorsys/.m2/repository/junit/junit/3.8.1/junit-3.8.1.jar
b45c7000-b4600000 r--p 00000000 08:06 269796     /usr/share/fonts/truetype/ttf-dejavu/DejaVuSansMono-Oblique.ttf
b4600000-b46fd000 rw-p 00000000 00:00 0 
b46fd000-b4700000 ---p 00000000 00:00 0 
b4701000-b4703000 r--s 00002000 08:06 274662     /home/adorsys/.m2/repository/org/codehaus/plexus/plexus-interactivity-api/1.0-alpha-4/plexus-interactivity-api-1.0-alpha-4.jar
b470a000-b470c000 r--s 00006000 08:06 1326700    /home/adorsys/.m2/repository/commons-cli/commons-cli/1.0/commons-cli-1.0.jar
b470f000-b4712000 r--s 0001b000 08:06 1548746    /tools/springsource/eclipse/plugins/org.eclipse.jst.common.frameworks_1.1.404.v201103311600.jar
b4718000-b471d000 r--s 00026000 08:06 1539705    /tools/springsource/eclipse/plugins/org.eclipse.jst.jee.ui_1.0.304.v201101272100.jar
b471d000-b4722000 r--s 00038000 08:06 1539459    /tools/springsource/eclipse/plugins/org.eclipse.text_3.5.0.v20100601-1300.jar
b4722000-b4728000 r--s 0003f000 08:06 1548790    /tools/springsource/eclipse/plugins/org.eclipse.wst.html.ui_1.0.505.v201106160200.jar
b472a000-b472f000 r--s 00020000 08:06 1539601    /tools/springsource/eclipse/plugins/org.eclipse.wst.common.frameworks.ui_1.2.0.v201004080500.jar
b4733000-b4741000 r--s 00351000 08:06 1450521    /usr/lib/jvm/java-6-openjdk/jre/lib/charsets.jar
b4741000-b4744000 ---p 00000000 00:00 0 
b4744000-b4792000 rw-p 00000000 00:00 0 
b4794000-b4798000 r--s 00029000 08:06 1539422    /tools/springsource/eclipse/plugins/org.eclipse.equinox.registry_3.5.0.v20100503.jar
b4798000-b47b9000 r--s 00607000 08:06 1539640    /tools/springsource/eclipse/plugins/com.ibm.icu_4.2.1.v20100412.jar
b47b9000-b47bd000 r--s 00044000 08:06 1536024    /tools/springsource/eclipse/plugins/org.eclipse.jdt.launching_3.5.200.v20110105_r362.jar
b47bd000-b47be000 r--s 00001000 08:06 536866     /home/adorsys/.m2/repository/org/apache/maven/doxia/doxia-sink-api/1.0-alpha-7/doxia-sink-api-1.0-alpha-7.jar
b47be000-b47bf000 r--s 00002000 08:06 536964     /home/adorsys/.m2/repository/org/apache/maven/reporting/maven-reporting-api/2.0.6/maven-reporting-api-2.0.6.jar
b47bf000-b47c1000 r--s 00005000 08:06 663388     /home/adorsys/.m2/repository/org/apache/maven/plugins/maven-resources-plugin/2.5/maven-resources-plugin-2.5.jar
b47c1000-b47c5000 r--s 0001d000 08:06 282107     /home/adorsys/.m2/repository/com/google/gwt/inject/gin/1.5.0/gin-1.5.0.jar
b47c5000-b47ca000 r--s 00028000 08:06 273649     /home/adorsys/.m2/repository/com/googlecode/mvp4g/mvp4g/1.3.1/mvp4g-1.3.1.jar
b47ca000-b47cd000 ---p 00000000 00:00 0 
b47cd000-b481b000 rw-p 00000000 00:00 0 
b481b000-b4823000 r--s 0006b000 08:06 1445462    /tools/springsource/eclipse/plugins/org.eclipse.m2e.core_1.1.0.20120530-0009.jar
b4823000-b4826000 r--s 00009000 08:06 1249037    /home/adorsys/Desktop/spring/GWTPack/gwt-2.4.0/validation-api-1.0.0.GA.jar
b482c000-b48bb000 r--p 00000000 08:06 267545     /usr/share/fonts/truetype/ttf-dejavu/DejaVuSans-Bold.ttf
b48bb000-b48bf000 r--s 00038000 08:06 4511       /usr/lib/jvm/java-6-openjdk/jre/lib/ext/sunpkcs11.jar
b48bf000-b48c2000 r--s 00077000 08:06 4513       /usr/lib/jvm/java-6-openjdk/jre/lib/ext/localedata.jar
b48c2000-b48ca000 r--s 00069000 08:06 1548766    /tools/springsource/eclipse/plugins/org.eclipse.jst.j2ee.web_1.1.405.v201110130300.jar
b48cd000-b48d4000 r--s 00053000 08:06 1487065    /tools/springsource/eclipse/plugins/org.eclipse.wst.server.core_1.1.208.v20111005_1734.jar
b48d8000-b48d9000 r--s 00003000 08:06 274775     /home/adorsys/.m2/repository/org/codehaus/plexus/plexus-compiler-javac/1.5.3/plexus-compiler-javac-1.5.3.jar
b48d9000-b48db000 r--s 00000000 08:06 274882     /home/adorsys/.m2/repository/org/codehaus/plexus/plexus-compiler-manager/1.5.3/plexus-compiler-manager-1.5.3.jar
b48db000-b48e1000 r--s 00282000 08:06 1548738    /tools/springsource/eclipse/plugins/com.google.appengine.eclipse.core_2.6.0.v201205021203-rel-r36.jar
b48e1000-b4930000 r--p 00000000 08:06 267548     /usr/share/fonts/truetype/ttf-dejavu/DejaVuSansMono.ttf
b4930000-b4988000 r--p 00000000 08:06 394912     /usr/share/fonts/truetype/ubuntu-font-family/Ubuntu-R.ttf
b4988000-b4989000 r--s 00000000 08:06 1062328    /var/cache/fontconfig/26de28bc8622bbc1fb67fd234c21975f-le32d4.cache-3
b4989000-b498a000 r--s 00000000 08:06 1046610    /var/cache/fontconfig/c05880de57d1f5e948fdfacc138775d9-le32d4.cache-3
b498a000-b4990000 r--s 00000000 08:06 1046607    /var/cache/fontconfig/945677eb7aeaf62f1d50efc3fb3ec7d8-le32d4.cache-3
b4990000-b4992000 r--s 00000000 08:06 1046608    /var/cache/fontconfig/99e8ed0e538f840c565b6ed5dad60d56-le32d4.cache-3
b4992000-b4995000 r--s 00000000 08:06 1046618    /var/cache/fontconfig/e383d7ea5fbe662a33d9b44caf393297-le32d4.cache-3
b4995000-b499a000 r--s 00000000 08:06 1062318    /var/cache/fontconfig/401a5dd6b567794a1d18dd9342dfa604-le32d4.cache-3
b499a000-b499c000 r--s 00000000 08:06 1046595    /var/cache/fontconfig/2cd17615ca594fa2959ae173292e504c-le32d4.cache-3
b499c000-b499d000 r--s 00000000 08:06 1046619    /var/cache/fontconfig/e7071f4a29fa870f4323321c154eba04-le32d4.cache-3
b499d000-b49a0000 r--s 00000000 08:06 1046604    /var/cache/fontconfig/6eb3985aa4124903f6ff08ba781cd364-le32d4.cache-3
b49a0000-b49a1000 r--s 00000000 08:06 1046599    /var/cache/fontconfig/4c73fe0c47614734b17d736dbde7580a-le32d4.cache-3
b49a1000-b49a2000 r--s 00000000 08:06 1046592    /var/cache/fontconfig/0d8c3b2ac0904cb8a57a757ad11a4a08-le32d4.cache-3
b49a2000-b49a3000 r--s 00000000 08:06 1046602    /var/cache/fontconfig/6a53c69dea097a2d716e069445527da8-le32d4.cache-3
b49a3000-b49a7000 r--s 00000000 08:06 1046609    /var/cache/fontconfig/a755afe4a08bf5b97852ceb7400b47bc-le32d4.cache-3
b49a7000-b49ab000 r--s 00000000 08:06 1062166    /var/cache/fontconfig/515ca1ebc4b18308bea979be5704f9db-le32d4.cache-3
b49ab000-b49b2000 r--s 00000000 08:06 1053715    /var/cache/fontconfig/6d41288fd70b0be22e8c3a91e032eec0-le32d4.cache-3
b49b2000-b49bd000 r--s 00000000 08:06 1046593    /var/cache/fontconfig/0f34bcd4b6ee430af32735b75db7f02b-le32d4.cache-3
b49bd000-b49c0000 r--s 00000000 08:06 1046615    /var/cache/fontconfig/d60319d88cac85ba9e1a07bd06cfbb8c-le32d4.cache-3
b49c0000-b49c1000 r--s 00000000 08:06 1048708    /var/cache/fontconfig/4794a0821666d79190d59a36cb4f44b5-le32d4.cache-3
b49c1000-b49e3000 r--s 00000000 08:06 1062314    /var/cache/fontconfig/365b55f210c0a22e9a19e35191240f32-le32d4.cache-3
b49e3000-b49eb000 r--s 00000000 08:06 1046614    /var/cache/fontconfig/d52a8644073d54c13679302ca1180695-le32d4.cache-3
b49eb000-b49f3000 r--s 00000000 08:06 1066975    /var/cache/fontconfig/e13b20fdb08344e0e664864cc2ede53d-le32d4.cache-3
b49f3000-b49f6000 r--s 00000000 08:06 1062320    /var/cache/fontconfig/7ef2298fde41cc6eeb7af42e48b7d293-le32d4.cache-3
b49fa000-b49fd000 r--s 00019000 08:06 1539379    /tools/springsource/eclipse/plugins/org.eclipse.equinox.preferences_3.3.0.v20100503.jar
b49fd000-b4a01000 r--s 00028000 08:06 1548844    /tools/springsource/eclipse/plugins/com.google.gdt.eclipse.suite_2.6.0.v201205021203-rel-r36.jar
b4a01000-b4a04000 r--s 00023000 08:06 1539618    /tools/springsource/eclipse/plugins/org.eclipse.jdt.compiler.apt_1.0.300.v20100513-0845.jar
b4a04000-b4a12000 r--s 000a5000 08:06 1548817    /tools/springsource/eclipse/plugins/org.eclipse.wst.xml.core_1.1.505.v201109271810.jar
b4a12000-b4a14000 r--s 00026000 08:06 274595     /home/adorsys/.m2/repository/org/codehaus/plexus/plexus-utils/1.0.4/plexus-utils-1.0.4.jar
b4a16000-b4a1c000 r--s 00032000 08:06 1539456    /tools/springsource/eclipse/plugins/org.eclipse.mylyn.context.ui_3.4.2.v20110131-0100-e3x.jar
b4a1c000-b4a1e000 r--s 0000e000 08:06 1249038    /home/adorsys/Desktop/spring/GWTPack/gwt-2.4.0/validation-api-1.0.0.GA-sources.jar
b4a1e000-b4a21000 r--s 00014000 08:06 1535765    /tools/springsource/eclipse/plugins/org.eclipse.core.contenttype_3.4.100.v20100505-1235.jar
b4a22000-b4a27000 r--s 00044000 08:06 1539397    /tools/springsource/eclipse/plugins/org.eclipse.ui.forms_3.5.2.r36_v20100702.jar
b4a27000-b4a29000 r--s 0001a000 08:06 1445487    /tools/springsource/eclipse/plugins/org.eclipse.m2e.jdt_1.1.0.20120530-0009.jar
b4a29000-b4a2b000 r--s 00008000 08:06 282109     /home/adorsys/.m2/repository/com/google/inject/extensions/guice-assistedinject/3.0-rc2/guice-assistedinject-3.0-rc2.jar
b4a2b000-b4a2f000 r--s 00028000 08:06 1539508    /tools/springsource/eclipse/plugins/org.eclipse.equinox.p2.engine_2.0.1.R36x_v20110201.jar
b4a2f000-b4a31000 r--s 00000000 08:06 1326324    /home/adorsys/.m2/repository/aopalliance/aopalliance/1.0/aopalliance-1.0.jar
b4a31000-b4a34000 r--s 0000e000 08:06 1539658    /tools/springsource/eclipse/plugins/org.eclipse.equinox.p2.core_2.0.3.R36x_v20110111.jar
b4a34000-b4a38000 r--s 00024000 08:06 1536977    /tools/springsource/eclipse/plugins/org.eclipse.ui.console_3.5.0.v20100526.jar
b4a38000-b4a3d000 r--s 0002a000 08:06 1539720    /tools/springsource/eclipse/plugins/org.eclipse.ui.browser_3.3.1.r36_20101216.jar
b4a3d000-b4a3f000 r--s 0000c000 08:06 1539663    /tools/springsource/eclipse/plugins/org.eclipse.jdt.compiler.tool_1.0.100.v_A76_R36x.jar
b4a40000-b4a46000 r--s 000bf000 08:06 1548859    /tools/springsource/eclipse/plugins/com.google.gwt.eclipse.oophm_2.6.0.v201205021203-rel-r36.jar
b4a46000-b4a4b000 r--s 00021000 08:06 1539656    /tools/springsource/eclipse/plugins/org.eclipse.ui_3.6.2.M20110203-1100.jar
b4a4c000-b4a50000 r--s 000c2000 08:06 1548838    /tools/springsource/eclipse/plugins/com.google.gdt.eclipse.managedapis_2.6.0.v201205021203-rel-r36.jar
b4a51000-b4a55000 r--s 0000d000 08:06 1539718    /tools/springsource/eclipse/plugins/org.eclipse.jdt.debug_3.6.1.v20100715_r361/jdi.jar
b4a55000-b4a58000 r--s 00010000 08:06 1548832    /tools/springsource/eclipse/plugins/com.google.gdt.eclipse.gph_2.6.0.v201205021203-rel-r36.jar
b4a58000-b4a5c000 r--s 00034000 08:06 1539685    /tools/springsource/eclipse/plugins/com.jcraft.jsch_0.1.41.v200903070017.jar
b4a5c000-b4a5e000 r--s 00001000 08:06 1540211    /tools/springsource/eclipse/plugins/com.google.gdt.eclipse.designer.hosted.2_2_2.5.0.r37x201112291019/gwt-dev-designtime.jar
b4a5e000-b4a60000 r--s 00016000 08:06 1539752    /tools/springsource/eclipse/plugins/org.eclipse.ant.core_3.2.201.v20110203_r362.jar
b4a60000-b4a63000 r--s 0000e000 08:06 1537064    /tools/springsource/eclipse/plugins/org.eclipse.core.net_1.2.100.I20100511-0800.jar
b4a63000-b4a67000 r--s 00698000 08:06 1548830    /tools/springsource/eclipse/plugins/com.google.gdt.eclipse.appsmarketplace_2.6.0.v201205021203-rel-r36.jar
b4a67000-b4a6b000 r--s 00017000 08:06 1539814    /tools/springsource/eclipse/plugins/org.eclipse.core.commands_3.6.0.I20100512-1500.jar
b4a6b000-b4a6e000 ---p 00000000 00:00 0 
b4a6e000-b4abc000 rw-p 00000000 00:00 0 
b4abc000-b4abf000 ---p 00000000 00:00 0 
b4abf000-b4b0d000 rw-p 00000000 00:00 0 
b4b0d000-b4b10000 ---p 00000000 00:00 0 
b4b10000-b4b5e000 rw-p 00000000 00:00 0 
b4b5e000-b4b61000 ---p 00000000 00:00 0 
b4b61000-b4baf000 rw-p 00000000 00:00 0 
b4baf000-b4bb2000 ---p 00000000 00:00 0 
b4bb2000-b4c00000 rw-p 00000000 00:00 0 
b4c00000-b4cf9000 rw-p 00000000 00:00 0 
b4cf9000-b4d00000 ---p 00000000 00:00 0 
b4d01000-b4d04000 r--s 00018000 08:06 1535607    /tools/springsource/eclipse/plugins/org.eclipse.mylyn.context.core_3.4.1.v20100909-0100-e3x.jar
b4d04000-b4d06000 r--s 00007000 08:06 1536016    /tools/springsource/eclipse/plugins/org.eclipse.jsch.core_1.1.200.I20100505-1245.jar
b4d06000-b4d07000 r--s 00000000 08:06 1337632    /home/adorsys/.local/share/mime/mime.cache
b4d07000-b4d09000 r--s 00019000 08:06 1445488    /tools/springsource/eclipse/plugins/org.eclipse.m2e.launching_1.1.0.20120530-0009.jar
b4d09000-b4d0b000 r--s 00013000 08:06 1450530    /usr/lib/jvm/java-6-openjdk/jre/lib/jce.jar
b4d0c000-b4d0e000 r--s 00004000 08:06 1539483    /tools/springsource/eclipse/plugins/org.eclipse.jst.common.annotations.core_1.1.300.v201004141630.jar
b4d0e000-b4d11000 r--s 00018000 08:06 1535768    /tools/springsource/eclipse/plugins/org.eclipse.equinox.p2.metadata.repository_1.1.0.v20100513.jar
b4d11000-b4d12000 r--s 00004000 08:06 406139     /home/adorsys/.m2/repository/org/codehaus/plexus/plexus-compiler-api/1.5.3/plexus-compiler-api-1.5.3.jar
b4d12000-b4d14000 r--s 00001000 08:06 1535877    /tools/springsource/eclipse/plugins/org.eclipse.ui.workbench.compatibility_3.2.100.I20100511-0800/compatibility.jar
b4d15000-b4d19000 r--s 00021000 08:06 1539445    /tools/springsource/eclipse/plugins/org.eclipse.equinox.p2.repository_2.0.2.R36x_v20110111-1500.jar
b4d19000-b4d1b000 r--s 00010000 08:06 1537039    /tools/springsource/eclipse/plugins/org.eclipse.core.runtime_3.6.0.v20100505.jar
b4d1b000-b4d1c000 r--s 00000000 08:06 1575859    /home/adorsys/.m2/repository/javax/inject/javax.inject/1/javax.inject-1.jar
b4d1d000-b4d1e000 r--s 00004000 08:06 664214     /home/adorsys/.m2/repository/org/apache/maven/plugins/maven-compiler-plugin/2.0.2/maven-compiler-plugin-2.0.2.jar
b4d1f000-b4d22000 r--s 00020000 08:06 1536428    /tools/springsource/eclipse/plugins/org.eclipse.jdt.junit.core_3.6.1.r361_v20100825-0800.jar
b4d22000-b4d23000 r--s 00002000 08:06 1539559    /tools/springsource/eclipse/plugins/org.eclipse.core.runtime.compatibility.registry_3.3.0.v20100520/runtime_registry_compatibility.jar
b4d24000-b4d26000 r--s 00007000 08:06 1539818    /tools/springsource/eclipse/plugins/org.eclipse.core.variables_3.2.400.v20100505.jar
b4d26000-b4d28000 r--s 00017000 08:06 1539644    /tools/springsource/eclipse/plugins/org.eclipse.equinox.common_3.6.0.v20100503.jar
b4d28000-b4d2b000 r--s 00013000 08:06 1536984    /tools/springsource/eclipse/plugins/org.eclipse.core.expressions_3.4.200.v20100505.jar
b4d2c000-b4d2e000 r--s 0000e000 08:06 1535605    /tools/springsource/eclipse/plugins/org.eclipse.mylyn.resources.ui_3.4.1.v20100909-0100-e3x.jar
b4d2e000-b4d31000 r--s 00012000 08:06 1539507    /tools/springsource/eclipse/plugins/org.eclipse.jdt.core.manipulation_1.3.0.v20100520-0800.jar
b4d31000-b4d32000 r--p 00000000 00:00 0 
b4d32000-b4d33000 r--s 00003000 08:06 1586585    /tools/springsource/eclipse/plugins/org.eclipse.m2e.maven.runtime_1.1.0.20120529-1956/jars/plexus-build-api-0.0.7.jar
b4d34000-b4d35000 r--s 00004000 08:06 1535924    /tools/springsource/eclipse/plugins/org.eclipse.swt_3.6.2.v3659c.jar
b4d35000-b4d36000 r--s 00008000 08:06 1539735    /tools/springsource/eclipse/plugins/org.eclipse.mylyn.monitor.core_3.4.0.v20100608-0100-e3x.jar
b4d36000-b4d37000 r--s 00005000 08:06 1548839    /tools/springsource/eclipse/plugins/com.google.gdt.eclipse.maven_2.6.0.v201205021203-rel-r36.jar
b4d37000-b4d38000 r--s 00000000 08:06 1540253    /tools/springsource/eclipse/plugins/org.eclipse.wb.jdt.fragment_1.2.0.r37x201112290923.jar
b4d39000-b4d3c000 ---p 00000000 00:00 0 
b4d3c000-b4d8a000 rw-p 00000000 00:00 0 
b4d8a000-b4d8d000 ---p 00000000 00:00 0 
b4d8d000-b4ddb000 rw-p 00000000 00:00 0 
b4ddb000-b4dec000 r--s 00108000 08:06 1536995    /tools/springsource/eclipse/plugins/org.eclipse.osgi_3.6.2.R36x_v20110210.jar
b4dec000-b4df3000 r--s 000fb000 08:06 1450535    /usr/lib/jvm/java-6-openjdk/jre/lib/resources.jar
b4df3000-b4df6000 r--s 0007d000 08:06 1450531    /usr/lib/jvm/java-6-openjdk/jre/lib/jsse.jar
b4df6000-b4df8000 r--s 0000a000 08:06 1539619    /tools/springsource/eclipse/plugins/org.eclipse.equinox.launcher_1.1.1.R36x_v20101122_1400.jar
b4df8000-b4e00000 r--s 00066000 08:06 22433      /usr/share/java/gnome-java-bridge.jar
b4e00000-b4e01000 ---p 00000000 00:00 0 
b4e01000-b4e81000 rw-p 00000000 00:00 0 
b4e81000-b4e84000 ---p 00000000 00:00 0 
b4e84000-b4ed2000 rw-p 00000000 00:00 0 
b4ed2000-b4ed5000 ---p 00000000 00:00 0 
b4ed5000-b4f53000 rw-p 00000000 00:00 0 
b4f53000-b4f56000 ---p 00000000 00:00 0 
b4f56000-b4fa4000 rw-p 00000000 00:00 0 
b4fa4000-b4fa7000 ---p 00000000 00:00 0 
b4fa7000-b4ff5000 rw-p 00000000 00:00 0 
b4ff5000-b4ff8000 ---p 00000000 00:00 0 
b4ff8000-b5046000 rw-p 00000000 00:00 0 
b5046000-b5047000 ---p 00000000 00:00 0 
b5047000-b50fa000 rw-p 00000000 00:00 0 
b50fa000-b528a000 r--s 037b3000 08:06 1450542    /usr/lib/jvm/java-6-openjdk/jre/lib/rt.jar
b528a000-b52b8000 rw-p 00000000 00:00 0 
b52b8000-b530b000 rw-p 00000000 00:00 0 
b530b000-b536f000 rw-p 00000000 00:00 0 
b536f000-b53b6000 rw-p 00000000 00:00 0 
b53b6000-b53e8000 rw-p 00000000 00:00 0 
b53e8000-b540b000 rw-p 00000000 00:00 0 
b540b000-b546f000 rw-p 00000000 00:00 0 
b546f000-b54b6000 rw-p 00000000 00:00 0 
b54b6000-b54e4000 rw-p 00000000 00:00 0 
b54e4000-b5536000 rw-p 00000000 00:00 0 
b5536000-b557e000 rw-p 00000000 00:00 0 
b557e000-b55c2000 rw-p 00000000 00:00 0 
b55c2000-b64a2000 rwxp 00000000 00:00 0 
b64a2000-b75c2000 rw-p 00000000 00:00 0 
b75c2000-b75ca000 rw-s 00000000 08:06 539754     /tmp/hsperfdata_adorsys/11544
b75ca000-b75cb000 rw-p 00000000 00:00 0 
b75cb000-b75cc000 r--p 00000000 00:00 0 
b75cc000-b762c000 rw-s 00000000 00:04 22183952   /SYSV00000000 (deleted)
b762c000-b768f000 rw-p 00000000 00:00 0 
b768f000-b788f000 r--p 00000000 08:06 1316638    /usr/lib/locale/locale-archive
b788f000-b7891000 rw-p 00000000 00:00 0 
b7892000-b7895000 r--s 0000f000 08:06 4516       /usr/lib/jvm/java-6-openjdk/jre/lib/ext/pulse-java.jar
b7895000-b78a2000 rw-p 00000000 00:00 0 
b78a2000-b78a3000 r--p 002a1000 08:06 1316638    /usr/lib/locale/locale-archive
b78a3000-b78a5000 rw-p 00000000 00:00 0 
bff2d000-bff30000 ---p 00000000 00:00 0 
bff31000-bff7d000 rw-p 00000000 00:00 0          [stack]

VM Arguments:
jvm_args: -Dosgi.requiredJavaVersion=1.5 -XX:MaxPermSize=256m -Xms40m -Xmx512m 
java_command: <unknown>
Launcher Type: generic

Environment Variables:
JAVA_HOME=/usr/lib/jvm/java-1.6.0-openjdk
JRE_HOME=/user/lib/jvm/java-1.6.0-openjdk/jre
PATH=/usr/share/jonas/bin/unix:/usr/share/ant/bin:/usr/lib/jvm/java-1.6.0-openjdk/bin:/usr/share/tomcat6/bin:/tools/forge-distribution-1.1.0.Final/bin:/usr/local/sbin:/usr/local/bin:/usr/sbin:/usr/bin:/sbin:/bin:/usr/games
USERNAME=adorsys
LD_LIBRARY_PATH=/usr/lib/jvm/java-6-openjdk/jre/lib/i386/client:/usr/lib/jvm/java-6-openjdk/jre/lib/i386:
SHELL=/bin/bash
DISPLAY=:0.0

Signal Handlers:
SIGSEGV: [libjvm.so+0x3deb60], sa_mask[0]=0x7ffbfeff, sa_flags=0x10000004
SIGBUS: [libjvm.so+0x3deb60], sa_mask[0]=0x7ffbfeff, sa_flags=0x10000004
SIGFPE: [libjvm.so+0x2ff010], sa_mask[0]=0x7ffbfeff, sa_flags=0x10000004
SIGPIPE: SIG_IGN, sa_mask[0]=0x00001000, sa_flags=0x10000000
SIGXFSZ: [libjvm.so+0x2ff010], sa_mask[0]=0x7ffbfeff, sa_flags=0x10000004
SIGILL: [libjvm.so+0x2ff010], sa_mask[0]=0x7ffbfeff, sa_flags=0x10000004
SIGUSR1: SIG_DFL, sa_mask[0]=0x00000000, sa_flags=0x00000000
SIGUSR2: [libjvm.so+0x2fee80], sa_mask[0]=0x00000000, sa_flags=0x10000004
SIGHUP: [libjvm.so+0x301c70], sa_mask[0]=0x7ffbfeff, sa_flags=0x10000004
SIGINT: [libjvm.so+0x301c70], sa_mask[0]=0x7ffbfeff, sa_flags=0x10000004
SIGTERM: [libjvm.so+0x301c70], sa_mask[0]=0x7ffbfeff, sa_flags=0x10000004
SIGQUIT: [libjvm.so+0x301c70], sa_mask[0]=0x7ffbfeff, sa_flags=0x10000004


---------------  S Y S T E M  ---------------

OS:Ubuntu 11.04 (natty)
uname:Linux 2.6.38-13-generic #57-Ubuntu SMP Mon Mar 5 18:10:14 UTC 2012 i686
libc:glibc 2.13 NPTL 2.13 
rlimit: STACK 8192k, CORE 0k, NPROC infinity, NOFILE 4096, AS infinity
load average:1.06 0.66 0.42

/proc/meminfo:
MemTotal:        3608400 kB
MemFree:          304048 kB
Buffers:          131684 kB
Cached:           973732 kB
SwapCached:       111768 kB
Active:          2052008 kB
Inactive:        1102752 kB
Active(anon):    1622536 kB
Inactive(anon):   452832 kB
Active(file):     429472 kB
Inactive(file):   649920 kB
Unevictable:          32 kB
Mlocked:              32 kB
HighTotal:       2755880 kB
HighFree:          27820 kB
LowTotal:         852520 kB
LowFree:          276228 kB
SwapTotal:       3921916 kB
SwapFree:        3308904 kB
Dirty:              2208 kB
Writeback:             0 kB
AnonPages:       1946740 kB
Mapped:           135748 kB
Shmem:             25856 kB
Slab:              55896 kB
SReclaimable:      35048 kB
SUnreclaim:        20848 kB
KernelStack:        4312 kB
PageTables:        12660 kB
NFS_Unstable:          0 kB
Bounce:                0 kB
WritebackTmp:          0 kB
CommitLimit:     5726116 kB
Committed_AS:    4642928 kB
VmallocTotal:     122880 kB
VmallocUsed:       31976 kB
VmallocChunk:      71164 kB
HardwareCorrupted:     0 kB
HugePages_Total:       0
HugePages_Free:        0
HugePages_Rsvd:        0
HugePages_Surp:        0
Hugepagesize:       4096 kB
DirectMap4k:      245752 kB
DirectMap4M:      663552 kB


CPU:total 2 (2 cores per cpu, 1 threads per core) family 16 model 6 stepping 3, cmov, cx8, fxsr, mmx, sse, sse2, sse3, popcnt, mmxext, 3dnow, 3dnowext, lzcnt

Memory: 4k page, physical 3608400k(304048k free), swap 3921916k(3308904k free)

vm_info: OpenJDK Client VM (20.0-b11) for linux-x86 JRE (1.6.0_22-b22), built on Feb 21 2012 00:28:53 by "buildd" with gcc 4.5.2

time: Fri Oct 19 19:44:48 2012
elapsed time: 353 seconds

