#
# A fatal error has been detected by the Java Runtime Environment:
#
#  SIGSEGV (0xb) at pc=0xb5d08fee, pid=28873, tid=2977729392
#
# JRE version: 6.0_24-b24
# Java VM: OpenJDK Client VM (20.0-b12 mixed mode, sharing linux-x86 )
# Derivative: IcedTea6 1.11.5
# Distribution: Ubuntu 11.04, package 6b24-1.11.5-0ubuntu1~11.04.1
# Problematic frame:
# J  org.eclipse.jdt.internal.compiler.lookup.BinaryTypeBinding.createMethod(Lorg/eclipse/jdt/internal/compiler/env/IBinaryMethod;J[[[C)Lorg/eclipse/jdt/internal/compiler/lookup/MethodBinding;
#
# If you would like to submit a bug report, please include
# instructions how to reproduce the bug and visit:
#   https://bugs.launchpad.net/ubuntu/+source/openjdk-6/
#

---------------  T H R E A D  ---------------

Current thread (0xb1823c00):  JavaThread "org.eclipse.jdt.internal.ui.text.JavaReconciler" daemon [_thread_in_Java, id=29003, stack(0xb16c8000,0xb17c9000)]

siginfo:si_signo=SIGSEGV: si_errno=0, si_code=128 (), si_addr=0x00000000

Registers:
EAX=0x00000000, EBX=0xb17c7550, ECX=0x4dead700, EDX=0x0000000c
ESP=0xb17c7550, EBP=0xb17c76e4, ESI=0x00000000, EDI=0x00000000
EIP=0xb5d08fee, EFLAGS=0x00210246, CR2=0xb78d2100

Top of Stack: (sp=0xb17c7550)
0xb17c7550:   00eafff4 b1823c00 00000002 b5735667
0xb17c7560:   4deaff90 7d7713f0 00000000 00000002
0xb17c7570:   4deaff90 00000000 b17c75b4 b56c3e21
0xb17c7580:   b17c7594 08de94bc fffffffe b56c3e21
0xb17c7590:   4dea5288 4dead700 5602d250 5602d1f0
0xb17c75a0:   5602d1e0 02000001 00000001 00000000
0xb17c75b0:   00000001 4deab928 7e91e740 00000000
0xb17c75c0:   b17c75cc b17c75f4 b56c3f87 00000000 

Instructions: (pc=0xb5d08fee)
0xb5d08fce:   24 40 90 90 b8 ff ff ff ff e8 94 ba 9e ff 83 f8
0xb5d08fde:   00 0f 85 0e 00 00 00 be 00 00 00 00 8b 4c 24 44
0xb5d08fee:   e9 cf 00 00 00 8b 4c 24 44 8b 59 08 8b 51 0c 8b
0xb5d08ffe:   f3 8b fa 83 e6 08 83 e7 00 89 5c 24 68 89 54 24 

Register to memory mapping:

EAX=0x00000000 is an unknown value
EBX=0xb17c7550 is pointing into the stack for thread: 0xb1823c00
ECX=
[error occurred during error reporting (printing register info), id 0xb]

Stack: [0xb16c8000,0xb17c9000],  sp=0xb17c7550,  free space=1021k
Native frames: (J=compiled Java code, j=interpreted, Vv=VM code, C=native code)
J  org.eclipse.jdt.internal.compiler.lookup.BinaryTypeBinding.createMethod(Lorg/eclipse/jdt/internal/compiler/env/IBinaryMethod;J[[[C)Lorg/eclipse/jdt/internal/compiler/lookup/MethodBinding;
j  org.eclipse.jdt.internal.compiler.lookup.BinaryTypeBinding.cachePartsFrom(Lorg/eclipse/jdt/internal/compiler/env/IBinaryType;Z)V+583
j  org.eclipse.jdt.internal.compiler.lookup.LookupEnvironment.createBinaryTypeFrom(Lorg/eclipse/jdt/internal/compiler/env/IBinaryType;Lorg/eclipse/jdt/internal/compiler/lookup/PackageBinding;ZLorg/eclipse/jdt/internal/compiler/env/AccessRestriction;)Lorg/eclipse/jdt/internal/compiler/lookup/BinaryTypeBinding;+93
j  org.eclipse.jdt.internal.compiler.lookup.LookupEnvironment.createBinaryTypeFrom(Lorg/eclipse/jdt/internal/compiler/env/IBinaryType;Lorg/eclipse/jdt/internal/compiler/lookup/PackageBinding;Lorg/eclipse/jdt/internal/compiler/env/AccessRestriction;)Lorg/eclipse/jdt/internal/compiler/lookup/BinaryTypeBinding;+5
j  org.eclipse.jdt.internal.compiler.Compiler.accept(Lorg/eclipse/jdt/internal/compiler/env/IBinaryType;Lorg/eclipse/jdt/internal/compiler/lookup/PackageBinding;Lorg/eclipse/jdt/internal/compiler/env/AccessRestriction;)V+43
j  org.eclipse.jdt.internal.compiler.lookup.LookupEnvironment.askForType([[C)Lorg/eclipse/jdt/internal/compiler/lookup/ReferenceBinding;+42
j  org.eclipse.jdt.internal.compiler.lookup.UnresolvedReferenceBinding.resolve(Lorg/eclipse/jdt/internal/compiler/lookup/LookupEnvironment;Z)Lorg/eclipse/jdt/internal/compiler/lookup/ReferenceBinding;+39
j  org.eclipse.jdt.internal.compiler.lookup.BinaryTypeBinding.resolveType(Lorg/eclipse/jdt/internal/compiler/lookup/TypeBinding;Lorg/eclipse/jdt/internal/compiler/lookup/LookupEnvironment;Z)Lorg/eclipse/jdt/internal/compiler/lookup/TypeBinding;+133
j  org.eclipse.jdt.internal.compiler.lookup.PackageBinding.getTypeOrPackage([C)Lorg/eclipse/jdt/internal/compiler/lookup/Binding;+23
j  org.eclipse.jdt.internal.compiler.lookup.CompilationUnitScope.findImport([[CI)Lorg/eclipse/jdt/internal/compiler/lookup/Binding;+41
j  org.eclipse.jdt.internal.compiler.lookup.CompilationUnitScope.findSingleImport([[CIZ)Lorg/eclipse/jdt/internal/compiler/lookup/Binding;+85
j  org.eclipse.jdt.internal.compiler.lookup.CompilationUnitScope.faultInImports()V+470
j  org.eclipse.jdt.internal.compiler.lookup.CompilationUnitScope.faultInTypes()V+1
j  org.eclipse.jdt.internal.compiler.Compiler.resolve(Lorg/eclipse/jdt/internal/compiler/ast/CompilationUnitDeclaration;Lorg/eclipse/jdt/internal/compiler/env/ICompilationUnit;ZZZ)Lorg/eclipse/jdt/internal/compiler/ast/CompilationUnitDeclaration;+134
j  org.eclipse.ajdt.core.parserbridge.AJCompilationUnitProblemFinder.processAJ(Lorg/eclipse/jdt/internal/core/CompilationUnit;Lorg/eclipse/jdt/internal/core/util/CommentRecorderParser;Lorg/eclipse/jdt/core/WorkingCopyOwner;Ljava/util/HashMap;ZILorg/eclipse/core/runtime/IProgressMonitor;)Lorg/eclipse/jdt/internal/compiler/ast/CompilationUnitDeclaration;+150
j  org.eclipse.ajdt.ui.AJDTNameEnvironmentProvider.problemFind(Lorg/eclipse/jdt/internal/core/CompilationUnit;Lorg/eclipse/jdt/internal/compiler/SourceElementParser;Lorg/eclipse/jdt/core/WorkingCopyOwner;Ljava/util/HashMap;ZILorg/eclipse/core/runtime/IProgressMonitor;)Lorg/eclipse/jdt/internal/compiler/ast/CompilationUnitDeclaration;+40
j  org.eclipse.jdt.internal.core.CompilationUnitProblemFinder.process_aroundBody1$advice(Lorg/eclipse/jdt/internal/core/CompilationUnit;Lorg/eclipse/jdt/internal/compiler/SourceElementParser;Lorg/eclipse/jdt/core/WorkingCopyOwner;Ljava/util/HashMap;ZILorg/eclipse/core/runtime/IProgressMonitor;Lorg/eclipse/contribution/jdt/itdawareness/ITDAwarenessAspect;Lorg/eclipse/jdt/internal/core/CompilationUnit;Lorg/eclipse/jdt/internal/compiler/SourceElementParser;Lorg/eclipse/jdt/core/WorkingCopyOwner;Ljava/util/HashMap;ZILorg/eclipse/core/runtime/IProgressMonitor;Lorg/aspectj/runtime/internal/AroundClosure;)Lorg/eclipse/jdt/internal/compiler/ast/CompilationUnitDeclaration;+57
j  org.eclipse.jdt.internal.core.CompilationUnitProblemFinder.process(Lorg/eclipse/jdt/internal/core/CompilationUnit;Lorg/eclipse/jdt/internal/compiler/SourceElementParser;Lorg/eclipse/jdt/core/WorkingCopyOwner;Ljava/util/HashMap;ZILorg/eclipse/core/runtime/IProgressMonitor;)Lorg/eclipse/jdt/internal/compiler/ast/CompilationUnitDeclaration;+56
j  org.eclipse.jdt.internal.core.CompilationUnitProblemFinder.process(Lorg/eclipse/jdt/internal/core/CompilationUnit;Lorg/eclipse/jdt/core/WorkingCopyOwner;Ljava/util/HashMap;ZILorg/eclipse/core/runtime/IProgressMonitor;)Lorg/eclipse/jdt/internal/compiler/ast/CompilationUnitDeclaration;+9
j  org.eclipse.jdt.internal.core.ReconcileWorkingCopyOperation.makeConsistent(Lorg/eclipse/jdt/internal/core/CompilationUnit;)Lorg/eclipse/jdt/core/dom/CompilationUnit;+214
j  org.eclipse.jdt.internal.core.ReconcileWorkingCopyOperation.executeOperation()V+130
j  org.eclipse.jdt.internal.core.JavaModelOperation.run(Lorg/eclipse/core/runtime/IProgressMonitor;)V+43
j  org.eclipse.jdt.internal.core.JavaModelOperation.runOperation(Lorg/eclipse/core/runtime/IProgressMonitor;)V+32
j  org.eclipse.jdt.internal.core.CompilationUnit.reconcile(IILorg/eclipse/jdt/core/WorkingCopyOwner;Lorg/eclipse/core/runtime/IProgressMonitor;)Lorg/eclipse/jdt/core/dom/CompilationUnit;+79
j  org.eclipse.jdt.internal.ui.text.java.JavaReconcilingStrategy.reconcile(Lorg/eclipse/jdt/core/ICompilationUnit;Z)Lorg/eclipse/jdt/core/dom/CompilationUnit;+86
j  org.eclipse.jdt.internal.ui.text.java.JavaReconcilingStrategy.access$0(Lorg/eclipse/jdt/internal/ui/text/java/JavaReconcilingStrategy;Lorg/eclipse/jdt/core/ICompilationUnit;Z)Lorg/eclipse/jdt/core/dom/CompilationUnit;+3
j  org.eclipse.jdt.internal.ui.text.java.JavaReconcilingStrategy$1.run()V+16
j  org.eclipse.core.runtime.SafeRunner.run(Lorg/eclipse/core/runtime/ISafeRunnable;)V+5
j  org.eclipse.jdt.internal.ui.text.java.JavaReconcilingStrategy.reconcile(Z)V+48
j  org.eclipse.jdt.internal.ui.text.java.JavaReconcilingStrategy.initialReconcile()V+2
j  org.eclipse.jdt.internal.ui.text.CompositeReconcilingStrategy.initialReconcile()V+36
j  org.eclipse.jdt.internal.ui.text.JavaCompositeReconcilingStrategy.initialReconcile()V+16
j  org.eclipse.jface.text.reconciler.MonoReconciler.initialProcess()V+19
j  org.eclipse.jdt.internal.ui.text.JavaReconciler.initialProcess()V+8
j  org.eclipse.jface.text.reconciler.AbstractReconciler$BackgroundThread.run()V+52
v  ~StubRoutines::call_stub
V  [libjvm.so+0x20afd2]  JavaCalls::call_helper(JavaValue*, methodHandle*, JavaCallArguments*, Thread*)+0x262
V  [libjvm.so+0x304e29]  os::os_exception_wrapper(void (*)(JavaValue*, methodHandle*, JavaCallArguments*, Thread*), JavaValue*, methodHandle*, JavaCallArguments*, Thread*)+0x19
V  [libjvm.so+0x20a4cf]  JavaCalls::call(JavaValue*, methodHandle, JavaCallArguments*, Thread*)+0x2f
V  [libjvm.so+0x20a94a]  JavaCalls::call_virtual(JavaValue*, KlassHandle, symbolHandle, symbolHandle, JavaCallArguments*, Thread*)+0xea
V  [libjvm.so+0x20aaa8]  JavaCalls::call_virtual(JavaValue*, Handle, KlassHandle, symbolHandle, symbolHandle, Thread*)+0x58
V  [libjvm.so+0x23bfef]  thread_entry(JavaThread*, Thread*)+0x7f
V  [libjvm.so+0x3b085c]  JavaThread::thread_main_inner()+0x6c
V  [libjvm.so+0x3b0939]  JavaThread::run()+0xc9
V  [libjvm.so+0x303061]  java_start(Thread*)+0x121
C  [libpthread.so.0+0x5e99]  start_thread+0xd9


---------------  P R O C E S S  ---------------

Java Threads: ( => current thread )
  0x08de6400 JavaThread "Timer-1" daemon [_thread_blocked, id=29053, stack(0xb00f8000,0xb01f9000)]
  0x08dc2000 JavaThread "10503216@qtp-227990-1" [_thread_blocked, id=29052, stack(0xb01f9000,0xb02fa000)]
  0x08d3ac00 JavaThread "6339859@qtp-227990-0" [_thread_blocked, id=29051, stack(0xb02fa000,0xb03fb000)]
  0x08dccc00 JavaThread "JRebel License Expiration Notification Checker" [_thread_blocked, id=29047, stack(0xb03fb000,0xb04fc000)]
  0x08dc2800 JavaThread "JRebel Statistics Watcher" [_thread_blocked, id=29046, stack(0xb07ff000,0xb0900000)]
  0xb1e94000 JavaThread "MultiThreadedHttpConnectionManager cleanup" daemon [_thread_blocked, id=29043, stack(0xb04fc000,0xb05fd000)]
  0x08ce7400 JavaThread "Event Batch Processing (Spring UAA/1.0.2)" daemon [_thread_blocked, id=29042, stack(0xb05fd000,0xb06fe000)]
  0x08d33800 JavaThread "Synchronizer (Spring UAA/1.0.2)" daemon [_thread_blocked, id=29041, stack(0xb06fe000,0xb07ff000)]
  0x08beb800 JavaThread "Worker-11" [_thread_blocked, id=29031, stack(0xb0cfd000,0xb0dfe000)]
  0x08cc7c00 JavaThread "Worker-10" [_thread_blocked, id=29030, stack(0xb0dfe000,0xb0eff000)]
  0xb1ad0000 JavaThread "Worker-9" [_thread_blocked, id=29029, stack(0xb0eff000,0xb1000000)]
  0xb415bc00 JavaThread "JavaScript indexing" daemon [_thread_blocked, id=29026, stack(0xb10c2000,0xb11c3000)]
  0xb1e47c00 JavaThread "Thread-8" [_thread_blocked, id=29023, stack(0xb11c3000,0xb12c4000)]
  0xb41f6000 JavaThread "Worker-8" [_thread_blocked, id=29018, stack(0xb12c4000,0xb13c5000)]
  0x08d95c00 JavaThread "Worker-7" [_thread_blocked, id=29017, stack(0xb13c5000,0xb14c6000)]
  0x08f01400 JavaThread "Worker-6" [_thread_blocked, id=29016, stack(0xb14c6000,0xb15c7000)]
  0x08b81c00 JavaThread "Worker-5" [_thread_in_vm, id=29015, stack(0xb15c7000,0xb16c8000)]
  0x08d90c00 JavaThread "Worker-4" [_thread_blocked, id=29014, stack(0xb217d000,0xb227e000)]
  0x08c58400 JavaThread "Worker-3" [_thread_blocked, id=29013, stack(0xb24a2000,0xb25a3000)]
=>0xb1823c00 JavaThread "org.eclipse.jdt.internal.ui.text.JavaReconciler" daemon [_thread_in_Java, id=29003, stack(0xb16c8000,0xb17c9000)]
  0xb43be800 JavaThread "Timer-0" daemon [_thread_blocked, id=28990, stack(0xb1bfe000,0xb1cff000)]
  0x08b35800 JavaThread "Java indexing" daemon [_thread_blocked, id=28989, stack(0xb1cff000,0xb1e00000)]
  0x08b5f000 JavaThread "[ThreadPool Manager] - Idle Thread" daemon [_thread_blocked, id=28975, stack(0xb1fd1000,0xb20d2000)]
  0xb47b2400 JavaThread "Worker-2" [_thread_blocked, id=28963, stack(0xb22a0000,0xb23a1000)]
  0x08afb000 JavaThread "Worker-1" [_thread_blocked, id=28962, stack(0xb23a1000,0xb24a2000)]
  0xb478a800 JavaThread "Worker-0" [_thread_blocked, id=28957, stack(0xb25a3000,0xb26a4000)]
  0xb4bc9c00 JavaThread "Thread-1" daemon [_thread_blocked, id=28922, stack(0xb3afd000,0xb3bfe000)]
  0x08aca800 JavaThread "Worker-JM" [_thread_blocked, id=28919, stack(0xb38fb000,0xb39fc000)]
  0x08cd3000 JavaThread "[Timer] - Main Queue Handler" daemon [_thread_blocked, id=28918, stack(0xb39fc000,0xb3afd000)]
  0x08aeb000 JavaThread "Framework Event Dispatcher" daemon [_thread_blocked, id=28916, stack(0xb3bfe000,0xb3cff000)]
  0xb4105800 JavaThread "Start Level Event Dispatcher" daemon [_thread_blocked, id=28915, stack(0xb3cff000,0xb3e00000)]
  0xb416d400 JavaThread "Bundle File Closer" daemon [_thread_blocked, id=28889, stack(0xb3fff000,0xb4100000)]
  0xb4bb2400 JavaThread "State Data Manager" daemon [_thread_blocked, id=28886, stack(0xb44fe000,0xb45ff000)]
  0xb4bb4000 JavaThread "Framework Active Thread" [_thread_blocked, id=28885, stack(0xb45ff000,0xb4700000)]
  0xb4b00800 JavaThread "Low Memory Detector" daemon [_thread_blocked, id=28879, stack(0xb49ff000,0xb4b00000)]
  0x08abdc00 JavaThread "C1 CompilerThread0" daemon [_thread_blocked, id=28878, stack(0xb4c22000,0xb4ca3000)]
  0x08abc000 JavaThread "Signal Dispatcher" daemon [_thread_blocked, id=28877, stack(0xb4ca3000,0xb4da4000)]
  0x08ab5800 JavaThread "Finalizer" daemon [_thread_blocked, id=28876, stack(0xb4da4000,0xb4ea5000)]
  0x08ab4000 JavaThread "Reference Handler" daemon [_thread_blocked, id=28875, stack(0xb4ea5000,0xb4fa6000)]
  0x08a85c00 JavaThread "main" [_thread_blocked, id=28873, stack(0xbfc50000,0xbfd50000)]

Other Threads:
  0x08ab2000 VMThread [stack: 0xb4fa6000,0xb5027000] [id=28874]
  0xb4b03000 WatcherThread [stack: 0xb497e000,0xb49ff000] [id=28880]

VM state:synchronizing (normal execution)

VM Mutex/Monitor currently owned by a thread:  ([mutex/lock_event])
[0x08a839a0] Safepoint_lock - owner thread: 0x08ab2000
[0x08a83a08] Threads_lock - owner thread: 0x08ab2000

Heap
 def new generation   total 118016K, used 51939K [0x4b9a0000, 0x539a0000, 0x539a0000)
  eden space 104960K,  37% used [0x4b9a0000, 0x4e02b040, 0x52020000)
  from space 13056K,  95% used [0x52ce0000, 0x5390dbd0, 0x539a0000)
  to   space 13056K,   0% used [0x52020000, 0x52020000, 0x52ce0000)
 tenured generation   total 131072K, used 52998K [0x539a0000, 0x5b9a0000, 0x7b9a0000)
   the space 131072K,  40% used [0x539a0000, 0x56d61840, 0x56d61a00, 0x5b9a0000)
 compacting perm gen  total 131072K, used 65506K [0x7b9a0000, 0x839a0000, 0x939a0000)
   the space 131072K,  49% used [0x7b9a0000, 0x7f9988c8, 0x7f998a00, 0x839a0000)
    ro space 10240K,  73% used [0x939a0000, 0x94100688, 0x94100800, 0x943a0000)
    rw space 12288K,  60% used [0x943a0000, 0x94ae9038, 0x94ae9200, 0x94fa0000)

Code Cache  [0xb56c1000, 0xb5d19000, 0xb76c1000)
 total_blobs=2995 nmethods=2785 adapters=144 free_code_cache=26928128 largest_free_block=320

Dynamic libraries:
00110000-0011c000 r-xp 00000000 08:07 8390951    /tools/springsource/sts-2.7.1.RELEASE/plugins/org.eclipse.equinox.launcher.gtk.linux.x86_1.1.100.v20110505/eclipse_1407.so
0011c000-0011d000 rw-p 0000c000 08:07 8390951    /tools/springsource/sts-2.7.1.RELEASE/plugins/org.eclipse.equinox.launcher.gtk.linux.x86_1.1.100.v20110505/eclipse_1407.so
0011d000-001fc000 r-xp 00000000 08:07 2103656    /usr/lib/i386-linux-gnu/libstdc++.so.6.0.14
001fc000-00200000 r--p 000de000 08:07 2103656    /usr/lib/i386-linux-gnu/libstdc++.so.6.0.14
00200000-00201000 rw-p 000e2000 08:07 2103656    /usr/lib/i386-linux-gnu/libstdc++.so.6.0.14
00201000-00208000 rw-p 00000000 00:00 0 
00208000-0020f000 r-xp 00000000 08:07 3281435    /lib/i386-linux-gnu/librt-2.13.so
0020f000-00210000 r--p 00006000 08:07 3281435    /lib/i386-linux-gnu/librt-2.13.so
00210000-00211000 rw-p 00007000 08:07 3281435    /lib/i386-linux-gnu/librt-2.13.so
00211000-0021c000 r-xp 00000000 08:07 2631645    /usr/lib/jvm/java-6-openjdk/jre/lib/i386/libverify.so
0021c000-0021d000 ---p 0000b000 08:07 2631645    /usr/lib/jvm/java-6-openjdk/jre/lib/i386/libverify.so
0021d000-0021e000 r--p 0000b000 08:07 2631645    /usr/lib/jvm/java-6-openjdk/jre/lib/i386/libverify.so
0021e000-0021f000 rw-p 0000c000 08:07 2631645    /usr/lib/jvm/java-6-openjdk/jre/lib/i386/libverify.so
0021f000-00242000 r-xp 00000000 08:07 2631656    /usr/lib/jvm/java-6-openjdk/jre/lib/i386/libjava.so
00242000-00243000 r--p 00022000 08:07 2631656    /usr/lib/jvm/java-6-openjdk/jre/lib/i386/libjava.so
00243000-00245000 rw-p 00023000 08:07 2631656    /usr/lib/jvm/java-6-openjdk/jre/lib/i386/libjava.so
00245000-00258000 r-xp 00000000 08:07 3281432    /lib/i386-linux-gnu/libnsl-2.13.so
00258000-00259000 r--p 00012000 08:07 3281432    /lib/i386-linux-gnu/libnsl-2.13.so
00259000-0025a000 rw-p 00013000 08:07 3281432    /lib/i386-linux-gnu/libnsl-2.13.so
0025a000-0025c000 rw-p 00000000 00:00 0 
0025c000-00262000 r-xp 00000000 08:07 3281439    /lib/i386-linux-gnu/libnss_compat-2.13.so
00262000-00263000 r--p 00005000 08:07 3281439    /lib/i386-linux-gnu/libnss_compat-2.13.so
00263000-00264000 rw-p 00006000 08:07 3281439    /lib/i386-linux-gnu/libnss_compat-2.13.so
00264000-0026d000 r-xp 00000000 08:07 3281431    /lib/i386-linux-gnu/libnss_nis-2.13.so
0026d000-0026e000 r--p 00008000 08:07 3281431    /lib/i386-linux-gnu/libnss_nis-2.13.so
0026e000-0026f000 rw-p 00009000 08:07 3281431    /lib/i386-linux-gnu/libnss_nis-2.13.so
0026f000-00272000 r-xp 00000000 08:07 2103606    /usr/lib/i386-linux-gnu/libgthread-2.0.so.0.2800.6
00272000-00273000 r--p 00003000 08:07 2103606    /usr/lib/i386-linux-gnu/libgthread-2.0.so.0.2800.6
00273000-00274000 rw-p 00004000 08:07 2103606    /usr/lib/i386-linux-gnu/libgthread-2.0.so.0.2800.6
00274000-0027e000 r-xp 00000000 08:07 2103636    /usr/lib/i386-linux-gnu/libpangocairo-1.0.so.0.2800.4
0027e000-0027f000 r--p 00009000 08:07 2103636    /usr/lib/i386-linux-gnu/libpangocairo-1.0.so.0.2800.4
0027f000-00280000 rw-p 0000a000 08:07 2103636    /usr/lib/i386-linux-gnu/libpangocairo-1.0.so.0.2800.4
00280000-00282000 r-xp 00000000 08:07 2103592    /usr/lib/i386-linux-gnu/libgmodule-2.0.so.0.2800.6
00282000-00283000 r--p 00002000 08:07 2103592    /usr/lib/i386-linux-gnu/libgmodule-2.0.so.0.2800.6
00283000-00284000 rw-p 00003000 08:07 2103592    /usr/lib/i386-linux-gnu/libgmodule-2.0.so.0.2800.6
00284000-00291000 r-xp 00000000 08:07 2103535    /usr/lib/i386-linux-gnu/libXext.so.6.4.0
00291000-00292000 r--p 0000c000 08:07 2103535    /usr/lib/i386-linux-gnu/libXext.so.6.4.0
00292000-00293000 rw-p 0000d000 08:07 2103535    /usr/lib/i386-linux-gnu/libXext.so.6.4.0
00293000-00295000 r-xp 00000000 08:07 8650851    /tools/springsource/sts-2.7.1.RELEASE/configuration/org.eclipse.osgi/bundles/154/1/.cp/os/linux/x86/libunixfile_1_0_0.so
00295000-00296000 rw-p 00001000 08:07 8650851    /tools/springsource/sts-2.7.1.RELEASE/configuration/org.eclipse.osgi/bundles/154/1/.cp/os/linux/x86/libunixfile_1_0_0.so
00296000-0029c000 r-xp 00000000 08:07 2631637    /usr/lib/jvm/java-6-openjdk/jre/lib/i386/libzip.so
0029c000-0029d000 r--p 00005000 08:07 2631637    /usr/lib/jvm/java-6-openjdk/jre/lib/i386/libzip.so
0029d000-0029e000 rw-p 00006000 08:07 2631637    /usr/lib/jvm/java-6-openjdk/jre/lib/i386/libzip.so
0029e000-002e3000 r-xp 00000000 08:07 2103600    /usr/lib/i386-linux-gnu/libgobject-2.0.so.0.2800.6
002e3000-002e4000 r--p 00044000 08:07 2103600    /usr/lib/i386-linux-gnu/libgobject-2.0.so.0.2800.6
002e4000-002e5000 rw-p 00045000 08:07 2103600    /usr/lib/i386-linux-gnu/libgobject-2.0.so.0.2800.6
002e5000-00323000 r-xp 00000000 08:07 2103634    /usr/lib/i386-linux-gnu/libpango-1.0.so.0.2800.4
00323000-00324000 r--p 0003e000 08:07 2103634    /usr/lib/i386-linux-gnu/libpango-1.0.so.0.2800.4
00324000-00325000 rw-p 0003f000 08:07 2103634    /usr/lib/i386-linux-gnu/libpango-1.0.so.0.2800.4
00325000-00327000 r-xp 00000000 08:07 2103543    /usr/lib/i386-linux-gnu/libXinerama.so.1.0.0
00327000-00328000 r--p 00001000 08:07 2103543    /usr/lib/i386-linux-gnu/libXinerama.so.1.0.0
00328000-00329000 rw-p 00002000 08:07 2103543    /usr/lib/i386-linux-gnu/libXinerama.so.1.0.0
0032b000-0033e000 r-xp 00000000 08:07 3277716    /lib/i386-linux-gnu/libz.so.1.2.3.4
0033e000-0033f000 r--p 00012000 08:07 3277716    /lib/i386-linux-gnu/libz.so.1.2.3.4
0033f000-00340000 rw-p 00013000 08:07 3277716    /lib/i386-linux-gnu/libz.so.1.2.3.4
00340000-0035b000 r-xp 00000000 08:07 2101047    /usr/lib/libgdk_pixbuf-2.0.so.0.2300.3
0035b000-0035c000 r--p 0001a000 08:07 2101047    /usr/lib/libgdk_pixbuf-2.0.so.0.2300.3
0035c000-0035d000 rw-p 0001b000 08:07 2101047    /usr/lib/libgdk_pixbuf-2.0.so.0.2300.3
0035d000-0038a000 r-xp 00000000 08:07 2103581    /usr/lib/i386-linux-gnu/libfontconfig.so.1.4.4
0038a000-0038b000 r--p 0002c000 08:07 2103581    /usr/lib/i386-linux-gnu/libfontconfig.so.1.4.4
0038b000-0038c000 rw-p 0002d000 08:07 2103581    /usr/lib/i386-linux-gnu/libfontconfig.so.1.4.4
0038c000-00394000 r-xp 00000000 08:07 2103529    /usr/lib/i386-linux-gnu/libXcursor.so.1.0.2
00394000-00395000 r--p 00007000 08:07 2103529    /usr/lib/i386-linux-gnu/libXcursor.so.1.0.2
00395000-00396000 rw-p 00008000 08:07 2103529    /usr/lib/i386-linux-gnu/libXcursor.so.1.0.2
00399000-004fa000 r-xp 00000000 08:07 3281444    /lib/i386-linux-gnu/libc-2.13.so
004fa000-004fb000 ---p 00161000 08:07 3281444    /lib/i386-linux-gnu/libc-2.13.so
004fb000-004fd000 r--p 00161000 08:07 3281444    /lib/i386-linux-gnu/libc-2.13.so
004fd000-004fe000 rw-p 00163000 08:07 3281444    /lib/i386-linux-gnu/libc-2.13.so
004fe000-00501000 rw-p 00000000 00:00 0 
00501000-0050e000 r-xp 00000000 08:07 2103541    /usr/lib/i386-linux-gnu/libXi.so.6.1.0
0050e000-0050f000 r--p 0000c000 08:07 2103541    /usr/lib/i386-linux-gnu/libXi.so.6.1.0
0050f000-00510000 rw-p 0000d000 08:07 2103541    /usr/lib/i386-linux-gnu/libXi.so.6.1.0
00510000-00512000 r-xp 00000000 08:07 2103527    /usr/lib/i386-linux-gnu/libXcomposite.so.1.0.0
00512000-00513000 r--p 00001000 08:07 2103527    /usr/lib/i386-linux-gnu/libXcomposite.so.1.0.0
00513000-00514000 rw-p 00002000 08:07 2103527    /usr/lib/i386-linux-gnu/libXcomposite.so.1.0.0
00514000-00516000 r-xp 00000000 08:07 2103531    /usr/lib/i386-linux-gnu/libXdamage.so.1.1.0
00516000-00517000 r--p 00001000 08:07 2103531    /usr/lib/i386-linux-gnu/libXdamage.so.1.1.0
00517000-00518000 rw-p 00002000 08:07 2103531    /usr/lib/i386-linux-gnu/libXdamage.so.1.1.0
00518000-0051c000 r-xp 00000000 08:07 2103537    /usr/lib/i386-linux-gnu/libXfixes.so.3.1.0
0051c000-0051d000 r--p 00003000 08:07 2103537    /usr/lib/i386-linux-gnu/libXfixes.so.3.1.0
0051d000-0051e000 rw-p 00004000 08:07 2103537    /usr/lib/i386-linux-gnu/libXfixes.so.3.1.0
0051e000-00543000 r-xp 00000000 08:07 2103638    /usr/lib/i386-linux-gnu/libpangoft2-1.0.so.0.2800.4
00543000-00544000 ---p 00025000 08:07 2103638    /usr/lib/i386-linux-gnu/libpangoft2-1.0.so.0.2800.4
00544000-00545000 r--p 00025000 08:07 2103638    /usr/lib/i386-linux-gnu/libpangoft2-1.0.so.0.2800.4
00545000-00546000 rw-p 00026000 08:07 2103638    /usr/lib/i386-linux-gnu/libpangoft2-1.0.so.0.2800.4
00546000-0054c000 r-xp 00000000 08:07 2103667    /usr/lib/i386-linux-gnu/libxcb-render.so.0.0.0
0054c000-0054d000 r--p 00005000 08:07 2103667    /usr/lib/i386-linux-gnu/libxcb-render.so.0.0.0
0054d000-0054e000 rw-p 00006000 08:07 2103667    /usr/lib/i386-linux-gnu/libxcb-render.so.0.0.0
0054e000-00550000 r-xp 00000000 08:07 2103525    /usr/lib/i386-linux-gnu/libXau.so.6.0.0
00550000-00551000 r--p 00001000 08:07 2103525    /usr/lib/i386-linux-gnu/libXau.so.6.0.0
00551000-00552000 rw-p 00002000 08:07 2103525    /usr/lib/i386-linux-gnu/libXau.so.6.0.0
00552000-00556000 r-xp 00000000 08:07 2103533    /usr/lib/i386-linux-gnu/libXdmcp.so.6.0.0
00556000-00557000 r--p 00003000 08:07 2103533    /usr/lib/i386-linux-gnu/libXdmcp.so.6.0.0
00557000-00558000 rw-p 00004000 08:07 2103533    /usr/lib/i386-linux-gnu/libXdmcp.so.6.0.0
0055a000-00562000 r-xp 00000000 08:07 2103547    /usr/lib/i386-linux-gnu/libXrender.so.1.3.0
00562000-00563000 r--p 00007000 08:07 2103547    /usr/lib/i386-linux-gnu/libXrender.so.1.3.0
00563000-00564000 rw-p 00008000 08:07 2103547    /usr/lib/i386-linux-gnu/libXrender.so.1.3.0
00565000-00589000 r-xp 00000000 08:07 3281447    /lib/i386-linux-gnu/libm-2.13.so
00589000-0058a000 r--p 00023000 08:07 3281447    /lib/i386-linux-gnu/libm-2.13.so
0058a000-0058b000 rw-p 00024000 08:07 3281447    /lib/i386-linux-gnu/libm-2.13.so
0058b000-00660000 r-xp 00000000 08:07 3277665    /lib/i386-linux-gnu/libglib-2.0.so.0.2800.6
00660000-00661000 r--p 000d4000 08:07 3277665    /lib/i386-linux-gnu/libglib-2.0.so.0.2800.6
00661000-00662000 rw-p 000d5000 08:07 3277665    /lib/i386-linux-gnu/libglib-2.0.so.0.2800.6
00662000-006f7000 r-xp 00000000 08:07 2101045    /usr/lib/libgdk-x11-2.0.so.0.2400.4
006f7000-006f8000 ---p 00095000 08:07 2101045    /usr/lib/libgdk-x11-2.0.so.0.2400.4
006f8000-006fa000 r--p 00095000 08:07 2101045    /usr/lib/libgdk-x11-2.0.so.0.2400.4
006fa000-006fb000 rw-p 00097000 08:07 2101045    /usr/lib/libgdk-x11-2.0.so.0.2400.4
006fb000-0070c000 r-xp 00000000 08:07 3281443    /lib/i386-linux-gnu/libresolv-2.13.so
0070c000-0070d000 r--p 00010000 08:07 3281443    /lib/i386-linux-gnu/libresolv-2.13.so
0070d000-0070e000 rw-p 00011000 08:07 3281443    /lib/i386-linux-gnu/libresolv-2.13.so
0070e000-00710000 rw-p 00000000 00:00 0 
00710000-00729000 r-xp 00000000 08:07 3277704    /lib/i386-linux-gnu/libselinux.so.1
00729000-0072a000 r--p 00018000 08:07 3277704    /lib/i386-linux-gnu/libselinux.so.1
0072a000-0072b000 rw-p 00019000 08:07 3277704    /lib/i386-linux-gnu/libselinux.so.1
0072b000-00751000 r-xp 00000000 08:07 3277693    /lib/i386-linux-gnu/libexpat.so.1.5.2
00751000-00752000 ---p 00026000 08:07 3277693    /lib/i386-linux-gnu/libexpat.so.1.5.2
00752000-00754000 r--p 00026000 08:07 3277693    /lib/i386-linux-gnu/libexpat.so.1.5.2
00754000-00755000 rw-p 00028000 08:07 3277693    /lib/i386-linux-gnu/libexpat.so.1.5.2
00755000-00778000 r-xp 00000000 08:07 3277717    /lib/i386-linux-gnu/libpng12.so.0.44.0
00778000-00779000 r--p 00022000 08:07 3277717    /lib/i386-linux-gnu/libpng12.so.0.44.0
00779000-0077a000 rw-p 00023000 08:07 3277717    /lib/i386-linux-gnu/libpng12.so.0.44.0
0077b000-00785000 r-xp 00000000 08:07 3281425    /lib/i386-linux-gnu/libnss_files-2.13.so
00785000-00786000 r--p 00009000 08:07 3281425    /lib/i386-linux-gnu/libnss_files-2.13.so
00786000-00787000 rw-p 0000a000 08:07 3281425    /lib/i386-linux-gnu/libnss_files-2.13.so
00787000-00835000 r-xp 00000000 08:07 2100882    /usr/lib/libcairo.so.2.11000.2
00835000-00836000 ---p 000ae000 08:07 2100882    /usr/lib/libcairo.so.2.11000.2
00836000-00837000 r--p 000ae000 08:07 2100882    /usr/lib/libcairo.so.2.11000.2
00837000-00838000 rw-p 000af000 08:07 2100882    /usr/lib/libcairo.so.2.11000.2
00838000-0083a000 rw-p 00000000 00:00 0 
0083a000-00851000 r-xp 00000000 08:07 2103673    /usr/lib/i386-linux-gnu/libxcb.so.1.1.0
00851000-00852000 r--p 00016000 08:07 2103673    /usr/lib/i386-linux-gnu/libxcb.so.1.1.0
00852000-00853000 rw-p 00017000 08:07 2103673    /usr/lib/i386-linux-gnu/libxcb.so.1.1.0
00853000-0085b000 r-xp 00000000 08:07 2101255    /usr/lib/liboverlay-scrollbar-0.1.so.0.0.12
0085b000-0085c000 r--p 00007000 08:07 2101255    /usr/lib/liboverlay-scrollbar-0.1.so.0.0.12
0085c000-0085d000 rw-p 00008000 08:07 2101255    /usr/lib/liboverlay-scrollbar-0.1.so.0.0.12
0085d000-00861000 r-xp 00000000 08:07 2103450    /usr/lib/gtk-2.0/modules/libcanberra-gtk-module.so
00861000-00862000 r--p 00003000 08:07 2103450    /usr/lib/gtk-2.0/modules/libcanberra-gtk-module.so
00862000-00863000 rw-p 00004000 08:07 2103450    /usr/lib/gtk-2.0/modules/libcanberra-gtk-module.so
00865000-0087f000 r-xp 00000000 08:07 3277661    /lib/i386-linux-gnu/libgcc_s.so.1
0087f000-00880000 r--p 00019000 08:07 3277661    /lib/i386-linux-gnu/libgcc_s.so.1
00880000-00881000 rw-p 0001a000 08:07 3277661    /lib/i386-linux-gnu/libgcc_s.so.1
00881000-00884000 r-xp 00000000 08:07 2100890    /usr/lib/libcanberra-gtk.so.0.1.8
00884000-00885000 r--p 00002000 08:07 2100890    /usr/lib/libcanberra-gtk.so.0.1.8
00885000-00886000 rw-p 00003000 08:07 2100890    /usr/lib/libcanberra-gtk.so.0.1.8
00886000-00894000 r-xp 00000000 08:07 2100892    /usr/lib/libcanberra.so.0.2.5
00894000-00895000 r--p 0000d000 08:07 2100892    /usr/lib/libcanberra.so.0.2.5
00895000-00896000 rw-p 0000e000 08:07 2100892    /usr/lib/libcanberra.so.0.2.5
00896000-0089a000 rwxp 00000000 00:00 0 
0089a000-0089c000 r-xp 00000000 08:07 3281438    /lib/i386-linux-gnu/libdl-2.13.so
0089c000-0089d000 r--p 00001000 08:07 3281438    /lib/i386-linux-gnu/libdl-2.13.so
0089d000-0089e000 rw-p 00002000 08:07 3281438    /lib/i386-linux-gnu/libdl-2.13.so
0089e000-008b7000 r-xp 00000000 08:07 2103555    /usr/lib/i386-linux-gnu/libatk-1.0.so.0.9.1
008b7000-008b8000 ---p 00019000 08:07 2103555    /usr/lib/i386-linux-gnu/libatk-1.0.so.0.9.1
008b8000-008b9000 r--p 00019000 08:07 2103555    /usr/lib/i386-linux-gnu/libatk-1.0.so.0.9.1
008b9000-008ba000 rw-p 0001a000 08:07 2103555    /usr/lib/i386-linux-gnu/libatk-1.0.so.0.9.1
008ba000-008c1000 r-xp 00000000 08:07 2101257    /usr/lib/libvorbisfile.so.3.3.4
008c1000-008c2000 r--p 00006000 08:07 2101257    /usr/lib/libvorbisfile.so.3.3.4
008c2000-008c3000 rw-p 00007000 08:07 2101257    /usr/lib/libvorbisfile.so.3.3.4
008c3000-008d2000 r-xp 00000000 08:07 2101568    /usr/lib/libtdb.so.1.2.9
008d2000-008d3000 r--p 0000e000 08:07 2101568    /usr/lib/libtdb.so.1.2.9
008d3000-008d4000 rw-p 0000f000 08:07 2101568    /usr/lib/libtdb.so.1.2.9
008d4000-008db000 r-xp 00000000 08:07 2101318    /usr/lib/libltdl.so.7.2.1
008db000-008dc000 r--p 00006000 08:07 2101318    /usr/lib/libltdl.so.7.2.1
008dc000-008dd000 rw-p 00007000 08:07 2101318    /usr/lib/libltdl.so.7.2.1
008dd000-008e2000 r-xp 00000000 08:07 2101397    /usr/lib/libogg.so.0.7.0
008e2000-008e3000 r--p 00004000 08:07 2101397    /usr/lib/libogg.so.0.7.0
008e3000-008e4000 rw-p 00005000 08:07 2101397    /usr/lib/libogg.so.0.7.0
008e4000-008eb000 r-xp 00000000 08:07 2103428    /usr/lib/gtk-2.0/2.10.0/engines/libpixmap.so
008eb000-008ec000 ---p 00007000 08:07 2103428    /usr/lib/gtk-2.0/2.10.0/engines/libpixmap.so
008ec000-008ed000 r--p 00007000 08:07 2103428    /usr/lib/gtk-2.0/2.10.0/engines/libpixmap.so
008ed000-008ee000 rw-p 00008000 08:07 2103428    /usr/lib/gtk-2.0/2.10.0/engines/libpixmap.so
008ee000-008f1000 r-xp 00000000 08:07 2102834    /usr/lib/gdk-pixbuf-2.0/2.10.0/loaders/libpixbufloader-bmp.so
008f1000-008f2000 r--p 00002000 08:07 2102834    /usr/lib/gdk-pixbuf-2.0/2.10.0/loaders/libpixbufloader-bmp.so
008f2000-008f3000 rw-p 00003000 08:07 2102834    /usr/lib/gdk-pixbuf-2.0/2.10.0/loaders/libpixbufloader-bmp.so
008f3000-008f6000 r-xp 00000000 08:07 8520559    /tools/springsource/sts-2.7.1.RELEASE/configuration/org.eclipse.osgi/bundles/681/1/.cp/libswt-gtk-3735.so
008f6000-008f7000 rw-p 00002000 08:07 8520559    /tools/springsource/sts-2.7.1.RELEASE/configuration/org.eclipse.osgi/bundles/681/1/.cp/libswt-gtk-3735.so
008f7000-008f8000 rw-p 00000000 00:00 0 
008f9000-008ff000 r-xp 00000000 08:07 2103545    /usr/lib/i386-linux-gnu/libXrandr.so.2.2.0
008ff000-00900000 r--p 00005000 08:07 2103545    /usr/lib/i386-linux-gnu/libXrandr.so.2.2.0
00900000-00901000 rw-p 00006000 08:07 2103545    /usr/lib/i386-linux-gnu/libXrandr.so.2.2.0
00903000-00918000 r-xp 00000000 08:07 3281445    /lib/i386-linux-gnu/libpthread-2.13.so
00918000-00919000 r--p 00015000 08:07 3281445    /lib/i386-linux-gnu/libpthread-2.13.so
00919000-0091a000 rw-p 00016000 08:07 3281445    /lib/i386-linux-gnu/libpthread-2.13.so
0091a000-0091c000 rw-p 00000000 00:00 0 
0091c000-0099d000 r-xp 00000000 08:07 2100083    /usr/lib/i386-linux-gnu/libfreetype.so.6.6.2
0099d000-009a1000 r--p 00080000 08:07 2100083    /usr/lib/i386-linux-gnu/libfreetype.so.6.6.2
009a1000-009a2000 rw-p 00084000 08:07 2100083    /usr/lib/i386-linux-gnu/libfreetype.so.6.6.2
009a2000-009c7000 r-xp 00000000 08:07 2101261    /usr/lib/libvorbis.so.0.4.5
009c7000-009c8000 r--p 00025000 08:07 2101261    /usr/lib/libvorbis.so.0.4.5
009c8000-009c9000 rw-p 00026000 08:07 2101261    /usr/lib/libvorbis.so.0.4.5
009c9000-009d0000 r-xp 00000000 08:07 2631638    /usr/lib/jvm/java-6-openjdk/jre/lib/i386/libnio.so
009d0000-009d1000 r--p 00006000 08:07 2631638    /usr/lib/jvm/java-6-openjdk/jre/lib/i386/libnio.so
009d1000-009d2000 rw-p 00007000 08:07 2631638    /usr/lib/jvm/java-6-openjdk/jre/lib/i386/libnio.so
009d2000-009d4000 r-xp 00000000 08:07 2104013    /usr/lib/i386-linux-gnu/pango/1.6.0/modules/pango-basic-fc.so
009d4000-009d5000 r--p 00001000 08:07 2104013    /usr/lib/i386-linux-gnu/pango/1.6.0/modules/pango-basic-fc.so
009d5000-009d6000 rw-p 00002000 08:07 2104013    /usr/lib/i386-linux-gnu/pango/1.6.0/modules/pango-basic-fc.so
009d7000-009d9000 r-xp 00000000 08:07 2103671    /usr/lib/i386-linux-gnu/libxcb-shm.so.0.0.0
009d9000-009da000 r--p 00001000 08:07 2103671    /usr/lib/i386-linux-gnu/libxcb-shm.so.0.0.0
009da000-009db000 rw-p 00002000 08:07 2103671    /usr/lib/i386-linux-gnu/libxcb-shm.so.0.0.0
009db000-009df000 r-xp 00000000 08:07 2100818    /usr/lib/libXtst.so.6.1.0
009df000-009e0000 r--p 00003000 08:07 2100818    /usr/lib/libXtst.so.6.1.0
009e0000-009e1000 rw-p 00004000 08:07 2100818    /usr/lib/libXtst.so.6.1.0
009e1000-009e5000 r-xp 00000000 08:07 2102841    /usr/lib/gdk-pixbuf-2.0/2.10.0/loaders/libpixbufloader-png.so
009e5000-009e6000 r--p 00003000 08:07 2102841    /usr/lib/gdk-pixbuf-2.0/2.10.0/loaders/libpixbufloader-png.so
009e6000-009e7000 rw-p 00004000 08:07 2102841    /usr/lib/gdk-pixbuf-2.0/2.10.0/loaders/libpixbufloader-png.so
009e7000-009e9000 r-xp 00000000 08:07 3281426    /lib/i386-linux-gnu/libutil-2.13.so
009e9000-009ea000 r--p 00001000 08:07 3281426    /lib/i386-linux-gnu/libutil-2.13.so
009ea000-009eb000 rw-p 00002000 08:07 3281426    /lib/i386-linux-gnu/libutil-2.13.so
009ec000-009ed000 r-xp 00000000 00:00 0          [vdso]
009ed000-009f2000 r-xp 00000000 08:07 2102835    /usr/lib/gdk-pixbuf-2.0/2.10.0/loaders/libpixbufloader-gif.so
009f2000-009f3000 r--p 00004000 08:07 2102835    /usr/lib/gdk-pixbuf-2.0/2.10.0/loaders/libpixbufloader-gif.so
009f3000-009f4000 rw-p 00005000 08:07 2102835    /usr/lib/gdk-pixbuf-2.0/2.10.0/loaders/libpixbufloader-gif.so
009f6000-00a33000 r-xp 00000000 08:07 3277695    /lib/i386-linux-gnu/libpcre.so.3.12.1
00a33000-00a34000 r--p 0003c000 08:07 3277695    /lib/i386-linux-gnu/libpcre.so.3.12.1
00a34000-00a35000 rw-p 0003d000 08:07 3277695    /lib/i386-linux-gnu/libpcre.so.3.12.1
00a35000-00a39000 r-xp 00000000 08:07 2103435    /usr/lib/gtk-2.0/2.10.0/immodules/im-ibus.so
00a39000-00a3a000 r--p 00003000 08:07 2103435    /usr/lib/gtk-2.0/2.10.0/immodules/im-ibus.so
00a3a000-00a3b000 rw-p 00004000 08:07 2103435    /usr/lib/gtk-2.0/2.10.0/immodules/im-ibus.so
00a3b000-00a3d000 r-xp 00000000 08:07 2101436    /usr/lib/libplds4.so
00a3d000-00a3e000 r--p 00001000 08:07 2101436    /usr/lib/libplds4.so
00a3e000-00a3f000 rw-p 00002000 08:07 2101436    /usr/lib/libplds4.so
00a3f000-00a5b000 r-xp 00000000 08:07 3281434    /lib/i386-linux-gnu/ld-2.13.so
00a5b000-00a5c000 r--p 0001b000 08:07 3281434    /lib/i386-linux-gnu/ld-2.13.so
00a5c000-00a5d000 rw-p 0001c000 08:07 3281434    /lib/i386-linux-gnu/ld-2.13.so
00a5d000-00e99000 r-xp 00000000 08:07 2756789    /usr/lib/jvm/java-6-openjdk/jre/lib/i386/client/libjvm.so
00e99000-00eb0000 r--p 0043c000 08:07 2756789    /usr/lib/jvm/java-6-openjdk/jre/lib/i386/client/libjvm.so
00eb0000-00ebd000 rw-p 00453000 08:07 2756789    /usr/lib/jvm/java-6-openjdk/jre/lib/i386/client/libjvm.so
00ebd000-012d5000 rw-p 00000000 00:00 0 
012d5000-0130f000 r-xp 00000000 08:07 2101244    /usr/lib/libibus.so.2.0.0
0130f000-01310000 r--p 00039000 08:07 2101244    /usr/lib/libibus.so.2.0.0
01310000-01311000 rw-p 0003a000 08:07 2101244    /usr/lib/libibus.so.2.0.0
01311000-01326000 r-xp 00000000 08:07 2100776    /usr/lib/libdbusmenu-glib.so.3.0.14
01326000-01327000 r--p 00014000 08:07 2100776    /usr/lib/libdbusmenu-glib.so.3.0.14
01327000-01328000 rw-p 00015000 08:07 2100776    /usr/lib/libdbusmenu-glib.so.3.0.14
01328000-01335000 r-xp 00000000 08:07 2631634    /usr/lib/jvm/java-6-openjdk/jre/lib/i386/libj2pkcs11.so
01335000-01336000 r--p 0000c000 08:07 2631634    /usr/lib/jvm/java-6-openjdk/jre/lib/i386/libj2pkcs11.so
01336000-01337000 rw-p 0000d000 08:07 2631634    /usr/lib/jvm/java-6-openjdk/jre/lib/i386/libj2pkcs11.so
01337000-01442000 r-xp 00000000 08:07 2106198    /usr/lib/libnss3.so
01442000-01445000 r--p 0010a000 08:07 2106198    /usr/lib/libnss3.so
01445000-01447000 rw-p 0010d000 08:07 2106198    /usr/lib/libnss3.so
01447000-0145b000 r-xp 00000000 08:07 2106189    /usr/lib/libnssutil3.so
0145b000-0145c000 ---p 00014000 08:07 2106189    /usr/lib/libnssutil3.so
0145c000-0145f000 r--p 00014000 08:07 2106189    /usr/lib/libnssutil3.so
0145f000-01460000 rw-p 00017000 08:07 2106189    /usr/lib/libnssutil3.so
01460000-01497000 r-xp 00000000 08:07 2106195    /usr/lib/nss/libsoftokn3.so
01497000-01498000 r--p 00036000 08:07 2106195    /usr/lib/nss/libsoftokn3.so
01498000-01499000 rw-p 00037000 08:07 2106195    /usr/lib/nss/libsoftokn3.so
01886000-018ed000 r-xp 00000000 08:07 2101434    /usr/lib/libpixman-1.so.0.20.2
018ed000-018ee000 ---p 00067000 08:07 2101434    /usr/lib/libpixman-1.so.0.20.2
018ee000-018f1000 r--p 00067000 08:07 2101434    /usr/lib/libpixman-1.so.0.20.2
018f1000-018f2000 rw-p 0006a000 08:07 2101434    /usr/lib/libpixman-1.so.0.20.2
01a6e000-01aa9000 r-xp 00000000 08:07 3277696    /lib/i386-linux-gnu/libdbus-1.so.3.5.4
01aa9000-01aaa000 r--p 0003a000 08:07 3277696    /lib/i386-linux-gnu/libdbus-1.so.3.5.4
01aaa000-01aab000 rw-p 0003b000 08:07 3277696    /lib/i386-linux-gnu/libdbus-1.so.3.5.4
02052000-02150000 r-xp 00000000 08:07 2103590    /usr/lib/i386-linux-gnu/libgio-2.0.so.0.2800.6
02150000-02151000 ---p 000fe000 08:07 2103590    /usr/lib/i386-linux-gnu/libgio-2.0.so.0.2800.6
02151000-02153000 r--p 000fe000 08:07 2103590    /usr/lib/i386-linux-gnu/libgio-2.0.so.0.2800.6
02153000-02154000 rw-p 00100000 08:07 2103590    /usr/lib/i386-linux-gnu/libgio-2.0.so.0.2800.6
02154000-02155000 rw-p 00000000 00:00 0 
028a1000-028ce000 r-xp 00000000 08:07 2103427    /usr/lib/gtk-2.0/2.10.0/engines/libmurrine.so
028ce000-028cf000 r--p 0002c000 08:07 2103427    /usr/lib/gtk-2.0/2.10.0/engines/libmurrine.so
028cf000-028d0000 rw-p 0002d000 08:07 2103427    /usr/lib/gtk-2.0/2.10.0/engines/libmurrine.so
02954000-02977000 r-xp 00000000 08:07 2103027    /usr/lib/gio/modules/libgvfsdbus.so
02977000-02978000 r--p 00023000 08:07 2103027    /usr/lib/gio/modules/libgvfsdbus.so
02978000-02979000 rw-p 00024000 08:07 2103027    /usr/lib/gio/modules/libgvfsdbus.so
033d4000-033d6000 r-xp 00000000 08:07 3276868    /lib/libnss_mdns4_minimal.so.2
033d6000-033d7000 r--p 00001000 08:07 3276868    /lib/libnss_mdns4_minimal.so.2
033d7000-033d8000 rw-p 00002000 08:07 3276868    /lib/libnss_mdns4_minimal.so.2
036d7000-03721000 r-xp 00000000 08:07 2106192    /usr/lib/nss/libfreebl3.so
03721000-03722000 r--p 0004a000 08:07 2106192    /usr/lib/nss/libfreebl3.so
03722000-03723000 rw-p 0004b000 08:07 2106192    /usr/lib/nss/libfreebl3.so
03723000-03727000 rw-p 00000000 00:00 0 
0383d000-038c4000 r-xp 00000000 08:07 2103654    /usr/lib/i386-linux-gnu/libsqlite3.so.0.8.6
038c4000-038c5000 ---p 00087000 08:07 2103654    /usr/lib/i386-linux-gnu/libsqlite3.so.0.8.6
038c5000-038c6000 r--p 00087000 08:07 2103654    /usr/lib/i386-linux-gnu/libsqlite3.so.0.8.6
038c6000-038c7000 rw-p 00088000 08:07 2103654    /usr/lib/i386-linux-gnu/libsqlite3.so.0.8.6
038c7000-038c8000 rw-p 00000000 00:00 0 
0391d000-03930000 r-xp 00000000 08:07 2097683    /usr/lib/libgvfscommon.so.0.0.0
03930000-03931000 r--p 00012000 08:07 2097683    /usr/lib/libgvfscommon.so.0.0.0
03931000-03932000 rw-p 00013000 08:07 2097683    /usr/lib/libgvfscommon.so.0.0.0
039ca000-039ce000 r-xp 00000000 08:07 2103444    /usr/lib/gtk-2.0/2.10.0/menuproxies/libappmenu.so
039ce000-039cf000 r--p 00003000 08:07 2103444    /usr/lib/gtk-2.0/2.10.0/menuproxies/libappmenu.so
039cf000-039d0000 rw-p 00004000 08:07 2103444    /usr/lib/gtk-2.0/2.10.0/menuproxies/libappmenu.so
03eb9000-03ecc000 r-xp 00000000 08:07 2631651    /usr/lib/jvm/java-6-openjdk/jre/lib/i386/libnet.so
03ecc000-03ecd000 r--p 00013000 08:07 2631651    /usr/lib/jvm/java-6-openjdk/jre/lib/i386/libnet.so
03ecd000-03ece000 rw-p 00014000 08:07 2631651    /usr/lib/jvm/java-6-openjdk/jre/lib/i386/libnet.so
04e05000-04e0f000 r-xp 00000000 08:07 8520631    /tools/springsource/sts-2.7.1.RELEASE/configuration/org.eclipse.osgi/bundles/681/1/.cp/libswt-cairo-gtk-3735.so
04e0f000-04e10000 rw-p 00009000 08:07 8520631    /tools/springsource/sts-2.7.1.RELEASE/configuration/org.eclipse.osgi/bundles/681/1/.cp/libswt-cairo-gtk-3735.so
054a8000-055be000 r-xp 00000000 08:07 2103523    /usr/lib/i386-linux-gnu/libX11.so.6.3.0
055be000-055bf000 ---p 00116000 08:07 2103523    /usr/lib/i386-linux-gnu/libX11.so.6.3.0
055bf000-055c0000 r--p 00116000 08:07 2103523    /usr/lib/i386-linux-gnu/libX11.so.6.3.0
055c0000-055c2000 rw-p 00117000 08:07 2103523    /usr/lib/i386-linux-gnu/libX11.so.6.3.0
055c2000-055c3000 rw-p 00000000 00:00 0 
06c96000-06c9f000 r-xp 00000000 08:07 8520571    /tools/springsource/sts-2.7.1.RELEASE/configuration/org.eclipse.osgi/bundles/681/1/.cp/libswt-atk-gtk-3735.so
06c9f000-06ca0000 rw-p 00009000 08:07 8520571    /tools/springsource/sts-2.7.1.RELEASE/configuration/org.eclipse.osgi/bundles/681/1/.cp/libswt-atk-gtk-3735.so
06f8a000-06f8e000 r-xp 00000000 08:07 3281448    /lib/i386-linux-gnu/libnss_dns-2.13.so
06f8e000-06f8f000 r--p 00004000 08:07 3281448    /lib/i386-linux-gnu/libnss_dns-2.13.so
06f8f000-06f90000 rw-p 00005000 08:07 3281448    /lib/i386-linux-gnu/libnss_dns-2.13.so
07294000-07297000 r-xp 00000000 08:07 2101435    /usr/lib/libplc4.so
07297000-07298000 r--p 00002000 08:07 2101435    /usr/lib/libplc4.so
07298000-07299000 rw-p 00003000 08:07 2101435    /usr/lib/libplc4.so
07520000-078f1000 r-xp 00000000 08:07 2101187    /usr/lib/libgtk-x11-2.0.so.0.2400.4
078f1000-078f5000 r--p 003d0000 08:07 2101187    /usr/lib/libgtk-x11-2.0.so.0.2400.4
078f5000-078f7000 rw-p 003d4000 08:07 2101187    /usr/lib/libgtk-x11-2.0.so.0.2400.4
078f7000-078f9000 rw-p 00000000 00:00 0 
07a1a000-07a74000 r-xp 00000000 08:07 8520561    /tools/springsource/sts-2.7.1.RELEASE/configuration/org.eclipse.osgi/bundles/681/1/.cp/libswt-pi-gtk-3735.so
07a74000-07a76000 rw-p 0005a000 08:07 8520561    /tools/springsource/sts-2.7.1.RELEASE/configuration/org.eclipse.osgi/bundles/681/1/.cp/libswt-pi-gtk-3735.so
07a76000-07a77000 rw-p 00000000 00:00 0 
07c27000-07c35000 r-xp 00000000 08:07 2097493    /usr/lib/libdbusmenu-gtk.so.3.0.14
07c35000-07c36000 r--p 0000d000 08:07 2097493    /usr/lib/libdbusmenu-gtk.so.3.0.14
07c36000-07c37000 rw-p 0000e000 08:07 2097493    /usr/lib/libdbusmenu-gtk.so.3.0.14
08048000-0804c000 r-xp 00000000 08:07 8388779    /tools/springsource/sts-2.7.1.RELEASE/STS
0804c000-0804d000 rw-p 00003000 08:07 8388779    /tools/springsource/sts-2.7.1.RELEASE/STS
084de000-0850d000 r-xp 00000000 08:07 2101381    /usr/lib/libnspr4.so
0850d000-0850e000 r--p 0002e000 08:07 2101381    /usr/lib/libnspr4.so
0850e000-0850f000 rw-p 0002f000 08:07 2101381    /usr/lib/libnspr4.so
0850f000-08511000 rw-p 00000000 00:00 0 
08716000-08721000 r-xp 00000000 08:07 3277710    /lib/i386-linux-gnu/libudev.so.0.11.1
08721000-08722000 r--p 0000a000 08:07 3277710    /lib/i386-linux-gnu/libudev.so.0.11.1
08722000-08723000 rw-p 0000b000 08:07 3277710    /lib/i386-linux-gnu/libudev.so.0.11.1
08a7c000-08fe5000 rw-p 00000000 00:00 0          [heap]
4b9a0000-5b9a0000 rw-p 00000000 00:00 0 
5b9a0000-7b9a0000 rw-p 00000000 00:00 0 
7b9a0000-839a0000 rw-p 00000000 00:00 0 
839a0000-939a0000 rw-p 00000000 00:00 0 
939a0000-94101000 r--s 00001000 08:07 2756872    /usr/lib/jvm/java-6-openjdk/jre/lib/i386/client/classes.jsa
94101000-943a0000 rw-p 00000000 00:00 0 
943a0000-94aea000 rw-p 00762000 08:07 2756872    /usr/lib/jvm/java-6-openjdk/jre/lib/i386/client/classes.jsa
94aea000-94fa0000 rw-p 00000000 00:00 0 
94fa0000-9509c000 rw-p 00eac000 08:07 2756872    /usr/lib/jvm/java-6-openjdk/jre/lib/i386/client/classes.jsa
9509c000-953a0000 rw-p 00000000 00:00 0 
953a0000-953a8000 r-xs 00fa8000 08:07 2756872    /usr/lib/jvm/java-6-openjdk/jre/lib/i386/client/classes.jsa
953a8000-957a0000 rw-p 00000000 00:00 0 
b00f8000-b00fb000 ---p 00000000 00:00 0 
b00fb000-b01f9000 rw-p 00000000 00:00 0 
b01f9000-b01fc000 ---p 00000000 00:00 0 
b01fc000-b02fa000 rw-p 00000000 00:00 0 
b02fa000-b02fd000 ---p 00000000 00:00 0 
b02fd000-b03fb000 rw-p 00000000 00:00 0 
b03fb000-b03fe000 ---p 00000000 00:00 0 
b03fe000-b04fc000 rw-p 00000000 00:00 0 
b04fc000-b04ff000 ---p 00000000 00:00 0 
b04ff000-b05fd000 rw-p 00000000 00:00 0 
b05fd000-b0600000 ---p 00000000 00:00 0 
b0600000-b06fe000 rw-p 00000000 00:00 0 
b06fe000-b0701000 ---p 00000000 00:00 0 
b0701000-b07ff000 rw-p 00000000 00:00 0 
b07ff000-b0802000 ---p 00000000 00:00 0 
b0802000-b0900000 rw-p 00000000 00:00 0 
b0900000-b09d0000 rw-p 00000000 00:00 0 
b09d0000-b0a00000 ---p 00000000 00:00 0 
b0b00000-b0c00000 rw-p 00000000 00:00 0 
b0c38000-b0c4b000 r--s 0016f000 08:07 8389314    /tools/springsource/sts-2.7.1.RELEASE/plugins/org.aspectj.weaver_1.6.12.20110613132200/aspectjweaver.jar
b0cfd000-b0d00000 ---p 00000000 00:00 0 
b0d00000-b0dfe000 rw-p 00000000 00:00 0 
b0dfe000-b0e01000 ---p 00000000 00:00 0 
b0e01000-b0eff000 rw-p 00000000 00:00 0 
b0eff000-b0f02000 ---p 00000000 00:00 0 
b0f02000-b1000000 rw-p 00000000 00:00 0 
b1000000-b1024000 r--s 00174000 08:07 8389017    /tools/springsource/sts-2.7.1.RELEASE/plugins/org.springframework.roo.wrapping.bcprov-jdk15_1.45.0.0001.jar
b1024000-b106e000 r--s 003d4000 08:07 7349054    /home/adorsys/.m2/repository/org/hibernate/hibernate-core/4.1.0.Final/hibernate-core-4.1.0.Final.jar
b106e000-b10c2000 r--s 003ed000 08:07 7226330    /home/adorsys/.m2/repository/org/springframework/webflow/spring-js-resources/2.2.1.RELEASE/spring-js-resources-2.2.1.RELEASE.jar
b10c2000-b10c5000 ---p 00000000 00:00 0 
b10c5000-b11c3000 rw-p 00000000 00:00 0 
b11c3000-b11c6000 ---p 00000000 00:00 0 
b11c6000-b12c4000 rw-p 00000000 00:00 0 
b12c4000-b12c7000 ---p 00000000 00:00 0 
b12c7000-b13c5000 rw-p 00000000 00:00 0 
b13c5000-b13c8000 ---p 00000000 00:00 0 
b13c8000-b14c6000 rw-p 00000000 00:00 0 
b14c6000-b14c9000 ---p 00000000 00:00 0 
b14c9000-b15c7000 rw-p 00000000 00:00 0 
b15c7000-b15ca000 ---p 00000000 00:00 0 
b15ca000-b16c8000 rw-p 00000000 00:00 0 
b16c8000-b16cb000 ---p 00000000 00:00 0 
b16cb000-b17c9000 rw-p 00000000 00:00 0 
b17c9000-b1800000 r--p 00000000 08:07 3020147    /usr/share/fonts/truetype/ttf-dejavu/DejaVuSansMono-BoldOblique.ttf
b1800000-b18fc000 rw-p 00000000 00:00 0 
b18fc000-b1900000 ---p 00000000 00:00 0 
b191d000-b1924000 r--s 000b5000 08:07 6988822    /home/adorsys/.m2/repository/mysql/mysql-connector-java/5.1.13/mysql-connector-java-5.1.13.jar
b1924000-b195d000 r--p 00000000 08:07 3020148    /usr/share/fonts/truetype/ttf-dejavu/DejaVuSansMono-Oblique.ttf
b195d000-b19a7000 r--p 00000000 08:07 3017915    /usr/share/fonts/truetype/ttf-dejavu/DejaVuSansMono-Bold.ttf
b19a7000-b1a00000 r--p 00000000 08:07 3017955    /usr/share/fonts/truetype/ubuntu-font-family/Ubuntu-BI.ttf
b1a00000-b1b00000 rw-p 00000000 00:00 0 
b1b03000-b1b18000 r--s 000e1000 08:07 6988940    /home/adorsys/.m2/repository/net/sf/ehcache/ehcache-core/2.4.3/ehcache-core-2.4.3.jar
b1b18000-b1b78000 r--p 00000000 08:07 3017959    /usr/share/fonts/truetype/ubuntu-font-family/Ubuntu-RI.ttf
b1b78000-b1bcb000 r--p 00000000 08:07 3017954    /usr/share/fonts/truetype/ubuntu-font-family/Ubuntu-B.ttf
b1bcc000-b1bcf000 r--s 0001f000 08:07 7349142    /home/adorsys/.m2/repository/org/hibernate/hibernate-ehcache/4.1.0.Final/hibernate-ehcache-4.1.0.Final.jar
b1bcf000-b1bd4000 r--s 00014000 08:07 7349076    /home/adorsys/.m2/repository/org/hibernate/javax/persistence/hibernate-jpa-2.0-api/1.0.0.Final/hibernate-jpa-2.0-api-1.0.0.Final.jar
b1bd4000-b1bde000 r--s 0006b000 08:07 7349103    /home/adorsys/.m2/repository/org/hibernate/hibernate-entitymanager/4.1.0.Final/hibernate-entitymanager-4.1.0.Final.jar
b1bde000-b1be1000 r--s 00011000 08:07 7349135    /home/adorsys/.m2/repository/org/hibernate/common/hibernate-commons-annotations/4.0.1.Final/hibernate-commons-annotations-4.0.1.Final.jar
b1be1000-b1bea000 r--s 00096000 08:07 7230657    /home/adorsys/.m2/repository/org/javassist/javassist/3.15.0-GA/javassist-3.15.0-GA.jar
b1bea000-b1bef000 r--s 00016000 08:07 7224940    /home/adorsys/.m2/repository/xml-apis/xml-apis/1.0.b2/xml-apis-1.0.b2.jar
b1bef000-b1bf4000 r--s 00048000 08:07 7231327    /home/adorsys/.m2/repository/dom4j/dom4j/1.6.1/dom4j-1.6.1.jar
b1bf4000-b1bf7000 r--s 00011000 08:07 7226842    /home/adorsys/.m2/repository/org/springframework/security/spring-security-acl/3.0.5.RELEASE/spring-security-acl-3.0.5.RELEASE.jar
b1bf7000-b1bfe000 r--s 00035000 08:07 7226863    /home/adorsys/.m2/repository/org/springframework/security/spring-security-web/3.0.5.RELEASE/spring-security-web-3.0.5.RELEASE.jar
b1bfe000-b1c01000 ---p 00000000 00:00 0 
b1c01000-b1cff000 rw-p 00000000 00:00 0 
b1cff000-b1d02000 ---p 00000000 00:00 0 
b1d02000-b1e00000 rw-p 00000000 00:00 0 
b1e00000-b1efe000 rw-p 00000000 00:00 0 
b1efe000-b1f00000 ---p 00000000 00:00 0 
b1f00000-b1f0a000 r--s 00042000 08:07 7226911    /home/adorsys/.m2/repository/org/springframework/security/spring-security-core/3.0.5.RELEASE/spring-security-core-3.0.5.RELEASE.jar
b1f0a000-b1f0b000 r--s 00004000 08:07 7229645    /home/adorsys/.m2/repository/org/apache/tiles/tiles-template/2.2.1/tiles-template-2.2.1.jar
b1f0b000-b1f0d000 r--s 0000c000 08:07 7229770    /home/adorsys/.m2/repository/org/apache/tiles/tiles-servlet/2.2.1/tiles-servlet-2.2.1.jar
b1f0d000-b1f0f000 r--s 0000a000 08:07 7229705    /home/adorsys/.m2/repository/org/apache/tiles/tiles-jsp/2.2.1/tiles-jsp-2.2.1.jar
b1f0f000-b1f11000 r--s 00006000 08:07 7229678    /home/adorsys/.m2/repository/org/apache/tiles/tiles-api/2.2.1/tiles-api-2.2.1.jar
b1f11000-b1f15000 r--s 00022000 08:07 7229742    /home/adorsys/.m2/repository/org/apache/tiles/tiles-core/2.2.1/tiles-core-2.2.1.jar
b1f15000-b1f17000 r--s 0000d000 08:07 6988879    /home/adorsys/.m2/repository/commons-codec/commons-codec/1.4/commons-codec-1.4.jar
b1f17000-b1f1a000 r--s 00016000 08:07 7225104    /home/adorsys/.m2/repository/javax/servlet/jsp/jsp-api/2.1/jsp-api-2.1.jar
b1f1a000-b1f29000 r--s 00074000 08:07 7224802    /home/adorsys/.m2/repository/joda-time/joda-time/1.6/joda-time-1.6.jar
b1f29000-b1f2a000 r--s 00005000 08:07 7225170    /home/adorsys/.m2/repository/javax/el/el-api/1.0/el-api-1.0.jar
b1f2a000-b1f33000 r--s 00057000 08:07 7230581    /home/adorsys/.m2/repository/org/glassfish/web/jstl-impl/1.2/jstl-impl-1.2.jar
b1f33000-b1f35000 r--s 00006000 08:07 7225124    /home/adorsys/.m2/repository/javax/servlet/jsp/jstl/jstl-api/1.2/jstl-api-1.2.jar
b1f35000-b1f38000 r--s 0000c000 08:07 7223793    /home/adorsys/.m2/repository/commons-fileupload/commons-fileupload/1.2.1/commons-fileupload-1.2.1.jar
b1f38000-b1f3d000 r--s 00034000 08:07 7224824    /home/adorsys/.m2/repository/commons-beanutils/commons-beanutils/1.8.0/commons-beanutils-1.8.0.jar
b1f3d000-b1f41000 r--s 00021000 08:07 7223834    /home/adorsys/.m2/repository/commons-digester/commons-digester/2.0/commons-digester-2.0.jar
b1f41000-b1f4a000 r--s 0005e000 08:07 7225969    /home/adorsys/.m2/repository/org/springframework/spring-webmvc/3.0.5.RELEASE/spring-webmvc-3.0.5.RELEASE.jar
b1f4a000-b1f54000 r--s 00057000 08:07 7226574    /home/adorsys/.m2/repository/org/springframework/spring-web/3.0.5.RELEASE/spring-web-3.0.5.RELEASE.jar
b1f54000-b1f57000 r--s 00022000 08:07 7225077    /home/adorsys/.m2/repository/commons-dbcp/commons-dbcp/1.3/commons-dbcp-1.3.jar
b1f57000-b1f65000 r--s 000b0000 08:07 7345422    /home/adorsys/.m2/repository/org/codehaus/jackson/jackson-mapper-asl/1.9.4/jackson-mapper-asl-1.9.4.jar
b1f65000-b1f69000 r--s 00034000 08:07 7345448    /home/adorsys/.m2/repository/org/codehaus/jackson/jackson-core-asl/1.9.4/jackson-core-asl-1.9.4.jar
b1f69000-b1f71000 r--s 0004a000 08:07 7227015    /home/adorsys/.m2/repository/org/springframework/spring-orm/3.0.5.RELEASE/spring-orm-3.0.5.RELEASE.jar
b1f71000-b1f7b000 r--s 00055000 08:07 7227109    /home/adorsys/.m2/repository/org/springframework/spring-jdbc/3.0.5.RELEASE/spring-jdbc-3.0.5.RELEASE.jar
b1f7b000-b1f81000 r--s 00049000 08:07 7224607    /home/adorsys/.m2/repository/cglib/cglib-nodep/2.2/cglib-nodep-2.2.jar
b1f81000-b1f84000 r--s 00009000 08:07 7225243    /home/adorsys/.m2/repository/javax/validation/validation-api/1.0.0.GA/validation-api-1.0.0.GA.jar
b1f84000-b1f8b000 r--s 00040000 08:07 7349128    /home/adorsys/.m2/repository/org/hibernate/hibernate-validator/4.1.0.Final/hibernate-validator-4.1.0.Final.jar
b1f8b000-b1fd1000 r--s 00389000 08:07 7231452    /home/adorsys/.m2/repository/jasperreports/jasperreports/4.7.0/jasperreports-4.7.0.jar
b1fd1000-b1fd4000 ---p 00000000 00:00 0 
b1fd4000-b20d2000 rw-p 00000000 00:00 0 
b20d2000-b20f3000 r--s 00175000 08:07 8391158    /tools/springsource/sts-2.7.1.RELEASE/plugins/org.eclipse.mylyn.tasks.ui_3.6.0.v20110608-1400.jar
b20f3000-b20f6000 rw-s 00000000 00:04 4685842    /SYSV00000000 (deleted)
b20f8000-b2104000 r--s 0007c000 08:07 7226345    /home/adorsys/.m2/repository/org/springframework/spring-beans/3.0.5.RELEASE/spring-beans-3.0.5.RELEASE.jar
b2104000-b2116000 r--s 00092000 08:07 7226174    /home/adorsys/.m2/repository/org/springframework/spring-context/3.0.5.RELEASE/spring-context-3.0.5.RELEASE.jar
b2116000-b212c000 r--s 00187000 08:07 7230222    /home/adorsys/.m2/repository/org/aspectj/aspectjweaver/1.6.11/aspectjweaver-1.6.11.jar
b212c000-b216b000 r--s 00568000 08:07 7224356    /home/adorsys/.m2/repository/com/ibm/icu/icu4j/4.6/icu4j-4.6.jar
b216b000-b217d000 r--s 000d8000 08:07 8389647    /tools/springsource/sts-2.7.1.RELEASE/plugins/org.maven.ide.eclipse_0.12.1.20110112-1712.jar
b217d000-b2180000 ---p 00000000 00:00 0 
b2180000-b227e000 rw-p 00000000 00:00 0 
b227e000-b2285000 r--s 00032000 08:07 7225871    /home/adorsys/.m2/repository/org/springframework/spring-tx/3.0.5.RELEASE/spring-tx-3.0.5.RELEASE.jar
b2285000-b22a0000 r--s 0015d000 08:07 7229380    /home/adorsys/.m2/repository/org/apache/poi/poi/3.6/poi-3.6.jar
b22a0000-b22a3000 ---p 00000000 00:00 0 
b22a3000-b23a1000 rw-p 00000000 00:00 0 
b23a1000-b23a4000 ---p 00000000 00:00 0 
b23a4000-b24a2000 rw-p 00000000 00:00 0 
b24a2000-b24a5000 ---p 00000000 00:00 0 
b24a5000-b25a3000 rw-p 00000000 00:00 0 
b25a3000-b25a6000 ---p 00000000 00:00 0 
b25a6000-b26a4000 rw-p 00000000 00:00 0 
b26a4000-b26a5000 ---p 00000000 00:00 0 
b26a5000-b2ea5000 rw-p 00000000 00:00 0 
b2ea5000-b2ea6000 ---p 00000000 00:00 0 
b2ea6000-b36a6000 rw-p 00000000 00:00 0 
b36a6000-b3735000 r--p 00000000 08:07 3017913    /usr/share/fonts/truetype/ttf-dejavu/DejaVuSans-Bold.ttf
b3735000-b375d000 r--s 00214000 08:07 8391555    /tools/springsource/sts-2.7.1.RELEASE/plugins/org.eclipse.ui.ide_3.7.0.I20110519-0100.jar
b375d000-b37bd000 rw-s 00000000 00:04 4620303    /SYSV00000000 (deleted)
b37bd000-b380c000 r--p 00000000 08:07 3017916    /usr/share/fonts/truetype/ttf-dejavu/DejaVuSansMono.ttf
b380c000-b3864000 r--p 00000000 08:07 3017958    /usr/share/fonts/truetype/ubuntu-font-family/Ubuntu-R.ttf
b3864000-b3865000 r--s 00000000 08:07 2890513    /var/cache/fontconfig/26de28bc8622bbc1fb67fd234c21975f-le32d4.cache-3
b3865000-b3866000 r--s 00000000 08:07 2888496    /var/cache/fontconfig/c05880de57d1f5e948fdfacc138775d9-le32d4.cache-3
b3866000-b386c000 r--s 00000000 08:07 2888493    /var/cache/fontconfig/945677eb7aeaf62f1d50efc3fb3ec7d8-le32d4.cache-3
b386c000-b386e000 r--s 00000000 08:07 2888494    /var/cache/fontconfig/99e8ed0e538f840c565b6ed5dad60d56-le32d4.cache-3
b386e000-b3871000 r--s 00000000 08:07 2888504    /var/cache/fontconfig/e383d7ea5fbe662a33d9b44caf393297-le32d4.cache-3
b3871000-b3876000 r--s 00000000 08:07 2890514    /var/cache/fontconfig/401a5dd6b567794a1d18dd9342dfa604-le32d4.cache-3
b3876000-b3878000 r--s 00000000 08:07 2888481    /var/cache/fontconfig/2cd17615ca594fa2959ae173292e504c-le32d4.cache-3
b3878000-b3879000 r--s 00000000 08:07 2888505    /var/cache/fontconfig/e7071f4a29fa870f4323321c154eba04-le32d4.cache-3
b3879000-b387c000 r--s 00000000 08:07 2888490    /var/cache/fontconfig/6eb3985aa4124903f6ff08ba781cd364-le32d4.cache-3
b387c000-b387d000 r--s 00000000 08:07 2888485    /var/cache/fontconfig/4c73fe0c47614734b17d736dbde7580a-le32d4.cache-3
b387d000-b387e000 r--s 00000000 08:07 2888478    /var/cache/fontconfig/0d8c3b2ac0904cb8a57a757ad11a4a08-le32d4.cache-3
b387e000-b387f000 r--s 00000000 08:07 2888488    /var/cache/fontconfig/6a53c69dea097a2d716e069445527da8-le32d4.cache-3
b387f000-b3883000 r--s 00000000 08:07 2888495    /var/cache/fontconfig/a755afe4a08bf5b97852ceb7400b47bc-le32d4.cache-3
b3883000-b3887000 r--s 00000000 08:07 2890521    /var/cache/fontconfig/515ca1ebc4b18308bea979be5704f9db-le32d4.cache-3
b3887000-b388e000 r--s 00000000 08:07 2887294    /var/cache/fontconfig/6d41288fd70b0be22e8c3a91e032eec0-le32d4.cache-3
b388e000-b3899000 r--s 00000000 08:07 2888479    /var/cache/fontconfig/0f34bcd4b6ee430af32735b75db7f02b-le32d4.cache-3
b3899000-b389c000 r--s 00000000 08:07 2888501    /var/cache/fontconfig/d60319d88cac85ba9e1a07bd06cfbb8c-le32d4.cache-3
b389c000-b389d000 r--s 00000000 08:07 2885530    /var/cache/fontconfig/4794a0821666d79190d59a36cb4f44b5-le32d4.cache-3
b389d000-b38bf000 r--s 00000000 08:07 2890531    /var/cache/fontconfig/365b55f210c0a22e9a19e35191240f32-le32d4.cache-3
b38bf000-b38fb000 r--s 00626000 08:07 8391048    /tools/springsource/sts-2.7.1.RELEASE/plugins/com.ibm.icu_4.4.2.v20110208.jar
b38fb000-b38fe000 ---p 00000000 00:00 0 
b38fe000-b39fc000 rw-p 00000000 00:00 0 
b39fc000-b39ff000 ---p 00000000 00:00 0 
b39ff000-b3afd000 rw-p 00000000 00:00 0 
b3afd000-b3b00000 ---p 00000000 00:00 0 
b3b00000-b3bfe000 rw-p 00000000 00:00 0 
b3bfe000-b3c01000 ---p 00000000 00:00 0 
b3c01000-b3cff000 rw-p 00000000 00:00 0 
b3cff000-b3d02000 ---p 00000000 00:00 0 
b3d02000-b3e00000 rw-p 00000000 00:00 0 
b3e00000-b3eff000 rw-p 00000000 00:00 0 
b3eff000-b3f00000 ---p 00000000 00:00 0 
b3f00000-b3f03000 r--s 0002b000 08:07 7226822    /home/adorsys/.m2/repository/org/springframework/security/spring-security-config/3.0.5.RELEASE/spring-security-config-3.0.5.RELEASE.jar
b3f03000-b3f0c000 r--s 00046000 08:07 7226017    /home/adorsys/.m2/repository/org/springframework/spring-aop/3.0.5.RELEASE/spring-aop-3.0.5.RELEASE.jar
b3f0c000-b3f14000 r--s 00000000 08:07 2888500    /var/cache/fontconfig/d52a8644073d54c13679302ca1180695-le32d4.cache-3
b3f14000-b3f16000 r--s 00000000 08:07 2885899    /var/cache/fontconfig/e13b20fdb08344e0e664864cc2ede53d-le32d4.cache-3
b3f16000-b3f19000 r--s 00000000 08:07 2890504    /var/cache/fontconfig/7ef2298fde41cc6eeb7af42e48b7d293-le32d4.cache-3
b3f19000-b3f60000 r--s 003b2000 08:07 8389511    /tools/springsource/sts-2.7.1.RELEASE/plugins/org.eclipse.ui.workbench_3.7.0.I20110519-0100.jar
b3f62000-b3f68000 r--s 0002d000 08:07 7226442    /home/adorsys/.m2/repository/org/springframework/spring-test/3.0.5.RELEASE/spring-test-3.0.5.RELEASE.jar
b3f68000-b3f8b000 r--s 00160000 08:07 7223875    /home/adorsys/.m2/repository/bouncycastle/bcprov-jdk14/139/bcprov-jdk14-139.jar
b3f8b000-b3f95000 r--s 000d3000 08:07 2631143    /usr/lib/jvm/java-6-openjdk/jre/lib/rhino.jar
b3f95000-b3fa3000 r--s 00351000 08:07 2631114    /usr/lib/jvm/java-6-openjdk/jre/lib/charsets.jar
b3fa3000-b3fd6000 r--s 00502000 08:07 8389659    /tools/springsource/sts-2.7.1.RELEASE/plugins/org.aspectj.ajde_1.6.12.20110613132200/ajde.jar
b3fd6000-b3fff000 r--s 0042e000 08:07 8390904    /tools/springsource/sts-2.7.1.RELEASE/plugins/org.eclipse.jdt.core_3.7.0.v_B61.jar
b3fff000-b4002000 ---p 00000000 00:00 0 
b4002000-b4100000 rw-p 00000000 00:00 0 
b4100000-b41f9000 rw-p 00000000 00:00 0 
b41f9000-b4200000 ---p 00000000 00:00 0 
b4200000-b4227000 r--s 0032c000 08:07 8398338    /tools/springsource/sts-2.7.1.RELEASE/plugins/org.eclipse.wst.jsdt.core_1.1.102.v201111090634.jar
b4227000-b422b000 r--s 00026000 08:07 7226096    /home/adorsys/.m2/repository/org/springframework/spring-expression/3.0.5.RELEASE/spring-expression-3.0.5.RELEASE.jar
b422b000-b4234000 r--s 00055000 08:07 7226702    /home/adorsys/.m2/repository/org/springframework/spring-core/3.0.5.RELEASE/spring-core-3.0.5.RELEASE.jar
b4234000-b4236000 r--s 00003000 08:07 7226256    /home/adorsys/.m2/repository/org/springframework/roo/org.springframework.roo.annotations/1.1.5.RELEASE/org.springframework.roo.annotations-1.1.5.RELEASE.jar
b4236000-b4238000 r--s 00012000 08:07 6988911    /home/adorsys/.m2/repository/net/sf/flexjson/flexjson/2.1/flexjson-2.1.jar
b4238000-b423c000 r--s 00019000 08:07 7230259    /home/adorsys/.m2/repository/org/aspectj/aspectjrt/1.6.11/aspectjrt-1.6.11.jar
b423c000-b4250000 r--s 000f3000 08:07 8391061    /tools/springsource/sts-2.7.1.RELEASE/plugins/org.eclipse.jface_3.7.0.I20110522-1430.jar
b4250000-b4255000 r--s 00068000 08:07 7223814    /home/adorsys/.m2/repository/antlr/antlr/2.7.7/antlr-2.7.7.jar
b4255000-b4263000 r--s 0007f000 08:07 7093905    /home/adorsys/.m2/repository/commons-collections/commons-collections/3.2.1/commons-collections-3.2.1.jar
b4265000-b4266000 r--s 00004000 08:07 7345398    /home/adorsys/.m2/repository/org/codehaus/jackson/jackson-jaxrs/1.9.4/jackson-jaxrs-1.9.4.jar
b4266000-b4269000 r--s 00015000 08:07 7225061    /home/adorsys/.m2/repository/commons-pool/commons-pool/1.5.4/commons-pool-1.5.4.jar
b4269000-b426c000 r--s 00016000 08:07 7226531    /home/adorsys/.m2/repository/org/springframework/spring-context-support/3.0.5.RELEASE/spring-context-support-3.0.5.RELEASE.jar
b426f000-b4271000 r--s 0000d000 08:07 7230946    /home/adorsys/.m2/repository/org/jboss/logging/jboss-logging/3.1.0.CR2/jboss-logging-3.1.0.CR2.jar
b427b000-b427e000 r--s 00013000 08:07 6988666    /home/adorsys/.m2/repository/commons-io/commons-io/1.3.2/commons-io-1.3.2.jar
b427e000-b4287000 r--s 0006d000 08:07 6988710    /home/adorsys/.m2/repository/log4j/log4j/1.2.16/log4j-1.2.16.jar
b4292000-b4298000 r--s 00034000 08:07 7224700    /home/adorsys/.m2/repository/junit/junit/4.8.2/junit-4.8.2.jar
b4298000-b42a3000 r--s 0008a000 08:07 6988767    /home/adorsys/.m2/repository/c3p0/c3p0/0.9.1.1/c3p0-0.9.1.1.jar
b42a3000-b42c4000 r--s 0015a000 08:07 7227298    /home/adorsys/.m2/repository/org/bouncycastle/bcprov-jdk14/1.38/bcprov-jdk14-1.38.jar
b42c4000-b42d0000 r--s 0007a000 08:07 8391233    /tools/springsource/sts-2.7.1.RELEASE/plugins/org.maven.ide.eclipse.maven_embedder_0.12.1.20110112-1712/jars/maven-core-3.0.2.jar
b42d1000-b42da000 r--s 00081000 08:07 7230456    /home/adorsys/.m2/repository/org/quartz-scheduler/quartz/2.1.6/quartz-2.1.6.jar
b42da000-b42e1000 r--s 000fb000 08:07 2631116    /usr/lib/jvm/java-6-openjdk/jre/lib/resources.jar
b42e1000-b42e3000 r--s 00018000 08:07 7225141    /home/adorsys/.m2/repository/javax/servlet/servlet-api/2.5/servlet-api-2.5.jar
b42e3000-b42e5000 r--s 00003000 08:07 7346522    /home/adorsys/.m2/repository/org/slf4j/jcl-over-slf4j/1.6.1/jcl-over-slf4j-1.6.1.jar
b42e5000-b42e7000 r--s 00005000 08:07 7346409    /home/adorsys/.m2/repository/org/slf4j/slf4j-api/1.6.1/slf4j-api-1.6.1.jar
b42e7000-b42e8000 r--s 00004000 08:07 7093773    /home/adorsys/.m2/repository/net/sf/opencsv/opencsv/2.3/opencsv-2.3.jar
b42e8000-b42eb000 r--s 0000d000 08:07 7093935    /home/adorsys/.m2/repository/avalon-framework/avalon-framework/4.1.3/avalon-framework-4.1.3.jar
b42eb000-b42f7000 r--s 000aa000 08:07 7093792    /home/adorsys/.m2/repository/net/sourceforge/jexcelapi/jxl/2.6.10/jxl-2.6.10.jar
b42f7000-b42fc000 r--s 0002b000 08:07 7223867    /home/adorsys/.m2/repository/bouncycastle/bcmail-jdk14/139/bcmail-jdk14-139.jar
b42fc000-b4300000 r--s 0002b000 08:07 7227291    /home/adorsys/.m2/repository/org/bouncycastle/bcmail-jdk14/1.38/bcmail-jdk14-1.38.jar
b4300000-b43ff000 rw-p 00000000 00:00 0 
b43ff000-b4400000 ---p 00000000 00:00 0 
b4400000-b440c000 r--s 00108000 08:07 7223897    /home/adorsys/.m2/repository/com/lowagie/itext/2.1.7/itext-2.1.7.jar
b440c000-b440f000 r--s 0000a000 08:07 7227411    /home/adorsys/.m2/repository/org/apache/commons/commons-exec/1.0.1/commons-exec-1.0.1.jar
b440f000-b4413000 r--s 0003c000 08:07 7231379    /home/adorsys/.m2/repository/commons-lang/commons-lang/2.4/commons-lang-2.4.jar
b4417000-b441e000 r--s 00052000 08:07 8398351    /tools/springsource/sts-2.7.1.RELEASE/plugins/org.eclipse.wst.server.core_1.1.304.v20120208_1420.jar
b441e000-b4425000 r--s 00082000 08:07 8391644    /tools/springsource/sts-2.7.1.RELEASE/plugins/org.mortbay.jetty.server_6.1.23.v201012071420.jar
b4425000-b4434000 r--s 000b1000 08:07 8391236    /tools/springsource/sts-2.7.1.RELEASE/plugins/org.maven.ide.eclipse.maven_embedder_0.12.1.20110112-1712/jars/netty-3.2.3.Final.jar
b4434000-b4438000 r--s 0001c000 08:07 8390935    /tools/springsource/sts-2.7.1.RELEASE/plugins/org.eclipse.equinox.p2.repository_2.1.0.v20110601.jar
b4438000-b4439000 r--s 00002000 08:07 7344714    /home/adorsys/.m2/repository/org/jboss/spec/javax/transaction/jboss-transaction-api_1.1_spec/1.0.0.Final/jboss-transaction-api_1.1_spec-1.0.0.Final.jar
b443c000-b4441000 r--s 00039000 08:07 8391357    /tools/springsource/sts-2.7.1.RELEASE/plugins/ch.qos.logback.classic_0.9.27.v20110224-1110.jar
b4441000-b4445000 r--s 0001b000 08:07 8391319    /tools/springsource/sts-2.7.1.RELEASE/plugins/org.eclipse.mylyn.team.ui_3.6.0.v20110608-1400.jar
b4445000-b444c000 r--s 0004a000 08:07 8390878    /tools/springsource/sts-2.7.1.RELEASE/plugins/ch.qos.logback.core_0.9.27.v20110224-1110.jar
b444c000-b4455000 r--s 0005b000 08:07 8391130    /tools/springsource/sts-2.7.1.RELEASE/plugins/org.eclipse.mylyn.tasks.core_3.6.0.v20110608-1400.jar
b4455000-b445e000 r--s 00058000 08:07 8391205    /tools/springsource/sts-2.7.1.RELEASE/plugins/org.eclipse.team.core_3.6.0.I20110525-0800.jar
b4461000-b4465000 r--s 0002c000 08:07 8389167    /tools/springsource/sts-2.7.1.RELEASE/plugins/org.mortbay.jetty.util_6.1.23.v201012071420.jar
b4465000-b4470000 r--s 0006a000 08:07 8391268    /tools/springsource/sts-2.7.1.RELEASE/plugins/org.maven.ide.eclipse.maven_embedder_0.12.1.20110112-1712/jars/sisu-guice-2.9.1-noaop.jar
b4470000-b4472000 r--s 00013000 08:07 2631144    /usr/lib/jvm/java-6-openjdk/jre/lib/jce.jar
b4472000-b4473000 r--s 0000c000 08:07 7226638    /home/adorsys/.m2/repository/org/springframework/spring-asm/3.0.5.RELEASE/spring-asm-3.0.5.RELEASE.jar
b4473000-b4478000 r--s 00020000 08:07 8391258    /tools/springsource/sts-2.7.1.RELEASE/plugins/org.maven.ide.eclipse.maven_embedder_0.12.1.20110112-1712/jars/maven-model-builder-3.0.2.jar
b4478000-b447d000 r--s 00018000 08:07 8391273    /tools/springsource/sts-2.7.1.RELEASE/plugins/org.maven.ide.eclipse.maven_embedder_0.12.1.20110112-1712/jars/guice-plexus-shim-1.4.3.1.jar
b447d000-b4481000 r--s 00033000 08:07 8391246    /tools/springsource/sts-2.7.1.RELEASE/plugins/org.maven.ide.eclipse.maven_embedder_0.12.1.20110112-1712/jars/plexus-utils-2.0.5.jar
b4481000-b4489000 r--s 0004d000 08:07 8389199    /tools/springsource/sts-2.7.1.RELEASE/plugins/org.eclipse.debug.core_3.7.0.v20110518.jar
b4489000-b4495000 r--s 00097000 08:07 8391153    /tools/springsource/sts-2.7.1.RELEASE/plugins/org.maven.ide.eclipse.nexus_indexer_0.12.1.20110112-1712/jars/lucene-core-2.3.2.jar
b4495000-b4496000 r--s 00004000 08:07 7226890    /home/adorsys/.m2/repository/org/springframework/security/spring-security-taglibs/3.0.5.RELEASE/spring-security-taglibs-3.0.5.RELEASE.jar
b4496000-b4497000 r--s 00003000 08:07 7225230    /home/adorsys/.m2/repository/javax/transaction/jta/1.1/jta-1.1.jar
b4497000-b4499000 r--s 00007000 08:07 7226805    /home/adorsys/.m2/repository/org/springframework/spring-aspects/3.0.5.RELEASE/spring-aspects-3.0.5.RELEASE.jar
b4499000-b449b000 r--s 00000000 08:07 7224859    /home/adorsys/.m2/repository/aopalliance/aopalliance/1.0/aopalliance-1.0.jar
b449d000-b44a0000 r--s 00011000 08:07 8389231    /tools/springsource/sts-2.7.1.RELEASE/configuration/org.eclipse.osgi/bundles/1043/1/.cp/lib/jrebel-config-client.jar
b44a0000-b44a3000 r--s 0000f000 08:07 6988699    /home/adorsys/.m2/repository/logkit/logkit/1.0.1/logkit-1.0.1.jar
b44a3000-b44ab000 r--s 00094000 08:07 8388797    /tools/springsource/sts-2.7.1.RELEASE/plugins/org.eclipse.ajdt.core_2.1.3.e37x-20110628-1900.jar
b44ab000-b44ae000 r--s 00008000 08:07 8391225    /tools/springsource/sts-2.7.1.RELEASE/plugins/org.maven.ide.eclipse.maven_embedder_0.12.1.20110112-1712/jars/maven-settings-builder-3.0.2.jar
b44ae000-b44b0000 r--s 0000a000 08:07 7225102    /home/adorsys/.m2/repository/javax/ws/rs/jsr311-api/1.1.1/jsr311-api-1.1.1.jar
b44b0000-b44b3000 r--s 00031000 08:07 2631121    /usr/lib/jvm/java-6-openjdk/jre/lib/ext/sunjce_provider.jar
b44b4000-b44b7000 r--s 0000b000 08:07 8389225    /tools/springsource/sts-2.7.1.RELEASE/configuration/org.eclipse.osgi/bundles/1043/1/.cp/lib/jr-sdk.jar
b44b7000-b44b9000 r--s 0000a000 08:07 8391265    /tools/springsource/sts-2.7.1.RELEASE/plugins/org.maven.ide.eclipse.maven_embedder_0.12.1.20110112-1712/jars/plexus-classworlds-2.4.jar
b44b9000-b44bb000 r--s 00010000 08:07 8391536    /tools/springsource/sts-2.7.1.RELEASE/plugins/org.apache.commons.logging_1.1.1.v201005080502.jar
b44bb000-b44c2000 r--s 00079000 08:07 8397535    /tools/springsource/sts-2.7.1.RELEASE/plugins/org.zeroturnaround.eclipse_5.2.0.SR1-201303112135.jar
b44c2000-b44c6000 r--s 0001b000 08:07 8391435    /tools/springsource/sts-2.7.1.RELEASE/plugins/org.springframework.ide.eclipse.uaa_2.7.1.201107082359-RELEASE.jar
b44c6000-b44cc000 r--s 00049000 08:07 8391049    /tools/springsource/sts-2.7.1.RELEASE/plugins/org.apache.commons.httpclient_3.1.0.v201012070820.jar
b44cd000-b44d2000 r--s 0002b000 08:07 8391154    /tools/springsource/sts-2.7.1.RELEASE/plugins/org.maven.ide.eclipse.nexus_indexer_0.12.1.20110112-1712/jars/nexus-indexer-2.0.5-SNAPSHOT.jar
b44d3000-b44d6000 r--s 00014000 08:07 8391331    /tools/springsource/sts-2.7.1.RELEASE/plugins/org.eclipse.core.contenttype_3.4.100.v20110423-0524.jar
b44d6000-b44db000 r--s 00025000 08:07 8389213    /tools/springsource/sts-2.7.1.RELEASE/plugins/org.springframework.roo.wrapping.bcpg-jdk15_1.45.0.0001.jar
b44db000-b44de000 r--s 00014000 08:07 8388799    /tools/springsource/sts-2.7.1.RELEASE/plugins/org.eclipse.ecf_3.1.300.v20110531-2218.jar
b44de000-b44e1000 r--s 0001b000 08:07 8391529    /tools/springsource/sts-2.7.1.RELEASE/plugins/javax.servlet_2.5.0.v201103041518.jar
b44e1000-b44e3000 r--s 0000b000 08:07 8389434    /tools/springsource/sts-2.7.1.RELEASE/plugins/org.eclipse.ecf.identity_3.1.100.v20110531-2218.jar
b44e3000-b44e6000 r--s 0000a000 08:07 8390888    /tools/springsource/sts-2.7.1.RELEASE/plugins/org.eclipse.ecf.filetransfer_5.0.0.v20110531-2218.jar
b44e6000-b44e8000 r--s 00001000 08:07 8389557    /tools/springsource/sts-2.7.1.RELEASE/plugins/org.eclipse.ui.workbench.compatibility_3.2.100.I20110413-1600/compatibility.jar
b44e8000-b44ec000 r--s 00029000 08:07 8389007    /tools/springsource/sts-2.7.1.RELEASE/plugins/org.eclipse.equinox.registry_3.5.100.v20110502.jar
b44ec000-b44ed000 r--s 00002000 08:07 8389599    /tools/springsource/sts-2.7.1.RELEASE/plugins/org.eclipse.core.runtime.compatibility.registry_3.5.0.v20110505/runtime_registry_compatibility.jar
b44ed000-b44f0000 r--s 0000f000 08:07 8391579    /tools/springsource/sts-2.7.1.RELEASE/plugins/org.eclipse.osgi.services_3.3.0.v20110513.jar
b44f0000-b44f2000 r--s 00018000 08:07 8389610    /tools/springsource/sts-2.7.1.RELEASE/plugins/org.eclipse.contribution.weaving.jdt_2.1.3.e37x-20110628-1900.jar
b44f2000-b44f4000 r--s 00007000 08:07 8389047    /tools/springsource/sts-2.7.1.RELEASE/plugins/org.slf4j.api_1.6.1.v20100831-0715.jar
b44f4000-b44f5000 r--s 00002000 08:07 7346449    /home/adorsys/.m2/repository/org/slf4j/slf4j-log4j12/1.6.1/slf4j-log4j12-1.6.1.jar
b44f5000-b44f7000 r--s 00005000 08:07 8389404    /tools/springsource/sts-2.7.1.RELEASE/plugins/org.eclipse.equinox.http.jetty_2.0.100.v20110502.jar
b44f7000-b44fa000 r--s 00018000 08:07 8389195    /tools/springsource/sts-2.7.1.RELEASE/configuration/org.eclipse.osgi/bundles/1043/1/.cp/lib/commons-io.jar
b44fb000-b44fe000 r--s 00023000 08:07 8390958    /tools/springsource/sts-2.7.1.RELEASE/plugins/org.eclipse.jdt.compiler.apt_1.0.400.v0110509-1300.jar
b44fe000-b4501000 ---p 00000000 00:00 0 
b4501000-b45ff000 rw-p 00000000 00:00 0 
b45ff000-b4602000 ---p 00000000 00:00 0 
b4602000-b4700000 rw-p 00000000 00:00 0 
b4700000-b47fc000 rw-p 00000000 00:00 0 
b47fc000-b4800000 ---p 00000000 00:00 0 
b4800000-b4801000 r--s 00001000 08:07 8391256    /tools/springsource/sts-2.7.1.RELEASE/plugins/org.maven.ide.eclipse.maven_embedder_0.12.1.20110112-1712/jars/plexus-build-api-0.0.6.jar
b4801000-b4803000 r--s 00001000 08:07 8391259    /tools/springsource/sts-2.7.1.RELEASE/plugins/org.maven.ide.eclipse.maven_embedder_0.12.1.20110112-1712/jars/guice-plexus-converters-1.4.3.1.jar
b4803000-b4805000 r--s 00018000 08:07 8389493    /tools/springsource/sts-2.7.1.RELEASE/plugins/org.eclipse.equinox.common_3.6.0.v20110523.jar
b4805000-b4807000 r--s 0000d000 08:07 8391682    /tools/springsource/sts-2.7.1.RELEASE/plugins/org.apache.commons.codec_1.3.0.v20100518-1140.jar
b4807000-b4809000 r--s 00009000 08:07 8389629    /tools/springsource/sts-2.7.1.RELEASE/plugins/org.eclipse.equinox.http.registry_1.1.100.v20110502.jar
b4809000-b480b000 r--s 00003000 08:07 8391512    /tools/springsource/sts-2.7.1.RELEASE/plugins/org.eclipse.ecf.provider.filetransfer.httpclient.ssl_1.0.0.v20110531-2218.jar
b480b000-b4811000 r--s 0003a000 08:07 8391238    /tools/springsource/sts-2.7.1.RELEASE/plugins/org.maven.ide.eclipse.maven_embedder_0.12.1.20110112-1712/jars/async-http-client-1.4.1.jar
b4811000-b4813000 r--s 0000f000 08:07 8391098    /tools/springsource/sts-2.7.1.RELEASE/plugins/org.springframework.roo.wrapping.protobuf-java-lite_2.3.0.0001.jar
b4813000-b4815000 r--s 0000f000 08:07 8391289    /tools/springsource/sts-2.7.1.RELEASE/plugins/org.eclipse.ecf.provider.filetransfer.httpclient_4.0.0.v20110531-2218.jar
b4815000-b4818000 r--s 00077000 08:07 2631120    /usr/lib/jvm/java-6-openjdk/jre/lib/ext/localedata.jar
b4819000-b481c000 r--s 0001c000 08:07 8391322    /tools/springsource/sts-2.7.1.RELEASE/plugins/org.eclipse.ecf.provider.filetransfer_3.2.0.v20110531-2218.jar
b481c000-b481d000 r--s 00002000 08:07 8391232    /tools/springsource/sts-2.7.1.RELEASE/plugins/org.maven.ide.eclipse.maven_embedder_0.12.1.20110112-1712/jars/guice-plexus-locators-1.4.3.1.jar
b481d000-b481f000 r--s 00009000 08:07 8388900    /tools/springsource/sts-2.7.1.RELEASE/plugins/org.eclipse.equinox.http.servlet_1.1.200.v20110502.jar
b481f000-b4820000 r--s 0000c000 08:07 7231357    /home/adorsys/.m2/repository/commons-logging/commons-logging/1.1/commons-logging-1.1.jar
b4820000-b4823000 r--s 00019000 08:07 8391229    /tools/springsource/sts-2.7.1.RELEASE/plugins/org.maven.ide.eclipse.maven_embedder_0.12.1.20110112-1712/jars/aether-util-1.9.jar
b4823000-b4825000 r--s 00001000 08:07 2631123    /usr/lib/jvm/java-6-openjdk/jre/lib/ext/dnsns.jar
b4825000-b4827000 r--s 00008000 08:07 8396120    /tools/springsource/sts-2.7.1.RELEASE/plugins/com.google.gdt.eclipse.suite.ext_3.1.3.v201212122040-rel-r37.jar
b4827000-b4829000 r--s 00005000 08:07 8391263    /tools/springsource/sts-2.7.1.RELEASE/plugins/org.maven.ide.eclipse.maven_embedder_0.12.1.20110112-1712/jars/wagon-ahc-1.0.0.jar
b4829000-b482b000 r--s 00002000 08:07 8391224    /tools/springsource/sts-2.7.1.RELEASE/plugins/org.maven.ide.eclipse.maven_embedder_0.12.1.20110112-1712/jars/guice-plexus-metadata-1.4.3.1.jar
b482b000-b482d000 r--s 00000000 08:07 8391250    /tools/springsource/sts-2.7.1.RELEASE/plugins/org.maven.ide.eclipse.maven_embedder_0.12.1.20110112-1712/jars/plexus-component-annotations-1.5.5.jar
b482d000-b482f000 r--s 00006000 08:07 8391244    /tools/springsource/sts-2.7.1.RELEASE/plugins/org.maven.ide.eclipse.maven_embedder_0.12.1.20110112-1712/jars/guice-bean-binders-1.4.3.1.jar
b482f000-b4830000 r--s 00004000 08:07 8391243    /tools/springsource/sts-2.7.1.RELEASE/plugins/org.maven.ide.eclipse.maven_embedder_0.12.1.20110112-1712/jars/guice-plexus-scanners-1.4.3.1.jar
b4830000-b4832000 r--s 00005000 08:07 8391241    /tools/springsource/sts-2.7.1.RELEASE/plugins/org.maven.ide.eclipse.maven_embedder_0.12.1.20110112-1712/jars/guice-plexus-binders-1.4.3.1.jar
b4832000-b4833000 r--s 00000000 08:07 8391237    /tools/springsource/sts-2.7.1.RELEASE/plugins/org.maven.ide.eclipse.maven_embedder_0.12.1.20110112-1712/jars/javax.inject-1.jar
b4833000-b4835000 r--s 00009000 08:07 8391230    /tools/springsource/sts-2.7.1.RELEASE/plugins/org.maven.ide.eclipse.maven_embedder_0.12.1.20110112-1712/jars/commons-cli-1.2.jar
b4835000-b483b000 r--s 00040000 08:07 8391255    /tools/springsource/sts-2.7.1.RELEASE/plugins/org.maven.ide.eclipse.maven_embedder_0.12.1.20110112-1712/jars/maven-compat-3.0.2.jar
b483b000-b483f000 r--s 00038000 08:07 2631118    /usr/lib/jvm/java-6-openjdk/jre/lib/ext/sunpkcs11.jar
b483f000-b4841000 r--s 0001d000 08:07 8391161    /tools/springsource/sts-2.7.1.RELEASE/plugins/org.springframework.uaa.client_1.0.2.RELEASE.jar
b4841000-b4843000 r--s 0000d000 08:07 8391231    /tools/springsource/sts-2.7.1.RELEASE/plugins/org.maven.ide.eclipse.maven_embedder_0.12.1.20110112-1712/jars/plexus-interpolation-1.14.jar
b4845000-b4846000 r--s 00001000 08:07 8391234    /tools/springsource/sts-2.7.1.RELEASE/plugins/org.maven.ide.eclipse.maven_embedder_0.12.1.20110112-1712/jars/guice-bean-inject-1.4.3.1.jar
b4846000-b4848000 r--s 0000c000 08:07 8391245    /tools/springsource/sts-2.7.1.RELEASE/plugins/org.maven.ide.eclipse.maven_embedder_0.12.1.20110112-1712/jars/maven-aether-provider-3.0.2.jar
b4848000-b484a000 r--s 0000b000 08:07 8391251    /tools/springsource/sts-2.7.1.RELEASE/plugins/org.maven.ide.eclipse.maven_embedder_0.12.1.20110112-1712/jars/maven-artifact-3.0.2.jar
b484a000-b484c000 r--s 00006000 08:07 8391235    /tools/springsource/sts-2.7.1.RELEASE/plugins/org.maven.ide.eclipse.maven_embedder_0.12.1.20110112-1712/jars/maven-repository-metadata-3.0.2.jar
b484c000-b484f000 r--s 00026000 08:07 8391227    /tools/springsource/sts-2.7.1.RELEASE/plugins/org.maven.ide.eclipse.maven_embedder_0.12.1.20110112-1712/jars/maven-model-3.0.2.jar
b484f000-b4851000 r--s 00007000 08:07 8391226    /tools/springsource/sts-2.7.1.RELEASE/plugins/org.maven.ide.eclipse.maven_embedder_0.12.1.20110112-1712/jars/guice-bean-locators-1.4.3.1.jar
b4851000-b4853000 r--s 00000000 08:07 8391239    /tools/springsource/sts-2.7.1.RELEASE/plugins/org.maven.ide.eclipse.maven_embedder_0.12.1.20110112-1712/jars/guice-bean-converters-1.4.3.1.jar
b4853000-b4854000 r--s 0000a000 08:07 8391247    /tools/springsource/sts-2.7.1.RELEASE/plugins/org.maven.ide.eclipse.maven_embedder_0.12.1.20110112-1712/jars/asm-3.3.jar
b4854000-b4856000 r--s 00001000 08:07 8391260    /tools/springsource/sts-2.7.1.RELEASE/plugins/org.maven.ide.eclipse.maven_embedder_0.12.1.20110112-1712/jars/guice-bean-scanners-1.4.3.1.jar
b4857000-b4859000 r--s 00002000 08:07 8391249    /tools/springsource/sts-2.7.1.RELEASE/plugins/org.maven.ide.eclipse.maven_embedder_0.12.1.20110112-1712/jars/aether-spi-1.9.jar
b4859000-b485b000 r--s 00007000 08:07 8391271    /tools/springsource/sts-2.7.1.RELEASE/plugins/org.maven.ide.eclipse.maven_embedder_0.12.1.20110112-1712/jars/guice-bean-reflect-1.4.3.1.jar
b485b000-b485d000 r--s 00002000 08:07 8391240    /tools/springsource/sts-2.7.1.RELEASE/plugins/org.maven.ide.eclipse.maven_embedder_0.12.1.20110112-1712/jars/plexus-cipher-1.4.jar
b485d000-b4860000 r--s 0000a000 08:07 8391257    /tools/springsource/sts-2.7.1.RELEASE/plugins/org.maven.ide.eclipse.maven_embedder_0.12.1.20110112-1712/jars/maven-plugin-api-3.0.2.jar
b4860000-b4874000 r--s 00139000 08:07 8391066    /tools/springsource/sts-2.7.1.RELEASE/plugins/org.eclipse.osgi_3.7.0.v20110613.jar
b4874000-b48d4000 rw-s 00000000 00:04 4587534    /SYSV00000000 (deleted)
b48d4000-b497e000 rw-p 00000000 00:00 0 
b497e000-b497f000 ---p 00000000 00:00 0 
b497f000-b49ff000 rw-p 00000000 00:00 0 
b49ff000-b4a02000 ---p 00000000 00:00 0 
b4a02000-b4b00000 rw-p 00000000 00:00 0 
b4b00000-b4c00000 rw-p 00000000 00:00 0 
b4c00000-b4c01000 r--s 00006000 08:07 8391272    /tools/springsource/sts-2.7.1.RELEASE/plugins/org.maven.ide.eclipse.maven_embedder_0.12.1.20110112-1712/jars/aether-connector-wagon-1.9.jar
b4c01000-b4c02000 r--s 00005000 08:07 7227281    /home/adorsys/.m2/repository/org/bouncycastle/bctsp-jdk14/1.38/bctsp-jdk14-1.38.jar
b4c02000-b4c04000 r--s 0000b000 08:07 8391248    /tools/springsource/sts-2.7.1.RELEASE/plugins/org.maven.ide.eclipse.maven_embedder_0.12.1.20110112-1712/jars/wagon-provider-api-1.0-beta-6.jar
b4c04000-b4c05000 r--s 00002000 08:07 8391267    /tools/springsource/sts-2.7.1.RELEASE/plugins/org.maven.ide.eclipse.maven_embedder_0.12.1.20110112-1712/jars/wagon-file-1.0-beta-7.jar
b4c05000-b4c08000 r--s 0001a000 08:07 8391269    /tools/springsource/sts-2.7.1.RELEASE/plugins/org.maven.ide.eclipse.maven_embedder_0.12.1.20110112-1712/jars/aether-impl-1.9.jar
b4c08000-b4c0a000 r--s 0000a000 08:07 8391270    /tools/springsource/sts-2.7.1.RELEASE/plugins/org.maven.ide.eclipse.maven_embedder_0.12.1.20110112-1712/jars/maven-settings-3.0.2.jar
b4c0a000-b4c0b000 r--s 0000d000 08:07 8390828    /tools/springsource/sts-2.7.1.RELEASE/plugins/org.eclipse.jdt.compiler.tool_1.0.100.v_B61.jar
b4c0b000-b4c0e000 r--s 00011000 08:07 8391242    /tools/springsource/sts-2.7.1.RELEASE/plugins/org.maven.ide.eclipse.maven_embedder_0.12.1.20110112-1712/jars/aether-api-1.9.jar
b4c0e000-b4c0f000 r--s 0000a000 08:07 8391262    /tools/springsource/sts-2.7.1.RELEASE/plugins/org.maven.ide.eclipse.maven_embedder_0.12.1.20110112-1712/jars/maven-embedder-3.0.2.jar
b4c0f000-b4c10000 r--s 00006000 08:07 8391254    /tools/springsource/sts-2.7.1.RELEASE/plugins/org.maven.ide.eclipse.maven_embedder_0.12.1.20110112-1712/jars/plexus-sec-dispatcher-1.3.jar
b4c10000-b4c11000 r--p 00000000 00:00 0 
b4c12000-b4c13000 r--s 00002000 08:07 8389197    /tools/springsource/sts-2.7.1.RELEASE/plugins/ch.qos.logback.slf4j_0.9.27.v20110224-1110.jar
b4c13000-b4c15000 r--s 0000b000 08:07 8391228    /tools/springsource/sts-2.7.1.RELEASE/plugins/org.maven.ide.eclipse.maven_embedder_0.12.1.20110112-1712/jars/aether-connector-asynchttpclient-1.9.jar
b4c15000-b4c17000 r--s 00004000 08:07 8389525    /tools/springsource/sts-2.7.1.RELEASE/plugins/org.eclipse.persistence.jpa.equinox.weaving_2.3.0.v20110604-r9504.jar
b4c17000-b4c19000 r--s 00007000 08:07 8390883    /tools/springsource/sts-2.7.1.RELEASE/plugins/org.eclipse.equinox.weaving.hook_1.0.100.HEAD.jar
b4c19000-b4c1b000 r--s 00006000 08:07 8391508    /tools/springsource/sts-2.7.1.RELEASE/plugins/javax.transaction_1.1.1.v201105210645.jar
b4c1b000-b4c1f000 r--s 0007d000 08:07 2631145    /usr/lib/jvm/java-6-openjdk/jre/lib/jsse.jar
b4c1f000-b4c20000 r--s 0000b000 08:07 8390918    /tools/springsource/sts-2.7.1.RELEASE/plugins/org.eclipse.equinox.launcher_1.2.0.v20110502.jar
b4c20000-b4c22000 r--s 0000f000 08:07 2631122    /usr/lib/jvm/java-6-openjdk/jre/lib/ext/pulse-java.jar
b4c22000-b4c25000 ---p 00000000 00:00 0 
b4c25000-b4ca3000 rw-p 00000000 00:00 0 
b4ca3000-b4ca6000 ---p 00000000 00:00 0 
b4ca6000-b4da4000 rw-p 00000000 00:00 0 
b4da4000-b4da7000 ---p 00000000 00:00 0 
b4da7000-b4ea5000 rw-p 00000000 00:00 0 
b4ea5000-b4ea8000 ---p 00000000 00:00 0 
b4ea8000-b4fa6000 rw-p 00000000 00:00 0 
b4fa6000-b4fa7000 ---p 00000000 00:00 0 
b4fa7000-b505a000 rw-p 00000000 00:00 0 
b505a000-b51ec000 r--s 037c2000 08:07 2631629    /usr/lib/jvm/java-6-openjdk/jre/lib/rt.jar
b51ec000-b5234000 rw-p 00000000 00:00 0 
b5234000-b52b4000 rw-p 00000000 00:00 0 
b52b4000-b52f5000 rw-p 00000000 00:00 0 
b52f5000-b53f5000 rw-p 00000000 00:00 0 
b53f5000-b5475000 rw-p 00000000 00:00 0 
b5475000-b5575000 rw-p 00000000 00:00 0 
b5575000-b55b5000 rw-p 00000000 00:00 0 
b55b5000-b5635000 rw-p 00000000 00:00 0 
b5635000-b565b000 rw-p 00000000 00:00 0 
b565b000-b56c1000 rw-p 00000000 00:00 0 
b56c1000-b5d19000 rwxp 00000000 00:00 0 
b5d19000-b76c1000 rw-p 00000000 00:00 0 
b76c1000-b78c1000 r--p 00000000 08:07 2104815    /usr/lib/locale/locale-archive
b78c1000-b78c9000 rw-p 00000000 00:00 0 
b78c9000-b78d1000 rw-s 00000000 08:07 5247613    /tmp/hsperfdata_adorsys/28873
b78d1000-b78d2000 rw-p 00000000 00:00 0 
b78d2000-b78d3000 ---p 00000000 00:00 0 
b78d3000-b78d4000 r--p 002a1000 08:07 2104815    /usr/lib/locale/locale-archive
b78d4000-b78d6000 rw-p 00000000 00:00 0 
bfc50000-bfc53000 ---p 00000000 00:00 0 
bfc54000-bfd50000 rw-p 00000000 00:00 0          [stack]

VM Arguments:
jvm_args: -Dosgi.requiredJavaVersion=1.5 -Xmn128m -Xms256m -Xmx768m -Xss1m -XX:PermSize=128m -XX:MaxPermSize=384m 
java_command: <unknown>
Launcher Type: generic

Environment Variables:
JAVA_HOME=/usr/lib/jvm/java-1.6.0-openjdk
JRE_HOME=/user/lib/jvm/java-1.6.0-openjdk/jre
PATH=/usr/local/heroku/bin:/usr/lib/jvm/java-1.6.0-openjdk/bin:/home/adorsys/bin:/usr/local/sbin:/usr/local/bin:/usr/sbin:/usr/bin:/sbin:/bin:/usr/games:/home/adorsys/cloudbees-sdk-1.2.2
USERNAME=adorsys
LD_LIBRARY_PATH=/usr/lib/jvm/java-6-openjdk/jre/lib/i386/client:/usr/lib/jvm/java-6-openjdk/jre/lib/i386:
SHELL=/bin/bash
DISPLAY=:0.0

Signal Handlers:
SIGSEGV: [libjvm.so+0x3dfe90], sa_mask[0]=0x7ffbfeff, sa_flags=0x10000004
SIGBUS: [libjvm.so+0x3dfe90], sa_mask[0]=0x7ffbfeff, sa_flags=0x10000004
SIGFPE: [libjvm.so+0x2ff980], sa_mask[0]=0x7ffbfeff, sa_flags=0x10000004
SIGPIPE: SIG_IGN, sa_mask[0]=0x00000000, sa_flags=0x00000000
SIGXFSZ: [libjvm.so+0x2ff980], sa_mask[0]=0x7ffbfeff, sa_flags=0x10000004
SIGILL: [libjvm.so+0x2ff980], sa_mask[0]=0x7ffbfeff, sa_flags=0x10000004
SIGUSR1: SIG_DFL, sa_mask[0]=0x00000000, sa_flags=0x00000000
SIGUSR2: [libjvm.so+0x2ff7f0], sa_mask[0]=0x00000000, sa_flags=0x10000004
SIGHUP: [libjvm.so+0x3025e0], sa_mask[0]=0x7ffbfeff, sa_flags=0x10000004
SIGINT: [libjvm.so+0x3025e0], sa_mask[0]=0x7ffbfeff, sa_flags=0x10000004
SIGTERM: [libjvm.so+0x3025e0], sa_mask[0]=0x7ffbfeff, sa_flags=0x10000004
SIGQUIT: [libjvm.so+0x3025e0], sa_mask[0]=0x7ffbfeff, sa_flags=0x10000004


---------------  S Y S T E M  ---------------

OS:Ubuntu 11.04 (natty)
uname:Linux 2.6.38-16-generic #67-Ubuntu SMP Thu Sep 6 18:00:43 UTC 2012 i686
libc:glibc 2.13 NPTL 2.13 
rlimit: STACK 8192k, CORE 0k, NPROC infinity, NOFILE 4096, AS infinity
load average:3.37 1.14 0.52

/proc/meminfo:
MemTotal:        2892268 kB
MemFree:           88920 kB
Buffers:           78420 kB
Cached:           475848 kB
SwapCached:        11952 kB
Active:          1789000 kB
Inactive:         879628 kB
Active(anon):    1628032 kB
Inactive(anon):   708160 kB
Active(file):     160968 kB
Inactive(file):   171468 kB
Unevictable:          16 kB
Mlocked:              16 kB
HighTotal:       2030696 kB
HighFree:           3240 kB
LowTotal:         861572 kB
LowFree:           85680 kB
SwapTotal:       5952508 kB
SwapFree:        5877796 kB
Dirty:              2684 kB
Writeback:             0 kB
AnonPages:       2103540 kB
Mapped:           125100 kB
Shmem:            221860 kB
Slab:              89700 kB
SReclaimable:      64224 kB
SUnreclaim:        25476 kB
KernelStack:        3888 kB
PageTables:        10512 kB
NFS_Unstable:          0 kB
Bounce:                0 kB
WritebackTmp:          0 kB
CommitLimit:     7398640 kB
Committed_AS:    4627440 kB
VmallocTotal:     122880 kB
VmallocUsed:       31880 kB
VmallocChunk:      39856 kB
HardwareCorrupted:     0 kB
HugePages_Total:       0
HugePages_Free:        0
HugePages_Rsvd:        0
HugePages_Surp:        0
Hugepagesize:       4096 kB
DirectMap4k:       16376 kB
DirectMap4M:      892928 kB


CPU:total 2 (2 cores per cpu, 1 threads per core) family 6 model 37 stepping 5, cmov, cx8, fxsr, mmx, sse, sse2, sse3, ssse3, popcnt

Memory: 4k page, physical 2892268k(88920k free), swap 5952508k(5877796k free)

vm_info: OpenJDK Client VM (20.0-b12) for linux-x86 JRE (1.6.0_24-b24), built on Oct 24 2012 21:07:30 by "buildd" with gcc 4.5.2

time: Tue Apr 30 08:59:01 2013
elapsed time: 96 seconds

