#
# A fatal error has been detected by the Java Runtime Environment:
#
#  SIGSEGV (0xb) at pc=0x00000000, pid=21779, tid=3022220096
#
# JRE version: 6.0_27-b27
# Java VM: OpenJDK Client VM (20.0-b12 mixed mode, sharing linux-x86 )
# Derivative: IcedTea6 1.12.3
# Distribution: Ubuntu 12.04 LTS, package 6b27-1.12.3-0ubuntu1~12.04.1
# Problematic frame:
# C  0x00000000
#
# If you would like to submit a bug report, please include
# instructions how to reproduce the bug and visit:
#   https://bugs.launchpad.net/ubuntu/+source/openjdk-6/
#

---------------  T H R E A D  ---------------

Current thread (0x099d9400):  VMThread [stack: 0xb41b6000,0xb4237000] [id=21780]

siginfo:si_signo=SIGSEGV: si_errno=0, si_code=1 (SEGV_MAPERR), si_addr=0x00000000

Registers:
EAX=0x80800001, EBX=0xb6f1eff4, ECX=0x82f64284, EDX=0x82f43fd0
ESP=0xb4235b8c, EBP=0x56d83880, ESI=0xb6f31860, EDI=0xb6f317a0
EIP=0x00000000, EFLAGS=0x00210202, CR2=0x00000000

Top of Stack: (sp=0xb4235b8c)
0xb4235b8c:   b6cad38e 82f43fd0 56d83880 93bc880c
0xb4235b9c:   b6bdd8dc 93c05158 00000001 b4235c2c
0xb4235bac:   b6b937ed b4235c2c 93bc8848 935041b0
0xb4235bbc:   935041b0 b4235c00 b6f1eff4 b4235c18
0xb4235bcc:   b6f1eff4 93bc87f0 00000001 b4235c5f
0xb4235bdc:   b6cad935 93504010 93bc87f0 b6f1eff4
0xb4235bec:   b6cad8d8 b6f1eff4 b6f316e0 b6f316e0
0xb4235bfc:   b6db4c7f b6f316e0 b733ff3c b6f1eff4 

Instructions: (pc=0x00000000)
0xffffffe0:   

Register to memory mapping:

EAX=0x80800001 is an unallocated location in the heap
EBX=0xb6f1eff4: <offset 0x52bff4> in /usr/lib/jvm/java-6-openjdk-i386/jre/bin/../lib/i386/client/libjvm.so at 0xb69f3000
ECX=0x82f64284 is an oop
{instance class} 
 - klass: {other class}
EDX=0x82f43fd0 is an oop
{constant pool cache} 
 - klass: {other class}
ESP=0xb4235b8c is an unknown value
EBP=0x56d83880 is an oop

[error occurred during error reporting (printing register info), id 0xb]

Stack: [0xb41b6000,0xb4237000],  sp=0xb4235b8c,  free space=510k
VM_Operation (0xb09540c8): GenCollectForPermanentAllocation, mode: safepoint, requested by thread 0x09d04800


---------------  P R O C E S S  ---------------

Java Threads: ( => current thread )
  0x0a207000 JavaThread "FelixShutdown" [_thread_blocked, id=22017, stack(0xad710000,0xad761000)]
  0xac0da800 JavaThread "Thread-16" [_thread_blocked, id=22013, stack(0xabb0d000,0xabb5e000)]
  0xac0da400 JavaThread "Timer-2" daemon [_thread_blocked, id=22012, stack(0xabb5e000,0xabbaf000)]
  0xb3e58000 JavaThread "Timer-1" daemon [_thread_blocked, id=22011, stack(0xabbaf000,0xabc00000)]
  0xabf22000 JavaThread "Spring Roo Process Manager Background Polling Thread" daemon [_thread_blocked, id=21999, stack(0xac10b000,0xac15c000)]
  0xb3e9e000 JavaThread "Thread-12" daemon [_thread_blocked, id=21997, stack(0xac15c000,0xac1ad000)]
  0xb3e75000 JavaThread "SCR Component Actor" daemon [_thread_blocked, id=21995, stack(0xac1ad000,0xac1fe000)]
  0xb3e39c00 JavaThread "Worker-13" [_thread_blocked, id=21994, stack(0xad64f000,0xad6a0000)]
  0xb3e7ec00 JavaThread "Thread-11" daemon [_thread_blocked, id=21993, stack(0xadebc000,0xadf0d000)]
  0x0a3a9800 JavaThread "Worker-12" [_thread_blocked, id=21988, stack(0xb08b5000,0xb0906000)]
  0xb3e7f400 JavaThread "Worker-11" [_thread_blocked, id=21987, stack(0xb06af000,0xb0700000)]
  0xb3ed5800 JavaThread "FelixStartLevel" daemon [_thread_blocked, id=21986, stack(0xb0997000,0xb09e8000)]
  0xb3efb800 JavaThread "Worker-10" [_thread_blocked, id=21985, stack(0xb16a9000,0xb16fa000)]
  0xae011800 JavaThread "FelixDispatchQueue" [_thread_blocked, id=21984, stack(0xae55e000,0xae5af000)]
  0xae66dc00 JavaThread "Provisioning Event Dispatcher" daemon [_thread_blocked, id=21867, stack(0xadf0d000,0xadf5e000)]
  0xb3e46400 JavaThread "JavaScript indexing" daemon [_thread_blocked, id=21866, stack(0xae11b000,0xae16c000)]
  0xb3fa6000 JavaThread "Reporting Thread-1 (Spring UAA/1.0.3)" daemon [_thread_blocked, id=21864, stack(0xadf5e000,0xadfaf000)]
  0xae604800 JavaThread "Worker-9" [_thread_blocked, id=21863, stack(0xade6b000,0xadebc000)]
  0xb40b9800 JavaThread "Worker-8" [_thread_blocked, id=21862, stack(0xade1a000,0xade6b000)]
  0xb4039000 JavaThread "Worker-7" [_thread_blocked, id=21844, stack(0xadfaf000,0xae000000)]
  0xb40ef800 JavaThread "Worker-6" [_thread_blocked, id=21824, stack(0xae7b3000,0xae804000)]
  0xb40ef000 JavaThread "Worker-5" [_thread_blocked, id=21823, stack(0xae804000,0xae855000)]
  0x0a0d0000 JavaThread "Event Batch Processing (Spring UAA/1.0.3)" daemon [_thread_blocked, id=21822, stack(0xae1db000,0xae22c000)]
  0x0a0dd400 JavaThread "Synchronizer (Spring UAA/1.0.3)" daemon [_thread_blocked, id=21821, stack(0xae22c000,0xae27d000)]
  0xb3e0c800 JavaThread "Worker-3" [_thread_blocked, id=21819, stack(0xae5af000,0xae600000)]
  0x09f7dc00 JavaThread "Timer-0" daemon [_thread_blocked, id=21818, stack(0xae701000,0xae752000)]
  0xb403e000 JavaThread "MultiThreadedHttpConnectionManager cleanup" daemon [_thread_blocked, id=21817, stack(0xae752000,0xae7a3000)]
  0x09d04800 JavaThread "Java indexing" daemon [_thread_blocked, id=21814, stack(0xb0906000,0xb0957000)]
  0x099f9000 JavaThread "[ThreadPool Manager] - Idle Thread" daemon [_thread_blocked, id=21802, stack(0xb1658000,0xb16a9000)]
  0xb17cf400 JavaThread "Thread-1" daemon [_thread_blocked, id=21798, stack(0xb18ca000,0xb191b000)]
  0xb1763400 JavaThread "Worker-JM" [_thread_blocked, id=21796, stack(0xb1828000,0xb1879000)]
  0xb4017800 JavaThread "[Timer] - Main Queue Handler" daemon [_thread_blocked, id=21795, stack(0xb1879000,0xb18ca000)]
  0xb1726400 JavaThread "Framework Event Dispatcher" daemon [_thread_blocked, id=21793, stack(0xb191b000,0xb196c000)]
  0x09d2b800 JavaThread "Start Level Event Dispatcher" daemon [_thread_blocked, id=21792, stack(0xb196c000,0xb19bd000)]
  0x09dda400 JavaThread "Bundle File Closer" daemon [_thread_blocked, id=21791, stack(0xb19bd000,0xb1a0e000)]
  0x09b10400 JavaThread "State Data Manager" daemon [_thread_blocked, id=21790, stack(0xb1c4d000,0xb1c9e000)]
  0x09aebc00 JavaThread "Framework Active Thread" [_thread_blocked, id=21789, stack(0xb1c9e000,0xb1cef000)]
  0x099e3800 JavaThread "Low Memory Detector" daemon [_thread_blocked, id=21785, stack(0xb3cdd000,0xb3d2e000)]
  0x099e1800 JavaThread "C1 CompilerThread0" daemon [_thread_blocked, id=21784, stack(0xb3d2e000,0xb3daf000)]
  0x099dfc00 JavaThread "Signal Dispatcher" daemon [_thread_blocked, id=21783, stack(0xb3daf000,0xb3e00000)]
  0x099dc800 JavaThread "Finalizer" daemon [_thread_blocked, id=21782, stack(0xb4114000,0xb4165000)]
  0x099db000 JavaThread "Reference Handler" daemon [_thread_blocked, id=21781, stack(0xb4165000,0xb41b6000)]
  0x099acc00 JavaThread "main" [_thread_blocked, id=21779, stack(0xbfd93000,0xbfde3000)]

Other Threads:
=>0x099d9400 VMThread [stack: 0xb41b6000,0xb4237000] [id=21780]
  0x099e5c00 WatcherThread [stack: 0xb3c5c000,0xb3cdd000] [id=21786]

VM state:at safepoint (normal execution)

VM Mutex/Monitor currently owned by a thread:  ([mutex/lock_event])
[0x099aa7e0] Threads_lock - owner thread: 0x099d9400
[0x099aabf0] Heap_lock - owner thread: 0x09d04800

Heap
 def new generation   total 74816K, used 27916K [0x52b00000, 0x57c20000, 0x62b00000)
  eden space 66560K,  37% used [0x52b00000, 0x5433b4e8, 0x56c00000)
  from space 8256K,  37% used [0x56c00000, 0x56f07e18, 0x57410000)
  to   space 8256K,   0% used [0x57410000, 0x57410000, 0x57c20000)
 tenured generation   total 165932K, used 99557K [0x62b00000, 0x6cd0b000, 0x82b00000)
   the space 165932K,  59% used [0x62b00000, 0x68c39600, 0x68c39600, 0x6cd0b000)
 compacting perm gen  total 101888K, used 101887K [0x82b00000, 0x88e80000, 0x92b00000)
   the space 101888K,  99% used [0x82b00000, 0x88e7ffd0, 0x88e80000, 0x88e80000)
    ro space 10240K,  73% used [0x92b00000, 0x93262e30, 0x93263000, 0x93500000)
    rw space 12288K,  60% used [0x93500000, 0x93c4b418, 0x93c4b600, 0x94100000)

Code Cache  [0xb480a000, 0xb569a000, 0xb680a000)
 total_blobs=6802 nmethods=6568 adapters=167 free_code_cache=18453888 largest_free_block=47424

Dynamic libraries:
08048000-0804c000 r-xp 00000000 08:02 269713     /tools/springsource/sts-3.2.0.M2/STS
0804c000-0804d000 rw-p 00003000 08:02 269713     /tools/springsource/sts-3.2.0.M2/STS
099a3000-0bea5000 rw-p 00000000 00:00 0          [heap]
52b00000-57c20000 rw-p 00000000 00:00 0 
57c20000-62b00000 rw-p 00000000 00:00 0 
62b00000-6cd0b000 rw-p 00000000 00:00 0 
6cd0b000-82b00000 rw-p 00000000 00:00 0 
82b00000-88e80000 rw-p 00000000 00:00 0 
88e80000-92b00000 rw-p 00000000 00:00 0 
92b00000-93263000 r--s 00001000 08:02 1977339    /usr/lib/jvm/java-6-openjdk-i386/jre/lib/i386/client/classes.jsa
93263000-93500000 rw-p 00000000 00:00 0 
93500000-93c4c000 rw-p 00764000 08:02 1977339    /usr/lib/jvm/java-6-openjdk-i386/jre/lib/i386/client/classes.jsa
93c4c000-94100000 rw-p 00000000 00:00 0 
94100000-941fc000 rw-p 00eb0000 08:02 1977339    /usr/lib/jvm/java-6-openjdk-i386/jre/lib/i386/client/classes.jsa
941fc000-94500000 rw-p 00000000 00:00 0 
94500000-94508000 r-xs 00fac000 08:02 1977339    /usr/lib/jvm/java-6-openjdk-i386/jre/lib/i386/client/classes.jsa
94508000-94900000 rw-p 00000000 00:00 0 
ab700000-ab7d0000 rw-p 00000000 00:00 0 
ab7d0000-ab800000 ---p 00000000 00:00 0 
ab900000-aba00000 rw-p 00000000 00:00 0 
aba26000-ababc000 r--s 00946000 08:02 268756     /tools/springsource/sts-3.2.0.M2/plugins/org.eclipse.jdt.ui_3.8.2.v20130107-165834.jar
ababc000-ababf000 ---p 00000000 00:00 0 
ababf000-abb0d000 rw-p 00000000 00:00 0 
abb0d000-abb10000 ---p 00000000 00:00 0 
abb10000-abb5e000 rw-p 00000000 00:00 0 
abb5e000-abb61000 ---p 00000000 00:00 0 
abb61000-abbaf000 rw-p 00000000 00:00 0 
abbaf000-abbb2000 ---p 00000000 00:00 0 
abbb2000-abc00000 rw-p 00000000 00:00 0 
abc00000-abdfc000 rw-p 00000000 00:00 0 
abdfc000-abe00000 ---p 00000000 00:00 0 
abe00000-abf8b000 rw-p 00000000 00:00 0 
abf8b000-ac000000 ---p 00000000 00:00 0 
ac000000-ac0fa000 rw-p 00000000 00:00 0 
ac0fa000-ac100000 ---p 00000000 00:00 0 
ac10b000-ac10e000 ---p 00000000 00:00 0 
ac10e000-ac15c000 rw-p 00000000 00:00 0 
ac15c000-ac15f000 ---p 00000000 00:00 0 
ac15f000-ac1ad000 rw-p 00000000 00:00 0 
ac1ad000-ac1b0000 ---p 00000000 00:00 0 
ac1b0000-ac1fe000 rw-p 00000000 00:00 0 
ac1fe000-ac1ff000 ---p 00000000 00:00 0 
ac1ff000-ac9ff000 rw-p 00000000 00:00 0 
ac9ff000-aca00000 ---p 00000000 00:00 0 
aca00000-ad200000 rw-p 00000000 00:00 0 
ad200000-ad2ff000 rw-p 00000000 00:00 0 
ad2ff000-ad300000 ---p 00000000 00:00 0 
ad300000-ad3f8000 rw-p 00000000 00:00 0 
ad3f8000-ad400000 ---p 00000000 00:00 0 
ad400000-ad4fd000 rw-p 00000000 00:00 0 
ad4fd000-ad500000 ---p 00000000 00:00 0 
ad500000-ad600000 rw-p 00000000 00:00 0 
ad606000-ad60e000 r--s 00000000 08:02 2370509    /home/clovisgakam/.local/share/gvfs-metadata/root-bca5d3cb.log (deleted)
ad60e000-ad611000 r--s 00000000 08:02 2371976    /home/clovisgakam/.local/share/gvfs-metadata/root (deleted)
ad611000-ad618000 r--s 00000000 08:02 659535     /usr/lib/i386-linux-gnu/gconv/gconv-modules.cache
ad631000-ad64f000 r--s 00151000 08:02 2624485    /tools/springsource/sts-3.2.0.M2/configuration/org.eclipse.osgi/bundles/570/1/.cp/jars/guava-10.0.1.jar
ad64f000-ad652000 ---p 00000000 00:00 0 
ad652000-ad6a0000 rw-p 00000000 00:00 0 
ad710000-ad713000 ---p 00000000 00:00 0 
ad713000-ad761000 rw-p 00000000 00:00 0 
ad761000-ad7c1000 rw-s 00000000 00:04 940441603  /SYSV00000000 (deleted)
ad7fd000-ad802000 r-xp 00000000 08:02 1967051    /tools/springsource/sts-3.2.0.M2/configuration/org.eclipse.osgi/bundles/701/1/.cp/libswt-xpcominit-gtk-4236.so
ad802000-ad804000 rw-p 00005000 08:02 1967051    /tools/springsource/sts-3.2.0.M2/configuration/org.eclipse.osgi/bundles/701/1/.cp/libswt-xpcominit-gtk-4236.so
ad80c000-ad830000 r--s 0015e000 08:02 2624563    /tools/springsource/sts-3.2.0.M2/configuration/org.eclipse.osgi/bundles/909/1/.cp/lib/org.springframework.roo.wrapping.bcprov-jdk15-1.45.0.0010.jar
ad834000-ad86b000 r--s 005ac000 08:02 267721     /tools/springsource/sts-3.2.0.M2/plugins/org.aspectj.ajde_1.7.2.20120920133900/ajde.jar
ad86b000-ad893000 r--s 00219000 08:02 269298     /tools/springsource/sts-3.2.0.M2/plugins/org.eclipse.ui.ide_3.8.2.v20121106-165923.jar
ad893000-ad8c6000 r--s 0024c000 08:02 268582     /tools/springsource/sts-3.2.0.M2/plugins/org.eclipse.debug.ui_3.8.2.v20130122-164019.jar
ad8c6000-ad900000 r--p 00000000 08:02 1462898    /usr/share/fonts/truetype/ttf-dejavu/DejaVuSansMono-BoldOblique.ttf
ad900000-ad9fe000 rw-p 00000000 00:00 0 
ad9fe000-ada00000 ---p 00000000 00:00 0 
ada1f000-ada5b000 r--p 00000000 08:02 1462899    /usr/share/fonts/truetype/ttf-dejavu/DejaVuSansMono-Oblique.ttf
ada5b000-adaa8000 r--p 00000000 08:02 1442678    /usr/share/fonts/truetype/ttf-dejavu/DejaVuSansMono-Bold.ttf
adaa8000-adb00000 r--p 00000000 08:02 1442704    /usr/share/fonts/truetype/ubuntu-font-family/Ubuntu-BI.ttf
adb00000-adbfe000 rw-p 00000000 00:00 0 
adbfe000-adc00000 ---p 00000000 00:00 0 
adc04000-adc0f000 r--s 000bb000 08:02 268443     /tools/springsource/sts-3.2.0.M2/plugins/org.eclipse.core.resources_3.8.1.v20121114-124432.jar
adc10000-adc37000 r--s 0032d000 08:02 269525     /tools/springsource/sts-3.2.0.M2/plugins/org.eclipse.wst.jsdt.core_1.1.202.v201208171701.jar
adc37000-add7e000 r-xp 00000000 08:02 659223     /usr/lib/i386-linux-gnu/libxml2.so.2.7.8
add7e000-add82000 r--p 00147000 08:02 659223     /usr/lib/i386-linux-gnu/libxml2.so.2.7.8
add82000-add83000 rw-p 0014b000 08:02 659223     /usr/lib/i386-linux-gnu/libxml2.so.2.7.8
add83000-add84000 rw-p 00000000 00:00 0 
add84000-adda6000 r--s 00198000 08:02 268833     /tools/springsource/sts-3.2.0.M2/plugins/org.eclipse.jst.j2ee_1.1.602.v201209062000.jar
adda6000-addaf000 r-xp 00000000 08:02 1967050    /tools/springsource/sts-3.2.0.M2/configuration/org.eclipse.osgi/bundles/701/1/.cp/libswt-webkit-gtk-4236.so
addaf000-addb0000 rw-p 00009000 08:02 1967050    /tools/springsource/sts-3.2.0.M2/configuration/org.eclipse.osgi/bundles/701/1/.cp/libswt-webkit-gtk-4236.so
addb3000-addbf000 r--s 0007d000 08:02 2624446    /tools/springsource/sts-3.2.0.M2/configuration/org.eclipse.osgi/bundles/570/1/.cp/jars/maven-core-3.0.4.jar
addbf000-addea000 r--s 00266000 08:02 268817     /tools/springsource/sts-3.2.0.M2/plugins/org.eclipse.jst.j2ee.core_1.2.200.v201205030130.jar
addea000-ade0e000 r--s 0015e000 08:02 2754626    /tools/springsource/spring-roo-1.1.5.RELEASE/sts-cache-adpharma/bundle56/version0.0/bundle.jar
ade0e000-ade1a000 r--s 00086000 08:02 269698     /tools/springsource/sts-3.2.0.M2/plugins/org.springframework.web.servlet_3.1.1.RELEASE.jar
ade1a000-ade1d000 ---p 00000000 00:00 0 
ade1d000-ade6b000 rw-p 00000000 00:00 0 
ade6b000-ade6e000 ---p 00000000 00:00 0 
ade6e000-adebc000 rw-p 00000000 00:00 0 
adebc000-adebf000 ---p 00000000 00:00 0 
adebf000-adf0d000 rw-p 00000000 00:00 0 
adf0d000-adf10000 ---p 00000000 00:00 0 
adf10000-adf5e000 rw-p 00000000 00:00 0 
adf5e000-adf61000 ---p 00000000 00:00 0 
adf61000-adfaf000 rw-p 00000000 00:00 0 
adfaf000-adfb2000 ---p 00000000 00:00 0 
adfb2000-ae000000 rw-p 00000000 00:00 0 
ae000000-ae0fa000 rw-p 00000000 00:00 0 
ae0fa000-ae100000 ---p 00000000 00:00 0 
ae11b000-ae11e000 ---p 00000000 00:00 0 
ae11e000-ae16c000 rw-p 00000000 00:00 0 
ae16e000-ae175000 r--s 0003a000 08:02 269696     /tools/springsource/sts-3.2.0.M2/plugins/org.springframework.transaction_3.1.1.RELEASE.jar
ae17c000-ae1db000 r--p 00000000 08:02 1442709    /usr/share/fonts/truetype/ubuntu-font-family/Ubuntu-RI.ttf
ae1db000-ae1de000 ---p 00000000 00:00 0 
ae1de000-ae22c000 rw-p 00000000 00:00 0 
ae22c000-ae22f000 ---p 00000000 00:00 0 
ae22f000-ae27d000 rw-p 00000000 00:00 0 
ae27d000-ae2d3000 r-xp 00000000 08:02 669855     /usr/lib/i386-linux-gnu/nss/libfreebl3.so
ae2d3000-ae2d4000 r--p 00056000 08:02 669855     /usr/lib/i386-linux-gnu/nss/libfreebl3.so
ae2d4000-ae2d5000 rw-p 00057000 08:02 669855     /usr/lib/i386-linux-gnu/nss/libfreebl3.so
ae2d5000-ae2d9000 rw-p 00000000 00:00 0 
ae2d9000-ae37b000 r-xp 00000000 08:02 659139     /usr/lib/i386-linux-gnu/libsqlite3.so.0.8.6
ae37b000-ae37c000 r--p 000a2000 08:02 659139     /usr/lib/i386-linux-gnu/libsqlite3.so.0.8.6
ae37c000-ae37d000 rw-p 000a3000 08:02 659139     /usr/lib/i386-linux-gnu/libsqlite3.so.0.8.6
ae37d000-ae37e000 rw-p 00000000 00:00 0 
ae37e000-ae3bd000 r-xp 00000000 08:02 669858     /usr/lib/i386-linux-gnu/nss/libsoftokn3.so
ae3bd000-ae3be000 r--p 0003f000 08:02 669858     /usr/lib/i386-linux-gnu/nss/libsoftokn3.so
ae3be000-ae3bf000 rw-p 00040000 08:02 669858     /usr/lib/i386-linux-gnu/nss/libsoftokn3.so
ae3bf000-ae3f9000 r-xp 00000000 08:02 669850     /usr/lib/i386-linux-gnu/libnspr4.so
ae3f9000-ae3fa000 r--p 0003a000 08:02 669850     /usr/lib/i386-linux-gnu/libnspr4.so
ae3fa000-ae3fb000 rw-p 0003b000 08:02 669850     /usr/lib/i386-linux-gnu/libnspr4.so
ae3fb000-ae3fd000 rw-p 00000000 00:00 0 
ae3fd000-ae41b000 r-xp 00000000 08:02 669852     /usr/lib/i386-linux-gnu/libnssutil3.so
ae41b000-ae41e000 r--p 0001e000 08:02 669852     /usr/lib/i386-linux-gnu/libnssutil3.so
ae41e000-ae41f000 rw-p 00021000 08:02 669852     /usr/lib/i386-linux-gnu/libnssutil3.so
ae41f000-ae546000 r-xp 00000000 08:02 669861     /usr/lib/i386-linux-gnu/libnss3.so
ae546000-ae549000 r--p 00126000 08:02 669861     /usr/lib/i386-linux-gnu/libnss3.so
ae549000-ae54b000 rw-p 00129000 08:02 669861     /usr/lib/i386-linux-gnu/libnss3.so
ae54b000-ae55c000 r-xp 00000000 08:02 1968722    /usr/lib/jvm/java-6-openjdk-i386/jre/lib/i386/libj2pkcs11.so
ae55c000-ae55d000 r--p 00010000 08:02 1968722    /usr/lib/jvm/java-6-openjdk-i386/jre/lib/i386/libj2pkcs11.so
ae55d000-ae55e000 rw-p 00011000 08:02 1968722    /usr/lib/jvm/java-6-openjdk-i386/jre/lib/i386/libj2pkcs11.so
ae55e000-ae561000 ---p 00000000 00:00 0 
ae561000-ae5af000 rw-p 00000000 00:00 0 
ae5af000-ae5b2000 ---p 00000000 00:00 0 
ae5b2000-ae600000 rw-p 00000000 00:00 0 
ae600000-ae6f2000 rw-p 00000000 00:00 0 
ae6f2000-ae700000 ---p 00000000 00:00 0 
ae701000-ae704000 ---p 00000000 00:00 0 
ae704000-ae752000 rw-p 00000000 00:00 0 
ae752000-ae755000 ---p 00000000 00:00 0 
ae755000-ae7a3000 rw-p 00000000 00:00 0 
ae7b3000-ae7b6000 ---p 00000000 00:00 0 
ae7b6000-ae804000 rw-p 00000000 00:00 0 
ae804000-ae807000 ---p 00000000 00:00 0 
ae807000-ae855000 rw-p 00000000 00:00 0 
ae85a000-ae860000 r--s 0002f000 08:02 269499     /tools/springsource/sts-3.2.0.M2/plugins/org.eclipse.wst.common.emf_1.2.100.v201101101900.jar
ae860000-ae869000 r--s 00056000 08:02 269506     /tools/springsource/sts-3.2.0.M2/plugins/org.eclipse.wst.common.modulecore_1.2.200.v201204190200.jar
ae869000-ae87f000 r--s 00233000 08:02 269279     /tools/springsource/sts-3.2.0.M2/plugins/org.eclipse.swt.gtk.linux.x86_3.100.1.v4236a.jar
ae87f000-afc26000 r--p 00000000 08:02 1744367    /usr/share/icons/hicolor/icon-theme.cache
afc26000-b0510000 r--p 00000000 08:02 1730540    /usr/share/icons/gnome/icon-theme.cache
b0510000-b054c000 r--s 00629000 08:02 267487     /tools/springsource/sts-3.2.0.M2/plugins/com.ibm.icu_4.4.2.v20110823.jar
b054d000-b0553000 r--s 00025000 08:02 268811     /tools/springsource/sts-3.2.0.M2/plugins/org.eclipse.jst.common.project.facet.core_1.4.201.v201108161900.jar
b0553000-b055a000 r--s 00072000 08:02 2624555    /tools/springsource/sts-3.2.0.M2/configuration/org.eclipse.osgi/bundles/909/1/.cp/lib/org.apache.felix.framework-4.0.3.jar
b055a000-b055d000 r--s 00011000 08:02 269692     /tools/springsource/sts-3.2.0.M2/plugins/org.springframework.oxm_3.1.1.RELEASE.jar
b055e000-b0560000 r--s 00007000 08:02 2754352    /tools/springsource/spring-roo-1.1.5.RELEASE/sts-cache-adpharma/bundle19/version0.0/bundle.jar
b0560000-b0574000 r--s 0018e000 08:02 268377     /tools/springsource/sts-3.2.0.M2/plugins/org.aspectj.weaver_1.7.2.20120920133900/aspectjweaver.jar
b0574000-b05c6000 r--p 00000000 08:02 1442703    /usr/share/fonts/truetype/ubuntu-font-family/Ubuntu-B.ttf
b05c6000-b06af000 r--p 00000000 08:02 1727578    /usr/share/icons/Humanity/icon-theme.cache
b06af000-b06b2000 ---p 00000000 00:00 0 
b06b2000-b0700000 rw-p 00000000 00:00 0 
b0700000-b07ff000 rw-p 00000000 00:00 0 
b07ff000-b0800000 ---p 00000000 00:00 0 
b080d000-b0837000 r--s 0046e000 08:02 268735     /tools/springsource/sts-3.2.0.M2/plugins/org.eclipse.jdt.core_3.8.3.v20130121-145325.jar
b0837000-b0847000 r--s 00082000 08:02 269690     /tools/springsource/sts-3.2.0.M2/plugins/org.springframework.osgi.core_2.0.0.M2-SNAPSHOT.jar
b0847000-b0856000 r--s 00098000 08:02 268987     /tools/springsource/sts-3.2.0.M2/plugins/org.eclipse.m2e.core.ui_1.2.0.20120903-1050.jar
b0859000-b0867000 r--s 000bb000 08:02 2624516    /tools/springsource/sts-3.2.0.M2/configuration/org.eclipse.osgi/bundles/569/1/.cp/lucene-core-2.4.1.jar
b0867000-b0869000 r--s 00015000 08:02 2754506    /tools/springsource/spring-roo-1.1.5.RELEASE/sts-cache-adpharma/bundle32/version0.0/bundle.jar
b0869000-b086b000 r--s 00005000 08:02 2754561    /tools/springsource/spring-roo-1.1.5.RELEASE/sts-cache-adpharma/bundle43/version0.0/bundle.jar
b086b000-b086d000 r--s 00005000 08:02 2754566    /tools/springsource/spring-roo-1.1.5.RELEASE/sts-cache-adpharma/bundle44/version0.0/bundle.jar
b086d000-b0872000 r--s 00031000 08:02 2754526    /tools/springsource/spring-roo-1.1.5.RELEASE/sts-cache-adpharma/bundle36/version0.0/bundle.jar
b0872000-b0874000 r--s 0000e000 08:02 2754581    /tools/springsource/spring-roo-1.1.5.RELEASE/sts-cache-adpharma/bundle47/version0.0/bundle.jar
b0879000-b0884000 r--s 0005f000 08:02 2365267    /home/clovisgakam/.m2/repository/com/thoughtworks/xstream/xstream/1.3.1/xstream-1.3.1.jar
b0884000-b088c000 r--s 00050000 08:02 269507     /tools/springsource/sts-3.2.0.M2/plugins/org.eclipse.wst.common.project.facet.core_1.4.300.v201111030424.jar
b088c000-b0894000 r--s 0004d000 08:02 268581     /tools/springsource/sts-3.2.0.M2/plugins/org.eclipse.debug.core_3.7.100.v20120521-2012.jar
b0894000-b0899000 r--s 0002f000 08:02 269688     /tools/springsource/sts-3.2.0.M2/plugins/org.springframework.jms_3.1.1.RELEASE.jar
b0899000-b08a3000 r--s 0005f000 08:02 269687     /tools/springsource/sts-3.2.0.M2/plugins/org.springframework.jdbc_3.1.1.RELEASE.jar
b08a3000-b08b3000 r-xp 00000000 08:02 659571     /usr/lib/i386-linux-gnu/gio/modules/libgioremote-volume-monitor.so
b08b3000-b08b4000 r--p 0000f000 08:02 659571     /usr/lib/i386-linux-gnu/gio/modules/libgioremote-volume-monitor.so
b08b4000-b08b5000 rw-p 00010000 08:02 659571     /usr/lib/i386-linux-gnu/gio/modules/libgioremote-volume-monitor.so
b08b5000-b08b8000 ---p 00000000 00:00 0 
b08b8000-b0906000 rw-p 00000000 00:00 0 
b0906000-b0909000 ---p 00000000 00:00 0 
b0909000-b0957000 rw-p 00000000 00:00 0 
b0959000-b095d000 r--s 00022000 08:02 269491     /tools/springsource/sts-3.2.0.M2/plugins/org.eclipse.ui_3.104.0.v20121024-145224.jar
b095d000-b0972000 r--s 000c2000 08:02 269637     /tools/springsource/sts-3.2.0.M2/plugins/org.springframework.context_3.1.1.RELEASE.jar
b0974000-b0976000 r--s 0000a000 08:02 2754486    /tools/springsource/spring-roo-1.1.5.RELEASE/sts-cache-adpharma/bundle28/version0.0/bundle.jar
b0976000-b0977000 r--s 00003000 08:02 2754316    /tools/springsource/spring-roo-1.1.5.RELEASE/sts-cache-adpharma/bundle12/version0.0/bundle.jar
b0977000-b0979000 r--s 00007000 08:02 2754571    /tools/springsource/spring-roo-1.1.5.RELEASE/sts-cache-adpharma/bundle45/version0.0/bundle.jar
b0979000-b097d000 r--s 00039000 08:02 2754641    /tools/springsource/spring-roo-1.1.5.RELEASE/sts-cache-adpharma/bundle59/version0.0/bundle.jar
b097d000-b097f000 r--s 00003000 08:02 2754337    /tools/springsource/spring-roo-1.1.5.RELEASE/sts-cache-adpharma/bundle16/version0.0/bundle.jar
b097f000-b0982000 r--s 00018000 08:02 2754261    /tools/springsource/spring-roo-1.1.5.RELEASE/sts-cache-adpharma/bundle1/version0.0/bundle.jar
b0982000-b0985000 r--s 0001b000 08:02 2754661    /tools/springsource/spring-roo-1.1.5.RELEASE/sts-cache-adpharma/bundle63/version0.0/bundle.jar
b0985000-b0987000 r--s 00003000 08:02 2754556    /tools/springsource/spring-roo-1.1.5.RELEASE/sts-cache-adpharma/bundle42/version0.0/bundle.jar
b0987000-b098b000 r--s 00022000 08:02 2754266    /tools/springsource/spring-roo-1.1.5.RELEASE/sts-cache-adpharma/bundle2/version0.0/bundle.jar
b098b000-b098f000 r--s 00021000 08:02 2754516    /tools/springsource/spring-roo-1.1.5.RELEASE/sts-cache-adpharma/bundle34/version0.0/bundle.jar
b098f000-b0997000 r--s 0009c000 08:02 268385     /tools/springsource/sts-3.2.0.M2/plugins/org.eclipse.ajdt.core_2.2.2.e42x-20121206-0900.jar
b0997000-b099a000 ---p 00000000 00:00 0 
b099a000-b09e8000 rw-p 00000000 00:00 0 
b09e8000-b09e9000 ---p 00000000 00:00 0 
b09e9000-b11e9000 rw-p 00000000 00:00 0 
b11e9000-b1203000 r-xp 00000000 08:02 658765     /usr/lib/i386-linux-gnu/libdbusmenu-glib.so.4.0.12
b1203000-b1204000 r--p 00019000 08:02 658765     /usr/lib/i386-linux-gnu/libdbusmenu-glib.so.4.0.12
b1204000-b1205000 rw-p 0001a000 08:02 658765     /usr/lib/i386-linux-gnu/libdbusmenu-glib.so.4.0.12
b1205000-b1216000 r-xp 00000000 08:02 658767     /usr/lib/i386-linux-gnu/libdbusmenu-gtk.so.4.0.12
b1216000-b1217000 r--p 00010000 08:02 658767     /usr/lib/i386-linux-gnu/libdbusmenu-gtk.so.4.0.12
b1217000-b1218000 rw-p 00011000 08:02 658767     /usr/lib/i386-linux-gnu/libdbusmenu-gtk.so.4.0.12
b1218000-b121a000 r--s 00002000 08:02 2754457    /tools/springsource/spring-roo-1.1.5.RELEASE/sts-cache-adpharma/bundle23/version0.0/bundle.jar
b121a000-b121c000 r--s 00008000 08:02 2754311    /tools/springsource/spring-roo-1.1.5.RELEASE/sts-cache-adpharma/bundle11/version0.0/bundle.jar
b121c000-b1221000 r-xp 00000000 08:02 659549     /usr/lib/i386-linux-gnu/gdk-pixbuf-2.0/2.10.0/loaders/libpixbufloader-gif.so
b1221000-b1222000 r--p 00005000 08:02 659549     /usr/lib/i386-linux-gnu/gdk-pixbuf-2.0/2.10.0/loaders/libpixbufloader-gif.so
b1222000-b1223000 rw-p 00006000 08:02 659549     /usr/lib/i386-linux-gnu/gdk-pixbuf-2.0/2.10.0/loaders/libpixbufloader-gif.so
b1224000-b1226000 r--s 00003000 08:02 2754347    /tools/springsource/spring-roo-1.1.5.RELEASE/sts-cache-adpharma/bundle18/version0.0/bundle.jar
b1226000-b122a000 r--s 00023000 08:02 2754621    /tools/springsource/spring-roo-1.1.5.RELEASE/sts-cache-adpharma/bundle55/version0.0/bundle.jar
b122a000-b12cf000 r--p 00000000 08:02 1442676    /usr/share/fonts/truetype/ttf-dejavu/DejaVuSans-Bold.ttf
b12cf000-b12dd000 r-xp 00000000 08:02 1178370    /lib/i386-linux-gnu/libudev.so.0.13.0
b12dd000-b12de000 r--p 0000e000 08:02 1178370    /lib/i386-linux-gnu/libudev.so.0.13.0
b12de000-b12df000 rw-p 0000f000 08:02 1178370    /lib/i386-linux-gnu/libudev.so.0.13.0
b12df000-b1326000 r-xp 00000000 08:02 1178283    /lib/i386-linux-gnu/libdbus-1.so.3.5.8
b1326000-b1327000 r--p 00046000 08:02 1178283    /lib/i386-linux-gnu/libdbus-1.so.3.5.8
b1327000-b1328000 rw-p 00047000 08:02 1178283    /lib/i386-linux-gnu/libdbus-1.so.3.5.8
b1328000-b133d000 r-xp 00000000 08:02 659771     /usr/lib/i386-linux-gnu/gvfs/libgvfscommon.so
b133d000-b133e000 r--p 00014000 08:02 659771     /usr/lib/i386-linux-gnu/gvfs/libgvfscommon.so
b133e000-b133f000 rw-p 00015000 08:02 659771     /usr/lib/i386-linux-gnu/gvfs/libgvfscommon.so
b133f000-b1368000 r-xp 00000000 08:02 659572     /usr/lib/i386-linux-gnu/gio/modules/libgvfsdbus.so
b1368000-b1369000 r--p 00028000 08:02 659572     /usr/lib/i386-linux-gnu/gio/modules/libgvfsdbus.so
b1369000-b136a000 rw-p 00029000 08:02 659572     /usr/lib/i386-linux-gnu/gio/modules/libgvfsdbus.so
b136a000-b13ae000 r-xp 00000000 08:02 658947     /usr/lib/i386-linux-gnu/libibus-1.0.so.0.401.0
b13ae000-b13af000 r--p 00043000 08:02 658947     /usr/lib/i386-linux-gnu/libibus-1.0.so.0.401.0
b13af000-b13b0000 rw-p 00044000 08:02 658947     /usr/lib/i386-linux-gnu/libibus-1.0.so.0.401.0
b13b1000-b13b6000 r-xp 00000000 08:02 658480     /usr/lib/gtk-2.0/2.10.0/menuproxies/libappmenu.so
b13b6000-b13b7000 r--p 00004000 08:02 658480     /usr/lib/gtk-2.0/2.10.0/menuproxies/libappmenu.so
b13b7000-b13b8000 rw-p 00005000 08:02 658480     /usr/lib/gtk-2.0/2.10.0/menuproxies/libappmenu.so
b13b8000-b13c1000 r-xp 00000000 08:02 1967000    /tools/springsource/sts-3.2.0.M2/configuration/org.eclipse.osgi/bundles/701/1/.cp/libswt-atk-gtk-4236.so
b13c1000-b13c2000 rw-p 00009000 08:02 1967000    /tools/springsource/sts-3.2.0.M2/configuration/org.eclipse.osgi/bundles/701/1/.cp/libswt-atk-gtk-4236.so
b13c2000-b13c8000 r-xp 00000000 08:02 659711     /usr/lib/i386-linux-gnu/gtk-2.0/2.10.0/immodules/im-ibus.so
b13c8000-b13c9000 r--p 00005000 08:02 659711     /usr/lib/i386-linux-gnu/gtk-2.0/2.10.0/immodules/im-ibus.so
b13c9000-b13ca000 rw-p 00006000 08:02 659711     /usr/lib/i386-linux-gnu/gtk-2.0/2.10.0/immodules/im-ibus.so
b13ca000-b13cc000 r--s 00002000 08:02 2754496    /tools/springsource/spring-roo-1.1.5.RELEASE/sts-cache-adpharma/bundle30/version0.0/bundle.jar
b13cc000-b13d3000 r--s 00034000 08:02 269639     /tools/springsource/sts-3.2.0.M2/plugins/org.springframework.data.core_1.3.1.RELEASE.jar
b13d4000-b13d7000 r--s 00006000 08:02 2624488    /tools/springsource/sts-3.2.0.M2/configuration/org.eclipse.osgi/bundles/570/1/.cp/jars/jsr305-1.3.9.jar
b13d7000-b13df000 r--s 00050000 08:02 2624484    /tools/springsource/sts-3.2.0.M2/configuration/org.eclipse.osgi/bundles/570/1/.cp/jars/sisu-guice-3.1.0-no_aop.jar
b13df000-b13e1000 r--s 00003000 08:02 2624483    /tools/springsource/sts-3.2.0.M2/configuration/org.eclipse.osgi/bundles/570/1/.cp/jars/guice-plexus-lifecycles-2.3.0.jar
b13e1000-b13e3000 r--s 00003000 08:02 2624482    /tools/springsource/sts-3.2.0.M2/configuration/org.eclipse.osgi/bundles/570/1/.cp/jars/guice-plexus-scanners-2.3.0.jar
b13e3000-b13e5000 r--s 00005000 08:02 2624480    /tools/springsource/sts-3.2.0.M2/configuration/org.eclipse.osgi/bundles/570/1/.cp/jars/guice-plexus-binders-2.3.0.jar
b13e5000-b13e7000 r--s 00002000 08:02 2624479    /tools/springsource/sts-3.2.0.M2/configuration/org.eclipse.osgi/bundles/570/1/.cp/jars/guice-plexus-locators-2.3.0.jar
b13e7000-b13e9000 r--s 00001000 08:02 2624478    /tools/springsource/sts-3.2.0.M2/configuration/org.eclipse.osgi/bundles/570/1/.cp/jars/guice-plexus-converters-2.3.0.jar
b13e9000-b13eb000 r--s 00002000 08:02 2624477    /tools/springsource/sts-3.2.0.M2/configuration/org.eclipse.osgi/bundles/570/1/.cp/jars/guice-plexus-metadata-2.3.0.jar
b13eb000-b13ed000 r--s 00000000 08:02 2624476    /tools/springsource/sts-3.2.0.M2/configuration/org.eclipse.osgi/bundles/570/1/.cp/jars/guice-bean-converters-2.3.0.jar
b13ed000-b13f2000 r--s 00019000 08:02 2624469    /tools/springsource/sts-3.2.0.M2/configuration/org.eclipse.osgi/bundles/570/1/.cp/jars/guice-plexus-shim-2.3.0.jar
b13f2000-b13f6000 r-xp 00000000 08:02 659555     /usr/lib/i386-linux-gnu/gdk-pixbuf-2.0/2.10.0/loaders/libpixbufloader-png.so
b13f6000-b13f7000 r--p 00003000 08:02 659555     /usr/lib/i386-linux-gnu/gdk-pixbuf-2.0/2.10.0/loaders/libpixbufloader-png.so
b13f7000-b13f8000 rw-p 00004000 08:02 659555     /usr/lib/i386-linux-gnu/gdk-pixbuf-2.0/2.10.0/loaders/libpixbufloader-png.so
b13f9000-b144b000 r--p 00000000 08:02 1442679    /usr/share/fonts/truetype/ttf-dejavu/DejaVuSansMono.ttf
b144b000-b14a2000 r--p 00000000 08:02 1442708    /usr/share/fonts/truetype/ubuntu-font-family/Ubuntu-R.ttf
b14a2000-b14fd000 r-xp 00000000 08:02 1966984    /tools/springsource/sts-3.2.0.M2/configuration/org.eclipse.osgi/bundles/701/1/.cp/libswt-pi-gtk-4236.so
b14fd000-b14ff000 rw-p 0005a000 08:02 1966984    /tools/springsource/sts-3.2.0.M2/configuration/org.eclipse.osgi/bundles/701/1/.cp/libswt-pi-gtk-4236.so
b14ff000-b1500000 rw-p 00000000 00:00 0 
b1500000-b15fb000 rw-p 00000000 00:00 0 
b15fb000-b1600000 ---p 00000000 00:00 0 
b1600000-b160a000 r-xp 00000000 08:02 1966989    /tools/springsource/sts-3.2.0.M2/configuration/org.eclipse.osgi/bundles/701/1/.cp/libswt-cairo-gtk-4236.so
b160a000-b160b000 rw-p 0000a000 08:02 1966989    /tools/springsource/sts-3.2.0.M2/configuration/org.eclipse.osgi/bundles/701/1/.cp/libswt-cairo-gtk-4236.so
b160b000-b1611000 r--s 00000000 08:02 1056484    /var/cache/fontconfig/945677eb7aeaf62f1d50efc3fb3ec7d8-le32d4.cache-3
b1611000-b1615000 r--s 00000000 08:02 1056486    /var/cache/fontconfig/a755afe4a08bf5b97852ceb7400b47bc-le32d4.cache-3
b1615000-b161c000 r--s 00000000 08:02 1066375    /var/cache/fontconfig/6d41288fd70b0be22e8c3a91e032eec0-le32d4.cache-3
b162b000-b1630000 r-xp 00000000 08:02 1178320    /lib/i386-linux-gnu/libnss_dns-2.15.so
b1630000-b1631000 r--p 00004000 08:02 1178320    /lib/i386-linux-gnu/libnss_dns-2.15.so
b1631000-b1632000 rw-p 00005000 08:02 1178320    /lib/i386-linux-gnu/libnss_dns-2.15.so
b1632000-b1634000 r--s 0000e000 08:02 2754286    /tools/springsource/spring-roo-1.1.5.RELEASE/sts-cache-adpharma/bundle6/version0.0/bundle.jar
b1634000-b1640000 r--s 0008a000 08:02 269635     /tools/springsource/sts-3.2.0.M2/plugins/org.springframework.beans_3.1.1.RELEASE.jar
b1640000-b1643000 r--s 00016000 08:02 2754306    /tools/springsource/spring-roo-1.1.5.RELEASE/sts-cache-adpharma/bundle10/version0.0/bundle.jar
b1643000-b164d000 r--s 00063000 08:02 269550     /tools/springsource/sts-3.2.0.M2/plugins/org.eclipse.wst.sse.core_1.1.702.v201301101836.jar
b164d000-b164f000 r--s 00001000 08:02 2754546    /tools/springsource/spring-roo-1.1.5.RELEASE/sts-cache-adpharma/bundle40/version0.0/bundle.jar
b164f000-b1655000 r--s 0003e000 08:02 2754271    /tools/springsource/spring-roo-1.1.5.RELEASE/sts-cache-adpharma/bundle3/version0.0/bundle.jar
b1655000-b1658000 r--s 0000d000 08:02 2754656    /tools/springsource/spring-roo-1.1.5.RELEASE/sts-cache-adpharma/bundle62/version0.0/bundle.jar
b1658000-b165b000 ---p 00000000 00:00 0 
b165b000-b16a9000 rw-p 00000000 00:00 0 
b16a9000-b16ac000 ---p 00000000 00:00 0 
b16ac000-b16fa000 rw-p 00000000 00:00 0 
b16fa000-b1700000 r--s 0002a000 08:02 2754332    /tools/springsource/spring-roo-1.1.5.RELEASE/sts-cache-adpharma/bundle15/version0.0/bundle.jar
b1700000-b1800000 rw-p 00000000 00:00 0 
b1800000-b1801000 r--s 00006000 08:02 2754491    /tools/springsource/spring-roo-1.1.5.RELEASE/sts-cache-adpharma/bundle29/version0.0/bundle.jar
b1801000-b1803000 r-xp 00000000 08:02 659914     /usr/lib/i386-linux-gnu/pango/1.6.0/modules/pango-basic-fc.so
b1803000-b1804000 r--p 00001000 08:02 659914     /usr/lib/i386-linux-gnu/pango/1.6.0/modules/pango-basic-fc.so
b1804000-b1805000 rw-p 00002000 08:02 659914     /usr/lib/i386-linux-gnu/pango/1.6.0/modules/pango-basic-fc.so
b1805000-b1807000 r--s 00009000 08:02 2754471    /tools/springsource/spring-roo-1.1.5.RELEASE/sts-cache-adpharma/bundle25/version0.0/bundle.jar
b1807000-b1810000 r--s 0004e000 08:02 269633     /tools/springsource/sts-3.2.0.M2/plugins/org.springframework.aop_3.1.1.RELEASE.jar
b1810000-b181b000 r--s 00000000 08:02 1056468    /var/cache/fontconfig/04aabc0a78ac019cf9454389977116d2-le32d4.cache-3
b181b000-b1828000 r--s 00000000 08:02 1056492    /var/cache/fontconfig/d52a8644073d54c13679302ca1180695-le32d4.cache-3
b1828000-b182b000 ---p 00000000 00:00 0 
b182b000-b1879000 rw-p 00000000 00:00 0 
b1879000-b187c000 ---p 00000000 00:00 0 
b187c000-b18ca000 rw-p 00000000 00:00 0 
b18ca000-b18cd000 ---p 00000000 00:00 0 
b18cd000-b191b000 rw-p 00000000 00:00 0 
b191b000-b191e000 ---p 00000000 00:00 0 
b191e000-b196c000 rw-p 00000000 00:00 0 
b196c000-b196f000 ---p 00000000 00:00 0 
b196f000-b19bd000 rw-p 00000000 00:00 0 
b19bd000-b19c0000 ---p 00000000 00:00 0 
b19c0000-b1a0e000 rw-p 00000000 00:00 0 
b1a0e000-b1a0f000 r--s 00000000 08:02 1056489    /var/cache/fontconfig/c05880de57d1f5e948fdfacc138775d9-le32d4.cache-3
b1a0f000-b1a11000 r--s 00000000 08:02 1056485    /var/cache/fontconfig/99e8ed0e538f840c565b6ed5dad60d56-le32d4.cache-3
b1a16000-b1a19000 r--s 00000000 08:02 1056471    /var/cache/fontconfig/2cd17615ca594fa2959ae173292e504c-le32d4.cache-3
b1a19000-b1a1a000 r--s 00000000 08:02 1056496    /var/cache/fontconfig/e7071f4a29fa870f4323321c154eba04-le32d4.cache-3
b1a1a000-b1a1b000 r--s 00000000 08:02 1056469    /var/cache/fontconfig/0d8c3b2ac0904cb8a57a757ad11a4a08-le32d4.cache-3
b1a1b000-b1a1c000 r--s 00006000 08:02 2754636    /tools/springsource/spring-roo-1.1.5.RELEASE/sts-cache-adpharma/bundle58/version0.0/bundle.jar
b1a1c000-b1a54000 r-xp 00000000 08:02 658736     /usr/lib/i386-linux-gnu/libcroco-0.6.so.3.0.1
b1a54000-b1a55000 ---p 00038000 08:02 658736     /usr/lib/i386-linux-gnu/libcroco-0.6.so.3.0.1
b1a55000-b1a57000 r--p 00038000 08:02 658736     /usr/lib/i386-linux-gnu/libcroco-0.6.so.3.0.1
b1a57000-b1a58000 rw-p 0003a000 08:02 658736     /usr/lib/i386-linux-gnu/libcroco-0.6.so.3.0.1
b1a58000-b1a8f000 r-xp 00000000 08:02 659106     /usr/lib/i386-linux-gnu/librsvg-2.so.2.36.1
b1a8f000-b1a90000 r--p 00036000 08:02 659106     /usr/lib/i386-linux-gnu/librsvg-2.so.2.36.1
b1a90000-b1a91000 rw-p 00037000 08:02 659106     /usr/lib/i386-linux-gnu/librsvg-2.so.2.36.1
b1a91000-b1a9c000 r--p 00000000 08:02 1730532    /usr/share/icons/Humanity-Dark/icon-theme.cache
b1a9c000-b1a9e000 r--s 00003000 08:02 2754357    /tools/springsource/spring-roo-1.1.5.RELEASE/sts-cache-adpharma/bundle20/version0.0/bundle.jar
b1a9e000-b1aa0000 r--s 00003000 08:02 2754501    /tools/springsource/spring-roo-1.1.5.RELEASE/sts-cache-adpharma/bundle31/version0.0/bundle.jar
b1aa0000-b1aa2000 r--s 0000b000 08:02 2754536    /tools/springsource/spring-roo-1.1.5.RELEASE/sts-cache-adpharma/bundle38/version0.0/bundle.jar
b1aa2000-b1aa4000 r--s 00000000 08:02 2754551    /tools/springsource/spring-roo-1.1.5.RELEASE/sts-cache-adpharma/bundle41/version0.0/bundle.jar
b1aa4000-b1aa7000 r--s 0002c000 08:02 2754281    /tools/springsource/spring-roo-1.1.5.RELEASE/sts-cache-adpharma/bundle5/version0.0/bundle.jar
b1aa7000-b1aa9000 r--s 00001000 08:02 2754616    /tools/springsource/spring-roo-1.1.5.RELEASE/sts-cache-adpharma/bundle54/version0.0/bundle.jar
b1aa9000-b1aab000 r--s 00002000 08:02 2754541    /tools/springsource/spring-roo-1.1.5.RELEASE/sts-cache-adpharma/bundle39/version0.0/bundle.jar
b1aab000-b1aad000 r--s 00000000 08:02 2754611    /tools/springsource/spring-roo-1.1.5.RELEASE/sts-cache-adpharma/bundle53/version0.0/bundle.jar
b1aad000-b1ab0000 r--s 00019000 08:02 269503     /tools/springsource/sts-3.2.0.M2/plugins/org.eclipse.wst.common.frameworks_1.2.200.v201203141800.jar
b1ab0000-b1ab2000 r--s 00009000 08:02 2754631    /tools/springsource/spring-roo-1.1.5.RELEASE/sts-cache-adpharma/bundle57/version0.0/bundle.jar
b1ab2000-b1ab4000 r--s 00003000 08:02 2754521    /tools/springsource/spring-roo-1.1.5.RELEASE/sts-cache-adpharma/bundle35/version0.0/bundle.jar
b1ab4000-b1ab6000 r--s 00017000 08:02 2754596    /tools/springsource/spring-roo-1.1.5.RELEASE/sts-cache-adpharma/bundle50/version0.0/bundle.jar
b1aba000-b1abc000 r--s 00012000 08:02 2754576    /tools/springsource/spring-roo-1.1.5.RELEASE/sts-cache-adpharma/bundle46/version0.0/bundle.jar
b1abc000-b1abe000 r--s 00004000 08:02 2754606    /tools/springsource/spring-roo-1.1.5.RELEASE/sts-cache-adpharma/bundle52/version0.0/bundle.jar
b1abe000-b1ac3000 r--s 0002c000 08:02 2624514    /tools/springsource/sts-3.2.0.M2/configuration/org.eclipse.osgi/bundles/569/1/.cp/indexer-core-3.1.0.jar
b1ac3000-b1ac4000 r--s 00001000 08:02 2754591    /tools/springsource/spring-roo-1.1.5.RELEASE/sts-cache-adpharma/bundle49/version0.0/bundle.jar
b1ac4000-b1ac6000 r--s 00001000 08:02 2754296    /tools/springsource/spring-roo-1.1.5.RELEASE/sts-cache-adpharma/bundle8/version0.0/bundle.jar
b1ac6000-b1ac7000 r--s 00002000 08:02 2754476    /tools/springsource/spring-roo-1.1.5.RELEASE/sts-cache-adpharma/bundle26/version0.0/bundle.jar
b1ac7000-b1acb000 r--s 0001b000 08:02 268810     /tools/springsource/sts-3.2.0.M2/plugins/org.eclipse.jst.common.frameworks_1.1.601.v201208160700.jar
b1acb000-b1aee000 r--p 00000000 08:02 1730699    /usr/share/icons/ubuntu-mono-dark/icon-theme.cache
b1aee000-b1af0000 r--s 00001000 08:02 2754671    /tools/springsource/spring-roo-1.1.5.RELEASE/sts-cache-adpharma/bundle65/version0.0/bundle.jar
b1af0000-b1af2000 r--s 00009000 08:02 2754511    /tools/springsource/spring-roo-1.1.5.RELEASE/sts-cache-adpharma/bundle33/version0.0/bundle.jar
b1af4000-b1af7000 r--s 00112000 08:02 268997     /tools/springsource/sts-3.2.0.M2/plugins/org.eclipse.m2e.maven.indexer_1.2.0.20120903-0645.jar
b1af7000-b1af8000 r--s 00002000 08:02 2754450    /tools/springsource/spring-roo-1.1.5.RELEASE/sts-cache-adpharma/bundle22/version0.0/bundle.jar
b1af8000-b1afa000 r--s 00002000 08:02 2754362    /tools/springsource/spring-roo-1.1.5.RELEASE/sts-cache-adpharma/bundle21/version0.0/bundle.jar
b1afa000-b1afc000 r--s 0000d000 08:02 2750317    /home/clovisgakam/.m2/repository/org/codehaus/plexus/plexus-interpolation/1.13/plexus-interpolation-1.13.jar
b1afc000-b1afe000 r--s 00009000 08:02 2619249    /home/clovisgakam/.m2/repository/org/apache/maven/shared/maven-filtering/1.0/maven-filtering-1.0.jar
b1afe000-b1b01000 r--s 0001b000 08:02 2490300    /home/clovisgakam/.m2/repository/junit/junit/3.8.1/junit-3.8.1.jar
b1b01000-b1b04000 r--s 0001a000 08:02 268424     /tools/springsource/sts-3.2.0.M2/plugins/org.eclipse.contribution.weaving.jdt_2.2.2.e42x-20121206-0900.jar
b1b04000-b1b06000 r--s 0000d000 08:02 268733     /tools/springsource/sts-3.2.0.M2/plugins/org.eclipse.jdt.compiler.tool_1.0.200.v20130116-050536.jar
b1b06000-b1b09000 r-xp 00000000 08:02 669848     /usr/lib/i386-linux-gnu/libplds4.so
b1b09000-b1b0a000 r--p 00002000 08:02 669848     /usr/lib/i386-linux-gnu/libplds4.so
b1b0a000-b1b0b000 rw-p 00003000 08:02 669848     /usr/lib/i386-linux-gnu/libplds4.so
b1b0b000-b1b0c000 r--s 00002000 08:02 2754463    /tools/springsource/spring-roo-1.1.5.RELEASE/sts-cache-adpharma/bundle24/version0.0/bundle.jar
b1b0c000-b1b0e000 r--s 00002000 08:02 2749998    /home/clovisgakam/.m2/repository/org/codehaus/plexus/plexus-interactivity-api/1.0-alpha-4/plexus-interactivity-api-1.0-alpha-4.jar
b1b0e000-b1b10000 r--s 00006000 08:02 2229809    /home/clovisgakam/.m2/repository/commons-cli/commons-cli/1.0/commons-cli-1.0.jar
b1b10000-b1b12000 r--s 00005000 08:02 2618691    /home/clovisgakam/.m2/repository/org/apache/maven/plugins/maven-resources-plugin/2.5/maven-resources-plugin-2.5.jar
b1b13000-b1b15000 r--s 00013000 08:02 2624475    /tools/springsource/sts-3.2.0.M2/configuration/org.eclipse.osgi/bundles/570/1/.cp/jars/guice-bean-scanners-2.3.0.jar
b1b15000-b1b17000 r--s 00024000 08:02 268732     /tools/springsource/sts-3.2.0.M2/plugins/org.eclipse.jdt.compiler.apt_1.0.600.v20130116-050536.jar
b1b17000-b1b19000 r-xp 00000000 08:02 1177398    /lib/libnss_mdns4.so.2
b1b19000-b1b1a000 r--p 00001000 08:02 1177398    /lib/libnss_mdns4.so.2
b1b1a000-b1b1b000 rw-p 00002000 08:02 1177398    /lib/libnss_mdns4.so.2
b1b1b000-b1b20000 r--s 0001b000 08:02 268368     /tools/springsource/sts-3.2.0.M2/plugins/org.aspectj.runtime_1.7.2.20120920133900/aspectjrt.jar
b1b20000-b1b29000 r--s 00059000 08:02 269281     /tools/springsource/sts-3.2.0.M2/plugins/org.eclipse.team.core_3.6.100.v20120524-0627.jar
b1b29000-b1b2b000 r--s 00001000 08:02 2754342    /tools/springsource/spring-roo-1.1.5.RELEASE/sts-cache-adpharma/bundle17/version0.0/bundle.jar
b1b2b000-b1b2d000 r--s 00015000 08:02 2754646    /tools/springsource/spring-roo-1.1.5.RELEASE/sts-cache-adpharma/bundle60/version0.0/bundle.jar
b1b2d000-b1b30000 r--s 0002a000 08:02 268709     /tools/springsource/sts-3.2.0.M2/plugins/org.eclipse.equinox.registry_3.5.200.v20120522-1841.jar
b1b30000-b1b32000 r--s 00002000 08:02 268454     /tools/springsource/sts-3.2.0.M2/plugins/org.eclipse.core.runtime.compatibility.registry_3.5.101.v20130108-163257/runtime_registry_compatibility.jar
b1b32000-b1b33000 r--s 0000b000 08:02 2754321    /tools/springsource/spring-roo-1.1.5.RELEASE/sts-cache-adpharma/bundle13/version0.0/bundle.jar
b1b33000-b1b3b000 r--s 00069000 08:02 268829     /tools/springsource/sts-3.2.0.M2/plugins/org.eclipse.jst.j2ee.web_1.1.600.v201203142300.jar
b1b3b000-b1b3e000 r--s 0002c000 08:02 2624557    /tools/springsource/sts-3.2.0.M2/configuration/org.eclipse.osgi/bundles/909/1/.cp/lib/org.apache.felix.scr-1.6.0.jar
b1b3e000-b1b40000 r--s 00005000 08:02 2624515    /tools/springsource/sts-3.2.0.M2/configuration/org.eclipse.osgi/bundles/569/1/.cp/indexer-artifact-3.1.0.jar
b1b40000-b1b42000 r--s 00007000 08:02 2619243    /home/clovisgakam/.m2/repository/org/apache/maven/shared/maven-filtering/1.0-beta-2/maven-filtering-1.0-beta-2.jar
b1b42000-b1b4c000 r--s 00085000 08:02 269282     /tools/springsource/sts-3.2.0.M2/plugins/org.eclipse.team.cvs.core_3.3.500.v20120522-1148.jar
b1b4c000-b1b4e000 r--s 00011000 08:02 2754205    /tools/springsource/sts-3.2.0.M2/configuration/org.eclipse.osgi/bundles/574/1/.cp/jars/maven-war-plugin-2.1.1.jar
b1b4e000-b1b50000 r--s 00002000 08:02 2750265    /home/clovisgakam/.m2/repository/org/codehaus/plexus/plexus-compiler-javac/1.8.1/plexus-compiler-javac-1.8.1.jar
b1b50000-b1b51000 r--s 00002000 08:02 2754481    /tools/springsource/spring-roo-1.1.5.RELEASE/sts-cache-adpharma/bundle27/version0.0/bundle.jar
b1b52000-b1b5c000 r--s 0006a000 08:02 269638     /tools/springsource/sts-3.2.0.M2/plugins/org.springframework.core_3.1.1.RELEASE.jar
b1b5c000-b1b64000 r--s 00186000 08:02 269663     /tools/springsource/sts-3.2.0.M2/plugins/org.springframework.ide.eclipse.core_3.2.0.201301251408-M2.jar
b1b64000-b1b69000 r--s 00033000 08:02 269676     /tools/springsource/sts-3.2.0.M2/plugins/org.springframework.ide.eclipse.roo.ui_3.2.0.201301251408-M2.jar
b1b6a000-b1b6d000 r--s 0000b000 08:02 2624472    /tools/springsource/sts-3.2.0.M2/configuration/org.eclipse.osgi/bundles/570/1/.cp/jars/guice-bean-locators-2.3.0.jar
b1b6d000-b1b71000 r--s 00033000 08:02 2624458    /tools/springsource/sts-3.2.0.M2/configuration/org.eclipse.osgi/bundles/570/1/.cp/jars/plexus-utils-2.0.6.jar
b1b71000-b1b73000 r-xp 00000000 08:02 1177399    /lib/libnss_mdns4_minimal.so.2
b1b73000-b1b74000 r--p 00001000 08:02 1177399    /lib/libnss_mdns4_minimal.so.2
b1b74000-b1b75000 rw-p 00002000 08:02 1177399    /lib/libnss_mdns4_minimal.so.2
b1b75000-b1b79000 r--s 00033000 08:02 2749831    /home/clovisgakam/.m2/repository/org/codehaus/plexus/plexus-utils/2.0.5/plexus-utils-2.0.5.jar
b1b7c000-b1b7e000 r--s 00009000 08:02 2624473    /tools/springsource/sts-3.2.0.M2/configuration/org.eclipse.osgi/bundles/570/1/.cp/jars/guice-bean-binders-2.3.0.jar
b1b7e000-b1b80000 r--s 0000b000 08:02 2624466    /tools/springsource/sts-3.2.0.M2/configuration/org.eclipse.osgi/bundles/570/1/.cp/jars/wagon-provider-api-2.2.jar
b1b80000-b1b86000 r--s 0003f000 08:02 2624465    /tools/springsource/sts-3.2.0.M2/configuration/org.eclipse.osgi/bundles/570/1/.cp/jars/maven-compat-3.0.4.jar
b1b86000-b1b8a000 r--s 0001c000 08:02 2624456    /tools/springsource/sts-3.2.0.M2/configuration/org.eclipse.osgi/bundles/570/1/.cp/jars/aether-util-1.13.1.jar
b1b8a000-b1b8d000 r--s 00000000 08:02 1065202    /var/cache/fontconfig/de156ccd2eddbdc19d37a45b8b2aac9c-le32d4.cache-3
b1b8d000-b1b90000 r--s 00000000 08:02 1056483    /var/cache/fontconfig/8801497958630a81b71ace7c5f9b32a8-le32d4.cache-3
b1b90000-b1b94000 r--s 00000000 08:02 1056472    /var/cache/fontconfig/3047814df9a2f067bd2d96a2b9c36e5a-le32d4.cache-3
b1b94000-b1b99000 r-xp 00000000 08:02 658659     /usr/lib/i386-linux-gnu/libXtst.so.6.1.0
b1b99000-b1b9a000 r--p 00004000 08:02 658659     /usr/lib/i386-linux-gnu/libXtst.so.6.1.0
b1b9a000-b1b9b000 rw-p 00005000 08:02 658659     /usr/lib/i386-linux-gnu/libXtst.so.6.1.0
b1b9b000-b1b9e000 r--s 00000000 08:02 1056474    /var/cache/fontconfig/385c0604a188198f04d133e54aba7fe7-le32d4.cache-3
b1b9e000-b1b9f000 r--s 00000000 08:02 1056477    /var/cache/fontconfig/56cf4f4769d0f4abc89a4895d7bd3ae1-le32d4.cache-3
b1b9f000-b1ba0000 r--s 00000000 08:02 1056488    /var/cache/fontconfig/b9d506c9ac06c20b433354fa67a72993-le32d4.cache-3
b1ba0000-b1ba4000 r--s 00000000 08:02 1056487    /var/cache/fontconfig/b47c4e1ecd0709278f4910c18777a504-le32d4.cache-3
b1ba4000-b1ba6000 r--s 00000000 08:02 1048413    /var/cache/fontconfig/e13b20fdb08344e0e664864cc2ede53d-le32d4.cache-3
b1ba6000-b1ba9000 r--s 00000000 08:02 2232972    /home/clovisgakam/.fontconfig/7ef2298fde41cc6eeb7af42e48b7d293-le32d4.cache-3
b1ba9000-b1bad000 rwxp 00000000 00:00 0 
b1bad000-b1bb0000 r-xp 00000000 08:02 1966983    /tools/springsource/sts-3.2.0.M2/configuration/org.eclipse.osgi/bundles/701/1/.cp/libswt-gtk-4236.so
b1bb0000-b1bb1000 rw-p 00002000 08:02 1966983    /tools/springsource/sts-3.2.0.M2/configuration/org.eclipse.osgi/bundles/701/1/.cp/libswt-gtk-4236.so
b1bb1000-b1bb2000 rw-p 00000000 00:00 0 
b1bb3000-b1bb7000 r--s 00021000 08:02 2624453    /tools/springsource/sts-3.2.0.M2/configuration/org.eclipse.osgi/bundles/570/1/.cp/jars/maven-model-builder-3.0.4.jar
b1bb7000-b1bbb000 r-xp 00000000 08:02 669849     /usr/lib/i386-linux-gnu/libplc4.so
b1bbb000-b1bbc000 r--p 00003000 08:02 669849     /usr/lib/i386-linux-gnu/libplc4.so
b1bbc000-b1bbd000 rw-p 00004000 08:02 669849     /usr/lib/i386-linux-gnu/libplc4.so
b1bbd000-b1bc0000 r--s 00013000 08:02 2624455    /tools/springsource/sts-3.2.0.M2/configuration/org.eclipse.osgi/bundles/570/1/.cp/jars/aether-api-1.13.1.jar
b1bc0000-b1bc4000 r--s 00045000 08:02 269004     /tools/springsource/sts-3.2.0.M2/plugins/org.eclipse.m2e.wtp_0.16.0.20120914-0945.jar
b1bc4000-b1bc5000 r-xp 00000000 08:02 659559     /usr/lib/i386-linux-gnu/gdk-pixbuf-2.0/2.10.0/loaders/libpixbufloader-svg.so
b1bc5000-b1bc6000 r--p 00000000 08:02 659559     /usr/lib/i386-linux-gnu/gdk-pixbuf-2.0/2.10.0/loaders/libpixbufloader-svg.so
b1bc6000-b1bc7000 rw-p 00001000 08:02 659559     /usr/lib/i386-linux-gnu/gdk-pixbuf-2.0/2.10.0/loaders/libpixbufloader-svg.so
b1bc7000-b1bc8000 r--s 00003000 08:02 2754586    /tools/springsource/spring-roo-1.1.5.RELEASE/sts-cache-adpharma/bundle48/version0.0/bundle.jar
b1bc9000-b1bcb000 r--s 0000e000 08:02 2624471    /tools/springsource/sts-3.2.0.M2/configuration/org.eclipse.osgi/bundles/570/1/.cp/jars/guice-bean-reflect-2.3.0.jar
b1bcb000-b1bcd000 r--s 0000b000 08:02 2624451    /tools/springsource/sts-3.2.0.M2/configuration/org.eclipse.osgi/bundles/570/1/.cp/jars/maven-artifact-3.0.4.jar
b1bcd000-b1bcf000 r--s 00000000 08:02 2749968    /home/clovisgakam/.m2/repository/org/codehaus/plexus/plexus-compiler-manager/1.8.1/plexus-compiler-manager-1.8.1.jar
b1bcf000-b1bd1000 r--s 00009000 08:02 2624464    /tools/springsource/sts-3.2.0.M2/configuration/org.eclipse.osgi/bundles/570/1/.cp/jars/commons-cli-1.2.jar
b1bd1000-b1bd3000 r--s 0000c000 08:02 2624454    /tools/springsource/sts-3.2.0.M2/configuration/org.eclipse.osgi/bundles/570/1/.cp/jars/maven-aether-provider-3.0.4.jar
b1bd3000-b1bd5000 r--s 0000b000 08:02 2624452    /tools/springsource/sts-3.2.0.M2/configuration/org.eclipse.osgi/bundles/570/1/.cp/jars/maven-plugin-api-3.0.4.jar
b1bd5000-b1bd7000 r--s 00001000 08:02 2624489    /tools/springsource/sts-3.2.0.M2/configuration/org.eclipse.osgi/bundles/570/1/.cp/jars/plexus-build-api-0.0.7.jar
b1bd8000-b1bda000 r--s 00002000 08:02 2624463    /tools/springsource/sts-3.2.0.M2/configuration/org.eclipse.osgi/bundles/570/1/.cp/jars/plexus-cipher-1.7.jar
b1bda000-b1bdb000 r--s 00004000 08:02 2750188    /home/clovisgakam/.m2/repository/org/codehaus/plexus/plexus-compiler-api/1.8.1/plexus-compiler-api-1.8.1.jar
b1bdb000-b1bdf000 r--s 00029000 08:02 2750131    /home/clovisgakam/.m2/repository/org/codehaus/plexus/plexus-archiver/1.2/plexus-archiver-1.2.jar
b1bdf000-b1be1000 r--s 00000000 08:02 2624460    /tools/springsource/sts-3.2.0.M2/configuration/org.eclipse.osgi/bundles/570/1/.cp/jars/plexus-component-annotations-1.5.5.jar
b1be1000-b1be3000 r--s 00006000 08:02 2624450    /tools/springsource/sts-3.2.0.M2/configuration/org.eclipse.osgi/bundles/570/1/.cp/jars/maven-repository-metadata-3.0.4.jar
b1be3000-b1be6000 r--s 00008000 08:02 2624449    /tools/springsource/sts-3.2.0.M2/configuration/org.eclipse.osgi/bundles/570/1/.cp/jars/maven-settings-builder-3.0.4.jar
b1be6000-b1be8000 r--s 0000a000 08:02 2624448    /tools/springsource/sts-3.2.0.M2/configuration/org.eclipse.osgi/bundles/570/1/.cp/jars/maven-settings-3.0.4.jar
b1be8000-b1bed000 r--s 00030000 08:02 268624     /tools/springsource/sts-3.2.0.M2/plugins/org.eclipse.emf.common_2.8.0.v20120911-0500.jar
b1bed000-b1bf0000 r--s 0001d000 08:02 269697     /tools/springsource/sts-3.2.0.M2/plugins/org.springframework.uaa.client_1.0.3.RELEASE.jar
b1bf0000-b1bf2000 r--s 00006000 08:02 2618562    /home/clovisgakam/.m2/repository/org/apache/maven/plugins/maven-compiler-plugin/2.3.2/maven-compiler-plugin-2.3.2.jar
b1bf3000-b1bf7000 r--s 0001f000 08:02 269500     /tools/springsource/sts-3.2.0.M2/plugins/org.eclipse.wst.common.emfworkbench.integration_1.2.101.v201107140600.jar
b1bf7000-b1bf8000 r-xp 00000000 08:02 654427     /usr/lib/i386-linux-gnu/libgthread-2.0.so.0.3200.3
b1bf8000-b1bf9000 r--p 00000000 08:02 654427     /usr/lib/i386-linux-gnu/libgthread-2.0.so.0.3200.3
b1bf9000-b1bfa000 rw-p 00001000 08:02 654427     /usr/lib/i386-linux-gnu/libgthread-2.0.so.0.3200.3
b1bfa000-b1bfd000 r--s 0000a000 08:02 2750352    /home/clovisgakam/.m2/repository/org/codehaus/plexus/plexus-io/1.0.1/plexus-io-1.0.1.jar
b1bfd000-b1bfe000 r--s 00001000 08:02 2624481    /tools/springsource/sts-3.2.0.M2/configuration/org.eclipse.osgi/bundles/570/1/.cp/jars/guice-bean-inject-2.3.0.jar
b1bfe000-b1c00000 r--s 00026000 08:02 2624447    /tools/springsource/sts-3.2.0.M2/configuration/org.eclipse.osgi/bundles/570/1/.cp/jars/maven-model-3.0.4.jar
b1c00000-b1c03000 r--s 00018000 08:02 268655     /tools/springsource/sts-3.2.0.M2/plugins/org.eclipse.equinox.common_3.6.100.v20120522-1841.jar
b1c03000-b1c04000 r--s 00000000 08:02 2624470    /tools/springsource/sts-3.2.0.M2/configuration/org.eclipse.osgi/bundles/570/1/.cp/jars/javax.inject-1.jar
b1c06000-b1c09000 r--s 00014000 08:02 2624517    /tools/springsource/sts-3.2.0.M2/configuration/org.eclipse.osgi/bundles/569/1/.cp/lucene-highlighter-2.4.1.jar
b1c09000-b1c0b000 r--s 00005000 08:02 2753376    /home/clovisgakam/.m2/repository/xpp3/xpp3_min/1.1.4c/xpp3_min-1.1.4c.jar
b1c0b000-b1c0c000 r--s 00001000 08:02 2619605    /home/clovisgakam/.m2/repository/org/apache/maven/doxia/doxia-sink-api/1.0-alpha-7/doxia-sink-api-1.0-alpha-7.jar
b1c0c000-b1c0e000 r--s 00001000 08:02 2754291    /tools/springsource/spring-roo-1.1.5.RELEASE/sts-cache-adpharma/bundle7/version0.0/bundle.jar
b1c0e000-b1c10000 r--s 0000b000 08:02 2624493    /tools/springsource/sts-3.2.0.M2/configuration/org.eclipse.osgi/bundles/570/1/.cp/jars/aether-connector-asynchttpclient-1.13.1.jar
b1c10000-b1c13000 r--s 0001d000 08:02 2624492    /tools/springsource/sts-3.2.0.M2/configuration/org.eclipse.osgi/bundles/570/1/.cp/jars/aether-impl-1.13.1.jar
b1c13000-b1c17000 r--s 00035000 08:02 268827     /tools/springsource/sts-3.2.0.M2/plugins/org.eclipse.jst.j2ee.navigator.ui_1.1.600.v201203142300.jar
b1c17000-b1c19000 r--s 00004000 08:02 1067478    /tools/springsource/spring-roo-1.1.5.RELEASE/bundle/org.springframework.roo.uaa-1.1.5.RELEASE.jar
b1c19000-b1c1a000 r--s 00001000 08:02 2754601    /tools/springsource/spring-roo-1.1.5.RELEASE/sts-cache-adpharma/bundle51/version0.0/bundle.jar
b1c1b000-b1c1c000 r--s 00004000 08:02 2619183    /home/clovisgakam/.m2/repository/org/apache/maven/maven-archiver/2.4.1/maven-archiver-2.4.1.jar
b1c1c000-b1c1e000 r--s 00011000 08:02 2618482    /home/clovisgakam/.m2/repository/org/apache/maven/plugins/maven-war-plugin/2.1.1/maven-war-plugin-2.1.1.jar
b1c1e000-b1c20000 r--s 00007000 08:02 2754326    /tools/springsource/spring-roo-1.1.5.RELEASE/sts-cache-adpharma/bundle14/version0.0/bundle.jar
b1c20000-b1c22000 r--s 00013000 08:02 1857187    /usr/lib/jvm/java-6-openjdk-common/jre/lib/jce.jar
b1c23000-b1c24000 r--s 00004000 08:02 2754651    /tools/springsource/spring-roo-1.1.5.RELEASE/sts-cache-adpharma/bundle61/version0.0/bundle.jar
b1c25000-b1c28000 r--s 00023000 08:02 269538     /tools/springsource/sts-3.2.0.M2/plugins/org.eclipse.wst.jsdt.web.core_1.0.502.v201301101836.jar
b1c28000-b1c2a000 r--s 00414000 08:02 268998     /tools/springsource/sts-3.2.0.M2/plugins/org.eclipse.m2e.maven.runtime_1.2.0.20120903-0645.jar
b1c2b000-b1c2c000 r--s 00002000 08:02 2624495    /tools/springsource/sts-3.2.0.M2/configuration/org.eclipse.osgi/bundles/570/1/.cp/jars/wagon-file-2.2.jar
b1c2c000-b1c2d000 r--s 00002000 08:02 2624550    /tools/springsource/sts-3.2.0.M2/configuration/org.eclipse.osgi/bundles/909/1/.cp/lib/org.springframework.roo.support.osgi-1.2.0.RELEASE.jar
b1c2d000-b1c2f000 r--s 0001a000 08:02 2624565    /tools/springsource/sts-3.2.0.M2/configuration/org.eclipse.osgi/bundles/909/1/.cp/lib/org.springframework.roo.support-1.2.0.RELEASE.jar
b1c2f000-b1c33000 r--s 00023000 08:02 2624560    /tools/springsource/sts-3.2.0.M2/configuration/org.eclipse.osgi/bundles/909/1/.cp/lib/org.springframework.roo.wrapping.bcpg-jdk15-1.45.0.0010.jar
b1c33000-b1c34000 r--s 00004000 08:02 2624494    /tools/springsource/sts-3.2.0.M2/configuration/org.eclipse.osgi/bundles/570/1/.cp/jars/wagon-ahc-1.2.1.jar
b1c34000-b1c35000 r--s 00003000 08:02 2624491    /tools/springsource/sts-3.2.0.M2/configuration/org.eclipse.osgi/bundles/570/1/.cp/jars/aether-spi-1.13.1.jar
b1c35000-b1c37000 r-xp 00000000 08:02 2753944    /tools/springsource/sts-3.2.0.M2/configuration/org.eclipse.osgi/bundles/117/1/.cp/os/linux/x86/libunixfile_1_0_0.so
b1c37000-b1c38000 rw-p 00001000 08:02 2753944    /tools/springsource/sts-3.2.0.M2/configuration/org.eclipse.osgi/bundles/117/1/.cp/os/linux/x86/libunixfile_1_0_0.so
b1c38000-b1c3a000 r--s 0000a000 08:02 2624459    /tools/springsource/sts-3.2.0.M2/configuration/org.eclipse.osgi/bundles/570/1/.cp/jars/plexus-classworlds-2.4.jar
b1c3b000-b1c3d000 r--s 00006000 08:02 2624490    /tools/springsource/sts-3.2.0.M2/configuration/org.eclipse.osgi/bundles/570/1/.cp/jars/aether-connector-wagon-1.13.1.jar
b1c3d000-b1c3e000 r--s 00002000 08:02 2754666    /tools/springsource/spring-roo-1.1.5.RELEASE/sts-cache-adpharma/bundle64/version0.0/bundle.jar
b1c3e000-b1c40000 r--s 00000000 08:02 2624559    /tools/springsource/sts-3.2.0.M2/configuration/org.eclipse.osgi/bundles/909/1/.cp/lib/org.springframework.roo.url.stream-1.2.0.RELEASE.jar
b1c40000-b1c42000 r--s 0000b000 08:02 2624558    /tools/springsource/sts-3.2.0.M2/configuration/org.eclipse.osgi/bundles/909/1/.cp/lib/org.springframework.roo.felix-1.2.0.RELEASE.jar
b1c42000-b1c43000 r--s 0000f000 08:02 2754531    /tools/springsource/spring-roo-1.1.5.RELEASE/sts-cache-adpharma/bundle37/version0.0/bundle.jar
b1c43000-b1c46000 r--s 0001b000 08:02 1067489    /tools/springsource/spring-roo-1.1.5.RELEASE/bundle/org.springframework.uaa.client-1.0.2.RELEASE.jar
b1c46000-b1c48000 r--s 0024c000 08:02 269675     /tools/springsource/sts-3.2.0.M2/plugins/org.springframework.ide.eclipse.roo.core_3.2.0.201301251408-M2.jar
b1c48000-b1c49000 r--p 00000000 00:00 0 
b1c49000-b1c4b000 r--s 0000d000 08:02 2624457    /tools/springsource/sts-3.2.0.M2/configuration/org.eclipse.osgi/bundles/570/1/.cp/jars/plexus-interpolation-1.14.jar
b1c4b000-b1c4c000 r--s 00000000 08:02 1056475    /var/cache/fontconfig/4794a0821666d79190d59a36cb4f44b5-le32d4.cache-3
b1c4c000-b1c4d000 r--s 0000a000 08:02 2624462    /tools/springsource/sts-3.2.0.M2/configuration/org.eclipse.osgi/bundles/570/1/.cp/jars/maven-embedder-3.0.4.jar
b1c4d000-b1c50000 ---p 00000000 00:00 0 
b1c50000-b1c9e000 rw-p 00000000 00:00 0 
b1c9e000-b1ca1000 ---p 00000000 00:00 0 
b1ca1000-b1cef000 rw-p 00000000 00:00 0 
b1cef000-b1cf7000 r-xp 00000000 08:02 1968704    /usr/lib/jvm/java-6-openjdk-i386/jre/lib/i386/libnio.so
b1cf7000-b1cf8000 r--p 00007000 08:02 1968704    /usr/lib/jvm/java-6-openjdk-i386/jre/lib/i386/libnio.so
b1cf8000-b1cf9000 rw-p 00008000 08:02 1968704    /usr/lib/jvm/java-6-openjdk-i386/jre/lib/i386/libnio.so
b1cf9000-b1d0e000 r-xp 00000000 08:02 1968715    /usr/lib/jvm/java-6-openjdk-i386/jre/lib/i386/libnet.so
b1d0e000-b1d0f000 r--p 00014000 08:02 1968715    /usr/lib/jvm/java-6-openjdk-i386/jre/lib/i386/libnet.so
b1d0f000-b1d10000 rw-p 00015000 08:02 1968715    /usr/lib/jvm/java-6-openjdk-i386/jre/lib/i386/libnet.so
b1d10000-b1d24000 r--s 00142000 08:02 269062     /tools/springsource/sts-3.2.0.M2/plugins/org.eclipse.osgi_3.8.2.v20130124-134944.jar
b1d24000-b1d84000 rw-s 00000000 00:04 940408834  /SYSV00000000 (deleted)
b1d84000-b1e04000 rw-p 00000000 00:00 0 
b1e04000-b1e20000 r--s 00000000 08:02 926681     /usr/share/mime/mime.cache
b1e20000-b1e26000 r-xp 00000000 08:02 659032     /usr/lib/i386-linux-gnu/libogg.so.0.7.1
b1e26000-b1e27000 r--p 00005000 08:02 659032     /usr/lib/i386-linux-gnu/libogg.so.0.7.1
b1e27000-b1e28000 rw-p 00006000 08:02 659032     /usr/lib/i386-linux-gnu/libogg.so.0.7.1
b1e28000-b1e51000 r-xp 00000000 08:02 659190     /usr/lib/i386-linux-gnu/libvorbis.so.0.4.5
b1e51000-b1e52000 r--p 00028000 08:02 659190     /usr/lib/i386-linux-gnu/libvorbis.so.0.4.5
b1e52000-b1e53000 rw-p 00029000 08:02 659190     /usr/lib/i386-linux-gnu/libvorbis.so.0.4.5
b1e53000-b1e5b000 r-xp 00000000 08:02 658989     /usr/lib/i386-linux-gnu/libltdl.so.7.3.0
b1e5b000-b1e5c000 r--p 00008000 08:02 658989     /usr/lib/i386-linux-gnu/libltdl.so.7.3.0
b1e5c000-b1e5d000 rw-p 00009000 08:02 658989     /usr/lib/i386-linux-gnu/libltdl.so.7.3.0
b1e5d000-b1e6e000 r-xp 00000000 08:02 659157     /usr/lib/i386-linux-gnu/libtdb.so.1.2.9
b1e6e000-b1e6f000 r--p 00010000 08:02 659157     /usr/lib/i386-linux-gnu/libtdb.so.1.2.9
b1e6f000-b1e70000 rw-p 00011000 08:02 659157     /usr/lib/i386-linux-gnu/libtdb.so.1.2.9
b1e70000-b1e78000 r-xp 00000000 08:02 659194     /usr/lib/i386-linux-gnu/libvorbisfile.so.3.3.4
b1e78000-b1e79000 r--p 00007000 08:02 659194     /usr/lib/i386-linux-gnu/libvorbisfile.so.3.3.4
b1e79000-b1e7a000 rw-p 00008000 08:02 659194     /usr/lib/i386-linux-gnu/libvorbisfile.so.3.3.4
b1e7a000-b1e89000 r-xp 00000000 08:02 658727     /usr/lib/i386-linux-gnu/libcanberra.so.0.2.5
b1e89000-b1e8a000 r--p 0000e000 08:02 658727     /usr/lib/i386-linux-gnu/libcanberra.so.0.2.5
b1e8a000-b1e8b000 rw-p 0000f000 08:02 658727     /usr/lib/i386-linux-gnu/libcanberra.so.0.2.5
b1e8b000-b1e8f000 r-xp 00000000 08:02 658723     /usr/lib/i386-linux-gnu/libcanberra-gtk.so.0.1.8
b1e8f000-b1e90000 r--p 00003000 08:02 658723     /usr/lib/i386-linux-gnu/libcanberra-gtk.so.0.1.8
b1e90000-b1e91000 rw-p 00004000 08:02 658723     /usr/lib/i386-linux-gnu/libcanberra-gtk.so.0.1.8
b1e91000-b1e92000 r--s 00006000 08:02 2624461    /tools/springsource/sts-3.2.0.M2/configuration/org.eclipse.osgi/bundles/570/1/.cp/jars/plexus-sec-dispatcher-1.3.jar
b1e92000-b1e93000 r--s 00004000 08:02 269280     /tools/springsource/sts-3.2.0.M2/plugins/org.eclipse.swt_3.100.1.v4236a.jar
b1e94000-b1e95000 r--s 0000a000 08:02 2754674    /tools/springsource/spring-roo-1.1.5.RELEASE/sts-cache-adpharma/bundle5/version0.0/bundle.jar-embedded/kxml2-2.2.2.jar
b1e95000-b1e97000 r--s 00009000 08:02 2754301    /tools/springsource/spring-roo-1.1.5.RELEASE/sts-cache-adpharma/bundle9/version0.0/bundle.jar
b1e97000-b1e9d000 r--s 000fc000 08:02 1857204    /usr/lib/jvm/java-6-openjdk-common/jre/lib/resources.jar
b1e9d000-b1ea0000 r-xp 00000000 08:02 659548     /usr/lib/i386-linux-gnu/gdk-pixbuf-2.0/2.10.0/loaders/libpixbufloader-bmp.so
b1ea0000-b1ea1000 r--p 00002000 08:02 659548     /usr/lib/i386-linux-gnu/gdk-pixbuf-2.0/2.10.0/loaders/libpixbufloader-bmp.so
b1ea1000-b1ea2000 rw-p 00003000 08:02 659548     /usr/lib/i386-linux-gnu/gdk-pixbuf-2.0/2.10.0/loaders/libpixbufloader-bmp.so
b1ea2000-b1ea3000 r--s 00002000 08:02 2619792    /home/clovisgakam/.m2/repository/org/apache/maven/reporting/maven-reporting-api/2.0.6/maven-reporting-api-2.0.6.jar
b1ea3000-b1ea8000 r-xp 00000000 08:02 659725     /usr/lib/i386-linux-gnu/gtk-2.0/modules/libcanberra-gtk-module.so
b1ea8000-b1ea9000 r--p 00004000 08:02 659725     /usr/lib/i386-linux-gnu/gtk-2.0/modules/libcanberra-gtk-module.so
b1ea9000-b1eaa000 rw-p 00005000 08:02 659725     /usr/lib/i386-linux-gnu/gtk-2.0/modules/libcanberra-gtk-module.so
b1eaa000-b1edf000 r-xp 00000000 08:02 659704     /usr/lib/i386-linux-gnu/gtk-2.0/2.10.0/engines/libmurrine.so
b1edf000-b1ee0000 r--p 00034000 08:02 659704     /usr/lib/i386-linux-gnu/gtk-2.0/2.10.0/engines/libmurrine.so
b1ee0000-b1ee1000 rw-p 00035000 08:02 659704     /usr/lib/i386-linux-gnu/gtk-2.0/2.10.0/engines/libmurrine.so
b1ee1000-b1ee2000 ---p 00000000 00:00 0 
b1ee2000-b26e2000 rw-p 00000000 00:00 0 
b26e2000-b26e3000 ---p 00000000 00:00 0 
b26e3000-b2ee3000 rw-p 00000000 00:00 0 
b2ee3000-b2eea000 r-xp 00000000 08:02 659567     /usr/lib/i386-linux-gnu/gio/modules/libdconfsettings.so
b2eea000-b2eeb000 r--p 00006000 08:02 659567     /usr/lib/i386-linux-gnu/gio/modules/libdconfsettings.so
b2eeb000-b2eec000 rw-p 00007000 08:02 659567     /usr/lib/i386-linux-gnu/gio/modules/libdconfsettings.so
b2eec000-b2f10000 r--p 00000000 08:02 927946     /usr/share/glib-2.0/schemas/gschemas.compiled
b2f10000-b2f2d000 r-xp 00000000 08:02 658681     /usr/lib/i386-linux-gnu/libatk-1.0.so.0.20409.1
b2f2d000-b2f2f000 r--p 0001c000 08:02 658681     /usr/lib/i386-linux-gnu/libatk-1.0.so.0.20409.1
b2f2f000-b2f30000 rw-p 0001e000 08:02 658681     /usr/lib/i386-linux-gnu/libatk-1.0.so.0.20409.1
b2f30000-b3390000 r-xp 00000000 08:02 658927     /usr/lib/i386-linux-gnu/libgtk-x11-2.0.so.0.2400.10
b3390000-b3394000 r--p 00460000 08:02 658927     /usr/lib/i386-linux-gnu/libgtk-x11-2.0.so.0.2400.10
b3394000-b3396000 rw-p 00464000 08:02 658927     /usr/lib/i386-linux-gnu/libgtk-x11-2.0.so.0.2400.10
b3396000-b3398000 rw-p 00000000 00:00 0 
b3398000-b339d000 r-xp 00000000 08:02 658633     /usr/lib/i386-linux-gnu/libXdmcp.so.6.0.0
b339d000-b339e000 r--p 00004000 08:02 658633     /usr/lib/i386-linux-gnu/libXdmcp.so.6.0.0
b339e000-b339f000 rw-p 00005000 08:02 658633     /usr/lib/i386-linux-gnu/libXdmcp.so.6.0.0
b339f000-b33a1000 r-xp 00000000 08:02 658622     /usr/lib/i386-linux-gnu/libXau.so.6.0.0
b33a1000-b33a2000 r--p 00001000 08:02 658622     /usr/lib/i386-linux-gnu/libXau.so.6.0.0
b33a2000-b33a3000 rw-p 00002000 08:02 658622     /usr/lib/i386-linux-gnu/libXau.so.6.0.0
b33a3000-b33c2000 r-xp 00000000 08:02 670630     /usr/lib/i386-linux-gnu/libxcb.so.1.1.0
b33c2000-b33c3000 r--p 0001f000 08:02 670630     /usr/lib/i386-linux-gnu/libxcb.so.1.1.0
b33c3000-b33c4000 rw-p 00020000 08:02 670630     /usr/lib/i386-linux-gnu/libxcb.so.1.1.0
b33c4000-b33cc000 r-xp 00000000 08:02 659213     /usr/lib/i386-linux-gnu/libxcb-render.so.0.0.0
b33cc000-b33cd000 r--p 00008000 08:02 659213     /usr/lib/i386-linux-gnu/libxcb-render.so.0.0.0
b33cd000-b33ce000 rw-p 00009000 08:02 659213     /usr/lib/i386-linux-gnu/libxcb-render.so.0.0.0
b33ce000-b33d0000 r-xp 00000000 08:02 659217     /usr/lib/i386-linux-gnu/libxcb-shm.so.0.0.0
b33d0000-b33d1000 r--p 00001000 08:02 659217     /usr/lib/i386-linux-gnu/libxcb-shm.so.0.0.0
b33d1000-b33d2000 rw-p 00002000 08:02 659217     /usr/lib/i386-linux-gnu/libxcb-shm.so.0.0.0
b33d2000-b33fa000 r-xp 00000000 08:02 1178348    /lib/i386-linux-gnu/libpng12.so.0.46.0
b33fa000-b33fb000 r--p 00027000 08:02 1178348    /lib/i386-linux-gnu/libpng12.so.0.46.0
b33fb000-b33fc000 rw-p 00028000 08:02 1178348    /lib/i386-linux-gnu/libpng12.so.0.46.0
b33fc000-b348f000 r-xp 00000000 08:02 659064     /usr/lib/i386-linux-gnu/libpixman-1.so.0.24.4
b348f000-b3493000 r--p 00092000 08:02 659064     /usr/lib/i386-linux-gnu/libpixman-1.so.0.24.4
b3493000-b3494000 rw-p 00096000 08:02 659064     /usr/lib/i386-linux-gnu/libpixman-1.so.0.24.4
b3494000-b34ba000 r-xp 00000000 08:02 1178289    /lib/i386-linux-gnu/libexpat.so.1.5.2
b34ba000-b34bb000 ---p 00026000 08:02 1178289    /lib/i386-linux-gnu/libexpat.so.1.5.2
b34bb000-b34bd000 r--p 00026000 08:02 1178289    /lib/i386-linux-gnu/libexpat.so.1.5.2
b34bd000-b34be000 rw-p 00028000 08:02 1178289    /lib/i386-linux-gnu/libexpat.so.1.5.2
b34be000-b34d1000 r-xp 00000000 08:02 1178355    /lib/i386-linux-gnu/libresolv-2.15.so
b34d1000-b34d2000 ---p 00013000 08:02 1178355    /lib/i386-linux-gnu/libresolv-2.15.so
b34d2000-b34d3000 r--p 00013000 08:02 1178355    /lib/i386-linux-gnu/libresolv-2.15.so
b34d3000-b34d4000 rw-p 00014000 08:02 1178355    /lib/i386-linux-gnu/libresolv-2.15.so
b34d4000-b34d6000 rw-p 00000000 00:00 0 
b34d6000-b34f3000 r-xp 00000000 08:02 1178359    /lib/i386-linux-gnu/libselinux.so.1
b34f3000-b34f4000 r--p 0001c000 08:02 1178359    /lib/i386-linux-gnu/libselinux.so.1
b34f4000-b34f5000 rw-p 0001d000 08:02 1178359    /lib/i386-linux-gnu/libselinux.so.1
b34f5000-b34f8000 r-xp 00000000 08:02 654514     /usr/lib/i386-linux-gnu/libgmodule-2.0.so.0.3200.3
b34f8000-b34f9000 r--p 00002000 08:02 654514     /usr/lib/i386-linux-gnu/libgmodule-2.0.so.0.3200.3
b34f9000-b34fa000 rw-p 00003000 08:02 654514     /usr/lib/i386-linux-gnu/libgmodule-2.0.so.0.3200.3
b34fa000-b358f000 r-xp 00000000 08:02 658815     /usr/lib/i386-linux-gnu/libfreetype.so.6.8.0
b358f000-b3593000 r--p 00094000 08:02 658815     /usr/lib/i386-linux-gnu/libfreetype.so.6.8.0
b3593000-b3594000 rw-p 00098000 08:02 658815     /usr/lib/i386-linux-gnu/libfreetype.so.6.8.0
b3594000-b35be000 r-xp 00000000 08:02 659048     /usr/lib/i386-linux-gnu/libpangoft2-1.0.so.0.3000.0
b35be000-b35bf000 r--p 00029000 08:02 659048     /usr/lib/i386-linux-gnu/libpangoft2-1.0.so.0.3000.0
b35bf000-b35c0000 rw-p 0002a000 08:02 659048     /usr/lib/i386-linux-gnu/libpangoft2-1.0.so.0.3000.0
b35c0000-b36f0000 r-xp 00000000 08:02 658620     /usr/lib/i386-linux-gnu/libX11.so.6.3.0
b36f0000-b36f1000 r--p 0012f000 08:02 658620     /usr/lib/i386-linux-gnu/libX11.so.6.3.0
b36f1000-b36f3000 rw-p 00130000 08:02 658620     /usr/lib/i386-linux-gnu/libX11.so.6.3.0
b36f3000-b36f4000 rw-p 00000000 00:00 0 
b36f4000-b37bb000 r-xp 00000000 08:02 658719     /usr/lib/i386-linux-gnu/libcairo.so.2.11000.2
b37bb000-b37bc000 r--p 000c7000 08:02 658719     /usr/lib/i386-linux-gnu/libcairo.so.2.11000.2
b37bc000-b37bd000 rw-p 000c8000 08:02 658719     /usr/lib/i386-linux-gnu/libcairo.so.2.11000.2
b37bd000-b37bf000 rw-p 00000000 00:00 0 
b37bf000-b37c3000 r-xp 00000000 08:02 658637     /usr/lib/i386-linux-gnu/libXfixes.so.3.1.0
b37c3000-b37c4000 r--p 00004000 08:02 658637     /usr/lib/i386-linux-gnu/libXfixes.so.3.1.0
b37c4000-b37c5000 rw-p 00005000 08:02 658637     /usr/lib/i386-linux-gnu/libXfixes.so.3.1.0
b37c5000-b37c7000 r-xp 00000000 08:02 658631     /usr/lib/i386-linux-gnu/libXdamage.so.1.1.0
b37c7000-b37c8000 r--p 00001000 08:02 658631     /usr/lib/i386-linux-gnu/libXdamage.so.1.1.0
b37c8000-b37c9000 rw-p 00002000 08:02 658631     /usr/lib/i386-linux-gnu/libXdamage.so.1.1.0
b37c9000-b37cb000 r-xp 00000000 08:02 658627     /usr/lib/i386-linux-gnu/libXcomposite.so.1.0.0
b37cb000-b37cc000 r--p 00001000 08:02 658627     /usr/lib/i386-linux-gnu/libXcomposite.so.1.0.0
b37cc000-b37cd000 rw-p 00002000 08:02 658627     /usr/lib/i386-linux-gnu/libXcomposite.so.1.0.0
b37cd000-b37d6000 r-xp 00000000 08:02 658629     /usr/lib/i386-linux-gnu/libXcursor.so.1.0.2
b37d6000-b37d7000 r--p 00008000 08:02 658629     /usr/lib/i386-linux-gnu/libXcursor.so.1.0.2
b37d7000-b37d8000 rw-p 00009000 08:02 658629     /usr/lib/i386-linux-gnu/libXcursor.so.1.0.2
b37d8000-b37df000 r-xp 00000000 08:02 658653     /usr/lib/i386-linux-gnu/libXrandr.so.2.2.0
b37df000-b37e0000 r--p 00006000 08:02 658653     /usr/lib/i386-linux-gnu/libXrandr.so.2.2.0
b37e0000-b37e1000 rw-p 00007000 08:02 658653     /usr/lib/i386-linux-gnu/libXrandr.so.2.2.0
b37e1000-b37ef000 r-xp 00000000 08:02 658641     /usr/lib/i386-linux-gnu/libXi.so.6.1.0
b37ef000-b37f0000 r--p 0000d000 08:02 658641     /usr/lib/i386-linux-gnu/libXi.so.6.1.0
b37f0000-b37f1000 rw-p 0000e000 08:02 658641     /usr/lib/i386-linux-gnu/libXi.so.6.1.0
b37f1000-b37f9000 r-xp 00000000 08:02 658655     /usr/lib/i386-linux-gnu/libXrender.so.1.3.0
b37f9000-b37fa000 r--p 00007000 08:02 658655     /usr/lib/i386-linux-gnu/libXrender.so.1.3.0
b37fa000-b37fb000 rw-p 00008000 08:02 658655     /usr/lib/i386-linux-gnu/libXrender.so.1.3.0
b37fb000-b380b000 r-xp 00000000 08:02 658635     /usr/lib/i386-linux-gnu/libXext.so.6.4.0
b380b000-b380c000 r--p 0000f000 08:02 658635     /usr/lib/i386-linux-gnu/libXext.so.6.4.0
b380c000-b380d000 rw-p 00010000 08:02 658635     /usr/lib/i386-linux-gnu/libXext.so.6.4.0
b380d000-b383f000 r-xp 00000000 08:02 658809     /usr/lib/i386-linux-gnu/libfontconfig.so.1.4.4
b383f000-b3840000 r--p 00032000 08:02 658809     /usr/lib/i386-linux-gnu/libfontconfig.so.1.4.4
b3840000-b3841000 rw-p 00033000 08:02 658809     /usr/lib/i386-linux-gnu/libfontconfig.so.1.4.4
b3841000-b3994000 r-xp 00000000 08:02 654489     /usr/lib/i386-linux-gnu/libgio-2.0.so.0.3200.3
b3994000-b3996000 r--p 00153000 08:02 654489     /usr/lib/i386-linux-gnu/libgio-2.0.so.0.3200.3
b3996000-b3997000 rw-p 00155000 08:02 654489     /usr/lib/i386-linux-gnu/libgio-2.0.so.0.3200.3
b3997000-b3998000 rw-p 00000000 00:00 0 
b3998000-b39b7000 r-xp 00000000 08:02 658834     /usr/lib/i386-linux-gnu/libgdk_pixbuf-2.0.so.0.2600.1
b39b7000-b39b8000 r--p 0001e000 08:02 658834     /usr/lib/i386-linux-gnu/libgdk_pixbuf-2.0.so.0.2600.1
b39b8000-b39b9000 rw-p 0001f000 08:02 658834     /usr/lib/i386-linux-gnu/libgdk_pixbuf-2.0.so.0.2600.1
b39b9000-b3a00000 r-xp 00000000 08:02 659044     /usr/lib/i386-linux-gnu/libpango-1.0.so.0.3000.0
b3a00000-b3a01000 ---p 00047000 08:02 659044     /usr/lib/i386-linux-gnu/libpango-1.0.so.0.3000.0
b3a01000-b3a02000 r--p 00047000 08:02 659044     /usr/lib/i386-linux-gnu/libpango-1.0.so.0.3000.0
b3a02000-b3a03000 rw-p 00048000 08:02 659044     /usr/lib/i386-linux-gnu/libpango-1.0.so.0.3000.0
b3a03000-b3a0e000 r-xp 00000000 08:02 659046     /usr/lib/i386-linux-gnu/libpangocairo-1.0.so.0.3000.0
b3a0e000-b3a0f000 r--p 0000a000 08:02 659046     /usr/lib/i386-linux-gnu/libpangocairo-1.0.so.0.3000.0
b3a0f000-b3a10000 rw-p 0000b000 08:02 659046     /usr/lib/i386-linux-gnu/libpangocairo-1.0.so.0.3000.0
b3a10000-b3abb000 r-xp 00000000 08:02 658832     /usr/lib/i386-linux-gnu/libgdk-x11-2.0.so.0.2400.10
b3abb000-b3abc000 ---p 000ab000 08:02 658832     /usr/lib/i386-linux-gnu/libgdk-x11-2.0.so.0.2400.10
b3abc000-b3abe000 r--p 000ab000 08:02 658832     /usr/lib/i386-linux-gnu/libgdk-x11-2.0.so.0.2400.10
b3abe000-b3abf000 rw-p 000ad000 08:02 658832     /usr/lib/i386-linux-gnu/libgdk-x11-2.0.so.0.2400.10
b3abf000-b3af9000 r-xp 00000000 08:02 1178344    /lib/i386-linux-gnu/libpcre.so.3.12.1
b3af9000-b3afa000 r--p 00039000 08:02 1178344    /lib/i386-linux-gnu/libpcre.so.3.12.1
b3afa000-b3afb000 rw-p 0003a000 08:02 1178344    /lib/i386-linux-gnu/libpcre.so.3.12.1
b3afb000-b3b00000 r-xp 00000000 08:02 658807     /usr/lib/i386-linux-gnu/libffi.so.6.0.0
b3b00000-b3b01000 r--p 00004000 08:02 658807     /usr/lib/i386-linux-gnu/libffi.so.6.0.0
b3b01000-b3b02000 rw-p 00005000 08:02 658807     /usr/lib/i386-linux-gnu/libffi.so.6.0.0
b3b02000-b3bf9000 r-xp 00000000 08:02 1193457    /lib/i386-linux-gnu/libglib-2.0.so.0.3200.3
b3bf9000-b3bfa000 r--p 000f6000 08:02 1193457    /lib/i386-linux-gnu/libglib-2.0.so.0.3200.3
b3bfa000-b3bfb000 rw-p 000f7000 08:02 1193457    /lib/i386-linux-gnu/libglib-2.0.so.0.3200.3
b3bfb000-b3c48000 r-xp 00000000 08:02 668428     /usr/lib/i386-linux-gnu/libgobject-2.0.so.0.3200.3
b3c48000-b3c49000 r--p 0004c000 08:02 668428     /usr/lib/i386-linux-gnu/libgobject-2.0.so.0.3200.3
b3c49000-b3c4a000 rw-p 0004d000 08:02 668428     /usr/lib/i386-linux-gnu/libgobject-2.0.so.0.3200.3
b3c4a000-b3c5a000 r-xp 00000000 08:02 657153     /usr/lib/liboverlay-scrollbar-0.2.so.0.0.16
b3c5a000-b3c5b000 r--p 0000f000 08:02 657153     /usr/lib/liboverlay-scrollbar-0.2.so.0.0.16
b3c5b000-b3c5c000 rw-p 00010000 08:02 657153     /usr/lib/liboverlay-scrollbar-0.2.so.0.0.16
b3c5c000-b3c5d000 ---p 00000000 00:00 0 
b3c5d000-b3cdd000 rw-p 00000000 00:00 0 
b3cdd000-b3ce0000 ---p 00000000 00:00 0 
b3ce0000-b3d2e000 rw-p 00000000 00:00 0 
b3d2e000-b3d31000 ---p 00000000 00:00 0 
b3d31000-b3daf000 rw-p 00000000 00:00 0 
b3daf000-b3db2000 ---p 00000000 00:00 0 
b3db2000-b3e00000 rw-p 00000000 00:00 0 
b3e00000-b3efe000 rw-p 00000000 00:00 0 
b3efe000-b3f00000 ---p 00000000 00:00 0 
b3f00000-b3ffa000 rw-p 00000000 00:00 0 
b3ffa000-b4000000 ---p 00000000 00:00 0 
b4000000-b40fe000 rw-p 00000000 00:00 0 
b40fe000-b4100000 ---p 00000000 00:00 0 
b4100000-b4102000 r--p 00000000 08:02 2370185    /home/clovisgakam/.config/dconf/user
b4102000-b4104000 r-xp 00000000 08:02 658643     /usr/lib/i386-linux-gnu/libXinerama.so.1.0.0
b4104000-b4105000 r--p 00001000 08:02 658643     /usr/lib/i386-linux-gnu/libXinerama.so.1.0.0
b4105000-b4106000 rw-p 00002000 08:02 658643     /usr/lib/i386-linux-gnu/libXinerama.so.1.0.0
b4106000-b4108000 r--s 00004000 08:02 2754276    /tools/springsource/spring-roo-1.1.5.RELEASE/sts-cache-adpharma/bundle4/version0.0/bundle.jar
b4108000-b410b000 r--s 0007f000 08:02 1857182    /usr/lib/jvm/java-6-openjdk-common/jre/lib/jsse.jar
b410b000-b410d000 r--s 0000b000 08:02 268676     /tools/springsource/sts-3.2.0.M2/plugins/org.eclipse.equinox.launcher_1.3.0.v20120522-1813.jar
b410d000-b4110000 r--s 00031000 08:02 1857199    /usr/lib/jvm/java-6-openjdk-common/jre/lib/ext/sunjce_provider.jar
b4110000-b4114000 r--s 00039000 08:02 1857201    /usr/lib/jvm/java-6-openjdk-common/jre/lib/ext/sunpkcs11.jar
b4114000-b4117000 ---p 00000000 00:00 0 
b4117000-b4165000 rw-p 00000000 00:00 0 
b4165000-b4168000 ---p 00000000 00:00 0 
b4168000-b41b6000 rw-p 00000000 00:00 0 
b41b6000-b41b7000 ---p 00000000 00:00 0 
b41b7000-b426a000 rw-p 00000000 00:00 0 
b426a000-b43fc000 r--s 037d5000 08:02 1857209    /usr/lib/jvm/java-6-openjdk-i386/jre/lib/rt.jar
b43fc000-b442e000 rw-p 00000000 00:00 0 
b442e000-b447d000 rw-p 00000000 00:00 0 
b447d000-b44cf000 rw-p 00000000 00:00 0 
b44cf000-b457e000 rw-p 00000000 00:00 0 
b457e000-b45a7000 rw-p 00000000 00:00 0 
b45a7000-b45fe000 rw-p 00000000 00:00 0 
b45fe000-b4650000 rw-p 00000000 00:00 0 
b4650000-b46fe000 rw-p 00000000 00:00 0 
b46fe000-b4730000 rw-p 00000000 00:00 0 
b4730000-b477e000 rw-p 00000000 00:00 0 
b477e000-b47c5000 rw-p 00000000 00:00 0 
b47c5000-b480a000 rw-p 00000000 00:00 0 
b480a000-b569a000 rwxp 00000000 00:00 0 
b569a000-b680a000 rw-p 00000000 00:00 0 
b680a000-b681e000 r-xp 00000000 08:02 1178382    /lib/i386-linux-gnu/libz.so.1.2.3.4
b681e000-b681f000 r--p 00013000 08:02 1178382    /lib/i386-linux-gnu/libz.so.1.2.3.4
b681f000-b6820000 rw-p 00014000 08:02 1178382    /lib/i386-linux-gnu/libz.so.1.2.3.4
b6820000-b6822000 r--s 00008000 08:02 268722     /tools/springsource/sts-3.2.0.M2/plugins/org.eclipse.equinox.weaving.hook_1.0.200.I20120427-0800.jar
b6822000-b6825000 r--s 00077000 08:02 1857203    /usr/lib/jvm/java-6-openjdk-common/jre/lib/ext/localedata.jar
b6825000-b6832000 rw-p 00000000 00:00 0 
b6832000-b683d000 r-xp 00000000 08:02 1178322    /lib/i386-linux-gnu/libnss_files-2.15.so
b683d000-b683e000 r--p 0000a000 08:02 1178322    /lib/i386-linux-gnu/libnss_files-2.15.so
b683e000-b683f000 rw-p 0000b000 08:02 1178322    /lib/i386-linux-gnu/libnss_files-2.15.so
b683f000-b6849000 r-xp 00000000 08:02 1178326    /lib/i386-linux-gnu/libnss_nis-2.15.so
b6849000-b684a000 r--p 00009000 08:02 1178326    /lib/i386-linux-gnu/libnss_nis-2.15.so
b684a000-b684b000 rw-p 0000a000 08:02 1178326    /lib/i386-linux-gnu/libnss_nis-2.15.so
b684b000-b6861000 r-xp 00000000 08:02 1178316    /lib/i386-linux-gnu/libnsl-2.15.so
b6861000-b6862000 r--p 00015000 08:02 1178316    /lib/i386-linux-gnu/libnsl-2.15.so
b6862000-b6863000 rw-p 00016000 08:02 1178316    /lib/i386-linux-gnu/libnsl-2.15.so
b6863000-b6865000 rw-p 00000000 00:00 0 
b6865000-b686c000 r-xp 00000000 08:02 1178318    /lib/i386-linux-gnu/libnss_compat-2.15.so
b686c000-b686d000 r--p 00006000 08:02 1178318    /lib/i386-linux-gnu/libnss_compat-2.15.so
b686d000-b686e000 rw-p 00007000 08:02 1178318    /lib/i386-linux-gnu/libnss_compat-2.15.so
b686e000-b686f000 r--s 00000000 08:02 2372726    /home/clovisgakam/.cache/dconf/user
b686f000-b6876000 r-xp 00000000 08:02 1968702    /usr/lib/jvm/java-6-openjdk-i386/jre/lib/i386/libzip.so
b6876000-b6877000 r--p 00006000 08:02 1968702    /usr/lib/jvm/java-6-openjdk-i386/jre/lib/i386/libzip.so
b6877000-b6878000 rw-p 00007000 08:02 1968702    /usr/lib/jvm/java-6-openjdk-i386/jre/lib/i386/libzip.so
b6878000-b6880000 rw-s 00000000 08:02 2753846    /tmp/hsperfdata_clovisgakam/21779
b6880000-b68a6000 r-xp 00000000 08:02 1968701    /usr/lib/jvm/java-6-openjdk-i386/jre/lib/i386/libjava.so
b68a6000-b68a7000 r--p 00025000 08:02 1968701    /usr/lib/jvm/java-6-openjdk-i386/jre/lib/i386/libjava.so
b68a7000-b68a9000 rw-p 00026000 08:02 1968701    /usr/lib/jvm/java-6-openjdk-i386/jre/lib/i386/libjava.so
b68a9000-b68b0000 r-xp 00000000 08:02 1178357    /lib/i386-linux-gnu/librt-2.15.so
b68b0000-b68b1000 r--p 00006000 08:02 1178357    /lib/i386-linux-gnu/librt-2.15.so
b68b1000-b68b2000 rw-p 00007000 08:02 1178357    /lib/i386-linux-gnu/librt-2.15.so
b68b2000-b68ce000 r-xp 00000000 08:02 1178292    /lib/i386-linux-gnu/libgcc_s.so.1
b68ce000-b68cf000 r--p 0001b000 08:02 1178292    /lib/i386-linux-gnu/libgcc_s.so.1
b68cf000-b68d0000 rw-p 0001c000 08:02 1178292    /lib/i386-linux-gnu/libgcc_s.so.1
b68d0000-b68fa000 r-xp 00000000 08:02 1178303    /lib/i386-linux-gnu/libm-2.15.so
b68fa000-b68fb000 r--p 00029000 08:02 1178303    /lib/i386-linux-gnu/libm-2.15.so
b68fb000-b68fc000 rw-p 0002a000 08:02 1178303    /lib/i386-linux-gnu/libm-2.15.so
b68fc000-b69d4000 r-xp 00000000 08:02 659149     /usr/lib/i386-linux-gnu/libstdc++.so.6.0.16
b69d4000-b69d5000 ---p 000d8000 08:02 659149     /usr/lib/i386-linux-gnu/libstdc++.so.6.0.16
b69d5000-b69d9000 r--p 000d8000 08:02 659149     /usr/lib/i386-linux-gnu/libstdc++.so.6.0.16
b69d9000-b69da000 rw-p 000dc000 08:02 659149     /usr/lib/i386-linux-gnu/libstdc++.so.6.0.16
b69da000-b69e1000 rw-p 00000000 00:00 0 
b69e1000-b69e3000 r--s 0000f000 08:02 1857200    /usr/lib/jvm/java-6-openjdk-common/jre/lib/ext/pulse-java.jar
b69e3000-b69e5000 r--s 00001000 08:02 1857202    /usr/lib/jvm/java-6-openjdk-common/jre/lib/ext/dnsns.jar
b69e5000-b69f0000 r-xp 00000000 08:02 1968731    /usr/lib/jvm/java-6-openjdk-i386/jre/lib/i386/libverify.so
b69f0000-b69f1000 ---p 0000b000 08:02 1968731    /usr/lib/jvm/java-6-openjdk-i386/jre/lib/i386/libverify.so
b69f1000-b69f2000 r--p 0000b000 08:02 1968731    /usr/lib/jvm/java-6-openjdk-i386/jre/lib/i386/libverify.so
b69f2000-b69f3000 rw-p 0000c000 08:02 1968731    /usr/lib/jvm/java-6-openjdk-i386/jre/lib/i386/libverify.so
b69f3000-b6f07000 r-xp 00000000 08:02 1968708    /usr/lib/jvm/java-6-openjdk-i386/jre/lib/i386/client/libjvm.so
b6f07000-b6f08000 ---p 00514000 08:02 1968708    /usr/lib/jvm/java-6-openjdk-i386/jre/lib/i386/client/libjvm.so
b6f08000-b6f1f000 r--p 00514000 08:02 1968708    /usr/lib/jvm/java-6-openjdk-i386/jre/lib/i386/client/libjvm.so
b6f1f000-b6f2c000 rw-p 0052b000 08:02 1968708    /usr/lib/jvm/java-6-openjdk-i386/jre/lib/i386/client/libjvm.so
b6f2c000-b7344000 rw-p 00000000 00:00 0 
b7344000-b7544000 r--p 00000000 08:02 661745     /usr/lib/locale/locale-archive
b7544000-b7545000 rw-p 00000000 00:00 0 
b7545000-b76e4000 r-xp 00000000 08:02 1178271    /lib/i386-linux-gnu/libc-2.15.so
b76e4000-b76e6000 r--p 0019f000 08:02 1178271    /lib/i386-linux-gnu/libc-2.15.so
b76e6000-b76e7000 rw-p 001a1000 08:02 1178271    /lib/i386-linux-gnu/libc-2.15.so
b76e7000-b76eb000 rw-p 00000000 00:00 0 
b76eb000-b76ee000 r-xp 00000000 08:02 1178284    /lib/i386-linux-gnu/libdl-2.15.so
b76ee000-b76ef000 r--p 00002000 08:02 1178284    /lib/i386-linux-gnu/libdl-2.15.so
b76ef000-b76f0000 rw-p 00003000 08:02 1178284    /lib/i386-linux-gnu/libdl-2.15.so
b76f0000-b7707000 r-xp 00000000 08:02 1178351    /lib/i386-linux-gnu/libpthread-2.15.so
b7707000-b7708000 r--p 00016000 08:02 1178351    /lib/i386-linux-gnu/libpthread-2.15.so
b7708000-b7709000 rw-p 00017000 08:02 1178351    /lib/i386-linux-gnu/libpthread-2.15.so
b7709000-b770b000 rw-p 00000000 00:00 0 
b770b000-b770c000 r--s 00007000 08:02 927915     /usr/share/java/java-atk-wrapper.jar
b770c000-b770d000 rw-p 00000000 00:00 0 
b770d000-b770e000 ---p 00000000 00:00 0 
b770e000-b771b000 r-xp 00000000 08:02 268669     /tools/springsource/sts-3.2.0.M2/plugins/org.eclipse.equinox.launcher.gtk.linux.x86_1.1.200.v20120913-144807/eclipse_1502.so
b771b000-b771c000 rw-p 0000c000 08:02 268669     /tools/springsource/sts-3.2.0.M2/plugins/org.eclipse.equinox.launcher.gtk.linux.x86_1.1.200.v20120913-144807/eclipse_1502.so
b771c000-b771d000 r--p 005e0000 08:02 661745     /usr/lib/locale/locale-archive
b771d000-b771f000 rw-p 00000000 00:00 0 
b771f000-b7720000 r-xp 00000000 00:00 0          [vdso]
b7720000-b7740000 r-xp 00000000 08:02 1178251    /lib/i386-linux-gnu/ld-2.15.so
b7740000-b7741000 r--p 0001f000 08:02 1178251    /lib/i386-linux-gnu/ld-2.15.so
b7741000-b7742000 rw-p 00020000 08:02 1178251    /lib/i386-linux-gnu/ld-2.15.so
bfd93000-bfd96000 ---p 00000000 00:00 0 
bfd97000-bfde3000 rw-p 00000000 00:00 0          [stack]

VM Arguments:
jvm_args: -Dosgi.requiredJavaVersion=1.6 -Xms40m -Xmx768m -XX:MaxPermSize=256m 
java_command: <unknown>
Launcher Type: generic

Environment Variables:
JAVA_HOME=/usr/lib/jvm/java-1.6.0-openjdk-i386
PATH=/usr/lib/jvm/java-1.6.0-openjdk-i386/bin:/tools/tomcats/apache-tomcat-7.0.32:/tools/forges/forge-distribution-1.1.3.Final/bin:/tools/java-1.7.0-openjdk-i386/bin:/tools/springsource/apache-maven-3.0.4/bin:/tools/android-sdk-linux/platform-tools:/tools/android-sdk-linux/tools:/usr/lib/lightdm/lightdm:/usr/local/sbin:/usr/local/bin:/usr/sbin:/usr/bin:/sbin:/bin:/usr/games
LD_LIBRARY_PATH=/usr/lib/jvm/java-6-openjdk-i386/jre/lib/i386/client:/usr/lib/jvm/java-6-openjdk-i386/jre/lib/i386:
SHELL=/bin/bash
DISPLAY=:0

Signal Handlers:
SIGSEGV: [libjvm.so+0x3e4760], sa_mask[0]=0x7ffbfeff, sa_flags=0x10000004
SIGBUS: [libjvm.so+0x3e4760], sa_mask[0]=0x7ffbfeff, sa_flags=0x10000004
SIGFPE: [libjvm.so+0x301730], sa_mask[0]=0x7ffbfeff, sa_flags=0x10000004
SIGPIPE: SIG_IGN, sa_mask[0]=0x00000000, sa_flags=0x00000000
SIGXFSZ: [libjvm.so+0x301730], sa_mask[0]=0x7ffbfeff, sa_flags=0x10000004
SIGILL: [libjvm.so+0x301730], sa_mask[0]=0x7ffbfeff, sa_flags=0x10000004
SIGUSR1: SIG_DFL, sa_mask[0]=0x00000000, sa_flags=0x00000000
SIGUSR2: [libjvm.so+0x3015c0], sa_mask[0]=0x00000000, sa_flags=0x10000004
SIGHUP: [libjvm.so+0x304660], sa_mask[0]=0x7ffbfeff, sa_flags=0x10000004
SIGINT: [libjvm.so+0x304660], sa_mask[0]=0x7ffbfeff, sa_flags=0x10000004
SIGTERM: [libjvm.so+0x304660], sa_mask[0]=0x7ffbfeff, sa_flags=0x10000004
SIGQUIT: [libjvm.so+0x304660], sa_mask[0]=0x7ffbfeff, sa_flags=0x10000004


---------------  S Y S T E M  ---------------

OS:Ubuntu 12.04 (precise)
uname:Linux 3.2.0-23-generic-pae #36-Ubuntu SMP Tue Apr 10 22:19:09 UTC 2012 i686
libc:glibc 2.15 NPTL 2.15 
rlimit: STACK 8192k, CORE 0k, NPROC 46138, NOFILE 4096, AS infinity
load average:4.25 3.09 2.09

/proc/meminfo:
MemTotal:        5920300 kB
MemFree:          341164 kB
Buffers:          332716 kB
Cached:          2540412 kB
SwapCached:          128 kB
Active:          3354904 kB
Inactive:        1761516 kB
Active(anon):    1917884 kB
Inactive(anon):   342332 kB
Active(file):    1437020 kB
Inactive(file):  1419184 kB
Unevictable:           0 kB
Mlocked:               0 kB
HighTotal:       5094700 kB
HighFree:         100760 kB
LowTotal:         825600 kB
LowFree:          240404 kB
SwapTotal:       6023164 kB
SwapFree:        6021472 kB
Dirty:             12256 kB
Writeback:             0 kB
AnonPages:       2243248 kB
Mapped:           327420 kB
Shmem:             16928 kB
Slab:             167236 kB
SReclaimable:     140164 kB
SUnreclaim:        27072 kB
KernelStack:        5136 kB
PageTables:        18152 kB
NFS_Unstable:          0 kB
Bounce:                0 kB
WritebackTmp:          0 kB
CommitLimit:     8983312 kB
Committed_AS:    6344728 kB
VmallocTotal:     122880 kB
VmallocUsed:       17604 kB
VmallocChunk:      93180 kB
HardwareCorrupted:     0 kB
AnonHugePages:         0 kB
HugePages_Total:       0
HugePages_Free:        0
HugePages_Rsvd:        0
HugePages_Surp:        0
Hugepagesize:       2048 kB
DirectMap4k:        8184 kB
DirectMap2M:      905216 kB


CPU:total 2 (2 cores per cpu, 1 threads per core) family 20 model 1 stepping 0, cmov, cx8, fxsr, mmx, sse, sse2, sse3, ssse3, popcnt, mmxext, lzcnt, sse4a

Memory: 4k page, physical 5920300k(341164k free), swap 6023164k(6021472k free)

vm_info: OpenJDK Client VM (20.0-b12) for linux-x86 JRE (1.6.0_27-b27), built on Mar  5 2013 00:37:30 by "buildd" with gcc 4.6.3

time: Mon Apr 29 14:40:53 2013
elapsed time: 583 seconds

