#
# A fatal error has been detected by the Java Runtime Environment:
#
#  SIGSEGV (0xb) at pc=0x546f5473, pid=22320, tid=2988415808
#
# JRE version: 6.0_27-b27
# Java VM: OpenJDK Client VM (20.0-b12 mixed mode, sharing linux-x86 )
# Derivative: IcedTea6 1.12.3
# Distribution: Ubuntu 12.04 LTS, package 6b27-1.12.3-0ubuntu1~12.04.1
# Problematic frame:
# C  0x546f5473
[error occurred during error reporting (printing problematic frame), id 0xb]

# If you would like to submit a bug report, please include
# instructions how to reproduce the bug and visit:
#   https://bugs.launchpad.net/ubuntu/+source/openjdk-6/
#

---------------  T H R E A D  ---------------

Current thread (0x08813400):  VMThread [stack: 0xb2179000,0xb21fa000] [id=22323]

siginfo:si_signo=SIGSEGV: si_errno=0, si_code=1 (SEGV_MAPERR), si_addr=0x546f5473

Registers:
EAX=0x8773d9d8, EBX=0xb4d76ff4, ECX=0x87f98d38, EDX=0x87f53260
ESP=0xb21f8d0c, EBP=0x74462880, ESI=0xb4d89860, EDI=0xb4d897a0
EIP=0x546f5473, EFLAGS=0x00210206, CR2=0x546f5473

Top of Stack: (sp=0xb21f8d0c)
0xb21f8d0c:   b4b0538e 87f53260 74462880 93bc880c
0xb21f8d1c:   b4a358dc 93c05158 00000001 b21f8dac
0xb21f8d2c:   b49eb7ed b21f8dac 93bc8848 935041b0
0xb21f8d3c:   935041b0 b21f8d80 b4d76ff4 b21f8d98
0xb21f8d4c:   b4d76ff4 93bc87f0 00000000 b21f8ddf
0xb21f8d5c:   b4b05935 93504010 93bc87f0 b4d76ff4
0xb21f8d6c:   b4b058d8 b4d76ff4 b4d896e0 b4d896e0
0xb21f8d7c:   b4c0cc7f b4d896e0 b5197f3c b4d76ff4 

Instructions: (pc=0x546f5473)
0x546f5453:   
[error occurred during error reporting (printing registers, top of stack, instructions near pc), id 0xb]

Register to memory mapping:

EAX=0x8773d9d8 is an oop
{symbol} 
 - klass: {other class}
EBX=0xb4d76ff4: <offset 0x52bff4> in /usr/lib/jvm/java-6-openjdk-i386/jre/bin/../lib/i386/client/libjvm.so at 0xb484b000
ECX=0x87f98d38 is an oop
java.lang.Class 
 - klass: 'java/lang/Class'
EDX=0x87f53260 is an oop
{constant pool} 
 - klass: {other class}
 - cache: 0x87f7d578
 -   1 :  : "" {0x93c04660}
 -   2 :  : "  Bridging:checking for override of " {0x87fce3e0}
 -   3 :  : "  Bridging:seriously considering this might be getting overridden '" {0x87fce4b8}
 -   4 :  : 
[error occurred during error reporting (printing register info), id 0xb]

Stack: [0xb2179000,0xb21fa000],  sp=0xb21f8d0c,  free space=511k
Native frames: (J=compiled Java code, j=interpreted, Vv=VM code, C=native code)
C  0x546f5473
[error occurred during error reporting (printing native stack), id 0xb]

VM_Operation (0xb0f5cc9c): GenCollectFull, mode: safepoint, requested by thread 0xb0bf6c00


---------------  P R O C E S S  ---------------

Java Threads: ( => current thread )
  0x08f70c00 JavaThread "ModalContext" [_thread_blocked, id=30702, stack(0xac5f3000,0xac644000)]
  0x09525800 JavaThread "AWT-XAWT" daemon [_thread_blocked, id=30670, stack(0xb12ab000,0xb12fc000)]
  0x094ee400 JavaThread "Java2D Disposer" daemon [_thread_blocked, id=30669, stack(0xae76b000,0xae7bc000)]
  0xad9be000 JavaThread "Worker-55" [_thread_blocked, id=30667, stack(0xac644000,0xac695000)]
  0xadcda000 JavaThread "Worker-52" [_thread_blocked, id=30664, stack(0xae6a4000,0xae6f5000)]
  0xadc9e800 JavaThread "Worker-51" [_thread_blocked, id=30650, stack(0xae0af000,0xae100000)]
  0xb0bf6800 JavaThread "Worker-48" [_thread_blocked, id=30150, stack(0xb0f5e000,0xb0faf000)]
  0xb0bf6c00 JavaThread "Worker-45" [_thread_blocked, id=28171, stack(0xb0f0d000,0xb0f5e000)]
  0xb0eb9000 JavaThread "Provisioning Event Dispatcher" daemon [_thread_blocked, id=22471, stack(0xae1da000,0xae22b000)]
  0x09035800 JavaThread "MultiThreadedHttpConnectionManager cleanup" daemon [_thread_blocked, id=22470, stack(0xae2cd000,0xae31e000)]
  0xb106f000 JavaThread "Reporting Thread-1 (Spring UAA/1.0.3)" daemon [_thread_blocked, id=22460, stack(0xae5eb000,0xae63c000)]
  0xb5284800 JavaThread "Event Batch Processing (Spring UAA/1.0.3)" daemon [_thread_blocked, id=22452, stack(0xae89c000,0xae8ed000)]
  0xb529ac00 JavaThread "Synchronizer (Spring UAA/1.0.3)" daemon [_thread_blocked, id=22451, stack(0xae63c000,0xae68d000)]
  0xb0941000 JavaThread "Timer-0" daemon [_thread_blocked, id=22446, stack(0xaea19000,0xaea6a000)]
  0x089d1c00 JavaThread "[ThreadPool Manager] - Idle Thread" daemon [_thread_blocked, id=22355, stack(0xb0d0f000,0xb0d60000)]
  0xb52ba800 JavaThread "Java indexing" daemon [_thread_blocked, id=22354, stack(0xb0d60000,0xb0db1000)]
  0xb1841800 JavaThread "JavaScript indexing" daemon [_thread_blocked, id=22345, stack(0xb11d0000,0xb1221000)]
  0xb20ecc00 JavaThread "Thread-1" daemon [_thread_blocked, id=22338, stack(0xb19d0000,0xb1a21000)]
  0xb2036400 JavaThread "Worker-JM" [_thread_blocked, id=22337, stack(0xb192e000,0xb197f000)]
  0xb2034800 JavaThread "[Timer] - Main Queue Handler" daemon [_thread_blocked, id=22336, stack(0xb197f000,0xb19d0000)]
  0xb2013400 JavaThread "Framework Event Dispatcher" daemon [_thread_blocked, id=22334, stack(0xb1a21000,0xb1a72000)]
  0x08aa7800 JavaThread "Start Level Event Dispatcher" daemon [_thread_blocked, id=22333, stack(0xb1a72000,0xb1ac3000)]
  0x08b23c00 JavaThread "Bundle File Closer" daemon [_thread_blocked, id=22332, stack(0xb1afa000,0xb1b4b000)]
  0x0885ac00 JavaThread "State Data Manager" daemon [_thread_blocked, id=22331, stack(0xb1d48000,0xb1d99000)]
  0x08898000 JavaThread "Framework Active Thread" [_thread_blocked, id=22330, stack(0xb1d99000,0xb1dea000)]
  0x08820c00 JavaThread "Low Memory Detector" daemon [_thread_blocked, id=22328, stack(0xb1e8c000,0xb1edd000)]
  0x0881ec00 JavaThread "C1 CompilerThread0" daemon [_thread_blocked, id=22327, stack(0xb1edd000,0xb1f5e000)]
  0x0881d000 JavaThread "Signal Dispatcher" daemon [_thread_blocked, id=22326, stack(0xb1f5e000,0xb1faf000)]
  0x08816800 JavaThread "Finalizer" daemon [_thread_blocked, id=22325, stack(0xb1faf000,0xb2000000)]
  0x08815000 JavaThread "Reference Handler" daemon [_thread_blocked, id=22324, stack(0xb2128000,0xb2179000)]
  0x087e7400 JavaThread "main" [_thread_blocked, id=22320, stack(0xbff43000,0xbff93000)]

Other Threads:
=>0x08813400 VMThread [stack: 0xb2179000,0xb21fa000] [id=22323]
  0x08823000 WatcherThread [stack: 0xb1e0b000,0xb1e8c000] [id=22329]

VM state:at safepoint (normal execution)

VM Mutex/Monitor currently owned by a thread:  ([mutex/lock_event])
[0x087e60c0] Threads_lock - owner thread: 0x08813400
[0x087e64d0] Heap_lock - owner thread: 0xb0bf6c00

Heap
 def new generation   total 157248K, used 112960K [0x62b00000, 0x6d5a0000, 0x6d5a0000)
  eden space 139776K,  80% used [0x62b00000, 0x69950360, 0x6b380000)
  from space 17472K,   0% used [0x6b380000, 0x6b380000, 0x6c490000)
  to   space 17472K,   0% used [0x6c490000, 0x6c490000, 0x6d5a0000)
 tenured generation   total 349568K, used 224097K [0x6d5a0000, 0x82b00000, 0x82b00000)
   the space 349568K,  64% used [0x6d5a0000, 0x7b0787a8, 0x7b078800, 0x82b00000)
 compacting perm gen  total 115456K, used 115338K [0x82b00000, 0x89bc0000, 0x92b00000)
   the space 115456K,  99% used [0x82b00000, 0x89ba2a38, 0x89ba2c00, 0x89bc0000)
    ro space 10240K,  73% used [0x92b00000, 0x93262e30, 0x93263000, 0x93500000)
    rw space 12288K,  60% used [0x93500000, 0x93c4b418, 0x93c4b600, 0x94100000)

Code Cache  [0xb2704000, 0xb4504000, 0xb4704000)
 total_blobs=13145 nmethods=12852 adapters=223 free_code_cache=2167104 largest_free_block=384

Dynamic libraries:
08048000-0804c000 r-xp 00000000 08:02 273821     /tools/eclipses/juno4/eclipse
0804c000-0804d000 rw-p 00003000 08:02 273821     /tools/eclipses/juno4/eclipse
08758000-098b2000 rw-p 00000000 00:00 0          [heap]
62b00000-6d5a0000 rw-p 00000000 00:00 0 
6d5a0000-82b00000 rw-p 00000000 00:00 0 
82b00000-89bc0000 rw-p 00000000 00:00 0 
89bc0000-92b00000 rw-p 00000000 00:00 0 
92b00000-93263000 r--s 00001000 08:02 1977339    /usr/lib/jvm/java-6-openjdk-i386/jre/lib/i386/client/classes.jsa
93263000-93500000 rw-p 00000000 00:00 0 
93500000-93c4c000 rw-p 00764000 08:02 1977339    /usr/lib/jvm/java-6-openjdk-i386/jre/lib/i386/client/classes.jsa
93c4c000-94100000 rw-p 00000000 00:00 0 
94100000-941fc000 rw-p 00eb0000 08:02 1977339    /usr/lib/jvm/java-6-openjdk-i386/jre/lib/i386/client/classes.jsa
941fc000-94500000 rw-p 00000000 00:00 0 
94500000-94508000 r-xs 00fac000 08:02 1977339    /usr/lib/jvm/java-6-openjdk-i386/jre/lib/i386/client/classes.jsa
94508000-94900000 rw-p 00000000 00:00 0 
ab1a2000-ab1a3000 ---p 00000000 00:00 0 
ab1a3000-ab9a3000 rw-p 00000000 00:00 0 
ab9a3000-ab9a4000 ---p 00000000 00:00 0 
ab9a4000-ac1a4000 rw-p 00000000 00:00 0 
ac1a4000-ac1e8000 r-xp 00000000 08:02 658962     /usr/lib/i386-linux-gnu/libjpeg.so.8.0.2
ac1e8000-ac1e9000 r--p 00044000 08:02 658962     /usr/lib/i386-linux-gnu/libjpeg.so.8.0.2
ac1e9000-ac1ea000 rw-p 00045000 08:02 658962     /usr/lib/i386-linux-gnu/libjpeg.so.8.0.2
ac1ea000-ac1fa000 rw-p 00000000 00:00 0 
ac20c000-ac25b000 r-xp 00000000 08:02 670640     /usr/lib/i386-linux-gnu/libORBit-2.so.0.1.0
ac25b000-ac25c000 ---p 0004f000 08:02 670640     /usr/lib/i386-linux-gnu/libORBit-2.so.0.1.0
ac25c000-ac264000 r--p 0004f000 08:02 670640     /usr/lib/i386-linux-gnu/libORBit-2.so.0.1.0
ac264000-ac266000 rw-p 00057000 08:02 670640     /usr/lib/i386-linux-gnu/libORBit-2.so.0.1.0
ac266000-ac27a000 r-xp 00000000 08:02 656792     /usr/lib/i386-linux-gnu/libbonobo-activation.so.4.0.0
ac27a000-ac27b000 r--p 00014000 08:02 656792     /usr/lib/i386-linux-gnu/libbonobo-activation.so.4.0.0
ac27b000-ac27d000 rw-p 00015000 08:02 656792     /usr/lib/i386-linux-gnu/libbonobo-activation.so.4.0.0
ac27d000-ac2d9000 r-xp 00000000 08:02 656710     /usr/lib/i386-linux-gnu/libbonobo-2.so.0.0.0
ac2d9000-ac2dc000 r--p 0005c000 08:02 656710     /usr/lib/i386-linux-gnu/libbonobo-2.so.0.0.0
ac2dc000-ac2e3000 rw-p 0005f000 08:02 656710     /usr/lib/i386-linux-gnu/libbonobo-2.so.0.0.0
ac2e3000-ac2f7000 r-xp 00000000 08:02 661767     /usr/lib/i386-linux-gnu/libgnome-2.so.0.3200.1
ac2f7000-ac2f8000 r--p 00013000 08:02 661767     /usr/lib/i386-linux-gnu/libgnome-2.so.0.3200.1
ac2f8000-ac2f9000 rw-p 00014000 08:02 661767     /usr/lib/i386-linux-gnu/libgnome-2.so.0.3200.1
ac2f9000-ac37b000 r-xp 00000000 08:02 1178294    /lib/i386-linux-gnu/libgcrypt.so.11.7.0
ac37b000-ac37c000 r--p 00081000 08:02 1178294    /lib/i386-linux-gnu/libgcrypt.so.11.7.0
ac37c000-ac37e000 rw-p 00082000 08:02 1178294    /lib/i386-linux-gnu/libgcrypt.so.11.7.0
ac37e000-ac43d000 r-xp 00000000 08:02 658862     /usr/lib/i386-linux-gnu/libgnutls.so.26.21.8
ac43d000-ac441000 r--p 000be000 08:02 658862     /usr/lib/i386-linux-gnu/libgnutls.so.26.21.8
ac441000-ac442000 rw-p 000c2000 08:02 658862     /usr/lib/i386-linux-gnu/libgnutls.so.26.21.8
ac442000-ac4a4000 r-xp 00000000 08:02 656795     /usr/lib/i386-linux-gnu/libgnomevfs-2.so.0.2400.4
ac4a4000-ac4a6000 r--p 00061000 08:02 656795     /usr/lib/i386-linux-gnu/libgnomevfs-2.so.0.2400.4
ac4a6000-ac4a8000 rw-p 00063000 08:02 656795     /usr/lib/i386-linux-gnu/libgnomevfs-2.so.0.2400.4
ac4a8000-ac4e2000 r-xp 00000000 08:02 1968723    /usr/lib/jvm/java-6-openjdk-i386/jre/lib/i386/libfontmanager.so
ac4e2000-ac4e3000 r--p 00039000 08:02 1968723    /usr/lib/jvm/java-6-openjdk-i386/jre/lib/i386/libfontmanager.so
ac4e3000-ac4e4000 rw-p 0003a000 08:02 1968723    /usr/lib/jvm/java-6-openjdk-i386/jre/lib/i386/libfontmanager.so
ac4e4000-ac530000 r-xp 00000000 08:02 2233048    /usr/lib/jvm/java-6-openjdk-i386/jre/lib/i386/xawt/libmawt.so
ac530000-ac531000 r--p 0004b000 08:02 2233048    /usr/lib/jvm/java-6-openjdk-i386/jre/lib/i386/xawt/libmawt.so
ac531000-ac533000 rw-p 0004c000 08:02 2233048    /usr/lib/jvm/java-6-openjdk-i386/jre/lib/i386/xawt/libmawt.so
ac533000-ac534000 rw-p 00000000 00:00 0 
ac534000-ac5c7000 r-xp 00000000 08:02 1968705    /usr/lib/jvm/java-6-openjdk-i386/jre/lib/i386/libawt.so
ac5c7000-ac5c8000 r--p 00092000 08:02 1968705    /usr/lib/jvm/java-6-openjdk-i386/jre/lib/i386/libawt.so
ac5c8000-ac5cf000 rw-p 00093000 08:02 1968705    /usr/lib/jvm/java-6-openjdk-i386/jre/lib/i386/libawt.so
ac5cf000-ac5f3000 rw-p 00000000 00:00 0 
ac5f3000-ac5f6000 ---p 00000000 00:00 0 
ac5f6000-ac644000 rw-p 00000000 00:00 0 
ac644000-ac647000 ---p 00000000 00:00 0 
ac647000-ac695000 rw-p 00000000 00:00 0 
ac695000-ac698000 ---p 00000000 00:00 0 
ac698000-ac6e6000 rw-p 00000000 00:00 0 
ac6e6000-ac700000 r--s 00139000 08:02 274063     /tools/eclipses/juno4/plugins/org.eclipse.jdt.debug.ui_3.6.100.v20120530-1425.jar
ac700000-ac8a2000 rw-p 00000000 00:00 0 
ac8a2000-ac900000 ---p 00000000 00:00 0 
ac900000-ac9b7000 rw-p 00000000 00:00 0 
ac9b7000-aca00000 ---p 00000000 00:00 0 
aca08000-aca53000 r--s 003d1000 08:02 275338     /tools/eclipses/juno4/plugins/org.eclipse.pde.ui_3.7.2.v20130121-093123.jar
aca53000-aca75000 r--s 00184000 08:02 274401     /tools/eclipses/juno4/plugins/org.eclipse.mylyn.tasks.ui_3.8.3.v20130107-0100.jar
aca75000-acaa2000 r--s 001a2000 08:02 274301     /tools/eclipses/juno4/plugins/org.eclipse.jpt.jpa.ui_3.2.2.v201301092252.jar
acaa2000-acacd000 r--s 00210000 08:02 289652     /tools/eclipses/juno4/plugins/org.eclipse.egit.ui_2.3.1.201302201838-r.jar
acacd000-acb00000 r--s 0024c000 08:02 274190     /tools/eclipses/juno4/plugins/org.eclipse.debug.ui_3.8.2.v20130130-171415.jar
acb00000-acbfd000 rw-p 00000000 00:00 0 
acbfd000-acc00000 ---p 00000000 00:00 0 
acc05000-acc19000 r--s 0010a000 08:02 274145     /tools/eclipses/juno4/plugins/org.apache.lucene.core_2.9.1.v201101211721.jar
acc19000-acc1c000 ---p 00000000 00:00 0 
acc1c000-acc6a000 rw-p 00000000 00:00 0 
acc6a000-acd00000 r--s 00946000 08:02 274414     /tools/eclipses/juno4/plugins/org.eclipse.jdt.ui_3.8.2.v20130107-165834.jar
acd00000-ace00000 rw-p 00000000 00:00 0 
ace0a000-ace14000 r--s 00065000 08:02 275407     /tools/eclipses/juno4/plugins/org.eclipse.datatools.sqltools.sqleditor_1.0.4.v201212120623.jar
ace14000-ace56000 r--s 00360000 08:02 274914     /tools/eclipses/juno4/plugins/org.eclipse.ui.workbench_3.104.0.v20130204-164612.jar
ace56000-ace81000 r--s 00266000 08:02 274062     /tools/eclipses/juno4/plugins/org.eclipse.jst.j2ee.core_1.2.200.v201205030130.jar
ace81000-acf00000 r--s 00740000 08:02 273900     /tools/eclipses/juno4/plugins/org.eclipse.wst.jsdt.ui_1.1.202.v201208171701.jar
acf00000-acffd000 rw-p 00000000 00:00 0 
acffd000-ad000000 ---p 00000000 00:00 0 
ad000000-ad0f0000 rw-p 00000000 00:00 0 
ad0f0000-ad100000 ---p 00000000 00:00 0 
ad100000-ad300000 rw-p 00000000 00:00 0 
ad300000-ad3fc000 rw-p 00000000 00:00 0 
ad3fc000-ad400000 ---p 00000000 00:00 0 
ad400000-ad4fc000 rw-p 00000000 00:00 0 
ad4fc000-ad500000 ---p 00000000 00:00 0 
ad500000-ad5ff000 rw-p 00000000 00:00 0 
ad5ff000-ad600000 ---p 00000000 00:00 0 
ad600000-ad6fd000 rw-p 00000000 00:00 0 
ad6fd000-ad700000 ---p 00000000 00:00 0 
ad700000-ad7f6000 rw-p 00000000 00:00 0 
ad7f6000-ad800000 ---p 00000000 00:00 0 
ad800000-ad8fc000 rw-p 00000000 00:00 0 
ad8fc000-ad900000 ---p 00000000 00:00 0 
ad900000-ada00000 rw-p 00000000 00:00 0 
ada00000-adb00000 rw-p 00000000 00:00 0 
adb06000-adb19000 r--s 00132000 08:02 285603     /tools/eclipses/juno4/plugins/org.eclipse.ajdt.ui_2.2.2.e42x-RELEASE-20130220-1400.jar
adb19000-adb41000 r--s 00219000 08:02 274937     /tools/eclipses/juno4/plugins/org.eclipse.ui.ide_3.8.2.v20121106-165923.jar
adb55000-adb70000 r--s 00146000 08:02 275311     /tools/eclipses/juno4/plugins/org.eclipse.team.ui_3.6.201.v20130125-135424.jar
adb76000-adb81000 r-xp 00000000 08:02 1178350    /lib/i386-linux-gnu/libpopt.so.0.0.0
adb81000-adb82000 r--p 0000a000 08:02 1178350    /lib/i386-linux-gnu/libpopt.so.0.0.0
adb82000-adb83000 rw-p 0000b000 08:02 1178350    /lib/i386-linux-gnu/libpopt.so.0.0.0
adb83000-adb95000 r--s 000dc000 08:02 274152     /tools/eclipses/juno4/plugins/org.eclipse.wst.xml.ui_1.1.302.v201301172222.jar
adb95000-adbaf000 r--s 0017e000 08:02 275198     /tools/eclipses/juno4/plugins/org.eclipse.rse.ui_3.3.3.201302122026.jar
adbaf000-adbb2000 ---p 00000000 00:00 0 
adbb2000-adc00000 rw-p 00000000 00:00 0 
adc00000-adcfd000 rw-p 00000000 00:00 0 
adcfd000-add00000 ---p 00000000 00:00 0 
add0b000-add13000 r--s 00069000 08:02 275178     /tools/eclipses/juno4/plugins/org.eclipse.jst.j2ee.web_1.1.601.v201212130700.jar
add1f000-add26000 r--s 000b5000 08:02 2492104    /home/clovisgakam/.m2/repository/mysql/mysql-connector-java/5.1.13/mysql-connector-java-5.1.13.jar
add26000-add3b000 r--s 000e1000 08:02 2492270    /home/clovisgakam/.m2/repository/net/sf/ehcache/ehcache-core/2.4.3/ehcache-core-2.4.3.jar
add3b000-add3e000 r--s 0001f000 08:02 2494001    /home/clovisgakam/.m2/repository/org/hibernate/hibernate-ehcache/4.1.0.Final/hibernate-ehcache-4.1.0.Final.jar
add3e000-add43000 r--s 00014000 08:02 2493532    /home/clovisgakam/.m2/repository/org/hibernate/javax/persistence/hibernate-jpa-2.0-api/1.0.0.Final/hibernate-jpa-2.0-api-1.0.0.Final.jar
add43000-add4d000 r--s 0006b000 08:02 2493998    /home/clovisgakam/.m2/repository/org/hibernate/hibernate-entitymanager/4.1.0.Final/hibernate-entitymanager-4.1.0.Final.jar
add4d000-add56000 r--s 00096000 08:02 2622190    /home/clovisgakam/.m2/repository/org/javassist/javassist/3.15.0-GA/javassist-3.15.0-GA.jar
add56000-add5b000 r--s 00068000 08:02 2229862    /home/clovisgakam/.m2/repository/antlr/antlr/2.7.7/antlr-2.7.7.jar
add5b000-add69000 r--s 0007f000 08:02 2753365    /home/clovisgakam/.m2/repository/commons-collections/commons-collections/3.2.1/commons-collections-3.2.1.jar
add69000-addb3000 r--s 003d4000 08:02 2494139    /home/clovisgakam/.m2/repository/org/hibernate/hibernate-core/4.1.0.Final/hibernate-core-4.1.0.Final.jar
addb3000-adefa000 r-xp 00000000 08:02 659223     /usr/lib/i386-linux-gnu/libxml2.so.2.7.8
adefa000-adefe000 r--p 00147000 08:02 659223     /usr/lib/i386-linux-gnu/libxml2.so.2.7.8
adefe000-adeff000 rw-p 0014b000 08:02 659223     /usr/lib/i386-linux-gnu/libxml2.so.2.7.8
adeff000-adf00000 rw-p 00000000 00:00 0 
adf00000-adffd000 rw-p 00000000 00:00 0 
adffd000-ae000000 ---p 00000000 00:00 0 
ae004000-ae009000 r--s 00016000 08:02 2490704    /home/clovisgakam/.m2/repository/xml-apis/xml-apis/1.0.b2/xml-apis-1.0.b2.jar
ae009000-ae00e000 r--s 00048000 08:02 2753485    /home/clovisgakam/.m2/repository/dom4j/dom4j/1.6.1/dom4j-1.6.1.jar
ae00e000-ae015000 r--s 00035000 08:02 2617146    /home/clovisgakam/.m2/repository/org/springframework/security/spring-security-web/3.0.5.RELEASE/spring-security-web-3.0.5.RELEASE.jar
ae015000-ae018000 r--s 0002b000 08:02 2617095    /home/clovisgakam/.m2/repository/org/springframework/security/spring-security-config/3.0.5.RELEASE/spring-security-config-3.0.5.RELEASE.jar
ae018000-ae022000 r--s 00042000 08:02 2617209    /home/clovisgakam/.m2/repository/org/springframework/security/spring-security-core/3.0.5.RELEASE/spring-security-core-3.0.5.RELEASE.jar
ae022000-ae031000 r--s 00074000 08:02 2490523    /home/clovisgakam/.m2/repository/joda-time/joda-time/1.6/joda-time-1.6.jar
ae031000-ae03a000 r--s 00057000 08:02 2622078    /home/clovisgakam/.m2/repository/org/glassfish/web/jstl-impl/1.2/jstl-impl-1.2.jar
ae03a000-ae08e000 r--s 003ed000 08:02 2491873    /home/clovisgakam/.m2/repository/org/springframework/webflow/spring-js-resources/2.2.1.RELEASE/spring-js-resources-2.2.1.RELEASE.jar
ae08e000-ae097000 r--s 0005e000 08:02 2491423    /home/clovisgakam/.m2/repository/org/springframework/spring-webmvc/3.0.5.RELEASE/spring-webmvc-3.0.5.RELEASE.jar
ae097000-ae0a1000 r--s 00057000 08:02 2616789    /home/clovisgakam/.m2/repository/org/springframework/spring-web/3.0.5.RELEASE/spring-web-3.0.5.RELEASE.jar
ae0a1000-ae0af000 r--s 000b0000 08:02 2749536    /home/clovisgakam/.m2/repository/org/codehaus/jackson/jackson-mapper-asl/1.9.4/jackson-mapper-asl-1.9.4.jar
ae0af000-ae0b2000 ---p 00000000 00:00 0 
ae0b2000-ae100000 rw-p 00000000 00:00 0 
ae103000-ae11e000 r--s 0015d000 08:02 2620398    /home/clovisgakam/.m2/repository/org/apache/poi/poi/3.6/poi-3.6.jar
ae11e000-ae164000 r--s 00389000 08:02 2753665    /home/clovisgakam/.m2/repository/jasperreports/jasperreports/4.7.0/jasperreports-4.7.0.jar
ae164000-ae1a3000 r--s 00568000 08:02 2489881    /home/clovisgakam/.m2/repository/com/ibm/icu/icu4j/4.6/icu4j-4.6.jar
ae1a9000-ae1bd000 r--s 000f7000 08:02 275220     /tools/eclipses/juno4/plugins/org.eclipse.jface_3.8.102.v20130123-162658.jar
ae1c1000-ae1c4000 r--s 0001f000 08:02 275272     /tools/eclipses/juno4/plugins/org.eclipse.equinox.p2.artifact.repository_1.1.200.v20120430-1959.jar
ae1c4000-ae1c8000 r--s 0002d000 08:02 273893     /tools/eclipses/juno4/plugins/org.eclipse.equinox.p2.engine_2.2.0.v20130121-021919.jar
ae1c8000-ae1d8000 r-xp 00000000 08:02 659038     /usr/lib/i386-linux-gnu/libp11-kit.so.0.0.0
ae1d8000-ae1d9000 r--p 0000f000 08:02 659038     /usr/lib/i386-linux-gnu/libp11-kit.so.0.0.0
ae1d9000-ae1da000 rw-p 00010000 08:02 659038     /usr/lib/i386-linux-gnu/libp11-kit.so.0.0.0
ae1da000-ae1dd000 ---p 00000000 00:00 0 
ae1dd000-ae22b000 rw-p 00000000 00:00 0 
ae22b000-ae22e000 ---p 00000000 00:00 0 
ae22e000-ae27c000 rw-p 00000000 00:00 0 
ae27c000-ae27f000 ---p 00000000 00:00 0 
ae27f000-ae2cd000 rw-p 00000000 00:00 0 
ae2cd000-ae2d0000 ---p 00000000 00:00 0 
ae2d0000-ae31e000 rw-p 00000000 00:00 0 
ae31f000-ae324000 r--s 0002b000 08:02 274929     /tools/eclipses/juno4/plugins/org.eclipse.ui.browser_3.4.2.v20130123-162658.jar
ae324000-ae32d000 r--s 0005a000 08:02 274325     /tools/eclipses/juno4/plugins/org.eclipse.mylyn.tasks.core_3.8.3.v20130107-0100.jar
ae330000-ae334000 r-xp 00000000 08:02 659553     /usr/lib/i386-linux-gnu/gdk-pixbuf-2.0/2.10.0/loaders/libpixbufloader-jpeg.so
ae334000-ae335000 r--p 00003000 08:02 659553     /usr/lib/i386-linux-gnu/gdk-pixbuf-2.0/2.10.0/loaders/libpixbufloader-jpeg.so
ae335000-ae336000 rw-p 00004000 08:02 659553     /usr/lib/i386-linux-gnu/gdk-pixbuf-2.0/2.10.0/loaders/libpixbufloader-jpeg.so
ae336000-ae362000 r-xp 00000000 08:02 658822     /usr/lib/i386-linux-gnu/libgconf-2.so.4.1.5
ae362000-ae363000 r--p 0002b000 08:02 658822     /usr/lib/i386-linux-gnu/libgconf-2.so.4.1.5
ae363000-ae364000 rw-p 0002c000 08:02 658822     /usr/lib/i386-linux-gnu/libgconf-2.so.4.1.5
ae364000-ae367000 ---p 00000000 00:00 0 
ae367000-ae3b5000 rw-p 00000000 00:00 0 
ae3b5000-ae3b8000 r--s 00011000 08:02 2494000    /home/clovisgakam/.m2/repository/org/hibernate/common/hibernate-commons-annotations/4.0.1.Final/hibernate-commons-annotations-4.0.1.Final.jar
ae3b8000-ae3bb000 r--s 00011000 08:02 2617120    /home/clovisgakam/.m2/repository/org/springframework/security/spring-security-acl/3.0.5.RELEASE/spring-security-acl-3.0.5.RELEASE.jar
ae3bb000-ae3be000 r--s 00015000 08:02 2490887    /home/clovisgakam/.m2/repository/commons-pool/commons-pool/1.5.4/commons-pool-1.5.4.jar
ae3be000-ae3c6000 r--s 0004a000 08:02 2617342    /home/clovisgakam/.m2/repository/org/springframework/spring-orm/3.0.5.RELEASE/spring-orm-3.0.5.RELEASE.jar
ae3c6000-ae3e9000 r--s 00160000 08:02 2365182    /home/clovisgakam/.m2/repository/bouncycastle/bcprov-jdk14/139/bcprov-jdk14-139.jar
ae3e9000-ae3ec000 ---p 00000000 00:00 0 
ae3ec000-ae43a000 rw-p 00000000 00:00 0 
ae43a000-ae49a000 rw-s 00000000 00:04 940736521  /SYSV00000000 (deleted)
ae49b000-ae49d000 r--s 00006000 08:02 2620801    /home/clovisgakam/.m2/repository/org/apache/tiles/tiles-api/2.2.1/tiles-api-2.2.1.jar
ae49d000-ae4a1000 r--s 00022000 08:02 2620881    /home/clovisgakam/.m2/repository/org/apache/tiles/tiles-core/2.2.1/tiles-core-2.2.1.jar
ae4a1000-ae4ab000 r--s 00055000 08:02 2617456    /home/clovisgakam/.m2/repository/org/springframework/spring-jdbc/3.0.5.RELEASE/spring-jdbc-3.0.5.RELEASE.jar
ae4ab000-ae4cc000 r--s 0015a000 08:02 2617673    /home/clovisgakam/.m2/repository/org/bouncycastle/bcprov-jdk14/1.38/bcprov-jdk14-1.38.jar
ae4cc000-ae4ed000 r--s 00199000 08:02 275353     /tools/eclipses/juno4/plugins/org.eclipse.jst.j2ee_1.1.603.v201301092200.jar
ae4ed000-ae4f6000 r--s 0004f000 08:02 285691     /tools/eclipses/juno4/plugins/org.springframework.aop_3.1.4.RELEASE.jar
ae4f6000-ae4f9000 r--s 00016000 08:02 2490945    /home/clovisgakam/.m2/repository/javax/servlet/jsp/jsp-api/2.1/jsp-api-2.1.jar
ae4f9000-ae4fc000 r--s 00016000 08:02 2616736    /home/clovisgakam/.m2/repository/org/springframework/spring-context-support/3.0.5.RELEASE/spring-context-support-3.0.5.RELEASE.jar
ae4fc000-ae4fe000 r--s 00007000 08:02 2617071    /home/clovisgakam/.m2/repository/org/springframework/spring-aspects/3.0.5.RELEASE/spring-aspects-3.0.5.RELEASE.jar
ae4fe000-ae500000 r--s 00000000 08:02 2490596    /home/clovisgakam/.m2/repository/aopalliance/aopalliance/1.0/aopalliance-1.0.jar
ae500000-ae509000 r--s 00046000 08:02 2491482    /home/clovisgakam/.m2/repository/org/springframework/spring-aop/3.0.5.RELEASE/spring-aop-3.0.5.RELEASE.jar
ae50b000-ae51b000 r-xp 00000000 08:02 659155     /usr/lib/i386-linux-gnu/libtasn1.so.3.1.12
ae51b000-ae51c000 r--p 0000f000 08:02 659155     /usr/lib/i386-linux-gnu/libtasn1.so.3.1.12
ae51c000-ae51d000 rw-p 00010000 08:02 659155     /usr/lib/i386-linux-gnu/libtasn1.so.3.1.12
ae51d000-ae527000 r--s 0005a000 08:02 274361     /tools/eclipses/juno4/plugins/org.eclipse.ui.navigator_3.5.200.v20120705-114103.jar
ae527000-ae53d000 r--s 00233000 08:02 274014     /tools/eclipses/juno4/plugins/org.eclipse.swt.gtk.linux.x86_3.100.1.v4236b.jar
ae53d000-ae54a000 r--s 00107000 08:02 1857181    /usr/lib/jvm/java-6-openjdk-common/jre/lib/rhino.jar
ae54c000-ae558000 r--s 0007c000 08:02 2491892    /home/clovisgakam/.m2/repository/org/springframework/spring-beans/3.0.5.RELEASE/spring-beans-3.0.5.RELEASE.jar
ae55a000-ae57e000 r-xp 00000000 08:02 658763     /usr/lib/i386-linux-gnu/libdbus-glib-1.so.2.2.2
ae57e000-ae57f000 r--p 00023000 08:02 658763     /usr/lib/i386-linux-gnu/libdbus-glib-1.so.2.2.2
ae57f000-ae580000 rw-p 00024000 08:02 658763     /usr/lib/i386-linux-gnu/libdbus-glib-1.so.2.2.2
ae580000-ae5b8000 r-xp 00000000 08:02 658736     /usr/lib/i386-linux-gnu/libcroco-0.6.so.3.0.1
ae5b8000-ae5b9000 ---p 00038000 08:02 658736     /usr/lib/i386-linux-gnu/libcroco-0.6.so.3.0.1
ae5b9000-ae5bb000 r--p 00038000 08:02 658736     /usr/lib/i386-linux-gnu/libcroco-0.6.so.3.0.1
ae5bb000-ae5bc000 rw-p 0003a000 08:02 658736     /usr/lib/i386-linux-gnu/libcroco-0.6.so.3.0.1
ae5bc000-ae5be000 r--s 00006000 08:02 2490969    /home/clovisgakam/.m2/repository/javax/servlet/jsp/jstl/jstl-api/1.2/jstl-api-1.2.jar
ae5be000-ae5c1000 r--s 0000c000 08:02 2229834    /home/clovisgakam/.m2/repository/commons-fileupload/commons-fileupload/1.2.1/commons-fileupload-1.2.1.jar
ae5c1000-ae5c6000 r--s 0005a000 08:02 289118     /tools/eclipses/juno4/plugins/org.eclipse.m2e.model.edit_1.3.1.20130219-1424.jar
ae5c8000-ae5cc000 r-xp 00000000 08:02 670642     /usr/lib/i386-linux-gnu/libORBitCosNaming-2.so.0.1.0
ae5cc000-ae5cd000 r--p 00003000 08:02 670642     /usr/lib/i386-linux-gnu/libORBitCosNaming-2.so.0.1.0
ae5cd000-ae5ce000 rw-p 00004000 08:02 670642     /usr/lib/i386-linux-gnu/libORBitCosNaming-2.so.0.1.0
ae5ce000-ae5de000 r-xp 00000000 08:02 658689     /usr/lib/i386-linux-gnu/libavahi-client.so.3.2.9
ae5de000-ae5df000 r--p 0000f000 08:02 658689     /usr/lib/i386-linux-gnu/libavahi-client.so.3.2.9
ae5df000-ae5e0000 rw-p 00010000 08:02 658689     /usr/lib/i386-linux-gnu/libavahi-client.so.3.2.9
ae5e0000-ae5eb000 r--s 000bb000 08:02 274900     /tools/eclipses/juno4/plugins/org.eclipse.core.resources_3.8.1.v20121114-124432.jar
ae5eb000-ae5ee000 ---p 00000000 00:00 0 
ae5ee000-ae63c000 rw-p 00000000 00:00 0 
ae63c000-ae63f000 ---p 00000000 00:00 0 
ae63f000-ae68d000 rw-p 00000000 00:00 0 
ae68e000-ae6a4000 r--s 00187000 08:02 2621531    /home/clovisgakam/.m2/repository/org/aspectj/aspectjweaver/1.6.11/aspectjweaver-1.6.11.jar
ae6a4000-ae6a7000 ---p 00000000 00:00 0 
ae6a7000-ae6f5000 rw-p 00000000 00:00 0 
ae6f5000-ae6fc000 r--s 00187000 08:02 287097     /tools/eclipses/juno4/plugins/org.springframework.ide.eclipse.core_3.2.0.201303060654-RELEASE.jar
ae6fc000-ae71a000 r--s 00180000 08:02 274291     /tools/eclipses/juno4/plugins/org.eclipse.team.cvs.ui_3.3.500.v20120522-1148.jar
ae71a000-ae71d000 ---p 00000000 00:00 0 
ae71d000-ae76b000 rw-p 00000000 00:00 0 
ae76b000-ae76e000 ---p 00000000 00:00 0 
ae76e000-ae7bc000 rw-p 00000000 00:00 0 
ae7bc000-ae85e000 r-xp 00000000 08:02 659139     /usr/lib/i386-linux-gnu/libsqlite3.so.0.8.6
ae85e000-ae85f000 r--p 000a2000 08:02 659139     /usr/lib/i386-linux-gnu/libsqlite3.so.0.8.6
ae85f000-ae860000 rw-p 000a3000 08:02 659139     /usr/lib/i386-linux-gnu/libsqlite3.so.0.8.6
ae860000-ae861000 rw-p 00000000 00:00 0 
ae863000-ae89a000 r-xp 00000000 08:02 659106     /usr/lib/i386-linux-gnu/librsvg-2.so.2.36.1
ae89a000-ae89b000 r--p 00036000 08:02 659106     /usr/lib/i386-linux-gnu/librsvg-2.so.2.36.1
ae89b000-ae89c000 rw-p 00037000 08:02 659106     /usr/lib/i386-linux-gnu/librsvg-2.so.2.36.1
ae89c000-ae89f000 ---p 00000000 00:00 0 
ae89f000-ae8ed000 rw-p 00000000 00:00 0 
ae8ed000-aea14000 r-xp 00000000 08:02 669861     /usr/lib/i386-linux-gnu/libnss3.so
aea14000-aea17000 r--p 00126000 08:02 669861     /usr/lib/i386-linux-gnu/libnss3.so
aea17000-aea19000 rw-p 00129000 08:02 669861     /usr/lib/i386-linux-gnu/libnss3.so
aea19000-aea1c000 ---p 00000000 00:00 0 
aea1c000-aea6a000 rw-p 00000000 00:00 0 
aea6a000-aea6c000 r--s 0000d000 08:02 2622587    /home/clovisgakam/.m2/repository/org/jboss/logging/jboss-logging/3.1.0.CR2/jboss-logging-3.1.0.CR2.jar
aea6c000-aea71000 r--s 00034000 08:02 2490550    /home/clovisgakam/.m2/repository/commons-beanutils/commons-beanutils/1.8.0/commons-beanutils-1.8.0.jar
aea72000-aea79000 r--s 00041000 08:02 274993     /tools/eclipses/juno4/plugins/org.eclipse.mylyn.commons.ui_3.8.3.v20130107-0100.jar
aea79000-aea83000 r--s 00059000 08:02 285735     /tools/eclipses/juno4/plugins/org.springframework.ide.eclipse.beans.ui_3.2.0.201303060654-RELEASE.jar
aea83000-aeaa8000 r--s 0014a000 08:02 2753866    /tmp/jar_cache6940145942960422744.tmp (deleted)
aeaa8000-aeaab000 r-xp 00000000 08:02 1178298    /lib/i386-linux-gnu/libgpg-error.so.0.8.0
aeaab000-aeaac000 r--p 00002000 08:02 1178298    /lib/i386-linux-gnu/libgpg-error.so.0.8.0
aeaac000-aeaad000 rw-p 00003000 08:02 1178298    /lib/i386-linux-gnu/libgpg-error.so.0.8.0
aeaad000-aeabc000 r--s 000bc000 08:02 273841     /tools/eclipses/juno4/plugins/org.eclipse.jst.j2ee.ui_1.1.600.v201205170400.jar
aeabc000-aeaca000 r--s 00351000 08:02 1857197    /usr/lib/jvm/java-6-openjdk-common/jre/lib/charsets.jar
aead0000-aead3000 r--s 00010000 08:02 273931     /tools/eclipses/juno4/plugins/org.eclipse.ecf.provider.filetransfer.httpclient_4.0.200.v20120610-1946.jar
aead3000-aead6000 r--s 0000a000 08:02 273930     /tools/eclipses/juno4/plugins/org.eclipse.ecf.filetransfer_5.0.0.v20120610-1946.jar
aeadd000-aeae5000 r--s 00000000 08:02 2372757    /home/clovisgakam/.local/share/gvfs-metadata/root-9db594fa.log
aeae7000-aeaf3000 r-xp 00000000 08:02 658691     /usr/lib/i386-linux-gnu/libavahi-common.so.3.5.3
aeaf3000-aeaf4000 r--p 0000b000 08:02 658691     /usr/lib/i386-linux-gnu/libavahi-common.so.3.5.3
aeaf4000-aeaf5000 rw-p 0000c000 08:02 658691     /usr/lib/i386-linux-gnu/libavahi-common.so.3.5.3
aeaf5000-aeaf9000 r--s 0001c000 08:02 274299     /tools/eclipses/juno4/plugins/org.eclipse.ecf.provider.filetransfer_3.2.0.v20120610-1946.jar
aeaf9000-aeb00000 r--s 00000000 08:02 659535     /usr/lib/i386-linux-gnu/gconv/gconv-modules.cache
aeb00000-aec00000 rw-p 00000000 00:00 0 
aec00000-aec04000 r--s 00021000 08:02 2365125    /home/clovisgakam/.m2/repository/commons-digester/commons-digester/2.0/commons-digester-2.0.jar
aec04000-aec07000 r--s 00022000 08:02 2490907    /home/clovisgakam/.m2/repository/commons-dbcp/commons-dbcp/1.3/commons-dbcp-1.3.jar
aec07000-aec0a000 r-xp 00000000 08:02 658695     /usr/lib/i386-linux-gnu/libavahi-glib.so.1.0.2
aec0a000-aec0b000 r--p 00002000 08:02 658695     /usr/lib/i386-linux-gnu/libavahi-glib.so.1.0.2
aec0b000-aec0c000 rw-p 00003000 08:02 658695     /usr/lib/i386-linux-gnu/libavahi-glib.so.1.0.2
aec0d000-aec12000 r-xp 00000000 08:02 275616     /tools/eclipses/juno4/configuration/org.eclipse.osgi/bundles/634/1/.cp/libswt-xpcominit-gtk-4236.so
aec12000-aec14000 rw-p 00005000 08:02 275616     /tools/eclipses/juno4/configuration/org.eclipse.osgi/bundles/634/1/.cp/libswt-xpcominit-gtk-4236.so
aec14000-aec1d000 r-xp 00000000 08:02 275615     /tools/eclipses/juno4/configuration/org.eclipse.osgi/bundles/634/1/.cp/libswt-webkit-gtk-4236.so
aec1d000-aec1e000 rw-p 00009000 08:02 275615     /tools/eclipses/juno4/configuration/org.eclipse.osgi/bundles/634/1/.cp/libswt-webkit-gtk-4236.so
aec1e000-aec21000 ---p 00000000 00:00 0 
aec21000-aec6f000 rw-p 00000000 00:00 0 
aec6f000-b0016000 r--p 00000000 08:02 1744367    /usr/share/icons/hicolor/icon-theme.cache
b0016000-b0900000 r--p 00000000 08:02 1730540    /usr/share/icons/gnome/icon-theme.cache
b0900000-b09f9000 rw-p 00000000 00:00 0 
b09f9000-b0a00000 ---p 00000000 00:00 0 
b0a00000-b0a07000 r--s 00040000 08:02 2493560    /home/clovisgakam/.m2/repository/org/hibernate/hibernate-validator/4.1.0.Final/hibernate-validator-4.1.0.Final.jar
b0a07000-b0a17000 r--s 00082000 08:02 287204     /tools/eclipses/juno4/plugins/org.springframework.osgi.core_2.0.0.M2-SNAPSHOT.jar
b0a17000-b0b00000 r--p 00000000 08:02 1727578    /usr/share/icons/Humanity/icon-theme.cache
b0b00000-b0c00000 rw-p 00000000 00:00 0 
b0c00000-b0c04000 r--s 00027000 08:02 274912     /tools/eclipses/juno4/plugins/org.eclipse.emf.edit.ui_2.8.0.v20130125-0826.jar
b0c04000-b0c0a000 r--s 00035000 08:02 275239     /tools/eclipses/juno4/plugins/org.eclipse.jst.servlet.ui_1.1.600.v201202011057.jar
b0c0f000-b0c14000 r--s 00035000 08:02 274446     /tools/eclipses/juno4/plugins/org.eclipse.e4.ui.workbench_0.11.0.v20130125-100758.jar
b0c14000-b0c3e000 r--s 0046e000 08:02 274402     /tools/eclipses/juno4/plugins/org.eclipse.jdt.core_3.8.3.v20130121-145325.jar
b0c3e000-b0c7a000 r--s 00629000 08:02 274480     /tools/eclipses/juno4/plugins/com.ibm.icu_4.4.2.v20110823.jar
b0c7b000-b0c8d000 r--s 00092000 08:02 2491673    /home/clovisgakam/.m2/repository/org/springframework/spring-context/3.0.5.RELEASE/spring-context-3.0.5.RELEASE.jar
b0c94000-b0c9e000 r--s 00061000 08:02 287201     /tools/eclipses/juno4/plugins/org.springframework.jdbc_3.1.4.RELEASE.jar
b0c9e000-b0ca4000 r--s 00049000 08:02 2365310    /home/clovisgakam/.m2/repository/cglib/cglib-nodep/2.2/cglib-nodep-2.2.jar
b0ca4000-b0ca6000 r--s 00012000 08:02 287206     /tools/eclipses/juno4/plugins/org.springframework.oxm_3.1.4.RELEASE.jar
b0ca6000-b0cab000 r--s 00031000 08:02 287202     /tools/eclipses/juno4/plugins/org.springframework.jms_3.1.4.RELEASE.jar
b0cac000-b0cb5000 r--s 00055000 08:02 2616947    /home/clovisgakam/.m2/repository/org/springframework/spring-core/3.0.5.RELEASE/spring-core-3.0.5.RELEASE.jar
b0cb5000-b0cbe000 r--s 0006d000 08:02 2490386    /home/clovisgakam/.m2/repository/log4j/log4j/1.2.16/log4j-1.2.16.jar
b0cbe000-b0cc1000 ---p 00000000 00:00 0 
b0cc1000-b0d0f000 rw-p 00000000 00:00 0 
b0d0f000-b0d12000 ---p 00000000 00:00 0 
b0d12000-b0d60000 rw-p 00000000 00:00 0 
b0d60000-b0d63000 ---p 00000000 00:00 0 
b0d63000-b0db1000 rw-p 00000000 00:00 0 
b0db1000-b0db5000 r--s 00034000 08:02 2749568    /home/clovisgakam/.m2/repository/org/codehaus/jackson/jackson-core-asl/1.9.4/jackson-core-asl-1.9.4.jar
b0db5000-b0dbe000 r--s 0006a000 08:02 275055     /tools/eclipses/juno4/plugins/org.eclipse.search_3.8.0.v20120523-1540.jar
b0dbe000-b0dc5000 r--s 00032000 08:02 2491304    /home/clovisgakam/.m2/repository/org/springframework/spring-tx/3.0.5.RELEASE/spring-tx-3.0.5.RELEASE.jar
b0dc7000-b0dd1000 r--s 00076000 08:02 273924     /tools/eclipses/juno4/plugins/org.eclipse.equinox.p2.ui_2.2.0.v20130119-010614.jar
b0dd1000-b0ddd000 r--s 0008a000 08:02 287213     /tools/eclipses/juno4/plugins/org.springframework.web.servlet_3.1.4.RELEASE.jar
b0ddd000-b0e00000 r--p 00000000 08:02 1730699    /usr/share/icons/ubuntu-mono-dark/icon-theme.cache
b0e00000-b0f00000 rw-p 00000000 00:00 0 
b0f00000-b0f02000 r--s 0000c000 08:02 2620917    /home/clovisgakam/.m2/repository/org/apache/tiles/tiles-servlet/2.2.1/tiles-servlet-2.2.1.jar
b0f02000-b0f0d000 r--s 0008a000 08:02 2492026    /home/clovisgakam/.m2/repository/c3p0/c3p0/0.9.1.1/c3p0-0.9.1.1.jar
b0f0d000-b0f10000 ---p 00000000 00:00 0 
b0f10000-b0f5e000 rw-p 00000000 00:00 0 
b0f5e000-b0f61000 ---p 00000000 00:00 0 
b0f61000-b0faf000 rw-p 00000000 00:00 0 
b0faf000-b0fb2000 ---p 00000000 00:00 0 
b0fb2000-b1000000 rw-p 00000000 00:00 0 
b1000000-b10e9000 rw-p 00000000 00:00 0 
b10e9000-b1100000 ---p 00000000 00:00 0 
b1101000-b1104000 r--s 00009000 08:02 2491126    /home/clovisgakam/.m2/repository/javax/validation/validation-api/1.0.0.GA/validation-api-1.0.0.GA.jar
b1104000-b1106000 r-xp 00000000 08:02 1178375    /lib/i386-linux-gnu/libutil-2.15.so
b1106000-b1107000 r--p 00001000 08:02 1178375    /lib/i386-linux-gnu/libutil-2.15.so
b1107000-b1108000 rw-p 00002000 08:02 1178375    /lib/i386-linux-gnu/libutil-2.15.so
b1108000-b110e000 r--s 00049000 08:02 275058     /tools/eclipses/juno4/plugins/org.apache.commons.httpclient_3.1.0.v201012070820.jar
b110e000-b110f000 r--s 00002000 08:02 2748546    /home/clovisgakam/.m2/repository/org/jboss/spec/javax/transaction/jboss-transaction-api_1.1_spec/1.0.0.Final/jboss-transaction-api_1.1_spec-1.0.0.Final.jar
b110f000-b1118000 r--s 00081000 08:02 2621887    /home/clovisgakam/.m2/repository/org/quartz-scheduler/quartz/2.1.6/quartz-2.1.6.jar
b1118000-b112d000 r--s 000c7000 08:02 285693     /tools/eclipses/juno4/plugins/org.springframework.context_3.1.4.RELEASE.jar
b112d000-b117f000 r--p 00000000 08:02 1442703    /usr/share/fonts/truetype/ubuntu-font-family/Ubuntu-B.ttf
b117f000-b1182000 ---p 00000000 00:00 0 
b1182000-b11d0000 rw-p 00000000 00:00 0 
b11d0000-b11d3000 ---p 00000000 00:00 0 
b11d3000-b1221000 rw-p 00000000 00:00 0 
b1221000-b1227000 r--s 0002d000 08:02 2616624    /home/clovisgakam/.m2/repository/org/springframework/spring-test/3.0.5.RELEASE/spring-test-3.0.5.RELEASE.jar
b1228000-b1230000 r--s 0004c000 08:02 275400     /tools/eclipses/juno4/plugins/org.eclipse.equinox.p2.metadata_2.1.0.v20120430-2001.jar
b1230000-b1232000 r--s 00015000 08:02 273940     /tools/eclipses/juno4/plugins/org.eclipse.core.jobs_3.5.300.v20120912-155018.jar
b1232000-b1234000 r--s 0000a000 08:02 2620836    /home/clovisgakam/.m2/repository/org/apache/tiles/tiles-jsp/2.2.1/tiles-jsp-2.2.1.jar
b1234000-b1240000 r--s 000aa000 08:02 2623552    /home/clovisgakam/.m2/repository/net/sourceforge/jexcelapi/jxl/2.6.10/jxl-2.6.10.jar
b1242000-b1248000 r--s 00039000 08:02 275210     /tools/eclipses/juno4/plugins/org.eclipse.epp.mpc.ui_1.1.1.I20110907-0947.jar
b1248000-b124b000 ---p 00000000 00:00 0 
b124b000-b1299000 rw-p 00000000 00:00 0 
b1299000-b129b000 r--s 0000d000 08:02 2492174    /home/clovisgakam/.m2/repository/commons-codec/commons-codec/1.4/commons-codec-1.4.jar
b129b000-b12ab000 r--s 0013f000 08:02 2758082    /home/clovisgakam/.m2/repository/jfree/jfreechart/1.0.12/jfreechart-1.0.12.jar
b12ab000-b12ae000 ---p 00000000 00:00 0 
b12ae000-b12fc000 rw-p 00000000 00:00 0 
b12fc000-b1300000 r--s 00026000 08:02 2491578    /home/clovisgakam/.m2/repository/org/springframework/spring-expression/3.0.5.RELEASE/spring-expression-3.0.5.RELEASE.jar
b1300000-b1302000 r--s 00003000 08:02 2491775    /home/clovisgakam/.m2/repository/org/springframework/roo/org.springframework.roo.annotations/1.1.5.RELEASE/org.springframework.roo.annotations-1.1.5.RELEASE.jar
b1302000-b1304000 r--s 00012000 08:02 2492232    /home/clovisgakam/.m2/repository/net/sf/flexjson/flexjson/2.1/flexjson-2.1.jar
b1304000-b130b000 r--s 00050000 08:02 274322     /tools/eclipses/juno4/plugins/org.eclipse.e4.ui.model.workbench_0.10.1.v20120523-1955.jar
b130f000-b13b4000 r--p 00000000 08:02 1442676    /usr/share/fonts/truetype/ttf-dejavu/DejaVuSans-Bold.ttf
b13b4000-b13c2000 r-xp 00000000 08:02 1178370    /lib/i386-linux-gnu/libudev.so.0.13.0
b13c2000-b13c3000 r--p 0000e000 08:02 1178370    /lib/i386-linux-gnu/libudev.so.0.13.0
b13c3000-b13c4000 rw-p 0000f000 08:02 1178370    /lib/i386-linux-gnu/libudev.so.0.13.0
b13c4000-b140b000 r-xp 00000000 08:02 1178283    /lib/i386-linux-gnu/libdbus-1.so.3.5.8
b140b000-b140c000 r--p 00046000 08:02 1178283    /lib/i386-linux-gnu/libdbus-1.so.3.5.8
b140c000-b140d000 rw-p 00047000 08:02 1178283    /lib/i386-linux-gnu/libdbus-1.so.3.5.8
b140d000-b1422000 r-xp 00000000 08:02 659771     /usr/lib/i386-linux-gnu/gvfs/libgvfscommon.so
b1422000-b1423000 r--p 00014000 08:02 659771     /usr/lib/i386-linux-gnu/gvfs/libgvfscommon.so
b1423000-b1424000 rw-p 00015000 08:02 659771     /usr/lib/i386-linux-gnu/gvfs/libgvfscommon.so
b1424000-b144d000 r-xp 00000000 08:02 659572     /usr/lib/i386-linux-gnu/gio/modules/libgvfsdbus.so
b144d000-b144e000 r--p 00028000 08:02 659572     /usr/lib/i386-linux-gnu/gio/modules/libgvfsdbus.so
b144e000-b144f000 rw-p 00029000 08:02 659572     /usr/lib/i386-linux-gnu/gio/modules/libgvfsdbus.so
b144f000-b1493000 r-xp 00000000 08:02 658947     /usr/lib/i386-linux-gnu/libibus-1.0.so.0.401.0
b1493000-b1494000 r--p 00043000 08:02 658947     /usr/lib/i386-linux-gnu/libibus-1.0.so.0.401.0
b1494000-b1495000 rw-p 00044000 08:02 658947     /usr/lib/i386-linux-gnu/libibus-1.0.so.0.401.0
b1495000-b1498000 r--s 00013000 08:02 2229710    /home/clovisgakam/.m2/repository/commons-io/commons-io/1.3.2/commons-io-1.3.2.jar
b1499000-b149e000 r--s 0003c000 08:02 275348     /tools/eclipses/juno4/plugins/org.eclipse.emf.edit_2.8.0.v20130125-0826.jar
b149e000-b14a0000 r--s 00018000 08:02 2490992    /home/clovisgakam/.m2/repository/javax/servlet/servlet-api/2.5/servlet-api-2.5.jar
b14a0000-b14a6000 r--s 00034000 08:02 2490339    /home/clovisgakam/.m2/repository/junit/junit/4.8.2/junit-4.8.2.jar
b14a7000-b14ab000 r--s 00021000 08:02 275336     /tools/eclipses/juno4/plugins/org.eclipse.equinox.p2.ui.discovery_1.0.0.v20120913-155635.jar
b14ab000-b14ae000 r--s 00013000 08:02 287197     /tools/eclipses/juno4/plugins/org.springframework.ide.eclipse.webflow.ui_3.2.0.201303060654-RELEASE.jar
b14ae000-b14af000 r--s 00004000 08:02 2617180    /home/clovisgakam/.m2/repository/org/springframework/security/spring-security-taglibs/3.0.5.RELEASE/spring-security-taglibs-3.0.5.RELEASE.jar
b14af000-b14b3000 r--s 00019000 08:02 2621576    /home/clovisgakam/.m2/repository/org/aspectj/aspectjrt/1.6.11/aspectjrt-1.6.11.jar
b14b3000-b14b6000 r--s 0000d000 08:02 2753401    /home/clovisgakam/.m2/repository/avalon-framework/avalon-framework/4.1.3/avalon-framework-4.1.3.jar
b14b6000-b14bd000 r--s 00034000 08:02 285696     /tools/eclipses/juno4/plugins/org.springframework.data.core_1.3.1.RELEASE.jar
b14bd000-b150f000 r--p 00000000 08:02 1442679    /usr/share/fonts/truetype/ttf-dejavu/DejaVuSansMono.ttf
b150f000-b1566000 r--p 00000000 08:02 1442708    /usr/share/fonts/truetype/ubuntu-font-family/Ubuntu-R.ttf
b1566000-b15c1000 r-xp 00000000 08:02 275439     /tools/eclipses/juno4/configuration/org.eclipse.osgi/bundles/634/1/.cp/libswt-pi-gtk-4236.so
b15c1000-b15c3000 rw-p 0005a000 08:02 275439     /tools/eclipses/juno4/configuration/org.eclipse.osgi/bundles/634/1/.cp/libswt-pi-gtk-4236.so
b15c3000-b15c4000 rw-p 00000000 00:00 0 
b15c4000-b15c5000 r--s 00004000 08:02 2620761    /home/clovisgakam/.m2/repository/org/apache/tiles/tiles-template/2.2.1/tiles-template-2.2.1.jar
b15c5000-b15ca000 r--s 0002b000 08:02 2365171    /home/clovisgakam/.m2/repository/bouncycastle/bcmail-jdk14/139/bcmail-jdk14-139.jar
b15ca000-b15ce000 r--s 0002b000 08:02 2491957    /home/clovisgakam/.m2/repository/org/bouncycastle/bcmail-jdk14/1.38/bcmail-jdk14-1.38.jar
b15ce000-b15d4000 r--s 000fc000 08:02 1857204    /usr/lib/jvm/java-6-openjdk-common/jre/lib/resources.jar
b15d4000-b15d5000 r--s 00005000 08:02 2491029    /home/clovisgakam/.m2/repository/javax/el/el-api/1.0/el-api-1.0.jar
b15d5000-b15e1000 r--s 00108000 08:02 2365244    /home/clovisgakam/.m2/repository/com/lowagie/itext/2.1.7/itext-2.1.7.jar
b15e1000-b15ea000 r--s 0005c000 08:02 285724     /tools/eclipses/juno4/plugins/org.springframework.ide.eclipse.beans.core_3.2.0.201303060654-RELEASE.jar
b15ea000-b15ec000 r-xp 00000000 08:02 1177399    /lib/libnss_mdns4_minimal.so.2
b15ec000-b15ed000 r--p 00001000 08:02 1177399    /lib/libnss_mdns4_minimal.so.2
b15ed000-b15ee000 rw-p 00002000 08:02 1177399    /lib/libnss_mdns4_minimal.so.2
b15ee000-b15f1000 r--s 0000f000 08:02 2490371    /home/clovisgakam/.m2/repository/logkit/logkit/1.0.1/logkit-1.0.1.jar
b15f2000-b15f7000 r--s 0002f000 08:02 275278     /tools/eclipses/juno4/plugins/org.sat4j.core_2.3.0.v20110329.jar
b15f7000-b15fb000 r--s 00035000 08:02 274249     /tools/eclipses/juno4/plugins/org.eclipse.jst.j2ee.navigator.ui_1.1.600.v201203142300.jar
b15fb000-b15fc000 r--s 00004000 08:02 2749507    /home/clovisgakam/.m2/repository/org/codehaus/jackson/jackson-jaxrs/1.9.4/jackson-jaxrs-1.9.4.jar
b15fc000-b1600000 r--s 0003c000 08:02 2753553    /home/clovisgakam/.m2/repository/commons-lang/commons-lang/2.4/commons-lang-2.4.jar
b1600000-b16fd000 rw-p 00000000 00:00 0 
b16fd000-b1700000 ---p 00000000 00:00 0 
b1700000-b1701000 r--s 00003000 08:02 2491110    /home/clovisgakam/.m2/repository/javax/transaction/jta/1.1/jta-1.1.jar
b1701000-b1705000 r--s 0001f000 08:02 275059     /tools/eclipses/juno4/plugins/org.sat4j.pb_2.3.0.v20110329.jar
b1705000-b1708000 r--s 00032000 08:02 275352     /tools/eclipses/juno4/plugins/org.eclipse.equinox.p2.publisher.eclipse_1.1.0.v20120913-155635.jar
b1708000-b1711000 r-xp 00000000 08:02 275442     /tools/eclipses/juno4/configuration/org.eclipse.osgi/bundles/634/1/.cp/libswt-atk-gtk-4236.so
b1711000-b1712000 rw-p 00009000 08:02 275442     /tools/eclipses/juno4/configuration/org.eclipse.osgi/bundles/634/1/.cp/libswt-atk-gtk-4236.so
b1712000-b1718000 r-xp 00000000 08:02 659711     /usr/lib/i386-linux-gnu/gtk-2.0/2.10.0/immodules/im-ibus.so
b1718000-b1719000 r--p 00005000 08:02 659711     /usr/lib/i386-linux-gnu/gtk-2.0/2.10.0/immodules/im-ibus.so
b1719000-b171a000 rw-p 00006000 08:02 659711     /usr/lib/i386-linux-gnu/gtk-2.0/2.10.0/immodules/im-ibus.so
b171a000-b171d000 r--s 0000a000 08:02 2617848    /home/clovisgakam/.m2/repository/org/apache/commons/commons-exec/1.0.1/commons-exec-1.0.1.jar
b171e000-b1723000 r--s 00045000 08:02 275019     /tools/eclipses/juno4/plugins/org.eclipse.ui.forms_3.5.200.v20120705-114351.jar
b1725000-b1729000 r--s 00013000 08:02 273903     /tools/eclipses/juno4/plugins/org.eclipse.epp.mpc.core_1.1.1.I20110907-0947.jar
b1729000-b172c000 r--s 00014000 08:02 274947     /tools/eclipses/juno4/plugins/org.eclipse.ecf_3.1.300.v20120610-1946.jar
b172c000-b1732000 r--s 00046000 08:02 2758083    /home/clovisgakam/.m2/repository/jfree/jcommon/1.0.15/jcommon-1.0.15.jar
b1732000-b1736000 r--s 00012000 08:02 288944     /tools/eclipses/juno4/configuration/org.eclipse.osgi/bundles/890/1/.cp/lib/spring-binding-1.0.3.jar
b1736000-b1738000 r--s 00016000 08:02 275029     /tools/eclipses/juno4/plugins/org.eclipse.equinox.p2.director_2.2.0.v20120524-0542.jar
b1738000-b173c000 r--s 0001d000 08:02 274296     /tools/eclipses/juno4/plugins/org.eclipse.equinox.p2.repository_2.2.0.v20120524-1945.jar
b173c000-b173e000 r--s 00003000 08:02 2750920    /home/clovisgakam/.m2/repository/org/slf4j/jcl-over-slf4j/1.6.1/jcl-over-slf4j-1.6.1.jar
b173e000-b1744000 r--s 00045000 08:02 287187     /tools/eclipses/juno4/plugins/org.springframework.ide.eclipse.webflow.core_3.2.0.201303060654-RELEASE.jar
b1744000-b1748000 r--s 00022000 08:02 273929     /tools/eclipses/juno4/plugins/org.eclipse.ui_3.104.0.v20121024-145224.jar
b1748000-b174a000 r--s 00005000 08:02 2750778    /home/clovisgakam/.m2/repository/org/slf4j/slf4j-api/1.6.1/slf4j-api-1.6.1.jar
b174b000-b1752000 r--s 000ec000 08:02 275309     /tools/eclipses/juno4/plugins/org.eclipse.xsd_2.8.1.v20130125-0826.jar
b1752000-b1754000 r--s 0000a000 08:02 2490939    /home/clovisgakam/.m2/repository/javax/ws/rs/jsr311-api/1.1.1/jsr311-api-1.1.1.jar
b1754000-b1756000 r--s 00018000 08:02 274300     /tools/eclipses/juno4/plugins/org.eclipse.equinox.p2.publisher_1.2.0.v20121002-080415.jar
b1756000-b1758000 r--s 0000d000 08:02 2750317    /home/clovisgakam/.m2/repository/org/codehaus/plexus/plexus-interpolation/1.13/plexus-interpolation-1.13.jar
b1758000-b1759000 r-xp 00000000 08:02 659559     /usr/lib/i386-linux-gnu/gdk-pixbuf-2.0/2.10.0/loaders/libpixbufloader-svg.so
b1759000-b175a000 r--p 00000000 08:02 659559     /usr/lib/i386-linux-gnu/gdk-pixbuf-2.0/2.10.0/loaders/libpixbufloader-svg.so
b175a000-b175b000 rw-p 00001000 08:02 659559     /usr/lib/i386-linux-gnu/gdk-pixbuf-2.0/2.10.0/loaders/libpixbufloader-svg.so
b175b000-b175c000 r--s 0000c000 08:02 2616867    /home/clovisgakam/.m2/repository/org/springframework/spring-asm/3.0.5.RELEASE/spring-asm-3.0.5.RELEASE.jar
b175c000-b175e000 r--s 00009000 08:02 2619249    /home/clovisgakam/.m2/repository/org/apache/maven/shared/maven-filtering/1.0/maven-filtering-1.0.jar
b175e000-b1761000 ---p 00000000 00:00 0 
b1761000-b17af000 rw-p 00000000 00:00 0 
b17af000-b17b2000 ---p 00000000 00:00 0 
b17b2000-b1800000 rw-p 00000000 00:00 0 
b1800000-b18ff000 rw-p 00000000 00:00 0 
b18ff000-b1900000 ---p 00000000 00:00 0 
b1900000-b1901000 r--s 00002000 08:02 2750826    /home/clovisgakam/.m2/repository/org/slf4j/slf4j-log4j12/1.6.1/slf4j-log4j12-1.6.1.jar
b1901000-b190b000 r-xp 00000000 08:02 275440     /tools/eclipses/juno4/configuration/org.eclipse.osgi/bundles/634/1/.cp/libswt-cairo-gtk-4236.so
b190b000-b190c000 rw-p 0000a000 08:02 275440     /tools/eclipses/juno4/configuration/org.eclipse.osgi/bundles/634/1/.cp/libswt-cairo-gtk-4236.so
b190c000-b1910000 r-xp 00000000 08:02 659555     /usr/lib/i386-linux-gnu/gdk-pixbuf-2.0/2.10.0/loaders/libpixbufloader-png.so
b1910000-b1911000 r--p 00003000 08:02 659555     /usr/lib/i386-linux-gnu/gdk-pixbuf-2.0/2.10.0/loaders/libpixbufloader-png.so
b1911000-b1912000 rw-p 00004000 08:02 659555     /usr/lib/i386-linux-gnu/gdk-pixbuf-2.0/2.10.0/loaders/libpixbufloader-png.so
b1912000-b1913000 r--s 00004000 08:02 2623529    /home/clovisgakam/.m2/repository/net/sf/opencsv/opencsv/2.3/opencsv-2.3.jar
b1913000-b1919000 r--s 00000000 08:02 1056484    /var/cache/fontconfig/945677eb7aeaf62f1d50efc3fb3ec7d8-le32d4.cache-3
b1919000-b1920000 r--s 00000000 08:02 1066375    /var/cache/fontconfig/6d41288fd70b0be22e8c3a91e032eec0-le32d4.cache-3
b1920000-b1923000 r--s 0001b000 08:02 2490300    /home/clovisgakam/.m2/repository/junit/junit/3.8.1/junit-3.8.1.jar
b1923000-b1925000 r--s 00002000 08:02 2749998    /home/clovisgakam/.m2/repository/org/codehaus/plexus/plexus-interactivity-api/1.0-alpha-4/plexus-interactivity-api-1.0-alpha-4.jar
b1925000-b1927000 r-xp 00000000 08:02 1177398    /lib/libnss_mdns4.so.2
b1927000-b1928000 r--p 00001000 08:02 1177398    /lib/libnss_mdns4.so.2
b1928000-b1929000 rw-p 00002000 08:02 1177398    /lib/libnss_mdns4.so.2
b1929000-b192c000 r--s 00000000 08:02 2372756    /home/clovisgakam/.local/share/gvfs-metadata/root
b192c000-b192e000 r--s 00013000 08:02 274932     /tools/eclipses/juno4/plugins/org.eclipse.equinox.p2.updatesite_1.0.400.v20120412-1615.jar
b192e000-b1931000 ---p 00000000 00:00 0 
b1931000-b197f000 rw-p 00000000 00:00 0 
b197f000-b1982000 ---p 00000000 00:00 0 
b1982000-b19d0000 rw-p 00000000 00:00 0 
b19d0000-b19d3000 ---p 00000000 00:00 0 
b19d3000-b1a21000 rw-p 00000000 00:00 0 
b1a21000-b1a24000 ---p 00000000 00:00 0 
b1a24000-b1a72000 rw-p 00000000 00:00 0 
b1a72000-b1a75000 ---p 00000000 00:00 0 
b1a75000-b1ac3000 rw-p 00000000 00:00 0 
b1ac3000-b1ac5000 r-xp 00000000 08:02 659914     /usr/lib/i386-linux-gnu/pango/1.6.0/modules/pango-basic-fc.so
b1ac5000-b1ac6000 r--p 00001000 08:02 659914     /usr/lib/i386-linux-gnu/pango/1.6.0/modules/pango-basic-fc.so
b1ac6000-b1ac7000 rw-p 00002000 08:02 659914     /usr/lib/i386-linux-gnu/pango/1.6.0/modules/pango-basic-fc.so
b1ac7000-b1ac9000 r--s 00000000 08:02 1056485    /var/cache/fontconfig/99e8ed0e538f840c565b6ed5dad60d56-le32d4.cache-3
b1ac9000-b1ace000 r-xp 00000000 08:02 1178320    /lib/i386-linux-gnu/libnss_dns-2.15.so
b1ace000-b1acf000 r--p 00004000 08:02 1178320    /lib/i386-linux-gnu/libnss_dns-2.15.so
b1acf000-b1ad0000 rw-p 00005000 08:02 1178320    /lib/i386-linux-gnu/libnss_dns-2.15.so
b1ad0000-b1ad3000 r--s 00010000 08:02 287098     /tools/eclipses/juno4/plugins/org.springframework.ide.eclipse.data.core_3.2.0.201303060654-RELEASE.jar
b1ad3000-b1ad7000 r--s 0001b000 08:02 287176     /tools/eclipses/juno4/plugins/org.springframework.ide.eclipse.uaa_3.2.0.201303060643-RELEASE.jar
b1ad7000-b1ad8000 r--s 0000c000 08:02 2753521    /home/clovisgakam/.m2/repository/commons-logging/commons-logging/1.1/commons-logging-1.1.jar
b1ad9000-b1adc000 r--s 0000c000 08:02 274403     /tools/eclipses/juno4/plugins/org.eclipse.mylyn.commons.notifications.ui_1.0.3.v20130107-0100.jar
b1adc000-b1adf000 r--s 00019000 08:02 274056     /tools/eclipses/juno4/plugins/org.eclipse.wst.common.frameworks_1.2.200.v201203141800.jar
b1ae0000-b1ae2000 r--s 0000d000 08:02 274278     /tools/eclipses/juno4/plugins/org.eclipse.equinox.p2.operations_2.2.0.v20130119-010614.jar
b1ae2000-b1ae7000 r--s 0003b000 08:02 275399     /tools/eclipses/juno4/plugins/org.eclipse.help_3.6.0.v20120912-134126.jar
b1ae7000-b1af1000 r--s 00063000 08:02 273945     /tools/eclipses/juno4/plugins/org.eclipse.wst.sse.core_1.1.702.v201301241617.jar
b1af1000-b1af3000 r--s 00010000 08:02 275211     /tools/eclipses/juno4/plugins/org.eclipse.equinox.p2.core_2.2.0.v20120430-0525.jar
b1af3000-b1af6000 r--s 00019000 08:02 274940     /tools/eclipses/juno4/plugins/org.eclipse.mylyn.commons.core_3.8.3.v20130107-0100.jar
b1af6000-b1af7000 r--s 00005000 08:02 2491943    /home/clovisgakam/.m2/repository/org/bouncycastle/bctsp-jdk14/1.38/bctsp-jdk14-1.38.jar
b1af7000-b1afa000 r--s 00014000 08:02 274950     /tools/eclipses/juno4/plugins/org.eclipse.mylyn.tasks.bugs_3.8.3.v20130107-0100.jar
b1afa000-b1afd000 ---p 00000000 00:00 0 
b1afd000-b1b4b000 rw-p 00000000 00:00 0 
b1b4b000-b1b4c000 r--s 00000000 08:02 1056489    /var/cache/fontconfig/c05880de57d1f5e948fdfacc138775d9-le32d4.cache-3
b1b4c000-b1b4f000 r--s 00000000 08:02 1056471    /var/cache/fontconfig/2cd17615ca594fa2959ae173292e504c-le32d4.cache-3
b1b4f000-b1b50000 r--s 00000000 08:02 1056496    /var/cache/fontconfig/e7071f4a29fa870f4323321c154eba04-le32d4.cache-3
b1b50000-b1b51000 r--s 00000000 08:02 1056469    /var/cache/fontconfig/0d8c3b2ac0904cb8a57a757ad11a4a08-le32d4.cache-3
b1b51000-b1b54000 r--s 0000b000 08:02 275047     /tools/eclipses/juno4/plugins/org.eclipse.jst.ws.jaxws.dom.integration_1.0.200.v201109042201.jar
b1b54000-b1b57000 r--s 00018000 08:02 274384     /tools/eclipses/juno4/plugins/org.eclipse.equinox.common_3.6.100.v20120522-1841.jar
b1b57000-b1b59000 r--s 00006000 08:02 2229809    /home/clovisgakam/.m2/repository/commons-cli/commons-cli/1.0/commons-cli-1.0.jar
b1b59000-b1b5b000 r--s 00009000 08:02 273952     /tools/eclipses/juno4/plugins/org.eclipse.equinox.p2.transport.ecf_1.0.100.v20120913-155635.jar
b1b5b000-b1b67000 r--s 0008f000 08:02 285692     /tools/eclipses/juno4/plugins/org.springframework.beans_3.1.4.RELEASE.jar
b1b67000-b1b6b000 r--s 00025000 08:02 275222     /tools/eclipses/juno4/plugins/org.eclipse.mylyn.java.ui_3.8.3.v20130107-0100.jar
b1b6b000-b1b6f000 r--s 00000000 08:02 1056486    /var/cache/fontconfig/a755afe4a08bf5b97852ceb7400b47bc-le32d4.cache-3
b1b6f000-b1b72000 r--s 00000000 08:02 1065202    /var/cache/fontconfig/de156ccd2eddbdc19d37a45b8b2aac9c-le32d4.cache-3
b1b72000-b1b7d000 r--s 00000000 08:02 1056468    /var/cache/fontconfig/04aabc0a78ac019cf9454389977116d2-le32d4.cache-3
b1b7d000-b1b80000 r--s 00000000 08:02 1056474    /var/cache/fontconfig/385c0604a188198f04d133e54aba7fe7-le32d4.cache-3
b1b80000-b1b81000 r--s 00000000 08:02 1056475    /var/cache/fontconfig/4794a0821666d79190d59a36cb4f44b5-le32d4.cache-3
b1b81000-b1b84000 r--s 00000000 08:02 1056483    /var/cache/fontconfig/8801497958630a81b71ace7c5f9b32a8-le32d4.cache-3
b1b84000-b1b91000 r--s 00000000 08:02 1056492    /var/cache/fontconfig/d52a8644073d54c13679302ca1180695-le32d4.cache-3
b1b91000-b1b96000 r-xp 00000000 08:02 658659     /usr/lib/i386-linux-gnu/libXtst.so.6.1.0
b1b96000-b1b97000 r--p 00004000 08:02 658659     /usr/lib/i386-linux-gnu/libXtst.so.6.1.0
b1b97000-b1b98000 rw-p 00005000 08:02 658659     /usr/lib/i386-linux-gnu/libXtst.so.6.1.0
b1b98000-b1b9c000 r--s 00000000 08:02 1056472    /var/cache/fontconfig/3047814df9a2f067bd2d96a2b9c36e5a-le32d4.cache-3
b1b9c000-b1b9d000 r--s 00000000 08:02 1056477    /var/cache/fontconfig/56cf4f4769d0f4abc89a4895d7bd3ae1-le32d4.cache-3
b1b9d000-b1ba1000 r--s 00000000 08:02 1056487    /var/cache/fontconfig/b47c4e1ecd0709278f4910c18777a504-le32d4.cache-3
b1ba1000-b1ba3000 r--s 00000000 08:02 1048413    /var/cache/fontconfig/e13b20fdb08344e0e664864cc2ede53d-le32d4.cache-3
b1ba3000-b1ba6000 r--s 00000000 08:02 2232972    /home/clovisgakam/.fontconfig/7ef2298fde41cc6eeb7af42e48b7d293-le32d4.cache-3
b1ba6000-b1baa000 rwxp 00000000 00:00 0 
b1bab000-b1bb0000 r--s 00024000 08:02 274388     /tools/eclipses/juno4/plugins/org.eclipse.mylyn.commons.workbench_3.8.3.v20130107-0100.jar
b1bb0000-b1bb2000 r--s 00002000 08:02 2750265    /home/clovisgakam/.m2/repository/org/codehaus/plexus/plexus-compiler-javac/1.8.1/plexus-compiler-javac-1.8.1.jar
b1bb2000-b1bb6000 r--s 00033000 08:02 2749831    /home/clovisgakam/.m2/repository/org/codehaus/plexus/plexus-utils/2.0.5/plexus-utils-2.0.5.jar
b1bb6000-b1bb8000 r--s 00007000 08:02 274490     /tools/eclipses/juno4/plugins/org.eclipse.mylyn.ide.ui_3.8.3.v20130107-0100.jar
b1bb8000-b1bba000 r--s 00002000 08:02 273946     /tools/eclipses/juno4/plugins/org.eclipse.mylyn.commons.notifications.core_1.0.3.v20130107-0100.jar
b1bba000-b1bc0000 r--s 0009f000 08:02 287200     /tools/eclipses/juno4/plugins/org.springframework.ide.eclipse.wizard_3.2.0.201303060654-RELEASE.jar
b1bc0000-b1c16000 r-xp 00000000 08:02 669855     /usr/lib/i386-linux-gnu/nss/libfreebl3.so
b1c16000-b1c17000 r--p 00056000 08:02 669855     /usr/lib/i386-linux-gnu/nss/libfreebl3.so
b1c17000-b1c18000 rw-p 00057000 08:02 669855     /usr/lib/i386-linux-gnu/nss/libfreebl3.so
b1c18000-b1c1c000 rw-p 00000000 00:00 0 
b1c1c000-b1c5b000 r-xp 00000000 08:02 669858     /usr/lib/i386-linux-gnu/nss/libsoftokn3.so
b1c5b000-b1c5c000 r--p 0003f000 08:02 669858     /usr/lib/i386-linux-gnu/nss/libsoftokn3.so
b1c5c000-b1c5d000 rw-p 00040000 08:02 669858     /usr/lib/i386-linux-gnu/nss/libsoftokn3.so
b1c5d000-b1c68000 r--p 00000000 08:02 1730532    /usr/share/icons/Humanity-Dark/icon-theme.cache
b1c68000-b1c6a000 r--s 00000000 08:02 2749968    /home/clovisgakam/.m2/repository/org/codehaus/plexus/plexus-compiler-manager/1.8.1/plexus-compiler-manager-1.8.1.jar
b1c6a000-b1ca4000 r-xp 00000000 08:02 669850     /usr/lib/i386-linux-gnu/libnspr4.so
b1ca4000-b1ca5000 r--p 0003a000 08:02 669850     /usr/lib/i386-linux-gnu/libnspr4.so
b1ca5000-b1ca6000 rw-p 0003b000 08:02 669850     /usr/lib/i386-linux-gnu/libnspr4.so
b1ca6000-b1ca8000 rw-p 00000000 00:00 0 
b1ca8000-b1cab000 r-xp 00000000 08:02 669848     /usr/lib/i386-linux-gnu/libplds4.so
b1cab000-b1cac000 r--p 00002000 08:02 669848     /usr/lib/i386-linux-gnu/libplds4.so
b1cac000-b1cad000 rw-p 00003000 08:02 669848     /usr/lib/i386-linux-gnu/libplds4.so
b1cad000-b1cb1000 r-xp 00000000 08:02 669849     /usr/lib/i386-linux-gnu/libplc4.so
b1cb1000-b1cb2000 r--p 00003000 08:02 669849     /usr/lib/i386-linux-gnu/libplc4.so
b1cb2000-b1cb3000 rw-p 00004000 08:02 669849     /usr/lib/i386-linux-gnu/libplc4.so
b1cb3000-b1cd1000 r-xp 00000000 08:02 669852     /usr/lib/i386-linux-gnu/libnssutil3.so
b1cd1000-b1cd4000 r--p 0001e000 08:02 669852     /usr/lib/i386-linux-gnu/libnssutil3.so
b1cd4000-b1cd5000 rw-p 00021000 08:02 669852     /usr/lib/i386-linux-gnu/libnssutil3.so
b1cd5000-b1cd7000 r--s 00006000 08:02 2618562    /home/clovisgakam/.m2/repository/org/apache/maven/plugins/maven-compiler-plugin/2.3.2/maven-compiler-plugin-2.3.2.jar
b1cd7000-b1cda000 r--s 00018000 08:02 275361     /tools/eclipses/juno4/plugins/org.eclipse.core.commands_3.6.2.v20130123-162658.jar
b1cda000-b1cdb000 r--s 00001000 08:02 2619605    /home/clovisgakam/.m2/repository/org/apache/maven/doxia/doxia-sink-api/1.0-alpha-7/doxia-sink-api-1.0-alpha-7.jar
b1cdb000-b1cdf000 r--s 00026000 08:02 274163     /tools/eclipses/juno4/plugins/org.eclipse.e4.ui.workbench.swt_0.10.3.v20130124-133900.jar
b1cdf000-b1ce7000 r--s 0003a000 08:02 287210     /tools/eclipses/juno4/plugins/org.springframework.transaction_3.1.4.RELEASE.jar
b1ce7000-b1cec000 r-xp 00000000 08:02 659549     /usr/lib/i386-linux-gnu/gdk-pixbuf-2.0/2.10.0/loaders/libpixbufloader-gif.so
b1cec000-b1ced000 r--p 00005000 08:02 659549     /usr/lib/i386-linux-gnu/gdk-pixbuf-2.0/2.10.0/loaders/libpixbufloader-gif.so
b1ced000-b1cee000 rw-p 00006000 08:02 659549     /usr/lib/i386-linux-gnu/gdk-pixbuf-2.0/2.10.0/loaders/libpixbufloader-gif.so
b1cee000-b1cef000 r--p 00000000 00:00 0 
b1cef000-b1cf1000 r--s 00005000 08:02 274399     /tools/eclipses/juno4/plugins/org.eclipse.mylyn.commons.notifications.feed_1.0.3.v20130107-0100.jar
b1cf1000-b1d02000 r-xp 00000000 08:02 1968722    /usr/lib/jvm/java-6-openjdk-i386/jre/lib/i386/libj2pkcs11.so
b1d02000-b1d03000 r--p 00010000 08:02 1968722    /usr/lib/jvm/java-6-openjdk-i386/jre/lib/i386/libj2pkcs11.so
b1d03000-b1d04000 rw-p 00011000 08:02 1968722    /usr/lib/jvm/java-6-openjdk-i386/jre/lib/i386/libj2pkcs11.so
b1d04000-b1d07000 r--s 0001d000 08:02 287211     /tools/eclipses/juno4/plugins/org.springframework.uaa.client_1.0.3.RELEASE.jar
b1d07000-b1d08000 r--s 00004000 08:02 2750188    /home/clovisgakam/.m2/repository/org/codehaus/plexus/plexus-compiler-api/1.8.1/plexus-compiler-api-1.8.1.jar
b1d08000-b1d09000 r--s 00002000 08:02 2619792    /home/clovisgakam/.m2/repository/org/apache/maven/reporting/maven-reporting-api/2.0.6/maven-reporting-api-2.0.6.jar
b1d09000-b1d0b000 r--s 00005000 08:02 2618691    /home/clovisgakam/.m2/repository/org/apache/maven/plugins/maven-resources-plugin/2.5/maven-resources-plugin-2.5.jar
b1d0b000-b1d0d000 r--s 00011000 08:02 275057     /tools/eclipses/juno4/plugins/org.eclipse.datatools.sqltools.debugger.core.ui_1.0.0.v201003161000.jar
b1d0d000-b1d0f000 r--s 00013000 08:02 1857187    /usr/lib/jvm/java-6-openjdk-common/jre/lib/jce.jar
b1d0f000-b1d11000 r-xp 00000000 08:02 275444     /tools/eclipses/juno4/configuration/org.eclipse.osgi/bundles/71/1/.cp/os/linux/x86/libunixfile_1_0_0.so
b1d11000-b1d12000 rw-p 00001000 08:02 275444     /tools/eclipses/juno4/configuration/org.eclipse.osgi/bundles/71/1/.cp/os/linux/x86/libunixfile_1_0_0.so
b1d12000-b1d13000 rw-p 00000000 00:00 0 
b1d13000-b1d15000 r--s 00013000 08:02 1857187    /usr/lib/jvm/java-6-openjdk-common/jre/lib/jce.jar
b1d15000-b1d16000 r-xp 00000000 08:02 654427     /usr/lib/i386-linux-gnu/libgthread-2.0.so.0.3200.3
b1d16000-b1d17000 r--p 00000000 08:02 654427     /usr/lib/i386-linux-gnu/libgthread-2.0.so.0.3200.3
b1d17000-b1d18000 rw-p 00001000 08:02 654427     /usr/lib/i386-linux-gnu/libgthread-2.0.so.0.3200.3
b1d18000-b1d1b000 r-xp 00000000 08:02 275438     /tools/eclipses/juno4/configuration/org.eclipse.osgi/bundles/634/1/.cp/libswt-gtk-4236.so
b1d1b000-b1d1c000 rw-p 00002000 08:02 275438     /tools/eclipses/juno4/configuration/org.eclipse.osgi/bundles/634/1/.cp/libswt-gtk-4236.so
b1d1c000-b1d1d000 rw-p 00000000 00:00 0 
b1d1d000-b1d20000 r--s 0007f000 08:02 1857182    /usr/lib/jvm/java-6-openjdk-common/jre/lib/jsse.jar
b1d21000-b1d24000 r--s 0001a000 08:02 285643     /tools/eclipses/juno4/plugins/org.eclipse.contribution.weaving.jdt_2.2.2.e42x-RELEASE-20130220-1400.jar
b1d24000-b1d26000 r--s 0000f000 08:02 274434     /tools/eclipses/juno4/plugins/org.eclipse.mylyn.tasks.search_3.8.3.v20130107-0100.jar
b1d26000-b1d29000 r--s 0001a000 08:02 274185     /tools/eclipses/juno4/plugins/org.eclipse.equinox.p2.metadata.repository_1.2.100.v20120524-1717.jar
b1d29000-b1d2b000 r--s 00009000 08:02 275242     /tools/eclipses/juno4/plugins/org.eclipse.equinox.p2.ui.sdk_1.0.200.v20120515-1650.jar
b1d2c000-b1d2d000 r--s 00008000 08:02 275049     /tools/eclipses/juno4/plugins/org.eclipse.equinox.p2.extensionlocation_1.2.100.v20110808-1657.jar
b1d2d000-b1d32000 r--s 00028000 08:02 287178     /tools/eclipses/juno4/plugins/org.springframework.ide.eclipse.ui_3.2.0.201303060654-RELEASE.jar
b1d32000-b1d34000 r--s 00026000 08:02 275038     /tools/eclipses/juno4/plugins/org.eclipse.wst.standard.schemas_1.0.501.v201301091615.jar
b1d34000-b1d35000 r--s 00008000 08:02 273913     /tools/eclipses/juno4/plugins/org.eclipse.equinox.p2.discovery_1.0.200.v20120913-155635.jar
b1d35000-b1d37000 r--s 00006000 08:02 274468     /tools/eclipses/juno4/plugins/org.eclipse.mylyn.tasks.index.core_3.8.3.v20130107-0100.jar
b1d37000-b1d3a000 r--s 00011000 08:02 274076     /tools/eclipses/juno4/plugins/org.eclipse.wst.web.ui_1.1.600.v201109220400.jar
b1d3a000-b1d3b000 r--s 00004000 08:02 287136     /tools/eclipses/juno4/plugins/org.springframework.ide.eclipse.mylyn_3.2.0.201303060654-RELEASE.jar
b1d3b000-b1d3d000 r--s 00006000 08:02 275213     /tools/eclipses/juno4/plugins/org.eclipse.mylyn.tasks.index.ui_3.8.3.v20130107-0100.jar
b1d3d000-b1d3f000 r--s 00051000 08:02 274352     /tools/eclipses/juno4/plugins/org.eclipse.jst.standard.schemas_1.2.1.v201302050732.jar
b1d3f000-b1d42000 r--s 0002a000 08:02 274455     /tools/eclipses/juno4/plugins/org.eclipse.equinox.registry_3.5.200.v20120522-1841.jar
b1d42000-b1d43000 r--s 00000000 08:02 1056488    /var/cache/fontconfig/b9d506c9ac06c20b433354fa67a72993-le32d4.cache-3
b1d43000-b1d46000 r--s 0000e000 08:02 273899     /tools/eclipses/juno4/plugins/org.eclipse.ui.ide.application_1.0.400.v20120523-1955.jar
b1d46000-b1d48000 r--s 00012000 08:02 274298     /tools/eclipses/juno4/plugins/org.eclipse.mylyn.commons.net_3.8.3.v20130107-0100.jar
b1d48000-b1d4b000 ---p 00000000 00:00 0 
b1d4b000-b1d99000 rw-p 00000000 00:00 0 
b1d99000-b1d9c000 ---p 00000000 00:00 0 
b1d9c000-b1dea000 rw-p 00000000 00:00 0 
b1dea000-b1df2000 r-xp 00000000 08:02 1968704    /usr/lib/jvm/java-6-openjdk-i386/jre/lib/i386/libnio.so
b1df2000-b1df3000 r--p 00007000 08:02 1968704    /usr/lib/jvm/java-6-openjdk-i386/jre/lib/i386/libnio.so
b1df3000-b1df4000 rw-p 00008000 08:02 1968704    /usr/lib/jvm/java-6-openjdk-i386/jre/lib/i386/libnio.so
b1df4000-b1e09000 r-xp 00000000 08:02 1968715    /usr/lib/jvm/java-6-openjdk-i386/jre/lib/i386/libnet.so
b1e09000-b1e0a000 r--p 00014000 08:02 1968715    /usr/lib/jvm/java-6-openjdk-i386/jre/lib/i386/libnet.so
b1e0a000-b1e0b000 rw-p 00015000 08:02 1968715    /usr/lib/jvm/java-6-openjdk-i386/jre/lib/i386/libnet.so
b1e0b000-b1e0c000 ---p 00000000 00:00 0 
b1e0c000-b1e8c000 rw-p 00000000 00:00 0 
b1e8c000-b1e8f000 ---p 00000000 00:00 0 
b1e8f000-b1edd000 rw-p 00000000 00:00 0 
b1edd000-b1ee0000 ---p 00000000 00:00 0 
b1ee0000-b1f5e000 rw-p 00000000 00:00 0 
b1f5e000-b1f61000 ---p 00000000 00:00 0 
b1f61000-b1faf000 rw-p 00000000 00:00 0 
b1faf000-b1fb2000 ---p 00000000 00:00 0 
b1fb2000-b2000000 rw-p 00000000 00:00 0 
b2000000-b2100000 rw-p 00000000 00:00 0 
b2100000-b2102000 r--s 00002000 08:02 274363     /tools/eclipses/juno4/plugins/org.eclipse.core.runtime.compatibility.registry_3.5.101.v20130108-163257/runtime_registry_compatibility.jar
b2102000-b2108000 r--s 000fc000 08:02 1857204    /usr/lib/jvm/java-6-openjdk-common/jre/lib/resources.jar
b2108000-b211c000 r--s 00142000 08:02 274184     /tools/eclipses/juno4/plugins/org.eclipse.osgi_3.8.2.v20130124-134944.jar
b211c000-b211e000 r--s 00008000 08:02 285680     /tools/eclipses/juno4/plugins/org.eclipse.equinox.weaving.hook_1.0.200.I20130127-2000.jar
b211e000-b2121000 r--s 0007f000 08:02 1857182    /usr/lib/jvm/java-6-openjdk-common/jre/lib/jsse.jar
b2121000-b2124000 r--s 00031000 08:02 1857199    /usr/lib/jvm/java-6-openjdk-common/jre/lib/ext/sunjce_provider.jar
b2124000-b2128000 r--s 00039000 08:02 1857201    /usr/lib/jvm/java-6-openjdk-common/jre/lib/ext/sunpkcs11.jar
b2128000-b212b000 ---p 00000000 00:00 0 
b212b000-b2179000 rw-p 00000000 00:00 0 
b2179000-b217a000 ---p 00000000 00:00 0 
b217a000-b222d000 rw-p 00000000 00:00 0 
b222d000-b23bf000 r--s 037d5000 08:02 1857209    /usr/lib/jvm/java-6-openjdk-i386/jre/lib/rt.jar
b23bf000-b2405000 rw-p 00000000 00:00 0 
b2405000-b244d000 rw-p 00000000 00:00 0 
b244d000-b24f8000 rw-p 00000000 00:00 0 
b24f8000-b254d000 rw-p 00000000 00:00 0 
b254d000-b25f8000 rw-p 00000000 00:00 0 
b25f8000-b2631000 rw-p 00000000 00:00 0 
b2631000-b2678000 rw-p 00000000 00:00 0 
b2678000-b26fc000 rw-p 00000000 00:00 0 
b26fc000-b2704000 rw-p 00000000 00:00 0 
b2704000-b4504000 rwxp 00000000 00:00 0 
b4504000-b4704000 rw-p 00000000 00:00 0 
b4704000-b470b000 r-xp 00000000 08:02 1968702    /usr/lib/jvm/java-6-openjdk-i386/jre/lib/i386/libzip.so
b470b000-b470c000 r--p 00006000 08:02 1968702    /usr/lib/jvm/java-6-openjdk-i386/jre/lib/i386/libzip.so
b470c000-b470d000 rw-p 00007000 08:02 1968702    /usr/lib/jvm/java-6-openjdk-i386/jre/lib/i386/libzip.so
b470d000-b4733000 r-xp 00000000 08:02 1968701    /usr/lib/jvm/java-6-openjdk-i386/jre/lib/i386/libjava.so
b4733000-b4734000 r--p 00025000 08:02 1968701    /usr/lib/jvm/java-6-openjdk-i386/jre/lib/i386/libjava.so
b4734000-b4736000 rw-p 00026000 08:02 1968701    /usr/lib/jvm/java-6-openjdk-i386/jre/lib/i386/libjava.so
b4736000-b4752000 r-xp 00000000 08:02 1178292    /lib/i386-linux-gnu/libgcc_s.so.1
b4752000-b4753000 r--p 0001b000 08:02 1178292    /lib/i386-linux-gnu/libgcc_s.so.1
b4753000-b4754000 rw-p 0001c000 08:02 1178292    /lib/i386-linux-gnu/libgcc_s.so.1
b4754000-b482c000 r-xp 00000000 08:02 659149     /usr/lib/i386-linux-gnu/libstdc++.so.6.0.16
b482c000-b482d000 ---p 000d8000 08:02 659149     /usr/lib/i386-linux-gnu/libstdc++.so.6.0.16
b482d000-b4831000 r--p 000d8000 08:02 659149     /usr/lib/i386-linux-gnu/libstdc++.so.6.0.16
b4831000-b4832000 rw-p 000dc000 08:02 659149     /usr/lib/i386-linux-gnu/libstdc++.so.6.0.16
b4832000-b4839000 rw-p 00000000 00:00 0 
b4839000-b483b000 r--s 0000b000 08:02 274338     /tools/eclipses/juno4/plugins/org.eclipse.equinox.launcher_1.3.0.v20120522-1813.jar
b483b000-b483d000 r--s 0000f000 08:02 1857200    /usr/lib/jvm/java-6-openjdk-common/jre/lib/ext/pulse-java.jar
b483d000-b4848000 r-xp 00000000 08:02 1968731    /usr/lib/jvm/java-6-openjdk-i386/jre/lib/i386/libverify.so
b4848000-b4849000 ---p 0000b000 08:02 1968731    /usr/lib/jvm/java-6-openjdk-i386/jre/lib/i386/libverify.so
b4849000-b484a000 r--p 0000b000 08:02 1968731    /usr/lib/jvm/java-6-openjdk-i386/jre/lib/i386/libverify.so
b484a000-b484b000 rw-p 0000c000 08:02 1968731    /usr/lib/jvm/java-6-openjdk-i386/jre/lib/i386/libverify.so
b484b000-b4d5f000 r-xp 00000000 08:02 1968708    /usr/lib/jvm/java-6-openjdk-i386/jre/lib/i386/client/libjvm.so
b4d5f000-b4d60000 ---p 00514000 08:02 1968708    /usr/lib/jvm/java-6-openjdk-i386/jre/lib/i386/client/libjvm.so
b4d60000-b4d77000 r--p 00514000 08:02 1968708    /usr/lib/jvm/java-6-openjdk-i386/jre/lib/i386/client/libjvm.so
b4d77000-b4d84000 rw-p 0052b000 08:02 1968708    /usr/lib/jvm/java-6-openjdk-i386/jre/lib/i386/client/libjvm.so
b4d84000-b5200000 rw-p 00000000 00:00 0 
b5200000-b52fc000 rw-p 00000000 00:00 0 
b52fc000-b5300000 ---p 00000000 00:00 0 
b5300000-b5360000 rw-s 00000000 00:04 940638211  /SYSV00000000 (deleted)
b5360000-b537c000 r--s 00000000 08:02 926681     /usr/share/mime/mime.cache
b537c000-b5382000 r-xp 00000000 08:02 659032     /usr/lib/i386-linux-gnu/libogg.so.0.7.1
b5382000-b5383000 r--p 00005000 08:02 659032     /usr/lib/i386-linux-gnu/libogg.so.0.7.1
b5383000-b5384000 rw-p 00006000 08:02 659032     /usr/lib/i386-linux-gnu/libogg.so.0.7.1
b5384000-b53ad000 r-xp 00000000 08:02 659190     /usr/lib/i386-linux-gnu/libvorbis.so.0.4.5
b53ad000-b53ae000 r--p 00028000 08:02 659190     /usr/lib/i386-linux-gnu/libvorbis.so.0.4.5
b53ae000-b53af000 rw-p 00029000 08:02 659190     /usr/lib/i386-linux-gnu/libvorbis.so.0.4.5
b53af000-b53b7000 r-xp 00000000 08:02 658989     /usr/lib/i386-linux-gnu/libltdl.so.7.3.0
b53b7000-b53b8000 r--p 00008000 08:02 658989     /usr/lib/i386-linux-gnu/libltdl.so.7.3.0
b53b8000-b53b9000 rw-p 00009000 08:02 658989     /usr/lib/i386-linux-gnu/libltdl.so.7.3.0
b53b9000-b53ca000 r-xp 00000000 08:02 659157     /usr/lib/i386-linux-gnu/libtdb.so.1.2.9
b53ca000-b53cb000 r--p 00010000 08:02 659157     /usr/lib/i386-linux-gnu/libtdb.so.1.2.9
b53cb000-b53cc000 rw-p 00011000 08:02 659157     /usr/lib/i386-linux-gnu/libtdb.so.1.2.9
b53cc000-b53d4000 r-xp 00000000 08:02 659194     /usr/lib/i386-linux-gnu/libvorbisfile.so.3.3.4
b53d4000-b53d5000 r--p 00007000 08:02 659194     /usr/lib/i386-linux-gnu/libvorbisfile.so.3.3.4
b53d5000-b53d6000 rw-p 00008000 08:02 659194     /usr/lib/i386-linux-gnu/libvorbisfile.so.3.3.4
b53d6000-b53e5000 r-xp 00000000 08:02 658727     /usr/lib/i386-linux-gnu/libcanberra.so.0.2.5
b53e5000-b53e6000 r--p 0000e000 08:02 658727     /usr/lib/i386-linux-gnu/libcanberra.so.0.2.5
b53e6000-b53e7000 rw-p 0000f000 08:02 658727     /usr/lib/i386-linux-gnu/libcanberra.so.0.2.5
b53e7000-b53eb000 r-xp 00000000 08:02 658723     /usr/lib/i386-linux-gnu/libcanberra-gtk.so.0.1.8
b53eb000-b53ec000 r--p 00003000 08:02 658723     /usr/lib/i386-linux-gnu/libcanberra-gtk.so.0.1.8
b53ec000-b53ed000 rw-p 00004000 08:02 658723     /usr/lib/i386-linux-gnu/libcanberra-gtk.so.0.1.8
b53ed000-b53ee000 r--s 00004000 08:02 275244     /tools/eclipses/juno4/plugins/org.eclipse.swt_3.100.1.v4236b.jar
b53ee000-b53ef000 r--s 00007000 08:02 927915     /usr/share/java/java-atk-wrapper.jar
b53ef000-b53f2000 r--s 00077000 08:02 1857203    /usr/lib/jvm/java-6-openjdk-common/jre/lib/ext/localedata.jar
b53f2000-b53fa000 rw-s 00000000 08:02 2753846    /tmp/hsperfdata_clovisgakam/22320
b53fa000-b53fd000 r-xp 00000000 08:02 659548     /usr/lib/i386-linux-gnu/gdk-pixbuf-2.0/2.10.0/loaders/libpixbufloader-bmp.so
b53fd000-b53fe000 r--p 00002000 08:02 659548     /usr/lib/i386-linux-gnu/gdk-pixbuf-2.0/2.10.0/loaders/libpixbufloader-bmp.so
b53fe000-b53ff000 rw-p 00003000 08:02 659548     /usr/lib/i386-linux-gnu/gdk-pixbuf-2.0/2.10.0/loaders/libpixbufloader-bmp.so
b53ff000-b5400000 ---p 00000000 00:00 0 
b5400000-b5c00000 rw-p 00000000 00:00 0 
b5c00000-b5cff000 rw-p 00000000 00:00 0 
b5cff000-b5d00000 ---p 00000000 00:00 0 
b5d00000-b5d02000 r--s 00001000 08:02 1857202    /usr/lib/jvm/java-6-openjdk-common/jre/lib/ext/dnsns.jar
b5d02000-b5d03000 rw-p 00000000 00:00 0 
b5d03000-b5d04000 ---p 00000000 00:00 0 
b5d04000-b5d09000 r-xp 00000000 08:02 659725     /usr/lib/i386-linux-gnu/gtk-2.0/modules/libcanberra-gtk-module.so
b5d09000-b5d0a000 r--p 00004000 08:02 659725     /usr/lib/i386-linux-gnu/gtk-2.0/modules/libcanberra-gtk-module.so
b5d0a000-b5d0b000 rw-p 00005000 08:02 659725     /usr/lib/i386-linux-gnu/gtk-2.0/modules/libcanberra-gtk-module.so
b5d0b000-b5d40000 r-xp 00000000 08:02 659704     /usr/lib/i386-linux-gnu/gtk-2.0/2.10.0/engines/libmurrine.so
b5d40000-b5d41000 r--p 00034000 08:02 659704     /usr/lib/i386-linux-gnu/gtk-2.0/2.10.0/engines/libmurrine.so
b5d41000-b5d42000 rw-p 00035000 08:02 659704     /usr/lib/i386-linux-gnu/gtk-2.0/2.10.0/engines/libmurrine.so
b5d42000-b5d43000 ---p 00000000 00:00 0 
b5d43000-b6543000 rw-p 00000000 00:00 0 
b6543000-b654a000 r-xp 00000000 08:02 659567     /usr/lib/i386-linux-gnu/gio/modules/libdconfsettings.so
b654a000-b654b000 r--p 00006000 08:02 659567     /usr/lib/i386-linux-gnu/gio/modules/libdconfsettings.so
b654b000-b654c000 rw-p 00007000 08:02 659567     /usr/lib/i386-linux-gnu/gio/modules/libdconfsettings.so
b654c000-b6570000 r--p 00000000 08:02 927946     /usr/share/glib-2.0/schemas/gschemas.compiled
b6570000-b657b000 r-xp 00000000 08:02 1178322    /lib/i386-linux-gnu/libnss_files-2.15.so
b657b000-b657c000 r--p 0000a000 08:02 1178322    /lib/i386-linux-gnu/libnss_files-2.15.so
b657c000-b657d000 rw-p 0000b000 08:02 1178322    /lib/i386-linux-gnu/libnss_files-2.15.so
b657d000-b6587000 r-xp 00000000 08:02 1178326    /lib/i386-linux-gnu/libnss_nis-2.15.so
b6587000-b6588000 r--p 00009000 08:02 1178326    /lib/i386-linux-gnu/libnss_nis-2.15.so
b6588000-b6589000 rw-p 0000a000 08:02 1178326    /lib/i386-linux-gnu/libnss_nis-2.15.so
b6589000-b659f000 r-xp 00000000 08:02 1178316    /lib/i386-linux-gnu/libnsl-2.15.so
b659f000-b65a0000 r--p 00015000 08:02 1178316    /lib/i386-linux-gnu/libnsl-2.15.so
b65a0000-b65a1000 rw-p 00016000 08:02 1178316    /lib/i386-linux-gnu/libnsl-2.15.so
b65a1000-b65a3000 rw-p 00000000 00:00 0 
b65a3000-b65aa000 r-xp 00000000 08:02 1178318    /lib/i386-linux-gnu/libnss_compat-2.15.so
b65aa000-b65ab000 r--p 00006000 08:02 1178318    /lib/i386-linux-gnu/libnss_compat-2.15.so
b65ab000-b65ac000 rw-p 00007000 08:02 1178318    /lib/i386-linux-gnu/libnss_compat-2.15.so
b65ac000-b65c9000 r-xp 00000000 08:02 658681     /usr/lib/i386-linux-gnu/libatk-1.0.so.0.20409.1
b65c9000-b65cb000 r--p 0001c000 08:02 658681     /usr/lib/i386-linux-gnu/libatk-1.0.so.0.20409.1
b65cb000-b65cc000 rw-p 0001e000 08:02 658681     /usr/lib/i386-linux-gnu/libatk-1.0.so.0.20409.1
b65cc000-b6a2c000 r-xp 00000000 08:02 658927     /usr/lib/i386-linux-gnu/libgtk-x11-2.0.so.0.2400.10
b6a2c000-b6a30000 r--p 00460000 08:02 658927     /usr/lib/i386-linux-gnu/libgtk-x11-2.0.so.0.2400.10
b6a30000-b6a32000 rw-p 00464000 08:02 658927     /usr/lib/i386-linux-gnu/libgtk-x11-2.0.so.0.2400.10
b6a32000-b6a34000 rw-p 00000000 00:00 0 
b6a34000-b6a39000 r-xp 00000000 08:02 658633     /usr/lib/i386-linux-gnu/libXdmcp.so.6.0.0
b6a39000-b6a3a000 r--p 00004000 08:02 658633     /usr/lib/i386-linux-gnu/libXdmcp.so.6.0.0
b6a3a000-b6a3b000 rw-p 00005000 08:02 658633     /usr/lib/i386-linux-gnu/libXdmcp.so.6.0.0
b6a3b000-b6a3d000 r-xp 00000000 08:02 658622     /usr/lib/i386-linux-gnu/libXau.so.6.0.0
b6a3d000-b6a3e000 r--p 00001000 08:02 658622     /usr/lib/i386-linux-gnu/libXau.so.6.0.0
b6a3e000-b6a3f000 rw-p 00002000 08:02 658622     /usr/lib/i386-linux-gnu/libXau.so.6.0.0
b6a3f000-b6a5e000 r-xp 00000000 08:02 670630     /usr/lib/i386-linux-gnu/libxcb.so.1.1.0
b6a5e000-b6a5f000 r--p 0001f000 08:02 670630     /usr/lib/i386-linux-gnu/libxcb.so.1.1.0
b6a5f000-b6a60000 rw-p 00020000 08:02 670630     /usr/lib/i386-linux-gnu/libxcb.so.1.1.0
b6a60000-b6a68000 r-xp 00000000 08:02 659213     /usr/lib/i386-linux-gnu/libxcb-render.so.0.0.0
b6a68000-b6a69000 r--p 00008000 08:02 659213     /usr/lib/i386-linux-gnu/libxcb-render.so.0.0.0
b6a69000-b6a6a000 rw-p 00009000 08:02 659213     /usr/lib/i386-linux-gnu/libxcb-render.so.0.0.0
b6a6a000-b6a6c000 r-xp 00000000 08:02 659217     /usr/lib/i386-linux-gnu/libxcb-shm.so.0.0.0
b6a6c000-b6a6d000 r--p 00001000 08:02 659217     /usr/lib/i386-linux-gnu/libxcb-shm.so.0.0.0
b6a6d000-b6a6e000 rw-p 00002000 08:02 659217     /usr/lib/i386-linux-gnu/libxcb-shm.so.0.0.0
b6a6e000-b6a96000 r-xp 00000000 08:02 1178348    /lib/i386-linux-gnu/libpng12.so.0.46.0
b6a96000-b6a97000 r--p 00027000 08:02 1178348    /lib/i386-linux-gnu/libpng12.so.0.46.0
b6a97000-b6a98000 rw-p 00028000 08:02 1178348    /lib/i386-linux-gnu/libpng12.so.0.46.0
b6a98000-b6b2b000 r-xp 00000000 08:02 659064     /usr/lib/i386-linux-gnu/libpixman-1.so.0.24.4
b6b2b000-b6b2f000 r--p 00092000 08:02 659064     /usr/lib/i386-linux-gnu/libpixman-1.so.0.24.4
b6b2f000-b6b30000 rw-p 00096000 08:02 659064     /usr/lib/i386-linux-gnu/libpixman-1.so.0.24.4
b6b30000-b6b56000 r-xp 00000000 08:02 1178289    /lib/i386-linux-gnu/libexpat.so.1.5.2
b6b56000-b6b57000 ---p 00026000 08:02 1178289    /lib/i386-linux-gnu/libexpat.so.1.5.2
b6b57000-b6b59000 r--p 00026000 08:02 1178289    /lib/i386-linux-gnu/libexpat.so.1.5.2
b6b59000-b6b5a000 rw-p 00028000 08:02 1178289    /lib/i386-linux-gnu/libexpat.so.1.5.2
b6b5a000-b6b6d000 r-xp 00000000 08:02 1178355    /lib/i386-linux-gnu/libresolv-2.15.so
b6b6d000-b6b6e000 ---p 00013000 08:02 1178355    /lib/i386-linux-gnu/libresolv-2.15.so
b6b6e000-b6b6f000 r--p 00013000 08:02 1178355    /lib/i386-linux-gnu/libresolv-2.15.so
b6b6f000-b6b70000 rw-p 00014000 08:02 1178355    /lib/i386-linux-gnu/libresolv-2.15.so
b6b70000-b6b72000 rw-p 00000000 00:00 0 
b6b72000-b6b8f000 r-xp 00000000 08:02 1178359    /lib/i386-linux-gnu/libselinux.so.1
b6b8f000-b6b90000 r--p 0001c000 08:02 1178359    /lib/i386-linux-gnu/libselinux.so.1
b6b90000-b6b91000 rw-p 0001d000 08:02 1178359    /lib/i386-linux-gnu/libselinux.so.1
b6b91000-b6ba5000 r-xp 00000000 08:02 1178382    /lib/i386-linux-gnu/libz.so.1.2.3.4
b6ba5000-b6ba6000 r--p 00013000 08:02 1178382    /lib/i386-linux-gnu/libz.so.1.2.3.4
b6ba6000-b6ba7000 rw-p 00014000 08:02 1178382    /lib/i386-linux-gnu/libz.so.1.2.3.4
b6ba7000-b6baa000 r-xp 00000000 08:02 654514     /usr/lib/i386-linux-gnu/libgmodule-2.0.so.0.3200.3
b6baa000-b6bab000 r--p 00002000 08:02 654514     /usr/lib/i386-linux-gnu/libgmodule-2.0.so.0.3200.3
b6bab000-b6bac000 rw-p 00003000 08:02 654514     /usr/lib/i386-linux-gnu/libgmodule-2.0.so.0.3200.3
b6bac000-b6c41000 r-xp 00000000 08:02 658815     /usr/lib/i386-linux-gnu/libfreetype.so.6.8.0
b6c41000-b6c45000 r--p 00094000 08:02 658815     /usr/lib/i386-linux-gnu/libfreetype.so.6.8.0
b6c45000-b6c46000 rw-p 00098000 08:02 658815     /usr/lib/i386-linux-gnu/libfreetype.so.6.8.0
b6c46000-b6c70000 r-xp 00000000 08:02 659048     /usr/lib/i386-linux-gnu/libpangoft2-1.0.so.0.3000.0
b6c70000-b6c71000 r--p 00029000 08:02 659048     /usr/lib/i386-linux-gnu/libpangoft2-1.0.so.0.3000.0
b6c71000-b6c72000 rw-p 0002a000 08:02 659048     /usr/lib/i386-linux-gnu/libpangoft2-1.0.so.0.3000.0
b6c72000-b6c9c000 r-xp 00000000 08:02 1178303    /lib/i386-linux-gnu/libm-2.15.so
b6c9c000-b6c9d000 r--p 00029000 08:02 1178303    /lib/i386-linux-gnu/libm-2.15.so
b6c9d000-b6c9e000 rw-p 0002a000 08:02 1178303    /lib/i386-linux-gnu/libm-2.15.so
b6c9e000-b6dce000 r-xp 00000000 08:02 658620     /usr/lib/i386-linux-gnu/libX11.so.6.3.0
b6dce000-b6dcf000 r--p 0012f000 08:02 658620     /usr/lib/i386-linux-gnu/libX11.so.6.3.0
b6dcf000-b6dd1000 rw-p 00130000 08:02 658620     /usr/lib/i386-linux-gnu/libX11.so.6.3.0
b6dd1000-b6dd2000 rw-p 00000000 00:00 0 
b6dd2000-b6e99000 r-xp 00000000 08:02 658719     /usr/lib/i386-linux-gnu/libcairo.so.2.11000.2
b6e99000-b6e9a000 r--p 000c7000 08:02 658719     /usr/lib/i386-linux-gnu/libcairo.so.2.11000.2
b6e9a000-b6e9b000 rw-p 000c8000 08:02 658719     /usr/lib/i386-linux-gnu/libcairo.so.2.11000.2
b6e9b000-b6e9d000 rw-p 00000000 00:00 0 
b6e9d000-b6ea1000 r-xp 00000000 08:02 658637     /usr/lib/i386-linux-gnu/libXfixes.so.3.1.0
b6ea1000-b6ea2000 r--p 00004000 08:02 658637     /usr/lib/i386-linux-gnu/libXfixes.so.3.1.0
b6ea2000-b6ea3000 rw-p 00005000 08:02 658637     /usr/lib/i386-linux-gnu/libXfixes.so.3.1.0
b6ea3000-b6ea5000 r-xp 00000000 08:02 658631     /usr/lib/i386-linux-gnu/libXdamage.so.1.1.0
b6ea5000-b6ea6000 r--p 00001000 08:02 658631     /usr/lib/i386-linux-gnu/libXdamage.so.1.1.0
b6ea6000-b6ea7000 rw-p 00002000 08:02 658631     /usr/lib/i386-linux-gnu/libXdamage.so.1.1.0
b6ea7000-b6ea9000 r-xp 00000000 08:02 658627     /usr/lib/i386-linux-gnu/libXcomposite.so.1.0.0
b6ea9000-b6eaa000 r--p 00001000 08:02 658627     /usr/lib/i386-linux-gnu/libXcomposite.so.1.0.0
b6eaa000-b6eab000 rw-p 00002000 08:02 658627     /usr/lib/i386-linux-gnu/libXcomposite.so.1.0.0
b6eab000-b6eb4000 r-xp 00000000 08:02 658629     /usr/lib/i386-linux-gnu/libXcursor.so.1.0.2
b6eb4000-b6eb5000 r--p 00008000 08:02 658629     /usr/lib/i386-linux-gnu/libXcursor.so.1.0.2
b6eb5000-b6eb6000 rw-p 00009000 08:02 658629     /usr/lib/i386-linux-gnu/libXcursor.so.1.0.2
b6eb6000-b6ebd000 r-xp 00000000 08:02 658653     /usr/lib/i386-linux-gnu/libXrandr.so.2.2.0
b6ebd000-b6ebe000 r--p 00006000 08:02 658653     /usr/lib/i386-linux-gnu/libXrandr.so.2.2.0
b6ebe000-b6ebf000 rw-p 00007000 08:02 658653     /usr/lib/i386-linux-gnu/libXrandr.so.2.2.0
b6ebf000-b6ecd000 r-xp 00000000 08:02 658641     /usr/lib/i386-linux-gnu/libXi.so.6.1.0
b6ecd000-b6ece000 r--p 0000d000 08:02 658641     /usr/lib/i386-linux-gnu/libXi.so.6.1.0
b6ece000-b6ecf000 rw-p 0000e000 08:02 658641     /usr/lib/i386-linux-gnu/libXi.so.6.1.0
b6ecf000-b6ed1000 r-xp 00000000 08:02 658643     /usr/lib/i386-linux-gnu/libXinerama.so.1.0.0
b6ed1000-b6ed2000 r--p 00001000 08:02 658643     /usr/lib/i386-linux-gnu/libXinerama.so.1.0.0
b6ed2000-b6ed3000 rw-p 00002000 08:02 658643     /usr/lib/i386-linux-gnu/libXinerama.so.1.0.0
b6ed3000-b6edb000 r-xp 00000000 08:02 658655     /usr/lib/i386-linux-gnu/libXrender.so.1.3.0
b6edb000-b6edc000 r--p 00007000 08:02 658655     /usr/lib/i386-linux-gnu/libXrender.so.1.3.0
b6edc000-b6edd000 rw-p 00008000 08:02 658655     /usr/lib/i386-linux-gnu/libXrender.so.1.3.0
b6edd000-b6eed000 r-xp 00000000 08:02 658635     /usr/lib/i386-linux-gnu/libXext.so.6.4.0
b6eed000-b6eee000 r--p 0000f000 08:02 658635     /usr/lib/i386-linux-gnu/libXext.so.6.4.0
b6eee000-b6eef000 rw-p 00010000 08:02 658635     /usr/lib/i386-linux-gnu/libXext.so.6.4.0
b6eef000-b6f21000 r-xp 00000000 08:02 658809     /usr/lib/i386-linux-gnu/libfontconfig.so.1.4.4
b6f21000-b6f22000 r--p 00032000 08:02 658809     /usr/lib/i386-linux-gnu/libfontconfig.so.1.4.4
b6f22000-b6f23000 rw-p 00033000 08:02 658809     /usr/lib/i386-linux-gnu/libfontconfig.so.1.4.4
b6f23000-b7076000 r-xp 00000000 08:02 654489     /usr/lib/i386-linux-gnu/libgio-2.0.so.0.3200.3
b7076000-b7078000 r--p 00153000 08:02 654489     /usr/lib/i386-linux-gnu/libgio-2.0.so.0.3200.3
b7078000-b7079000 rw-p 00155000 08:02 654489     /usr/lib/i386-linux-gnu/libgio-2.0.so.0.3200.3
b7079000-b707a000 rw-p 00000000 00:00 0 
b707a000-b7099000 r-xp 00000000 08:02 658834     /usr/lib/i386-linux-gnu/libgdk_pixbuf-2.0.so.0.2600.1
b7099000-b709a000 r--p 0001e000 08:02 658834     /usr/lib/i386-linux-gnu/libgdk_pixbuf-2.0.so.0.2600.1
b709a000-b709b000 rw-p 0001f000 08:02 658834     /usr/lib/i386-linux-gnu/libgdk_pixbuf-2.0.so.0.2600.1
b709b000-b70e2000 r-xp 00000000 08:02 659044     /usr/lib/i386-linux-gnu/libpango-1.0.so.0.3000.0
b70e2000-b70e3000 ---p 00047000 08:02 659044     /usr/lib/i386-linux-gnu/libpango-1.0.so.0.3000.0
b70e3000-b70e4000 r--p 00047000 08:02 659044     /usr/lib/i386-linux-gnu/libpango-1.0.so.0.3000.0
b70e4000-b70e5000 rw-p 00048000 08:02 659044     /usr/lib/i386-linux-gnu/libpango-1.0.so.0.3000.0
b70e5000-b70f0000 r-xp 00000000 08:02 659046     /usr/lib/i386-linux-gnu/libpangocairo-1.0.so.0.3000.0
b70f0000-b70f1000 r--p 0000a000 08:02 659046     /usr/lib/i386-linux-gnu/libpangocairo-1.0.so.0.3000.0
b70f1000-b70f2000 rw-p 0000b000 08:02 659046     /usr/lib/i386-linux-gnu/libpangocairo-1.0.so.0.3000.0
b70f2000-b719d000 r-xp 00000000 08:02 658832     /usr/lib/i386-linux-gnu/libgdk-x11-2.0.so.0.2400.10
b719d000-b719e000 ---p 000ab000 08:02 658832     /usr/lib/i386-linux-gnu/libgdk-x11-2.0.so.0.2400.10
b719e000-b71a0000 r--p 000ab000 08:02 658832     /usr/lib/i386-linux-gnu/libgdk-x11-2.0.so.0.2400.10
b71a0000-b71a1000 rw-p 000ad000 08:02 658832     /usr/lib/i386-linux-gnu/libgdk-x11-2.0.so.0.2400.10
b71a1000-b71a8000 r-xp 00000000 08:02 1178357    /lib/i386-linux-gnu/librt-2.15.so
b71a8000-b71a9000 r--p 00006000 08:02 1178357    /lib/i386-linux-gnu/librt-2.15.so
b71a9000-b71aa000 rw-p 00007000 08:02 1178357    /lib/i386-linux-gnu/librt-2.15.so
b71aa000-b71e4000 r-xp 00000000 08:02 1178344    /lib/i386-linux-gnu/libpcre.so.3.12.1
b71e4000-b71e5000 r--p 00039000 08:02 1178344    /lib/i386-linux-gnu/libpcre.so.3.12.1
b71e5000-b71e6000 rw-p 0003a000 08:02 1178344    /lib/i386-linux-gnu/libpcre.so.3.12.1
b71e6000-b71eb000 r-xp 00000000 08:02 658807     /usr/lib/i386-linux-gnu/libffi.so.6.0.0
b71eb000-b71ec000 r--p 00004000 08:02 658807     /usr/lib/i386-linux-gnu/libffi.so.6.0.0
b71ec000-b71ed000 rw-p 00005000 08:02 658807     /usr/lib/i386-linux-gnu/libffi.so.6.0.0
b71ed000-b72e4000 r-xp 00000000 08:02 1193457    /lib/i386-linux-gnu/libglib-2.0.so.0.3200.3
b72e4000-b72e5000 r--p 000f6000 08:02 1193457    /lib/i386-linux-gnu/libglib-2.0.so.0.3200.3
b72e5000-b72e6000 rw-p 000f7000 08:02 1193457    /lib/i386-linux-gnu/libglib-2.0.so.0.3200.3
b72e6000-b7333000 r-xp 00000000 08:02 668428     /usr/lib/i386-linux-gnu/libgobject-2.0.so.0.3200.3
b7333000-b7334000 r--p 0004c000 08:02 668428     /usr/lib/i386-linux-gnu/libgobject-2.0.so.0.3200.3
b7334000-b7335000 rw-p 0004d000 08:02 668428     /usr/lib/i386-linux-gnu/libgobject-2.0.so.0.3200.3
b7335000-b7345000 r-xp 00000000 08:02 657153     /usr/lib/liboverlay-scrollbar-0.2.so.0.0.16
b7345000-b7346000 r--p 0000f000 08:02 657153     /usr/lib/liboverlay-scrollbar-0.2.so.0.0.16
b7346000-b7347000 rw-p 00010000 08:02 657153     /usr/lib/liboverlay-scrollbar-0.2.so.0.0.16
b7347000-b7547000 r--p 00000000 08:02 661745     /usr/lib/locale/locale-archive
b7547000-b7548000 rw-p 00000000 00:00 0 
b7548000-b76e7000 r-xp 00000000 08:02 1178271    /lib/i386-linux-gnu/libc-2.15.so
b76e7000-b76e9000 r--p 0019f000 08:02 1178271    /lib/i386-linux-gnu/libc-2.15.so
b76e9000-b76ea000 rw-p 001a1000 08:02 1178271    /lib/i386-linux-gnu/libc-2.15.so
b76ea000-b76ee000 rw-p 00000000 00:00 0 
b76ee000-b76f1000 r-xp 00000000 08:02 1178284    /lib/i386-linux-gnu/libdl-2.15.so
b76f1000-b76f2000 r--p 00002000 08:02 1178284    /lib/i386-linux-gnu/libdl-2.15.so
b76f2000-b76f3000 rw-p 00003000 08:02 1178284    /lib/i386-linux-gnu/libdl-2.15.so
b76f3000-b770a000 r-xp 00000000 08:02 1178351    /lib/i386-linux-gnu/libpthread-2.15.so
b770a000-b770b000 r--p 00016000 08:02 1178351    /lib/i386-linux-gnu/libpthread-2.15.so
b770b000-b770c000 rw-p 00017000 08:02 1178351    /lib/i386-linux-gnu/libpthread-2.15.so
b770c000-b770e000 rw-p 00000000 00:00 0 
b770e000-b7710000 r--p 00000000 08:02 2372741    /home/clovisgakam/.config/dconf/user (deleted)
b7710000-b7711000 r--s 00000000 08:02 2372736    /home/clovisgakam/.cache/dconf/user (deleted)
b7711000-b771e000 r-xp 00000000 08:02 275282     /tools/eclipses/juno4/plugins/org.eclipse.equinox.launcher.gtk.linux.x86_1.1.200.v20120913-144807/eclipse_1502.so
b771e000-b771f000 rw-p 0000c000 08:02 275282     /tools/eclipses/juno4/plugins/org.eclipse.equinox.launcher.gtk.linux.x86_1.1.200.v20120913-144807/eclipse_1502.so
b771f000-b7720000 r--p 005e0000 08:02 661745     /usr/lib/locale/locale-archive
b7720000-b7722000 rw-p 00000000 00:00 0 
b7722000-b7723000 r-xp 00000000 00:00 0          [vdso]
b7723000-b7743000 r-xp 00000000 08:02 1178251    /lib/i386-linux-gnu/ld-2.15.so
b7743000-b7744000 r--p 0001f000 08:02 1178251    /lib/i386-linux-gnu/ld-2.15.so
b7744000-b7745000 rw-p 00020000 08:02 1178251    /lib/i386-linux-gnu/ld-2.15.so
bff43000-bff46000 ---p 00000000 00:00 0 
bff47000-bff93000 rw-p 00000000 00:00 0          [stack]

VM Arguments:
jvm_args: -Dosgi.requiredJavaVersion=1.5 -Dhelp.lucene.tokenizer=standard -XX:MaxPermSize=256m -Xms40m -Xmx512m 
java_command: <unknown>
Launcher Type: generic

Environment Variables:
JAVA_HOME=/usr/lib/jvm/java-1.6.0-openjdk-i386
PATH=/usr/lib/jvm/java-1.6.0-openjdk-i386/bin:/tools/tomcats/apache-tomcat-7.0.32:/tools/forges/forge-distribution-1.1.3.Final/bin:/tools/java-1.7.0-openjdk-i386/bin:/tools/springsource/apache-maven-3.0.4/bin:/tools/android-sdk-linux/platform-tools:/tools/android-sdk-linux/tools:/usr/lib/lightdm/lightdm:/usr/local/sbin:/usr/local/bin:/usr/sbin:/usr/bin:/sbin:/bin:/usr/games
LD_LIBRARY_PATH=/usr/lib/jvm/java-6-openjdk-i386/jre/lib/i386/client:/usr/lib/jvm/java-6-openjdk-i386/jre/lib/i386:
SHELL=/bin/bash
DISPLAY=:0

Signal Handlers:
SIGSEGV: [libjvm.so+0x3e4760], sa_mask[0]=0x7ffbfeff, sa_flags=0x10000004
SIGBUS: [libjvm.so+0x3e4760], sa_mask[0]=0x7ffbfeff, sa_flags=0x10000004
SIGFPE: [libjvm.so+0x301730], sa_mask[0]=0x7ffbfeff, sa_flags=0x10000004
SIGPIPE: SIG_IGN, sa_mask[0]=0x00001000, sa_flags=0x10000000
SIGXFSZ: [libjvm.so+0x301730], sa_mask[0]=0x7ffbfeff, sa_flags=0x10000004
SIGILL: [libjvm.so+0x301730], sa_mask[0]=0x7ffbfeff, sa_flags=0x10000004
SIGUSR1: SIG_DFL, sa_mask[0]=0x00000000, sa_flags=0x00000000
SIGUSR2: [libjvm.so+0x3015c0], sa_mask[0]=0x00000000, sa_flags=0x10000004
SIGHUP: [libjvm.so+0x304660], sa_mask[0]=0x7ffbfeff, sa_flags=0x10000004
SIGINT: [libjvm.so+0x304660], sa_mask[0]=0x7ffbfeff, sa_flags=0x10000004
SIGTERM: [libjvm.so+0x304660], sa_mask[0]=0x7ffbfeff, sa_flags=0x10000004
SIGQUIT: [libjvm.so+0x304660], sa_mask[0]=0x7ffbfeff, sa_flags=0x10000004


---------------  S Y S T E M  ---------------

OS:Ubuntu 12.04 (precise)
uname:Linux 3.2.0-23-generic-pae #36-Ubuntu SMP Tue Apr 10 22:19:09 UTC 2012 i686
libc:glibc 2.15 NPTL 2.15 
rlimit: STACK 8192k, CORE 0k, NPROC 46138, NOFILE 4096, AS infinity
load average:1.50 1.68 2.14

/proc/meminfo:
MemTotal:        5920300 kB
MemFree:          926768 kB
Buffers:          144364 kB
Cached:          2314672 kB
SwapCached:         1944 kB
Active:          2896848 kB
Inactive:        1611304 kB
Active(anon):    1670636 kB
Inactive(anon):   395104 kB
Active(file):    1226212 kB
Inactive(file):  1216200 kB
Unevictable:           0 kB
Mlocked:               0 kB
HighTotal:       5094700 kB
HighFree:         627752 kB
LowTotal:         825600 kB
LowFree:          299016 kB
SwapTotal:       6023164 kB
SwapFree:        6017448 kB
Dirty:              1336 kB
Writeback:             0 kB
AnonPages:       2047344 kB
Mapped:           260968 kB
Shmem:             16624 kB
Slab:             155848 kB
SReclaimable:     129556 kB
SUnreclaim:        26292 kB
KernelStack:        4856 kB
PageTables:        18592 kB
NFS_Unstable:          0 kB
Bounce:                0 kB
WritebackTmp:          0 kB
CommitLimit:     8983312 kB
Committed_AS:    6039260 kB
VmallocTotal:     122880 kB
VmallocUsed:       17688 kB
VmallocChunk:      73212 kB
HardwareCorrupted:     0 kB
AnonHugePages:         0 kB
HugePages_Total:       0
HugePages_Free:        0
HugePages_Rsvd:        0
HugePages_Surp:        0
Hugepagesize:       2048 kB
DirectMap4k:        8184 kB
DirectMap2M:      905216 kB


CPU:total 2 (2 cores per cpu, 1 threads per core) family 20 model 1 stepping 0, cmov, cx8, fxsr, mmx, sse, sse2, sse3, ssse3, popcnt, mmxext, lzcnt, sse4a

Memory: 4k page, physical 5920300k(926768k free), swap 6023164k(6017448k free)

vm_info: OpenJDK Client VM (20.0-b12) for linux-x86 JRE (1.6.0_27-b27), built on Mar  5 2013 00:37:30 by "buildd" with gcc 4.6.3

time: Tue Apr 30 08:22:16 2013
elapsed time: 60534 seconds

